[INFO] [launch]: All log files can be found below /root/.ros/log/2026-05-11-01-48-10-859634-e96136dcbbc0-7937
[INFO] [launch]: Default logging verbosity is set to INFO
[INFO] [gzserver-1]: process started with pid [7943]
[INFO] [spawn_entity-2]: process started with pid [7945]
[gzserver-1] No protocol specified
[gzserver-1] [INFO] [1778464092.521852611] [imu_plugin]: <initial_orientation_as_reference> is unset, using default value of false to comply with REP 145 (world as orientation reference)
[gzserver-1] **************Enter plugin**************
[gzserver-1] robot is import
[gzserver-1] [Load] Step 1: Creating NodeExc...
[gzserver-1] [Load] Step 1: Done
[gzserver-1] [Load] Step 2: Creating GazeboNode...
[gzserver-1] [Load] Step 2: Done
[gzserver-1] [Load] Step 3: Creating subscription...
[gzserver-1] [Load] Step 3: Done
[gzserver-1] [Load] Step 4: Creating SimParam...
[gzserver-1] [Simulation] Loading YAML files
[gzserver-1] [DEBUG] DefineAndInit: key=jump_time_vector rows=4 vv.size()=4
[gzserver-1] [DEBUG] DefineAndInit: key=jump_front_hip rows=4 vv.size()=4
[gzserver-1] [DEBUG] DefineAndInit: key=jump_front_knee rows=4 vv.size()=4
[gzserver-1] [DEBUG] DefineAndInit: key=jump_hind_hip rows=4 vv.size()=4
[gzserver-1] [DEBUG] DefineAndInit: key=jump_hind_knee rows=4 vv.size()=4
[gzserver-1] [DEBUG] DefineAndInit: key=mpc_body_inertia rows=3 vv.size()=3
[gzserver-1] [DEBUG] DefineAndInit: key=mpc_task_weight rows=12 vv.size()=12
[gzserver-1] [DEBUG] DefineAndInit: key=mpc_com_offset rows=3 vv.size()=3
[gzserver-1] [DEBUG] DefineAndInit: key=mpc_only_joint_kd rows=3 vv.size()=3
[gzserver-1] [DEBUG] DefineAndInit: key=mpc_only_swing_cartesian_kp rows=3 vv.size()=3
[gzserver-1] [DEBUG] DefineAndInit: key=mpc_only_swing_cartesian_kd rows=3 vv.size()=3
[gzserver-1] [DEBUG] DefineAndInit: key=mpc_only_stance_cartesian_kp rows=3 vv.size()=3
[gzserver-1] [DEBUG] DefineAndInit: key=mpc_only_stance_cartesian_kd rows=3 vv.size()=3
[gzserver-1] [DEBUG] DefineAndInit: key=mpc_wbc_stance_cartesian_kp rows=3 vv.size()=3
[gzserver-1] [DEBUG] DefineAndInit: key=mpc_wbc_stance_cartesian_kd rows=3 vv.size()=3
[gzserver-1] [DEBUG] DefineAndInit: key=wbc_weight rows=6 vv.size()=6
[gzserver-1] [DEBUG] DefineAndInit: key=wbc_weight_default rows=6 vv.size()=6
[gzserver-1] [DEBUG] DefineAndInit: key=wbc_weight_walk rows=6 vv.size()=6
[gzserver-1] [DEBUG] DefineAndInit: key=wbc_weight_passive_trot rows=6 vv.size()=6
[gzserver-1] [DEBUG] DefineAndInit: key=wbc_weight_motion_default rows=6 vv.size()=6
[gzserver-1] [DEBUG] DefineAndInit: key=wbc_weight_ballet rows=6 vv.size()=6
[gzserver-1] [DEBUG] DefineAndInit: key=wbc_weight_pitch_step rows=6 vv.size()=6
[gzserver-1] [DEBUG] DefineAndInit: key=wbc_weight_moonwalk rows=6 vv.size()=6
[gzserver-1] [DEBUG] DefineAndInit: key=wbc_weight_diagonal rows=6 vv.size()=6
[gzserver-1] [DEBUG] DefineAndInit: key=wbc_weight_front_lift rows=6 vv.size()=6
[gzserver-1] [DEBUG] DefineAndInit: key=wbc_weight_rear_lift rows=6 vv.size()=6
[gzserver-1] [DEBUG] DefineAndInit: key=wbc_weight_walk_wave rows=6 vv.size()=6
[gzserver-1] [DEBUG] DefineAndInit: key=wbc_weight_jump rows=6 vv.size()=6
[gzserver-1] [DEBUG] DefineAndInit: key=wbc_weight_pace_stride rows=6 vv.size()=6
[gzserver-1] [DEBUG] DefineAndInit: key=wbc_weight_user_gait rows=6 vv.size()=6
[gzserver-1] [DEBUG] DefineAndInit: key=wbc_joint_kp rows=3 vv.size()=3
[gzserver-1] [DEBUG] DefineAndInit: key=wbc_joint_kd rows=3 vv.size()=3
[gzserver-1] [DEBUG] DefineAndInit: key=wbc_body_kp rows=3 vv.size()=3
[gzserver-1] [DEBUG] DefineAndInit: key=wbc_body_kd rows=3 vv.size()=3
[gzserver-1] [DEBUG] DefineAndInit: key=wbc_foot_kp rows=3 vv.size()=3
[gzserver-1] [DEBUG] DefineAndInit: key=wbc_foot_kd rows=3 vv.size()=3
[gzserver-1] [DEBUG] DefineAndInit: key=wbc_orient_kp rows=3 vv.size()=3
[gzserver-1] [DEBUG] DefineAndInit: key=wbc_orient_kd rows=3 vv.size()=3
[gzserver-1] [DEBUG] DefineAndInit: key=swing_p_gain rows=3 vv.size()=3
[gzserver-1] [DEBUG] DefineAndInit: key=swing_p_gain_large rows=3 vv.size()=3
[gzserver-1] [DEBUG] DefineAndInit: key=swing_p_gain_motion rows=3 vv.size()=3
[gzserver-1] [DEBUG] DefineAndInit: key=swing_p_gain_follow rows=3 vv.size()=3
[gzserver-1] [DEBUG] DefineAndInit: key=des_roll_pitch_height rows=3 vv.size()=3
[gzserver-1] [DEBUG] DefineAndInit: key=des_roll_pitch_height_motion rows=3 vv.size()=3
[gzserver-1] [DEBUG] DefineAndInit: key=des_roll_pitch_height_stair rows=3 vv.size()=3
[gzserver-1] [DEBUG] DefineAndInit: key=des_vel rows=3 vv.size()=3
[gzserver-1] [DEBUG] DefineAndInit: key=contact_threshold rows=3 vv.size()=3
[gzserver-1] [DEBUG] DefineAndInit: key=jump_initial_pos rows=3 vv.size()=3
[gzserver-1] [DEBUG] DefineAndInit: key=jump_action_order rows=3 vv.size()=3
[gzserver-1] [DEBUG] DefineAndInit: key=jump_height rows=3 vv.size()=3
[gzserver-1] [DEBUG] DefineAndInit: key=jump_vel rows=3 vv.size()=3
[gzserver-1] [DEBUG] DefineAndInit: key=jump_rot rows=3 vv.size()=3
[gzserver-1] [DEBUG] DefineAndInit: key=jump_qkp rows=3 vv.size()=3
[gzserver-1] [DEBUG] DefineAndInit: key=jump_qkd rows=3 vv.size()=3
[gzserver-1] [DEBUG] DefineAndInit: key=rpy_acc_max rows=3 vv.size()=3
[gzserver-1] [DEBUG] DefineAndInit: key=rpy_w_max rows=3 vv.size()=3
[gzserver-1] [DEBUG] DefineAndInit: key=rpy_min rows=3 vv.size()=3
[gzserver-1] [DEBUG] DefineAndInit: key=rpy_max rows=3 vv.size()=3
[gzserver-1] [DEBUG] DefineAndInit: key=enable_push_recovery_vel_trot rows=2 vv.size()=2
[gzserver-1] [DEBUG] DefineAndInit: key=enable_push_recovery_vel_stand rows=2 vv.size()=2
[gzserver-1] [DEBUG] DefineAndInit: key=enable_push_recovery_pos_stand rows=2 vv.size()=2
[gzserver-1] [DEBUG] DefineAndInit: key=disable_push_recovery_vel_trot rows=2 vv.size()=2
[gzserver-1] [DEBUG] DefineAndInit: key=disable_push_recovery_vel_stand rows=2 vv.size()=2
[gzserver-1] [DEBUG] DefineAndInit: key=vel_max_ratio rows=3 vv.size()=3
[gzserver-1] [DEBUG] DefineAndInit: key=yaw_effect_scale rows=3 vv.size()=3
[gzserver-1] [DEBUG] DefineAndInit: key=vel_switch rows=12 vv.size()=12
[gzserver-1] [DEBUG] DefineAndInit: key=vel_xy_yaw_max_default rows=3 vv.size()=3
[gzserver-1] [DEBUG] DefineAndInit: key=vel_xy_yaw_min_default rows=3 vv.size()=3
[gzserver-1] [DEBUG] DefineAndInit: key=vel_xy_yaw_max_trot_fast rows=3 vv.size()=3
[gzserver-1] [DEBUG] DefineAndInit: key=vel_xy_yaw_min_trot_fast rows=3 vv.size()=3
[gzserver-1] [DEBUG] DefineAndInit: key=vel_xy_yaw_max_trot_medium rows=3 vv.size()=3
[gzserver-1] [DEBUG] DefineAndInit: key=vel_xy_yaw_min_trot_medium rows=3 vv.size()=3
[gzserver-1] [DEBUG] DefineAndInit: key=vel_xy_yaw_max_trot_slow rows=3 vv.size()=3
[gzserver-1] [DEBUG] DefineAndInit: key=vel_xy_yaw_min_trot_slow rows=3 vv.size()=3
[gzserver-1] [DEBUG] DefineAndInit: key=vel_xy_yaw_max_bound rows=3 vv.size()=3
[gzserver-1] [DEBUG] DefineAndInit: key=vel_xy_yaw_min_bound rows=3 vv.size()=3
[gzserver-1] [DEBUG] DefineAndInit: key=vel_xy_yaw_max_pronk rows=3 vv.size()=3
[gzserver-1] [DEBUG] DefineAndInit: key=vel_xy_yaw_min_pronk rows=3 vv.size()=3
[gzserver-1] [DEBUG] DefineAndInit: key=vel_xy_yaw_max_walk rows=3 vv.size()=3
[gzserver-1] [DEBUG] DefineAndInit: key=vel_xy_yaw_min_walk rows=3 vv.size()=3
[gzserver-1] [DEBUG] DefineAndInit: key=vel_xy_yaw_max_passive_trot rows=3 vv.size()=3
[gzserver-1] [DEBUG] DefineAndInit: key=vel_xy_yaw_min_passive_trot rows=3 vv.size()=3
[gzserver-1] [DEBUG] DefineAndInit: key=vel_xy_yaw_max_trot_8_3 rows=3 vv.size()=3
[gzserver-1] [DEBUG] DefineAndInit: key=vel_xy_yaw_min_trot_8_3 rows=3 vv.size()=3
[gzserver-1] [DEBUG] DefineAndInit: key=vel_xy_yaw_max_trot_10_4 rows=3 vv.size()=3
[gzserver-1] [DEBUG] DefineAndInit: key=vel_xy_yaw_min_trot_10_4 rows=3 vv.size()=3
[gzserver-1] [DEBUG] DefineAndInit: key=vel_xy_yaw_max_trot_10_5 rows=3 vv.size()=3
[gzserver-1] [DEBUG] DefineAndInit: key=vel_xy_yaw_min_trot_10_5 rows=3 vv.size()=3
[gzserver-1] [DEBUG] DefineAndInit: key=vel_xy_yaw_max_trot_12_6 rows=3 vv.size()=3
[gzserver-1] [DEBUG] DefineAndInit: key=vel_xy_yaw_min_trot_12_6 rows=3 vv.size()=3
[gzserver-1] [DEBUG] DefineAndInit: key=vel_xy_yaw_max_trot_14_8 rows=3 vv.size()=3
[gzserver-1] [DEBUG] DefineAndInit: key=vel_xy_yaw_min_trot_14_8 rows=3 vv.size()=3
[gzserver-1] [DEBUG] DefineAndInit: key=vel_xy_yaw_max_trot_16_10 rows=3 vv.size()=3
[gzserver-1] [DEBUG] DefineAndInit: key=vel_xy_yaw_min_trot_16_10 rows=3 vv.size()=3
[gzserver-1] [DEBUG] DefineAndInit: key=vel_xy_yaw_max_trot_18_11 rows=3 vv.size()=3
[gzserver-1] [DEBUG] DefineAndInit: key=vel_xy_yaw_min_trot_18_11 rows=3 vv.size()=3
[gzserver-1] [DEBUG] DefineAndInit: key=vel_xy_yaw_max_trot_20_12 rows=3 vv.size()=3
[gzserver-1] [DEBUG] DefineAndInit: key=vel_xy_yaw_min_trot_20_12 rows=3 vv.size()=3
[gzserver-1] [DEBUG] DefineAndInit: key=vel_xy_yaw_max_trot_22_14 rows=3 vv.size()=3
[gzserver-1] [DEBUG] DefineAndInit: key=vel_xy_yaw_min_trot_22_14 rows=3 vv.size()=3
[gzserver-1] [DEBUG] DefineAndInit: key=vel_xy_yaw_max_trot_24_16 rows=3 vv.size()=3
[gzserver-1] [DEBUG] DefineAndInit: key=vel_xy_yaw_min_trot_24_16 rows=3 vv.size()=3
[gzserver-1] [DEBUG] DefineAndInit: key=vel_xy_yaw_max_motion_default rows=3 vv.size()=3
[gzserver-1] [DEBUG] DefineAndInit: key=vel_xy_yaw_min_motion_default rows=3 vv.size()=3
[gzserver-1] [DEBUG] DefineAndInit: key=vel_xy_yaw_max_stair rows=3 vv.size()=3
[gzserver-1] [DEBUG] DefineAndInit: key=vel_xy_yaw_min_stair rows=3 vv.size()=3
[gzserver-1] [DEBUG] DefineAndInit: key=vel_xy_yaw_max_vision rows=3 vv.size()=3
[gzserver-1] [DEBUG] DefineAndInit: key=vel_xy_yaw_min_vision rows=3 vv.size()=3
[gzserver-1] [DEBUG] DefineAndInit: key=vel_xy_yaw_max_pronk_rl rows=3 vv.size()=3
[gzserver-1] [DEBUG] DefineAndInit: key=vel_xy_yaw_min_pronk_rl rows=3 vv.size()=3
[gzserver-1] [DEBUG] DefineAndInit: key=vel_xy_yaw_max_rapid_rl rows=3 vv.size()=3
[gzserver-1] [DEBUG] DefineAndInit: key=vel_xy_yaw_min_rapid_rl rows=3 vv.size()=3
[gzserver-1] [DEBUG] DefineAndInit: key=vel_xy_yaw_zero_bound rows=3 vv.size()=3
[gzserver-1] [DEBUG] DefineAndInit: key=vel_xy_yaw_zero_pronk rows=3 vv.size()=3
[gzserver-1] [DEBUG] DefineAndInit: key=acc_xy_yaw_max rows=3 vv.size()=3
[gzserver-1] [DEBUG] DefineAndInit: key=acc_xy_yaw_min rows=3 vv.size()=3
[gzserver-1] [DEBUG] DefineAndInit: key=acc_xy_yaw_max_bound rows=3 vv.size()=3
[gzserver-1] [DEBUG] DefineAndInit: key=acc_xy_yaw_min_bound rows=3 vv.size()=3
[gzserver-1] [DEBUG] DefineAndInit: key=acc_xy_yaw_max_pronk_rl rows=3 vv.size()=3
[gzserver-1] [DEBUG] DefineAndInit: key=acc_xy_yaw_min_pronk_rl rows=3 vv.size()=3
[gzserver-1] [DEBUG] DefineAndInit: key=acc_xy_yaw_max_rapid_rl rows=3 vv.size()=3
[gzserver-1] [DEBUG] DefineAndInit: key=acc_xy_yaw_min_rapid_rl rows=3 vv.size()=3
[gzserver-1] [DEBUG] DefineAndInit: key=acc_xy_yaw_max_follow rows=3 vv.size()=3
[gzserver-1] [DEBUG] DefineAndInit: key=acc_xy_yaw_min_follow rows=3 vv.size()=3
[gzserver-1] [DEBUG] DefineAndInit: key=vel_xy_yaw_scale rows=3 vv.size()=3
[gzserver-1] [DEBUG] DefineAndInit: key=x_offset_bound rows=4 vv.size()=4
[gzserver-1] [DEBUG] DefineAndInit: key=x_offset_default rows=4 vv.size()=4
[gzserver-1] [DEBUG] DefineAndInit: key=x_offset_trot_10_4 rows=4 vv.size()=4
[gzserver-1] [DEBUG] DefineAndInit: key=y_offset_trot_10_4 rows=4 vv.size()=4
[gzserver-1] [DEBUG] DefineAndInit: key=y_offset_trot rows=4 vv.size()=4
[gzserver-1] [DEBUG] DefineAndInit: key=walk_offset_x rows=4 vv.size()=4
[gzserver-1] [DEBUG] DefineAndInit: key=walk_offset_y rows=4 vv.size()=4
[gzserver-1] [DEBUG] DefineAndInit: key=diagonal_landing_offset rows=2 vv.size()=2
[gzserver-1] [DEBUG] DefineAndInit: key=diagonal_yaw_rate rows=2 vv.size()=2
[gzserver-1] [DEBUG] DefineAndInit: key=trot_swing_middle_pos rows=3 vv.size()=3
[gzserver-1] [DEBUG] DefineAndInit: key=trot_in_out_landing_offset rows=2 vv.size()=2
[gzserver-1] [DEBUG] DefineAndInit: key=trot_pitch_landing_offset rows=2 vv.size()=2
[gzserver-1] [DEBUG] DefineAndInit: key=trot_pitch_up_down rows=2 vv.size()=2
[gzserver-1] [DEBUG] DefineAndInit: key=moonwalk_step_height rows=2 vv.size()=2
[gzserver-1] [DEBUG] DefineAndInit: key=moonwalk_landing_offset rows=2 vv.size()=2
[gzserver-1] [DEBUG] DefineAndInit: key=front_lift_landing_offset rows=4 vv.size()=4
[gzserver-1] [DEBUG] DefineAndInit: key=front_lift_height_pitch rows=2 vv.size()=2
[gzserver-1] [DEBUG] DefineAndInit: key=front_lift_switch_landing_offset rows=2 vv.size()=2
[gzserver-1] [DEBUG] DefineAndInit: key=front_lift_switch_middle_pos rows=3 vv.size()=3
[gzserver-1] [DEBUG] DefineAndInit: key=rear_lift_landing_offset rows=4 vv.size()=4
[gzserver-1] [DEBUG] DefineAndInit: key=rear_lift_height_pitch rows=2 vv.size()=2
[gzserver-1] [DEBUG] DefineAndInit: key=rear_lift_switch_landing_offset rows=2 vv.size()=2
[gzserver-1] [DEBUG] DefineAndInit: key=rear_lift_switch_middle_pos rows=3 vv.size()=3
[gzserver-1] [DEBUG] DefineAndInit: key=ballet_landing_offset rows=2 vv.size()=2
[gzserver-1] [DEBUG] DefineAndInit: key=pitch_step_landing_offset rows=2 vv.size()=2
[gzserver-1] [DEBUG] DefineAndInit: key=pitch_step_pitch rows=2 vv.size()=2
[gzserver-1] [DEBUG] DefineAndInit: key=pitch_step_height rows=2 vv.size()=2
[gzserver-1] [DEBUG] DefineAndInit: key=walk_wave_landing_offset rows=2 vv.size()=2
[gzserver-1] [DEBUG] DefineAndInit: key=walk_wave_pitch rows=2 vv.size()=2
[gzserver-1] [DEBUG] DefineAndInit: key=walk_wave_height rows=3 vv.size()=3
[gzserver-1] [DEBUG] DefineAndInit: key=pace_stride_vel_cmd rows=3 vv.size()=3
[gzserver-1] [DEBUG] DefineAndInit: key=pace_stride_landing_offset_y rows=4 vv.size()=4
[gzserver-1] [DEBUG] DefineAndInit: key=special_trot_landing_offset rows=3 vv.size()=3
[gzserver-1] [DEBUG] DefineAndInit: key=skateboard_velocity rows=2 vv.size()=2
[gzserver-1] [DEBUG] DefineAndInit: key=skateboard_body_pos_balance rows=3 vv.size()=3
[gzserver-1] [DEBUG] DefineAndInit: key=skateboard_body_pos_skate rows=3 vv.size()=3
[gzserver-1] [DEBUG] DefineAndInit: key=skateboard_body_pos_swing_in_skate rows=3 vv.size()=3
[gzserver-1] [DEBUG] DefineAndInit: key=skateboard_thrust_force rows=3 vv.size()=3
[gzserver-1] [DEBUG] DefineAndInit: key=skateboard_thrust_force_first rows=3 vv.size()=3
[gzserver-1] [DEBUG] DefineAndInit: key=skateboard_foot_swing_final_offset rows=3 vv.size()=3
[gzserver-1] [Simulation] User-parameter is loaded
[gzserver-1] [DEBUG] InitializeFromYamlFile: path=/home/cyberdog_sim/src/cyberdog_simulator/cyberdog_gazebo/../../cyberdog_locomotion/common/config/robot-defaults.yaml collection=robot-parameters
[gzserver-1] [DEBUG] InitializeFromYamlFile: found 32 keys
[gzserver-1] [DEBUG] InitializeFromYamlFile: key=speed_offset_trot_10_4 rows_=3 vv.size()=3 ok=1
[gzserver-1] [DEBUG] InitializeFromYamlFile: key=speed_offset_trot_follow rows_=3 vv.size()=3 ok=1
[gzserver-1] [DEBUG] InitializeFromYamlFile: key=speed_offset_trot_medium rows_=3 vv.size()=3 ok=1
[gzserver-1] [DEBUG] InitializeFromYamlFile: key=speed_offset_trot_slow rows_=3 vv.size()=3 ok=1
[gzserver-1] [DEBUG] InitializeFromYamlFile: key=speed_offset_trot_fast rows_=3 vv.size()=3 ok=1
[gzserver-1] [DEBUG] InitializeFromYamlFile: key=speed_offset_trot_24_16 rows_=3 vv.size()=3 ok=1
[gzserver-1] [DEBUG] InitializeFromYamlFile: key=speed_offset_trot_8_3 rows_=3 vv.size()=3 ok=1
[gzserver-1] [DEBUG] InitializeFromYamlFile: key=speed_offset_ballet rows_=3 vv.size()=3 ok=1
[gzserver-1] [DEBUG] InitializeFromYamlFile: key=speed_offset_pronk rows_=3 vv.size()=3 ok=1
[gzserver-1] [DEBUG] InitializeFromYamlFile: key=speed_offset_bound rows_=3 vv.size()=3 ok=1
[gzserver-1] [DEBUG] InitializeFromYamlFile: key=se_ori_cali_gain rows_=3 vv.size()=3 ok=1
[gzserver-1] [DEBUG] InitializeFromYamlFile: key=se_ori_cali_offset rows_=3 vv.size()=3 ok=1
[gzserver-1] [Simulation] Control-parameter is loaded
[gzserver-1] [Simulation] Setup shared memory...
[gzserver-1] [Shared Memory] open new development-simulator, size 3093952 bytes
[gzserver-1] [Shared Memory] Error in shm_unlink: No such file or directory
[gzserver-1] [ERROR] Failed to unlink named semaphore: No such file or directory
[gzserver-1] [ERROR] Failed to unlink named semaphore: No such file or directory
[gzserver-1] [Load] Step 4: Done
[gzserver-1] [Load] Step 5: Connecting update event...
[gzserver-1] [Load] Step 5: Done
[gzserver-1] [Load] Step 6: Getting sensors...
[gzserver-1] earth::robot::base_link::imu_sensor
[gzserver-1] earth::robot::FL_knee::FL_foot_contact
[gzserver-1] earth::robot::FR_knee::FR_foot_contact
[gzserver-1] earth::robot::RL_knee::RL_foot_contact
[gzserver-1] earth::robot::RR_knee::RR_foot_contact
[gzserver-1] IMU found: imu_sensor
[gzserver-1] Contact sensor found: FL_foot_contact
[gzserver-1] Contact sensor found: FR_foot_contact
[gzserver-1] Contact sensor found: RL_foot_contact
[gzserver-1] Contact sensor found: RR_foot_contact
[gzserver-1] Joint # 0 - FL_abad_joint
[gzserver-1] Joint # 1 - FL_hip_joint
[gzserver-1] Joint # 2 - FL_knee_joint
[gzserver-1] Joint # 3 - FR_abad_joint
[gzserver-1] Joint # 4 - FR_hip_joint
[gzserver-1] Joint # 5 - FR_knee_joint
[gzserver-1] Joint # 6 - RL_abad_joint
[gzserver-1] Joint # 7 - RL_hip_joint
[gzserver-1] Joint # 8 - RL_knee_joint
[gzserver-1] Joint # 9 - RR_abad_joint
[gzserver-1] Joint # 10 - RR_hip_joint
[gzserver-1] Joint # 11 - RR_knee_joint
[gzserver-1] [Load] Step 7: FirstRun...
[gzserver-1] [FirstRun] Posting sim2robot...
[gzserver-1] [FirstRun] Posted sim2robot OK
[gzserver-1] [Simulation] Waiting for robot...
[INFO] [spawn_entity-2]: process has finished cleanly [pid 7945]
[gzserver-1] Success! the robot is alive
[gzserver-1] [Load] Step 7: Done
[gzserver-1] [Load] Step 8: Creating LCMHandler...
[gzserver-1] [Load] Step 8: Done
[gzserver-1] [Load] ALL STEPS COMPLETED SUCCESSFULLY
[gzserver-1] [Simulation] Send robot control parameters to robot...
[gzserver-1] Request(1) set robot s64 cheater_mode robot to: 0
[gzserver-1] Request(2) set robot double complementaryfilter_source robot to: 1
[gzserver-1] Request(3) set robot s64 control_mode robot to: 0
[gzserver-1] Request(4) set robot double controller_dt robot to: 0.002
[gzserver-1] Request(5) set robot double delt_pitch robot to: 0
[gzserver-1] Request(6) set robot double delt_roll robot to: 0
[gzserver-1] Request(7) set robot s64 filter_type robot to: 0
[gzserver-1] Request(8) set robot double foot_height_sensor_noise robot to: 0.001
[gzserver-1] Request(9) set robot double foot_process_noise_position robot to: 0.002
[gzserver-1] Request(10) set robot double foot_sensor_noise_position robot to: 0.001
[gzserver-1] Request(11) set robot double foot_sensor_noise_velocity robot to: 0.05
[gzserver-1] Request(12) set robot double gain_acc robot to: 0.001
[gzserver-1] Request(13) set robot s64 gait_id robot to: 9
[gzserver-1] Request(14) set robot s64 imu_adaptive_gain robot to: 1
[gzserver-1] Request(15) set robot s64 imu_bias_estimation robot to: 0
[gzserver-1] Request(16) set robot double imu_process_noise_position robot to: 0.02
[gzserver-1] Request(17) set robot double imu_process_noise_velocity robot to: 0.02
[gzserver-1] Request(18) set robot s64 lcm_debug_switch robot to: 0
[gzserver-1] Request(19) set robot vecXd se_ori_cali_gain robot to: [0, 0, 0, 0, 0, 0, 0, 0, 0, 0, 0, 0]
[gzserver-1] Request(20) set robot vecXd se_ori_cali_offset robot to: [0, 0, 0, 0, 0, 0, 0, 0, 0, 0, 0, 0]
[gzserver-1] Request(21) set robot vecXd speed_offset_ballet robot to: [0, 0, 0, 0, 0, 0, 0, 0, 0, 0, 0, 0]
[gzserver-1] Request(22) set robot vecXd speed_offset_bound robot to: [0, 0, 0, 0, 0, 0, 0, 0, 0, 0, 0, 0]
[gzserver-1] Request(23) set robot vecXd speed_offset_pronk robot to: [0, 0, 0, 0, 0, 0, 0, 0, 0, 0, 0, 0]
[gzserver-1] Request(24) set robot vecXd speed_offset_trot_10_4 robot to: [0, 0, 0, 0, 0, 0, 0, 0, 0, 0, 0, 0]
[gzserver-1] Request(25) set robot vecXd speed_offset_trot_24_16 robot to: [0, 0, 0, 0, 0, 0, 0, 0, 0, 0, 0, 0]
[gzserver-1] Request(26) set robot vecXd speed_offset_trot_8_3 robot to: [0, 0, 0, 0, 0, 0, 0, 0, 0, 0, 0, 0]
[gzserver-1] Request(27) set robot vecXd speed_offset_trot_fast robot to: [0, 0, 0, 0, 0, 0, 0, 0, 0, 0, 0, 0]
[gzserver-1] Request(28) set robot vecXd speed_offset_trot_follow robot to: [0, 0, 0, 0, 0, 0, 0, 0, 0, 0, 0, 0]
[gzserver-1] Request(29) set robot vecXd speed_offset_trot_medium robot to: [0, 0, 0, 0, 0, 0, 0, 0, 0, 0, 0, 0]
[gzserver-1] Request(30) set robot vecXd speed_offset_trot_slow robot to: [0, 0, 0, 0, 0, 0, 0, 0, 0, 0, 0, 0]
[gzserver-1] Request(31) set robot s64 use_rc robot to: 1
[gzserver-1] Request(32) set user vecXd acc_xy_yaw_max user to: [1, 1, 2, 0, 0, 0, 0, 0, 0, 0, 0, 0]
[gzserver-1] Request(33) set user vecXd acc_xy_yaw_max_bound user to: [1.7, 3, 3, 0, 0, 0, 0, 0, 0, 0, 0, 0]
[gzserver-1] Request(34) set user vecXd acc_xy_yaw_max_follow user to: [1, 1, 2, 0, 0, 0, 0, 0, 0, 0, 0, 0]
[gzserver-1] Request(35) set user vecXd acc_xy_yaw_max_pronk_rl user to: [1.5, 1.5, 2.5, 0, 0, 0, 0, 0, 0, 0, 0, 0]
[gzserver-1] Request(36) set user vecXd acc_xy_yaw_max_rapid_rl user to: [0, 0, 3, 0, 0, 0, 0, 0, 0, 0, 0, 0]
[gzserver-1] Request(37) set user vecXd acc_xy_yaw_min user to: [-2, -1, -2, 0, 0, 0, 0, 0, 0, 0, 0, 0]
[gzserver-1] Request(38) set user vecXd acc_xy_yaw_min_bound user to: [-2, -3, -3, 0, 0, 0, 0, 0, 0, 0, 0, 0]
[gzserver-1] Request(39) set user vecXd acc_xy_yaw_min_follow user to: [-5, -1, -2, 0, 0, 0, 0, 0, 0, 0, 0, 0]
[gzserver-1] Request(40) set user vecXd acc_xy_yaw_min_pronk_rl user to: [-1.5, -1.5, -2.5, 0, 0, 0, 0, 0, 0, 0, 0, 0]
[gzserver-1] Request(41) set user vecXd acc_xy_yaw_min_rapid_rl user to: [0, 0, -3, 0, 0, 0, 0, 0, 0, 0, 0, 0]
[gzserver-1] Request(42) set user double action_pause user to: 0
[gzserver-1] Request(43) set user double auto_switch_enabled user to: 1
[gzserver-1] Request(44) set user double ballet_height user to: 0.04
[gzserver-1] Request(45) set user vecXd ballet_landing_offset user to: [-0.06, -0.1, 0, 0, 0, 0, 0, 0, 0, 0, 0, 0]
[gzserver-1] Request(46) set user double ballet_step_height user to: 0.01
[gzserver-1] Request(47) set user double ballet_trans_step_height user to: 0.02
[gzserver-1] Request(48) set user double body_size_port user to: 1
[gzserver-1] Request(49) set user double centrifugal_thresh user to: 0.3
[gzserver-1] Request(50) set user double cmpc_bonus_swing user to: 0.05
[gzserver-1] Request(51) set user double cmpc_bonus_swing_follow user to: 0.3
[gzserver-1] Request(52) set user double cmpc_bonus_swing_large user to: 0.05
[gzserver-1] Request(53) set user double cmpc_x_drag user to: 3
[gzserver-1] Request(54) set user vecXd contact_threshold user to: [1, 1, 1, 0, 0, 0, 0, 0, 0, 0, 0, 0]
[gzserver-1] Request(55) set user vecXd des_roll_pitch_height user to: [0, 0, 0.25, 0, 0, 0, 0, 0, 0, 0, 0, 0]
[gzserver-1] Request(56) set user vecXd des_roll_pitch_height_motion user to: [0, 0, 0.225, 0, 0, 0, 0, 0, 0, 0, 0, 0]
[gzserver-1] Request(57) set user vecXd des_roll_pitch_height_stair user to: [0, 0, 0.225, 0, 0, 0, 0, 0, 0, 0, 0, 0]
[gzserver-1] Request(58) set user vecXd des_vel user to: [0, 0, 0, 0, 0, 0, 0, 0, 0, 0, 0, 0]
[gzserver-1] Request(59) set user double detect_terrain user to: 1
[gzserver-1] Request(60) set user vecXd diagonal_landing_offset user to: [0.03, 0.02, 0, 0, 0, 0, 0, 0, 0, 0, 0, 0]
[gzserver-1] Request(61) set user vecXd diagonal_yaw_rate user to: [0, -0, 0, 0, 0, 0, 0, 0, 0, 0, 0, 0]
[gzserver-1] Request(62) set user double disable_push_recovery_delay user to: 250
[gzserver-1] Request(63) set user vecXd disable_push_recovery_vel_stand user to: [0.1, 0.1, 0, 0, 0, 0, 0, 0, 0, 0, 0, 0]
[gzserver-1] Request(64) set user vecXd disable_push_recovery_vel_trot user to: [0.06, 0.06, 0, 0, 0, 0, 0, 0, 0, 0, 0, 0]
[gzserver-1] Request(65) set user double downstairs_depth user to: -0.075
[gzserver-1] Request(66) set user double downstairs_height_cmd user to: 0.2
[gzserver-1] Request(67) set user double enable_push_recovery_delay user to: 500
[gzserver-1] Request(68) set user vecXd enable_push_recovery_pos_stand user to: [0.015, 0.018, 0, 0, 0, 0, 0, 0, 0, 0, 0, 0]
[gzserver-1] Request(69) set user vecXd enable_push_recovery_vel_stand user to: [0.37, 0.29, 0, 0, 0, 0, 0, 0, 0, 0, 0, 0]
[gzserver-1] Request(70) set user vecXd enable_push_recovery_vel_trot user to: [0.4, 0.27, 0, 0, 0, 0, 0, 0, 0, 0, 0, 0]
[gzserver-1] Request(71) set user double foot_final_height user to: -0.005
[gzserver-1] Request(72) set user vecXd front_lift_height_pitch user to: [0.01, -0.05, 0, 0, 0, 0, 0, 0, 0, 0, 0, 0]
[gzserver-1] Request(73) set user vecXd front_lift_landing_offset user to: [-0.01, 0.03, -0.02, 0.03, 0, 0, 0, 0, 0, 0, 0, 0]
[gzserver-1] Request(74) set user vecXd front_lift_switch_landing_offset user to: [0, -0.05, 0, 0, 0, 0, 0, 0, 0, 0, 0, 0]
[gzserver-1] Request(75) set user vecXd front_lift_switch_middle_pos user to: [0, 0.05, 0.06, 0, 0, 0, 0, 0, 0, 0, 0, 0]
[gzserver-1] Request(76) set user double gait_max_leg_angle user to: 15
[gzserver-1] Request(77) set user double gait_max_stance_time user to: 0.25
[gzserver-1] Request(78) set user double gait_min_stance_time user to: 0.1
[gzserver-1] Request(79) set user double gait_override user to: 4
[gzserver-1] Request(80) set user double gait_period_time user to: 0.5
[gzserver-1] Request(81) set user double gait_switching_phase user to: 0.5
[gzserver-1] Request(82) set user double gait_type user to: 4
[gzserver-1] Request(83) set user double jcqp_alpha user to: 1.5
[gzserver-1] Request(84) set user double jcqp_max_iter user to: 10000
[gzserver-1] Request(85) set user double jcqp_rho user to: 1e-07
[gzserver-1] Request(86) set user double jcqp_sigma user to: 1e-08
[gzserver-1] Request(87) set user double jcqp_terminate user to: 0.1
[gzserver-1] Request(88) set user vecXd jump_action_order user to: [0, 0, 0, 0, 0, 0, 0, 0, 0, 0, 0, 0]
[gzserver-1] Request(89) set user double jump_force user to: 30
[gzserver-1] Request(90) set user vecXd jump_front_hip user to: [-1.5, -1.6, -1.5, -1.3, 0, 0, 0, 0, 0, 0, 0, 0]
[gzserver-1] Request(91) set user vecXd jump_front_knee user to: [2.4, 2, 2.4, 1.6, 0, 0, 0, 0, 0, 0, 0, 0]
[gzserver-1] Request(92) set user vecXd jump_height user to: [-0, -0.28, 0.1, 0, 0, 0, 0, 0, 0, 0, 0, 0]
[gzserver-1] Request(93) set user vecXd jump_hind_hip user to: [-1.3, -1.4, -1.6, -1.7, 0, 0, 0, 0, 0, 0, 0, 0]
[gzserver-1] Request(94) set user vecXd jump_hind_knee user to: [2, 0.5, 2.4, 2.1, 0, 0, 0, 0, 0, 0, 0, 0]
[gzserver-1] Request(95) set user vecXd jump_initial_pos user to: [0, -0, 0.28, 0, 0, 0, 0, 0, 0, 0, 0, 0]
[gzserver-1] Request(96) set user vecXd jump_qkd user to: [5, 10, 10, 0, 0, 0, 0, 0, 0, 0, 0, 0]
[gzserver-1] Request(97) set user vecXd jump_qkp user to: [50, 80, 80, 0, 0, 0, 0, 0, 0, 0, 0, 0]
[gzserver-1] Request(98) set user vecXd jump_rot user to: [0, 0.4, 0, 0, 0, 0, 0, 0, 0, 0, 0, 0]
[gzserver-1] Request(99) set user vecXd jump_time_vector user to: [1, 1.3, 1.31, 1.4, 0, 0, 0, 0, 0, 0, 0, 0]
[gzserver-1] Request(100) set user vecXd jump_vel user to: [0, 0, 1.6, 0, 0, 0, 0, 0, 0, 0, 0, 0]
[gzserver-1] Request(101) set user double knee_angle_adj user to: 3
[gzserver-1] Request(102) set user vecXd moonwalk_landing_offset user to: [0.065, 0, 0, 0, 0, 0, 0, 0, 0, 0, 0, 0]
[gzserver-1] Request(103) set user vecXd moonwalk_step_height user to: [0.05, 0.015, 0, 0, 0, 0, 0, 0, 0, 0, 0, 0]
[gzserver-1] Request(104) set user double motor_sdk_position_mutation_limit user to: 1
[gzserver-1] Request(105) set user vecXd mpc_body_inertia user to: [0.07641, 0.17843, 0.197579, 0, 0, 0, 0, 0, 0, 0, 0, 0]
[gzserver-1] Request(106) set user double mpc_body_mass user to: 8.3644
[gzserver-1] Request(107) set user vecXd mpc_com_offset user to: [0.027, 0, 0, 0, 0, 0, 0, 0, 0, 0, 0, 0]
[gzserver-1] Request(108) set user double mpc_force_max user to: 150
[gzserver-1] Request(109) set user double mpc_friction_coef user to: 0.4
[gzserver-1] Request(110) set user double mpc_friction_coef_bound user to: 0.3
[gzserver-1] Request(111) set user double mpc_friction_coef_follow user to: 0.5
[gzserver-1] Request(112) set user vecXd mpc_only_joint_kd user to: [0.2, 0.2, 0.2, 0, 0, 0, 0, 0, 0, 0, 0, 0]
[gzserver-1] Request(113) set user vecXd mpc_only_stance_cartesian_kd user to: [14, 14, 14, 0, 0, 0, 0, 0, 0, 0, 0, 0]
[gzserver-1] Request(114) set user vecXd mpc_only_stance_cartesian_kp user to: [0, 0, 0, 0, 0, 0, 0, 0, 0, 0, 0, 0]
[gzserver-1] Request(115) set user vecXd mpc_only_swing_cartesian_kd user to: [14, 14, 14, 0, 0, 0, 0, 0, 0, 0, 0, 0]
[gzserver-1] Request(116) set user vecXd mpc_only_swing_cartesian_kp user to: [700, 700, 700, 0, 0, 0, 0, 0, 0, 0, 0, 0]
[gzserver-1] Request(117) set user vecXd mpc_task_weight user to: [1.25, 1.25, 2, 2, 2, 50, 0, 0, 0.3, 1.5, 1.5, 0.2]
[gzserver-1] Request(118) set user double mpc_use_bezier user to: 1
[gzserver-1] Request(119) set user double mpc_velocity_filter user to: 0.01
[gzserver-1] Request(120) set user vecXd mpc_wbc_stance_cartesian_kd user to: [4, 4, 4, 0, 0, 0, 0, 0, 0, 0, 0, 0]
[gzserver-1] Request(121) set user vecXd mpc_wbc_stance_cartesian_kp user to: [0, 0, 0, 0, 0, 0, 0, 0, 0, 0, 0, 0]
[gzserver-1] Request(122) set user vecXd pace_stride_landing_offset_y user to: [0.02, -0.02, 0.02, -0.02, 0, 0, 0, 0, 0, 0, 0, 0]
[gzserver-1] Request(123) set user vecXd pace_stride_vel_cmd user to: [0, 0, 0, 0, 0, 0, 0, 0, 0, 0, 0, 0]
[gzserver-1] Request(124) set user vecXd pitch_step_height user to: [-0, 0, 0, 0, 0, 0, 0, 0, 0, 0, 0, 0]
[gzserver-1] Request(125) set user vecXd pitch_step_landing_offset user to: [0.06, 0, 0, 0, 0, 0, 0, 0, 0, 0, 0, 0]
[gzserver-1] Request(126) set user vecXd pitch_step_pitch user to: [0.12, -0.12, 0, 0, 0, 0, 0, 0, 0, 0, 0, 0]
[gzserver-1] Request(127) set user double push_recovery_enabled user to: 1
[gzserver-1] Request(128) set user double rc_delta_step_height user to: 0.075
[gzserver-1] Request(129) set user vecXd rear_lift_height_pitch user to: [0.01, 0.05, 0, 0, 0, 0, 0, 0, 0, 0, 0, 0]
[gzserver-1] Request(130) set user vecXd rear_lift_landing_offset user to: [0.01, 0.03, -0.02, 0.03, 0, 0, 0, 0, 0, 0, 0, 0]
[gzserver-1] Request(131) set user vecXd rear_lift_switch_landing_offset user to: [0, -0.05, 0, 0, 0, 0, 0, 0, 0, 0, 0, 0]
[gzserver-1] Request(132) set user vecXd rear_lift_switch_middle_pos user to: [0, 0.05, 0.06, 0, 0, 0, 0, 0, 0, 0, 0, 0]
[gzserver-1] Request(133) set user vecXd rpy_acc_max user to: [10, 10, 10, 0, 0, 0, 0, 0, 0, 0, 0, 0]
[gzserver-1] Request(134) set user vecXd rpy_max user to: [0.47, 0.3, 0.65, 0, 0, 0, 0, 0, 0, 0, 0, 0]
[gzserver-1] Request(135) set user vecXd rpy_min user to: [-0.47, -0.25, -0.65, 0, 0, 0, 0, 0, 0, 0, 0, 0]
[gzserver-1] Request(136) set user vecXd rpy_w_max user to: [2, 2, 2, 0, 0, 0, 0, 0, 0, 0, 0, 0]
[gzserver-1] Request(137) set user vecXd skateboard_body_pos_balance user to: [0, 0, 0.18, 0, 0, 0, 0, 0, 0, 0, 0, 0]
[gzserver-1] Request(138) set user vecXd skateboard_body_pos_skate user to: [0.06, 0.02, 0.125, 0, 0, 0, 0, 0, 0, 0, 0, 0]
[gzserver-1] Request(139) set user vecXd skateboard_body_pos_swing_in_skate user to: [0, 0.02, 0, 0, 0, 0, 0, 0, 0, 0, 0, 0]
[gzserver-1] Request(140) set user vecXd skateboard_foot_swing_final_offset user to: [0, 0.15, 0.018, 0, 0, 0, 0, 0, 0, 0, 0, 0]
[gzserver-1] Request(141) set user double skateboard_height user to: 0.085
[gzserver-1] Request(142) set user vecXd skateboard_thrust_force user to: [18, 0, 10, 0, 0, 0, 0, 0, 0, 0, 0, 0]
[gzserver-1] Request(143) set user vecXd skateboard_thrust_force_first user to: [18, 0, 10, 0, 0, 0, 0, 0, 0, 0, 0, 0]
[gzserver-1] Request(144) set user vecXd skateboard_velocity user to: [1, 1, 0, 0, 0, 0, 0, 0, 0, 0, 0, 0]
[gzserver-1] Request(145) set user double special_pronk_height user to: 0.025
[gzserver-1] Request(146) set user double special_pronk_size user to: 0.025
[gzserver-1] Request(147) set user vecXd special_trot_landing_offset user to: [0.03, 0.03, 0, 0, 0, 0, 0, 0, 0, 0, 0, 0]
[gzserver-1] Request(148) set user double stance_legs user to: 4
[gzserver-1] Request(149) set user double step_height_max user to: 0.06
[gzserver-1] Request(150) set user vecXd swing_p_gain user to: [0.06, 0.05, 0.03, 0, 0, 0, 0, 0, 0, 0, 0, 0]
[gzserver-1] Request(151) set user vecXd swing_p_gain_follow user to: [0.3, 0.05, 0.03, 0, 0, 0, 0, 0, 0, 0, 0, 0]
[gzserver-1] Request(152) set user vecXd swing_p_gain_large user to: [0.06, 0.05, 0.03, 0, 0, 0, 0, 0, 0, 0, 0, 0]
[gzserver-1] Request(153) set user vecXd swing_p_gain_motion user to: [0.06, 0.05, 0.03, 0, 0, 0, 0, 0, 0, 0, 0, 0]
[gzserver-1] Request(154) set user vecXd trot_in_out_landing_offset user to: [0.05, 0.06, 0, 0, 0, 0, 0, 0, 0, 0, 0, 0]
[gzserver-1] Request(155) set user vecXd trot_pitch_landing_offset user to: [-0.05, 0.1, 0, 0, 0, 0, 0, 0, 0, 0, 0, 0]
[gzserver-1] Request(156) set user vecXd trot_pitch_up_down user to: [0.15, -0.15, 0, 0, 0, 0, 0, 0, 0, 0, 0, 0]
[gzserver-1] Request(157) set user vecXd trot_swing_middle_pos user to: [0, 0.05, 0.05, 0, 0, 0, 0, 0, 0, 0, 0, 0]
[gzserver-1] Request(158) set user double upstairs_height_cmd user to: 0.24
[gzserver-1] Request(159) set user double use_energy_saving_mode user to: 1
[gzserver-1] Request(160) set user double use_jcqp user to: 0
[gzserver-1] Request(161) set user double use_wbc user to: 1
[gzserver-1] Request(162) set user vecXd vel_max_ratio user to: [1.2, 1.05, 1, 0, 0, 0, 0, 0, 0, 0, 0, 0]
[gzserver-1] Request(163) set user double vel_scale_limit_type user to: 0
[gzserver-1] Request(164) set user vecXd vel_switch user to: [0.2, 0.3, 0.4, 0.5, 0.6, 0.7, 0.8, 0.9, 1, 1, 1, 0.05]
[gzserver-1] Request(165) set user vecXd vel_xy_yaw_max_bound user to: [0.3, 0.3, 1.5, 0, 0, 0, 0, 0, 0, 0, 0, 0]
[gzserver-1] Request(166) set user vecXd vel_xy_yaw_max_default user to: [2, 1, 2.5, 0, 0, 0, 0, 0, 0, 0, 0, 0]
[gzserver-1] Request(167) set user vecXd vel_xy_yaw_max_motion_default user to: [1.5, 0.3, 1, 0, 0, 0, 0, 0, 0, 0, 0, 0]
[gzserver-1] Request(168) set user vecXd vel_xy_yaw_max_passive_trot user to: [1.2, 0.4, 0.8, 0, 0, 0, 0, 0, 0, 0, 0, 0]
[gzserver-1] Request(169) set user vecXd vel_xy_yaw_max_pronk user to: [0.19, 0.4, 1.5, 0, 0, 0, 0, 0, 0, 0, 0, 0]
[gzserver-1] Request(170) set user vecXd vel_xy_yaw_max_pronk_rl user to: [1.6, 1, 3, 0, 0, 0, 0, 0, 0, 0, 0, 0]
[gzserver-1] Request(171) set user vecXd vel_xy_yaw_max_rapid_rl user to: [0, 0, 7, 0, 0, 0, 0, 0, 0, 0, 0, 0]
[gzserver-1] Request(172) set user vecXd vel_xy_yaw_max_stair user to: [2, 1, 2.5, 0, 0, 0, 0, 0, 0, 0, 0, 0]
[gzserver-1] Request(173) set user vecXd vel_xy_yaw_max_trot_10_4 user to: [1.6, 0.55, 2.5, 0, 0, 0, 0, 0, 0, 0, 0, 0]
[gzserver-1] Request(174) set user vecXd vel_xy_yaw_max_trot_10_5 user to: [1.4, 0.5, 2.5, 0, 0, 0, 0, 0, 0, 0, 0, 0]
[gzserver-1] Request(175) set user vecXd vel_xy_yaw_max_trot_12_6 user to: [0.8, 0.4, 2.5, 0, 0, 0, 0, 0, 0, 0, 0, 0]
[gzserver-1] Request(176) set user vecXd vel_xy_yaw_max_trot_14_8 user to: [0.55, 0.32, 2.3, 0, 0, 0, 0, 0, 0, 0, 0, 0]
[gzserver-1] Request(177) set user vecXd vel_xy_yaw_max_trot_16_10 user to: [0.4, 0.26, 2.1, 0, 0, 0, 0, 0, 0, 0, 0, 0]
[gzserver-1] Request(178) set user vecXd vel_xy_yaw_max_trot_18_11 user to: [0.35, 0.21, 1.9, 0, 0, 0, 0, 0, 0, 0, 0, 0]
[gzserver-1] Request(179) set user vecXd vel_xy_yaw_max_trot_20_12 user to: [0.3, 0.19, 1.7, 0, 0, 0, 0, 0, 0, 0, 0, 0]
[gzserver-1] Request(180) set user vecXd vel_xy_yaw_max_trot_22_14 user to: [0.25, 0.17, 1.5, 0, 0, 0, 0, 0, 0, 0, 0, 0]
[gzserver-1] Request(181) set user vecXd vel_xy_yaw_max_trot_24_16 user to: [0.2, 0.15, 1.3, 0, 0, 0, 0, 0, 0, 0, 0, 0]
[gzserver-1] Request(182) set user vecXd vel_xy_yaw_max_trot_8_3 user to: [1.6, 0.6, 2.5, 0, 0, 0, 0, 0, 0, 0, 0, 0]
[gzserver-1] Request(183) set user vecXd vel_xy_yaw_max_trot_fast user to: [1.6, 0.55, 2.5, 0, 0, 0, 0, 0, 0, 0, 0, 0]
[gzserver-1] Request(184) set user vecXd vel_xy_yaw_max_trot_medium user to: [1.2, 0.4, 2.25, 0, 0, 0, 0, 0, 0, 0, 0, 0]
[gzserver-1] Request(185) set user vecXd vel_xy_yaw_max_trot_slow user to: [0.6, 0.2, 1.3, 0, 0, 0, 0, 0, 0, 0, 0, 0]
[gzserver-1] Request(186) set user vecXd vel_xy_yaw_max_vision user to: [0.5, 0.3, 1, 0, 0, 0, 0, 0, 0, 0, 0, 0]
[gzserver-1] Request(187) set user vecXd vel_xy_yaw_max_walk user to: [0.2, 0.1, 1, 0, 0, 0, 0, 0, 0, 0, 0, 0]
[gzserver-1] Request(188) set user vecXd vel_xy_yaw_min_bound user to: [-0.3, -0.3, -1.5, 0, 0, 0, 0, 0, 0, 0, 0, 0]
[gzserver-1] Request(189) set user vecXd vel_xy_yaw_min_default user to: [-2, -1, -2.5, 0, 0, 0, 0, 0, 0, 0, 0, 0]
[gzserver-1] Request(190) set user vecXd vel_xy_yaw_min_motion_default user to: [-1.5, -0.3, -1, 0, 0, 0, 0, 0, 0, 0, 0, 0]
[gzserver-1] Request(191) set user vecXd vel_xy_yaw_min_passive_trot user to: [-1.2, -0.4, -0.8, 0, 0, 0, 0, 0, 0, 0, 0, 0]
[gzserver-1] Request(192) set user vecXd vel_xy_yaw_min_pronk user to: [-0.22, -0.4, -1.5, 0, 0, 0, 0, 0, 0, 0, 0, 0]
[gzserver-1] Request(193) set user vecXd vel_xy_yaw_min_pronk_rl user to: [-1.2, -1, -3, 0, 0, 0, 0, 0, 0, 0, 0, 0]
[gzserver-1] Request(194) set user vecXd vel_xy_yaw_min_rapid_rl user to: [0, 0, -8, 0, 0, 0, 0, 0, 0, 0, 0, 0]
[gzserver-1] Request(195) set user vecXd vel_xy_yaw_min_stair user to: [-2, -1, -2.5, 0, 0, 0, 0, 0, 0, 0, 0, 0]
[gzserver-1] Request(196) set user vecXd vel_xy_yaw_min_trot_10_4 user to: [-1.2, -0.55, -2.5, 0, 0, 0, 0, 0, 0, 0, 0, 0]
[gzserver-1] Request(197) set user vecXd vel_xy_yaw_min_trot_10_5 user to: [-1.2, -0.5, -2.5, 0, 0, 0, 0, 0, 0, 0, 0, 0]
[gzserver-1] Request(198) set user vecXd vel_xy_yaw_min_trot_12_6 user to: [-0.8, -0.4, -2.5, 0, 0, 0, 0, 0, 0, 0, 0, 0]
[gzserver-1] Request(199) set user vecXd vel_xy_yaw_min_trot_14_8 user to: [-0.55, -0.32, -2.3, 0, 0, 0, 0, 0, 0, 0, 0, 0]
[gzserver-1] Request(200) set user vecXd vel_xy_yaw_min_trot_16_10 user to: [-0.4, -0.26, -2.1, 0, 0, 0, 0, 0, 0, 0, 0, 0]
[gzserver-1] Request(201) set user vecXd vel_xy_yaw_min_trot_18_11 user to: [-0.35, -0.21, -1.9, 0, 0, 0, 0, 0, 0, 0, 0, 0]
[gzserver-1] Request(202) set user vecXd vel_xy_yaw_min_trot_20_12 user to: [-0.3, -0.19, -1.7, 0, 0, 0, 0, 0, 0, 0, 0, 0]
[gzserver-1] Request(203) set user vecXd vel_xy_yaw_min_trot_22_14 user to: [-0.25, -0.17, -1.5, 0, 0, 0, 0, 0, 0, 0, 0, 0]
[gzserver-1] Request(204) set user vecXd vel_xy_yaw_min_trot_24_16 user to: [-0.2, -0.15, -1.3, 0, 0, 0, 0, 0, 0, 0, 0, 0]
[gzserver-1] Request(205) set user vecXd vel_xy_yaw_min_trot_8_3 user to: [-1.4, -0.6, -2.5, 0, 0, 0, 0, 0, 0, 0, 0, 0]
[gzserver-1] Request(206) set user vecXd vel_xy_yaw_min_trot_fast user to: [-1.2, -0.55, -2.5, 0, 0, 0, 0, 0, 0, 0, 0, 0]
[gzserver-1] Request(207) set user vecXd vel_xy_yaw_min_trot_medium user to: [-1.2, -0.4, -2.25, 0, 0, 0, 0, 0, 0, 0, 0, 0]
[gzserver-1] Request(208) set user vecXd vel_xy_yaw_min_trot_slow user to: [-0.6, -0.2, -1.3, 0, 0, 0, 0, 0, 0, 0, 0, 0]
[gzserver-1] Request(209) set user vecXd vel_xy_yaw_min_vision user to: [-0.5, -0.3, -1, 0, 0, 0, 0, 0, 0, 0, 0, 0]
[gzserver-1] Request(210) set user vecXd vel_xy_yaw_min_walk user to: [-0.2, -0.1, -1, 0, 0, 0, 0, 0, 0, 0, 0, 0]
[gzserver-1] Request(211) set user vecXd vel_xy_yaw_scale user to: [1, 1, 1, 0, 0, 0, 0, 0, 0, 0, 0, 0]
[gzserver-1] Request(212) set user vecXd vel_xy_yaw_zero_bound user to: [-0, 0, 0, 0, 0, 0, 0, 0, 0, 0, 0, 0]
[gzserver-1] Request(213) set user vecXd vel_xy_yaw_zero_pronk user to: [-0.01, 0, 0, 0, 0, 0, 0, 0, 0, 0, 0, 0]
[gzserver-1] Request(214) set user vecXd walk_offset_x user to: [0, 0, 0, 0, 0, 0, 0, 0, 0, 0, 0, 0]
[gzserver-1] Request(215) set user vecXd walk_offset_y user to: [0.05, -0.05, 0.05, -0.05, 0, 0, 0, 0, 0, 0, 0, 0]
[gzserver-1] Request(216) set user vecXd walk_wave_height user to: [0.02, -0, 0, 0, 0, 0, 0, 0, 0, 0, 0, 0]
[gzserver-1] Request(217) set user vecXd walk_wave_landing_offset user to: [0, -0.05, 0, 0, 0, 0, 0, 0, 0, 0, 0, 0]
[gzserver-1] Request(218) set user vecXd walk_wave_pitch user to: [0.15, -0.15, 0, 0, 0, 0, 0, 0, 0, 0, 0, 0]
[gzserver-1] Request(219) set user vecXd wbc_body_kd user to: [6, 6, 12, 0, 0, 0, 0, 0, 0, 0, 0, 0]
[gzserver-1] Request(220) set user vecXd wbc_body_kp user to: [60, 60, 60, 0, 0, 0, 0, 0, 0, 0, 0, 0]
[gzserver-1] Request(221) set user vecXd wbc_foot_kd user to: [60, 60, 60, 0, 0, 0, 0, 0, 0, 0, 0, 0]
[gzserver-1] Request(222) set user vecXd wbc_foot_kp user to: [500, 500, 500, 0, 0, 0, 0, 0, 0, 0, 0, 0]
[gzserver-1] Request(223) set user double wbc_friction_bound user to: 0.05
[gzserver-1] Request(224) set user double wbc_friction_default user to: 0.4
[gzserver-1] Request(225) set user double wbc_friction_follow user to: 0.5
[gzserver-1] Request(226) set user double wbc_friction_front_lift user to: 0.25
[gzserver-1] Request(227) set user vecXd wbc_joint_kd user to: [1, 0.2, 0.2, 0, 0, 0, 0, 0, 0, 0, 0, 0]
[gzserver-1] Request(228) set user vecXd wbc_joint_kp user to: [4, 4, 4, 0, 0, 0, 0, 0, 0, 0, 0, 0]
[gzserver-1] Request(229) set user vecXd wbc_orient_kd user to: [6, 6, 6, 0, 0, 0, 0, 0, 0, 0, 0, 0]
[gzserver-1] Request(230) set user vecXd wbc_orient_kp user to: [60, 60, 60, 0, 0, 0, 0, 0, 0, 0, 0, 0]
[gzserver-1] Request(231) set user double wbc_use_mpc_traj user to: 1
[gzserver-1] Request(232) set user double wbc_use_mpc_traj_motion user to: 0
[gzserver-1] Request(233) set user vecXd wbc_weight user to: [0.1, 0.1, 0.1, 0.1, 0.1, 0.1, 0, 0, 0, 0, 0, 0]
[gzserver-1] Request(234) set user vecXd wbc_weight_ballet user to: [50, 50, 5, 10, 10, 10, 0, 0, 0, 0, 0, 0]
[gzserver-1] Request(235) set user vecXd wbc_weight_default user to: [0.1, 0.1, 0.1, 0.1, 0.1, 0.1, 0, 0, 0, 0, 0, 0]
[gzserver-1] Request(236) set user vecXd wbc_weight_diagonal user to: [50, 50, 500, 100, 100, 10, 0, 0, 0, 0, 0, 0]
[gzserver-1] Request(237) set user vecXd wbc_weight_front_lift user to: [5, 5, 200, 10, 10, 10, 0, 0, 0, 0, 0, 0]
[gzserver-1] Request(238) set user vecXd wbc_weight_jump user to: [1000, 1000, 1000, 1000, 1000, 1000, 0, 0, 0, 0, 0, 0]
[gzserver-1] Request(239) set user vecXd wbc_weight_moonwalk user to: [5, 5, 10, 10, 10, 10, 0, 0, 0, 0, 0, 0]
[gzserver-1] Request(240) set user vecXd wbc_weight_motion_default user to: [5, 5, 10, 10, 10, 10, 0, 0, 0, 0, 0, 0]
[gzserver-1] Request(241) set user vecXd wbc_weight_pace_stride user to: [5, 5, 10, 10, 10, 200, 0, 0, 0, 0, 0, 0]
[gzserver-1] Request(242) set user vecXd wbc_weight_passive_trot user to: [0.01, 0.01, 0.01, 0.01, 0.01, 0.01, 0, 0, 0, 0, 0, 0]
[gzserver-1] Request(243) set user vecXd wbc_weight_pitch_step user to: [5, 5, 500, 10, 10, 10, 0, 0, 0, 0, 0, 0]
[gzserver-1] Request(244) set user vecXd wbc_weight_rear_lift user to: [5, 5, 200, 10, 10, 10, 0, 0, 0, 0, 0, 0]
[gzserver-1] Request(245) set user vecXd wbc_weight_user_gait user to: [1, 1, 1, 1, 1, 1, 0, 0, 0, 0, 0, 0]
[gzserver-1] Request(246) set user vecXd wbc_weight_walk user to: [200, 200, 200, 200, 200, 200, 0, 0, 0, 0, 0, 0]
[gzserver-1] Request(247) set user vecXd wbc_weight_walk_wave user to: [20, 20, 20, 2, 2, 2, 0, 0, 0, 0, 0, 0]
[gzserver-1] Request(248) set user double x_effect_scale_neg user to: -0.65
[gzserver-1] Request(249) set user double x_effect_scale_pos user to: -0.55
[gzserver-1] Request(250) set user vecXd x_offset_bound user to: [0.05, 0.05, 0.02, 0.02, 0, 0, 0, 0, 0, 0, 0, 0]
[gzserver-1] Request(251) set user vecXd x_offset_default user to: [0, 0, 0, 0, 0, 0, 0, 0, 0, 0, 0, 0]
[gzserver-1] Request(252) set user double x_offset_pronk user to: -0
[gzserver-1] Request(253) set user double x_offset_pronk_rl user to: -0.15
[gzserver-1] Request(254) set user double x_offset_rapid_rl user to: -0.15
[gzserver-1] Request(255) set user vecXd x_offset_trot_10_4 user to: [-0.02, -0.02, -0.02, -0.02, 0, 0, 0, 0, 0, 0, 0, 0]
[gzserver-1] Request(256) set user double y_effect_scale user to: -0.4
[gzserver-1] Request(257) set user double y_offset_pronk_rl user to: 0.05
[gzserver-1] Request(258) set user double y_offset_rapid_rl user to: 0
[gzserver-1] Request(259) set user vecXd y_offset_trot user to: [0.04, -0.04, 0.04, -0.04, 0, 0, 0, 0, 0, 0, 0, 0]
[gzserver-1] Request(260) set user vecXd y_offset_trot_10_4 user to: [0.025, -0.035, 0.025, -0.035, 0, 0, 0, 0, 0, 0, 0, 0]
[gzserver-1] Request(261) set user vecXd yaw_effect_scale user to: [-0.05, -0.1, -0.6, 0, 0, 0, 0, 0, 0, 0, 0, 0]
[gzserver-1] Request(262) set user double yaw_offset_pronk_rl user to: 0.25
[gzserver-1] Request(263) set user double yaw_offset_rapid_rl user to: 0.15
[gzserver-1] [Simulation] All parameters sent to robot.
[gzserver-1] actuator speed less than min
[gzserver-1] actuator speed less than min
[gzserver-1] actuator speed less than min
[gzserver-1] actuator speed less than min
[gzserver-1] actuator speed less than min
[gzserver-1] actuator speed less than min
[gzserver-1] actuator speed less than min
[gzserver-1] actuator speed less than min
[gzserver-1] actuator speed less than min
[gzserver-1] actuator speed less than min
[gzserver-1] actuator speed less than min
[gzserver-1] actuator speed less than min
[gzserver-1] actuator speed less than min
[gzserver-1] actuator speed less than min
[gzserver-1] actuator speed less than min
[gzserver-1] actuator speed less than min
[gzserver-1] actuator speed less than min
[gzserver-1] actuator speed less than min
[gzserver-1] actuator speed less than min
[gzserver-1] actuator speed less than min
[gzserver-1] actuator speed less than min
[gzserver-1] actuator speed less than min
[gzserver-1] actuator speed less than min
[gzserver-1] actuator speed less than min
[gzserver-1] actuator speed less than min
[gzserver-1] actuator speed less than min
[gzserver-1] actuator speed less than min
[gzserver-1] actuator speed less than min
[gzserver-1] actuator speed less than min
[gzserver-1] actuator speed less than min
[gzserver-1] actuator speed less than min
[gzserver-1] actuator speed less than min
[ERROR] [gzserver-1]: process has died [pid 7943, exit code -9, cmd 'gzserver /home/cyberdog_sim/install/share/cyberdog_gazebo/world/race.world                                                                      -s libgazebo_ros_init.so   -s libgazebo_ros_factory.so          '].
