[1;33m[03:21:24] WARN[0m 清理残留进程和共享内存...
[0;32m[03:21:26][0m 清理完成
[0;32m[03:21:26][0m =============================================
[0;32m[03:21:26][0m   CyberDog 全自动竞赛 - 环境检查
[0;32m[03:21:26][0m =============================================
[0;32m[03:21:26][0m 运行环境: Docker 容器内
[0;32m[03:21:26][0m ROS2 Galactic: ✓
[0;32m[03:21:26][0m cyberdog_control: ✓
[0;32m[03:21:26][0m SuperLIO: ✓
[0;32m[03:21:26][0m Python LCM: ✓
[0;32m[03:21:27][0m Python numpy: ✓
[0;32m[03:21:27][0m Python OpenCV: ✓
[0;32m[03:21:27][0m keybroad_commander: ✓
[1;33m[03:21:27] WARN[0m 建议: export LIBGL_ALWAYS_SOFTWARE=1
[0;32m[03:21:27][0m legged_plugin: ✓
[0;32m[03:21:27][0m foot_contact_plugin: ✓
[0;32m[03:21:27][0m 环境检查完成
[0;32m[03:21:27][0m =============================================
[0;32m[03:21:27][0m   启动 Gazebo 仿真环境 (先于cyberdog_control)
[0;32m[03:21:27][0m =============================================
[0;32m[03:21:27][0m 启动 Gazebo (race 地图 + 激光雷达 + 相机)...
[0;32m[03:21:27][0m Gazebo PID: 10996
[0;32m[03:21:27][0m 等待 Gazebo 初始化...
[0;32m[03:21:30][0m Gazebo 就绪! (等待了 2 秒)
[0;32m[03:21:30][0m 等待激光雷达数据...
[0;32m[03:21:31][0m 激光雷达数据就绪!
[0;32m[03:21:31][0m 等待相机数据...
[0;32m[03:21:32][0m 相机数据就绪!
[0;32m[03:21:32][0m Gazebo 启动完成 ✓
[0;32m[03:21:32][0m =============================================
[0;32m[03:21:32][0m   启动 cyberdog_control (Gazebo之后)
[0;32m[03:21:32][0m =============================================
[0;32m[03:21:32][0m cyberdog_control PID: 11160
[0;32m[03:21:32][0m 等待 cyberdog_control 连接共享内存...
[0;32m[03:21:33][0m 共享内存已就绪!
[0;32m[03:21:36][0m cyberdog_control 与 Gazebo 连接正常 ✓
[0;32m[03:21:36][0m =============================================
[0;32m[03:21:36][0m   启动 SuperLIO SLAM
[0;32m[03:21:36][0m =============================================
[0;32m[03:21:37][0m 启动 SuperLIO (Hesai 配置)...
[0;32m[03:21:37][0m SuperLIO PID: 11210
[0;32m[03:21:37][0m 等待 SuperLIO 初始化...
[1;33m[03:22:19] WARN[0m SuperLIO /lio/odom 未出现, 继续启动竞赛...
[0;32m[03:22:19][0m 等待系统稳定 (10秒)...
[0;32m[03:22:29][0m =============================================
[0;32m[03:22:29][0m   启动前诊断
[0;32m[03:22:29][0m =============================================
[0;32m[03:22:29][0m cyberdog_control 运行中: ✓
[0;32m[03:22:29][0m 共享内存: ✓
[0;32m[03:22:29][0m ROS2话题列表:
[0;32m[03:22:29][0m =============================================
[0;32m[03:22:29][0m   启动竞赛控制器 (全自动 6 赛段)
[0;32m[03:22:29][0m =============================================
[0;32m[03:22:30][0m 竞赛控制器启动中...
[0;32m[03:22:30][0m 日志文件: /home/cyberdog_sim/logs/race_20260514_032124.log
[00:00|初始化] ============================================================
[00:00|初始化] CyberDog 全自动竞赛控制器 启动
[00:00|初始化] ============================================================
[00:00|初始化] 初始化: 发送PureDamper让机器狗趴下
[00:02|初始化] 趴下完成
[00:02|初始化] 初始化: 恢复站立 (RecoveryStand)
[00:04|初始化] 站立完成，进入比赛
[00:04|初始化] ──► 进入第一赛段-石径探路
[1;33m[03:22:55] WARN[0m 清理残留进程和共享内存...
