[1;33m[03:20:43] WARN[0m 清理残留进程和共享内存...
[0;32m[03:20:45][0m 清理完成
[0;32m[03:20:45][0m =============================================
[0;32m[03:20:45][0m   CyberDog 全自动竞赛 - 环境检查
[0;32m[03:20:45][0m =============================================
[0;32m[03:20:45][0m 运行环境: Docker 容器内
[0;32m[03:20:45][0m ROS2 Galactic: ✓
[0;32m[03:20:45][0m cyberdog_control: ✓
[0;32m[03:20:45][0m SuperLIO: ✓
[0;32m[03:20:45][0m Python LCM: ✓
[0;32m[03:20:45][0m Python numpy: ✓
[0;32m[03:20:46][0m Python OpenCV: ✓
[0;32m[03:20:47][0m keybroad_commander: ✓
[1;33m[03:20:47] WARN[0m 建议: export LIBGL_ALWAYS_SOFTWARE=1
[0;32m[03:20:47][0m legged_plugin: ✓
[0;32m[03:20:47][0m foot_contact_plugin: ✓
[0;32m[03:20:47][0m 环境检查完成
[0;32m[03:20:47][0m =============================================
[0;32m[03:20:47][0m   启动 Gazebo 仿真环境 (先于cyberdog_control)
[0;32m[03:20:47][0m =============================================
[0;32m[03:20:47][0m 启动 Gazebo (race 地图 + 激光雷达 + 相机)...
[0;32m[03:20:47][0m Gazebo PID: 10580
[0;32m[03:20:47][0m 等待 Gazebo 初始化...
[0;32m[03:20:50][0m Gazebo 就绪! (等待了 2 秒)
[0;32m[03:20:50][0m 等待激光雷达数据...
[0;32m[03:20:53][0m 激光雷达数据就绪!
[0;32m[03:20:53][0m 等待相机数据...
[0;32m[03:20:55][0m 相机数据就绪!
[0;32m[03:20:55][0m Gazebo 启动完成 ✓
[0;32m[03:20:55][0m =============================================
[0;32m[03:20:55][0m   启动 cyberdog_control (Gazebo之后)
[0;32m[03:20:55][0m =============================================
[0;32m[03:20:55][0m cyberdog_control PID: 10748
[0;32m[03:20:55][0m 等待 cyberdog_control 连接共享内存...
[0;32m[03:20:56][0m 共享内存已就绪!
[0;32m[03:20:59][0m cyberdog_control 与 Gazebo 连接正常 ✓
[0;32m[03:20:59][0m =============================================
[0;32m[03:20:59][0m   启动 SuperLIO SLAM
[0;32m[03:20:59][0m =============================================
[0;32m[03:20:59][0m 启动 SuperLIO (Hesai 配置)...
[0;32m[03:20:59][0m SuperLIO PID: 10798
[0;32m[03:20:59][0m 等待 SuperLIO 初始化...
[1;33m[03:21:17] WARN[0m 清理残留进程和共享内存...
