[1;33m[13:35:33] WARN[0m 清理残留进程和共享内存...
[0;32m[13:35:35][0m 清理完成
[0;32m[13:35:35][0m =============================================
[0;32m[13:35:35][0m   CyberDog 全自动竞赛 - 环境检查
[0;32m[13:35:35][0m =============================================
[0;32m[13:35:35][0m 运行环境: Docker 容器内
[0;32m[13:35:35][0m ROS2 Galactic: ✓
[0;32m[13:35:35][0m cyberdog_control: ✓
[0;32m[13:35:35][0m SuperLIO: ✓
[0;32m[13:35:35][0m Python LCM: ✓
[0;32m[13:35:35][0m Python numpy: ✓
[0;32m[13:35:36][0m Python OpenCV: ✓
[0;32m[13:35:36][0m keybroad_commander: ✓
[1;33m[13:35:36] WARN[0m 建议: export LIBGL_ALWAYS_SOFTWARE=1
[0;32m[13:35:36][0m legged_plugin: ✓
[0;32m[13:35:36][0m foot_contact_plugin: ✓
[0;32m[13:35:36][0m 环境检查完成
[0;32m[13:35:36][0m =============================================
[0;32m[13:35:36][0m   启动 Gazebo 仿真环境 (先于cyberdog_control)
[0;32m[13:35:36][0m =============================================
[0;32m[13:35:37][0m 启动 Gazebo (race 地图 + TOF + 相机, 无雷达)...
[0;32m[13:35:37][0m Gazebo PID: 7793
[0;32m[13:35:37][0m 等待 Gazebo 初始化...
[0;32m[13:35:40][0m Gazebo 就绪! (等待了 2 秒)
[0;32m[13:35:40][0m 等待 TOF 传感器数据...
[0;32m[13:35:41][0m TOF 传感器就绪!
[0;32m[13:35:41][0m 等待相机数据...
[0;32m[13:35:43][0m 相机数据就绪!
[0;32m[13:35:43][0m Gazebo 启动完成 ✓
[0;32m[13:35:43][0m =============================================
[0;32m[13:35:43][0m   启动 cyberdog_control (Gazebo之后)
[0;32m[13:35:43][0m =============================================
[0;32m[13:35:43][0m 等待 Gazebo 参数同步完成...
[1;33m[13:36:13] WARN[0m Gazebo 参数同步可能未完成，继续尝试启动...
[0;32m[13:36:13][0m cyberdog_control PID: 8114
[0;32m[13:36:13][0m 等待 cyberdog_control 连接 Gazebo...
[0;32m[13:36:14][0m cyberdog_control 已连接 Gazebo ✓
[0;32m[13:36:16][0m cyberdog_control 运行正常 ✓
[0;32m[13:36:16][0m =============================================
[0;32m[13:36:16][0m   跳过 SuperLIO (无雷达方案, 不使用SLAM)
[0;32m[13:36:16][0m =============================================
[0;32m[13:36:16][0m 里程计依赖已移除，赛段时间触发使用超时机制
[0;32m[13:36:16][0m 等待系统稳定 (10秒)...
[0;32m[13:36:26][0m =============================================
[0;32m[13:36:26][0m   启动前诊断
[0;32m[13:36:26][0m =============================================
[0;32m[13:36:26][0m cyberdog_control 运行中: ✓
[0;32m[13:36:26][0m 共享内存: ✓
[0;32m[13:36:26][0m ROS2话题列表:
[0;32m[13:36:26][0m =============================================
[0;32m[13:36:26][0m   启动竞赛控制器 (全自动 6 赛段)
[0;32m[13:36:26][0m =============================================
[0;32m[13:36:27][0m 竞赛控制器启动中...
[0;32m[13:36:27][0m 日志文件: /home/cyberdog_sim/logs/race_20260514_133533.log
[00:00|初始化] ============================================================
[00:00|初始化] CyberDog 全自动竞赛控制器 启动 (无雷达方案)
[00:00|初始化] ============================================================
[00:00|初始化] 初始化: 发送PureDamper让机器狗趴下
[00:02|初始化] 趴下完成 → 恢复站立
[00:03|初始化] 站立完成，进入比赛
[00:03|初始化] ──► 进入第一赛段-石径探路
[00:38|第一赛段-石径探路] 已通过石板路弯道区域
[00:38|第一赛段-石径探路] ──► 进入第二赛段-荒野寻珠
[00:38|第二赛段-荒野寻珠] 阶段0: 搜索橙色小球 (已撞击 0/4)
[00:38|第二赛段-荒野寻珠] 阶段0: 搜索橙色小球 (已撞击 0/4)
[00:38|第二赛段-荒野寻珠] 阶段0: 搜索橙色小球 (已撞击 0/4)
[00:38|第二赛段-荒野寻珠] 阶段0: 搜索橙色小球 (已撞击 0/4)
[00:39|第二赛段-荒野寻珠] 阶段0: 搜索橙色小球 (已撞击 0/4)
[00:39|第二赛段-荒野寻珠] 阶段0: 搜索橙色小球 (已撞击 0/4)
[00:39|第二赛段-荒野寻珠] 阶段0: 搜索橙色小球 (已撞击 0/4)
[00:39|第二赛段-荒野寻珠] 阶段0: 搜索橙色小球 (已撞击 0/4)
[00:39|第二赛段-荒野寻珠] 阶段0: 搜索橙色小球 (已撞击 0/4)
[00:39|第二赛段-荒野寻珠] 阶段0: 搜索橙色小球 (已撞击 0/4)
[00:39|第二赛段-荒野寻珠] 阶段0: 搜索橙色小球 (已撞击 0/4)
[00:39|第二赛段-荒野寻珠] 阶段0: 搜索橙色小球 (已撞击 0/4)
[00:39|第二赛段-荒野寻珠] 阶段0: 搜索橙色小球 (已撞击 0/4)
[00:39|第二赛段-荒野寻珠] 阶段0: 搜索橙色小球 (已撞击 0/4)
[00:39|第二赛段-荒野寻珠] 阶段0: 搜索橙色小球 (已撞击 0/4)
[00:39|第二赛段-荒野寻珠] 阶段0: 搜索橙色小球 (已撞击 0/4)
[00:39|第二赛段-荒野寻珠] 阶段0: 搜索橙色小球 (已撞击 0/4)
[00:39|第二赛段-荒野寻珠] 阶段0: 搜索橙色小球 (已撞击 0/4)
[00:39|第二赛段-荒野寻珠] 阶段0: 搜索橙色小球 (已撞击 0/4)
[00:39|第二赛段-荒野寻珠] 阶段0: 搜索橙色小球 (已撞击 0/4)
[00:39|第二赛段-荒野寻珠] 阶段0: 搜索橙色小球 (已撞击 0/4)
[00:39|第二赛段-荒野寻珠] 阶段0: 搜索橙色小球 (已撞击 0/4)
[00:39|第二赛段-荒野寻珠] 阶段0: 搜索橙色小球 (已撞击 0/4)
[00:39|第二赛段-荒野寻珠] 阶段0: 搜索橙色小球 (已撞击 0/4)
[00:39|第二赛段-荒野寻珠] 阶段0: 搜索橙色小球 (已撞击 0/4)
[00:39|第二赛段-荒野寻珠] 阶段0: 搜索橙色小球 (已撞击 0/4)
[00:39|第二赛段-荒野寻珠] 阶段0: 搜索橙色小球 (已撞击 0/4)
[00:39|第二赛段-荒野寻珠] 阶段0: 搜索橙色小球 (已撞击 0/4)
[00:39|第二赛段-荒野寻珠] 阶段0: 搜索橙色小球 (已撞击 0/4)
[00:39|第二赛段-荒野寻珠] 阶段0: 搜索橙色小球 (已撞击 0/4)
[00:39|第二赛段-荒野寻珠] 阶段0: 搜索橙色小球 (已撞击 0/4)
[00:39|第二赛段-荒野寻珠] 阶段0: 搜索橙色小球 (已撞击 0/4)
[00:39|第二赛段-荒野寻珠] 阶段0: 搜索橙色小球 (已撞击 0/4)
[00:39|第二赛段-荒野寻珠] 阶段0: 搜索橙色小球 (已撞击 0/4)
[00:39|第二赛段-荒野寻珠] 阶段0: 搜索橙色小球 (已撞击 0/4)
[00:39|第二赛段-荒野寻珠] 阶段0: 搜索橙色小球 (已撞击 0/4)
[00:39|第二赛段-荒野寻珠] 阶段0: 搜索橙色小球 (已撞击 0/4)
[00:39|第二赛段-荒野寻珠] 阶段0: 搜索橙色小球 (已撞击 0/4)
[00:40|第二赛段-荒野寻珠] 阶段0: 搜索橙色小球 (已撞击 0/4)
[00:40|第二赛段-荒野寻珠] 阶段0: 搜索橙色小球 (已撞击 0/4)
[00:40|第二赛段-荒野寻珠] 阶段0: 搜索橙色小球 (已撞击 0/4)
[00:40|第二赛段-荒野寻珠] 阶段0: 搜索橙色小球 (已撞击 0/4)
[00:40|第二赛段-荒野寻珠] 阶段0: 搜索橙色小球 (已撞击 0/4)
[00:40|第二赛段-荒野寻珠] 阶段0: 搜索橙色小球 (已撞击 0/4)
[00:40|第二赛段-荒野寻珠] 阶段0: 搜索橙色小球 (已撞击 0/4)
[00:40|第二赛段-荒野寻珠] 阶段0: 搜索橙色小球 (已撞击 0/4)
[00:40|第二赛段-荒野寻珠] 阶段0: 搜索橙色小球 (已撞击 0/4)
[00:40|第二赛段-荒野寻珠] 阶段0: 搜索橙色小球 (已撞击 0/4)
[00:40|第二赛段-荒野寻珠] 阶段0: 搜索橙色小球 (已撞击 0/4)
[00:40|第二赛段-荒野寻珠] 阶段0: 搜索橙色小球 (已撞击 0/4)
[00:40|第二赛段-荒野寻珠] 阶段0: 搜索橙色小球 (已撞击 0/4)
[00:40|第二赛段-荒野寻珠] 阶段0: 搜索橙色小球 (已撞击 0/4)
[00:40|第二赛段-荒野寻珠] 阶段0: 搜索橙色小球 (已撞击 0/4)
[00:40|第二赛段-荒野寻珠] 阶段0: 搜索橙色小球 (已撞击 0/4)
[00:40|第二赛段-荒野寻珠] 阶段0: 搜索橙色小球 (已撞击 0/4)
[00:40|第二赛段-荒野寻珠] 阶段0: 搜索橙色小球 (已撞击 0/4)
[00:40|第二赛段-荒野寻珠] 阶段0: 搜索橙色小球 (已撞击 0/4)
[00:40|第二赛段-荒野寻珠] 阶段0: 搜索橙色小球 (已撞击 0/4)
[00:40|第二赛段-荒野寻珠] 阶段0: 搜索橙色小球 (已撞击 0/4)
[00:40|第二赛段-荒野寻珠] 阶段0: 搜索橙色小球 (已撞击 0/4)
[00:40|第二赛段-荒野寻珠] 阶段0: 搜索橙色小球 (已撞击 0/4)
[00:40|第二赛段-荒野寻珠] 阶段0: 搜索橙色小球 (已撞击 0/4)
[00:40|第二赛段-荒野寻珠] 阶段0: 搜索橙色小球 (已撞击 0/4)
[00:40|第二赛段-荒野寻珠] 阶段0: 搜索橙色小球 (已撞击 0/4)
[00:40|第二赛段-荒野寻珠] 阶段0: 搜索橙色小球 (已撞击 0/4)
[00:40|第二赛段-荒野寻珠] 阶段0: 搜索橙色小球 (已撞击 0/4)
[00:40|第二赛段-荒野寻珠] 阶段0: 搜索橙色小球 (已撞击 0/4)
[00:40|第二赛段-荒野寻珠] 阶段0: 搜索橙色小球 (已撞击 0/4)
[00:40|第二赛段-荒野寻珠] 阶段0: 搜索橙色小球 (已撞击 0/4)
[00:40|第二赛段-荒野寻珠] 阶段0: 搜索橙色小球 (已撞击 0/4)
[00:40|第二赛段-荒野寻珠] 阶段0: 搜索橙色小球 (已撞击 0/4)
[00:41|第二赛段-荒野寻珠] 阶段0: 搜索橙色小球 (已撞击 0/4)
[00:41|第二赛段-荒野寻珠] 阶段0: 搜索橙色小球 (已撞击 0/4)
[00:41|第二赛段-荒野寻珠] 阶段0: 搜索橙色小球 (已撞击 0/4)
[00:41|第二赛段-荒野寻珠] 阶段0: 搜索橙色小球 (已撞击 0/4)
[00:41|第二赛段-荒野寻珠] 阶段0: 搜索橙色小球 (已撞击 0/4)
[00:41|第二赛段-荒野寻珠] 阶段0: 搜索橙色小球 (已撞击 0/4)
[00:41|第二赛段-荒野寻珠] 阶段0: 搜索橙色小球 (已撞击 0/4)
[00:41|第二赛段-荒野寻珠] 阶段0: 搜索橙色小球 (已撞击 0/4)
[00:41|第二赛段-荒野寻珠] 阶段0: 搜索橙色小球 (已撞击 0/4)
[00:41|第二赛段-荒野寻珠] 阶段0: 搜索橙色小球 (已撞击 0/4)
[00:41|第二赛段-荒野寻珠] 阶段0: 搜索橙色小球 (已撞击 0/4)
[00:41|第二赛段-荒野寻珠] 阶段0: 搜索橙色小球 (已撞击 0/4)
[00:41|第二赛段-荒野寻珠] 阶段0: 搜索橙色小球 (已撞击 0/4)
[00:41|第二赛段-荒野寻珠] 阶段0: 搜索橙色小球 (已撞击 0/4)
[00:41|第二赛段-荒野寻珠] 阶段0: 搜索橙色小球 (已撞击 0/4)
[00:41|第二赛段-荒野寻珠] 阶段0: 搜索橙色小球 (已撞击 0/4)
[00:41|第二赛段-荒野寻珠] 阶段0: 搜索橙色小球 (已撞击 0/4)
[00:41|第二赛段-荒野寻珠] 阶段0: 搜索橙色小球 (已撞击 0/4)
[00:41|第二赛段-荒野寻珠] 阶段0: 搜索橙色小球 (已撞击 0/4)
[00:41|第二赛段-荒野寻珠] 阶段0: 搜索橙色小球 (已撞击 0/4)
[00:41|第二赛段-荒野寻珠] 阶段0: 搜索橙色小球 (已撞击 0/4)
[00:41|第二赛段-荒野寻珠] 阶段0: 搜索橙色小球 (已撞击 0/4)
[00:41|第二赛段-荒野寻珠] 阶段0: 搜索橙色小球 (已撞击 0/4)
[00:41|第二赛段-荒野寻珠] 阶段0: 搜索橙色小球 (已撞击 0/4)
[00:41|第二赛段-荒野寻珠] 阶段0: 搜索橙色小球 (已撞击 0/4)
[00:41|第二赛段-荒野寻珠] 阶段0: 搜索橙色小球 (已撞击 0/4)
[00:41|第二赛段-荒野寻珠] 阶段0: 搜索橙色小球 (已撞击 0/4)
[00:41|第二赛段-荒野寻珠] 阶段0: 搜索橙色小球 (已撞击 0/4)
[00:41|第二赛段-荒野寻珠] 阶段0: 搜索橙色小球 (已撞击 0/4)
[00:41|第二赛段-荒野寻珠] 阶段0: 搜索橙色小球 (已撞击 0/4)
[00:41|第二赛段-荒野寻珠] 阶段0: 搜索橙色小球 (已撞击 0/4)
[00:41|第二赛段-荒野寻珠] 阶段0: 搜索橙色小球 (已撞击 0/4)
[00:41|第二赛段-荒野寻珠] 阶段0: 搜索橙色小球 (已撞击 0/4)
[00:42|第二赛段-荒野寻珠] 阶段0: 搜索橙色小球 (已撞击 0/4)
[00:42|第二赛段-荒野寻珠] 阶段0: 搜索橙色小球 (已撞击 0/4)
[00:42|第二赛段-荒野寻珠] 阶段0: 搜索橙色小球 (已撞击 0/4)
[00:42|第二赛段-荒野寻珠] 阶段0: 搜索橙色小球 (已撞击 0/4)
[00:42|第二赛段-荒野寻珠] 阶段0: 搜索橙色小球 (已撞击 0/4)
[00:42|第二赛段-荒野寻珠] 阶段0: 搜索橙色小球 (已撞击 0/4)
[00:42|第二赛段-荒野寻珠] 阶段0: 搜索橙色小球 (已撞击 0/4)
[00:42|第二赛段-荒野寻珠] 阶段0: 搜索橙色小球 (已撞击 0/4)
[00:42|第二赛段-荒野寻珠] 阶段0: 搜索橙色小球 (已撞击 0/4)
[00:42|第二赛段-荒野寻珠] 阶段0: 搜索橙色小球 (已撞击 0/4)
[00:42|第二赛段-荒野寻珠] 阶段0: 搜索橙色小球 (已撞击 0/4)
[00:42|第二赛段-荒野寻珠] 阶段0: 搜索橙色小球 (已撞击 0/4)
[00:42|第二赛段-荒野寻珠] 阶段0: 搜索橙色小球 (已撞击 0/4)
[00:42|第二赛段-荒野寻珠] 阶段0: 搜索橙色小球 (已撞击 0/4)
[00:42|第二赛段-荒野寻珠] 阶段0: 搜索橙色小球 (已撞击 0/4)
[00:42|第二赛段-荒野寻珠] 阶段0: 搜索橙色小球 (已撞击 0/4)
[00:42|第二赛段-荒野寻珠] 阶段0: 搜索橙色小球 (已撞击 0/4)
[00:42|第二赛段-荒野寻珠] 阶段0: 搜索橙色小球 (已撞击 0/4)
[00:42|第二赛段-荒野寻珠] 阶段0: 搜索橙色小球 (已撞击 0/4)
[00:42|第二赛段-荒野寻珠] 阶段0: 搜索橙色小球 (已撞击 0/4)
[00:42|第二赛段-荒野寻珠] 阶段0: 搜索橙色小球 (已撞击 0/4)
[00:42|第二赛段-荒野寻珠] 阶段0: 搜索橙色小球 (已撞击 0/4)
[00:42|第二赛段-荒野寻珠] 阶段0: 搜索橙色小球 (已撞击 0/4)
[00:42|第二赛段-荒野寻珠] 阶段0: 搜索橙色小球 (已撞击 0/4)
[00:42|第二赛段-荒野寻珠] 阶段0: 搜索橙色小球 (已撞击 0/4)
[00:42|第二赛段-荒野寻珠] 阶段0: 搜索橙色小球 (已撞击 0/4)
[00:42|第二赛段-荒野寻珠] 阶段0: 搜索橙色小球 (已撞击 0/4)
[00:42|第二赛段-荒野寻珠] 阶段0: 搜索橙色小球 (已撞击 0/4)
[00:42|第二赛段-荒野寻珠] 阶段0: 搜索橙色小球 (已撞击 0/4)
[00:42|第二赛段-荒野寻珠] 阶段0: 搜索橙色小球 (已撞击 0/4)
[00:42|第二赛段-荒野寻珠] 阶段0: 搜索橙色小球 (已撞击 0/4)
[00:42|第二赛段-荒野寻珠] 阶段0: 搜索橙色小球 (已撞击 0/4)
[00:43|第二赛段-荒野寻珠] 阶段0: 搜索橙色小球 (已撞击 0/4)
[00:43|第二赛段-荒野寻珠] 阶段0: 搜索橙色小球 (已撞击 0/4)
[00:43|第二赛段-荒野寻珠] 阶段0: 搜索橙色小球 (已撞击 0/4)
[00:43|第二赛段-荒野寻珠] 阶段0: 搜索橙色小球 (已撞击 0/4)
[00:43|第二赛段-荒野寻珠] 阶段0: 搜索橙色小球 (已撞击 0/4)
[00:43|第二赛段-荒野寻珠] 阶段0: 搜索橙色小球 (已撞击 0/4)
[00:43|第二赛段-荒野寻珠] 阶段0: 搜索橙色小球 (已撞击 0/4)
[00:43|第二赛段-荒野寻珠] 阶段0: 搜索橙色小球 (已撞击 0/4)
[00:43|第二赛段-荒野寻珠] 阶段0: 搜索橙色小球 (已撞击 0/4)
[00:43|第二赛段-荒野寻珠] 阶段0: 搜索橙色小球 (已撞击 0/4)
[00:43|第二赛段-荒野寻珠] 阶段0: 搜索橙色小球 (已撞击 0/4)
[00:43|第二赛段-荒野寻珠] 阶段0: 搜索橙色小球 (已撞击 0/4)
[00:43|第二赛段-荒野寻珠] 阶段0: 搜索橙色小球 (已撞击 0/4)
[00:43|第二赛段-荒野寻珠] 阶段0: 搜索橙色小球 (已撞击 0/4)
[00:43|第二赛段-荒野寻珠] 阶段0: 搜索橙色小球 (已撞击 0/4)
[00:43|第二赛段-荒野寻珠] 阶段0: 搜索橙色小球 (已撞击 0/4)
[00:43|第二赛段-荒野寻珠] 阶段0: 搜索橙色小球 (已撞击 0/4)
[00:43|第二赛段-荒野寻珠] 阶段0: 搜索橙色小球 (已撞击 0/4)
[00:43|第二赛段-荒野寻珠] 阶段0: 搜索橙色小球 (已撞击 0/4)
[00:43|第二赛段-荒野寻珠] 阶段0: 搜索橙色小球 (已撞击 0/4)
[00:43|第二赛段-荒野寻珠] 阶段0: 搜索橙色小球 (已撞击 0/4)
[00:43|第二赛段-荒野寻珠] 阶段0: 搜索橙色小球 (已撞击 0/4)
[00:43|第二赛段-荒野寻珠] 阶段0: 搜索橙色小球 (已撞击 0/4)
[00:43|第二赛段-荒野寻珠] 阶段0: 搜索橙色小球 (已撞击 0/4)
[00:43|第二赛段-荒野寻珠] 阶段0: 搜索橙色小球 (已撞击 0/4)
[00:43|第二赛段-荒野寻珠] 阶段0: 搜索橙色小球 (已撞击 0/4)
[00:43|第二赛段-荒野寻珠] 阶段0: 搜索橙色小球 (已撞击 0/4)
[00:43|第二赛段-荒野寻珠] 阶段0: 搜索橙色小球 (已撞击 0/4)
[00:43|第二赛段-荒野寻珠] 阶段0: 搜索橙色小球 (已撞击 0/4)
[00:43|第二赛段-荒野寻珠] 阶段0: 搜索橙色小球 (已撞击 0/4)
[00:43|第二赛段-荒野寻珠] 阶段0: 搜索橙色小球 (已撞击 0/4)
[00:43|第二赛段-荒野寻珠] 阶段0: 搜索橙色小球 (已撞击 0/4)
[00:43|第二赛段-荒野寻珠] 阶段0: 搜索橙色小球 (已撞击 0/4)
[00:43|第二赛段-荒野寻珠] 阶段0: 搜索橙色小球 (已撞击 0/4)
[00:44|第二赛段-荒野寻珠] 阶段0: 搜索橙色小球 (已撞击 0/4)
[00:44|第二赛段-荒野寻珠] 阶段0: 搜索橙色小球 (已撞击 0/4)
[00:44|第二赛段-荒野寻珠] 阶段0: 搜索橙色小球 (已撞击 0/4)
[00:44|第二赛段-荒野寻珠] 阶段0: 搜索橙色小球 (已撞击 0/4)
[00:44|第二赛段-荒野寻珠] 阶段0: 搜索橙色小球 (已撞击 0/4)
[00:44|第二赛段-荒野寻珠] 阶段0: 搜索橙色小球 (已撞击 0/4)
[00:44|第二赛段-荒野寻珠] 阶段0: 搜索橙色小球 (已撞击 0/4)
[00:44|第二赛段-荒野寻珠] 阶段0: 搜索橙色小球 (已撞击 0/4)
[00:44|第二赛段-荒野寻珠] 阶段0: 搜索橙色小球 (已撞击 0/4)
[00:44|第二赛段-荒野寻珠] 阶段0: 搜索橙色小球 (已撞击 0/4)
[00:44|第二赛段-荒野寻珠] 阶段0: 搜索橙色小球 (已撞击 0/4)
[00:44|第二赛段-荒野寻珠] 阶段0: 搜索橙色小球 (已撞击 0/4)
[00:44|第二赛段-荒野寻珠] 阶段0: 搜索橙色小球 (已撞击 0/4)
[00:44|第二赛段-荒野寻珠] 阶段0: 搜索橙色小球 (已撞击 0/4)
[00:44|第二赛段-荒野寻珠] 阶段0: 搜索橙色小球 (已撞击 0/4)
[00:44|第二赛段-荒野寻珠] 阶段0: 搜索橙色小球 (已撞击 0/4)
[00:44|第二赛段-荒野寻珠] 阶段0: 搜索橙色小球 (已撞击 0/4)
[00:44|第二赛段-荒野寻珠] 阶段0: 搜索橙色小球 (已撞击 0/4)
[00:44|第二赛段-荒野寻珠] 阶段0: 搜索橙色小球 (已撞击 0/4)
[00:44|第二赛段-荒野寻珠] 阶段0: 搜索橙色小球 (已撞击 0/4)
[00:44|第二赛段-荒野寻珠] 阶段0: 搜索橙色小球 (已撞击 0/4)
[00:44|第二赛段-荒野寻珠] 阶段0: 搜索橙色小球 (已撞击 0/4)
[00:44|第二赛段-荒野寻珠] 阶段0: 搜索橙色小球 (已撞击 0/4)
[00:44|第二赛段-荒野寻珠] 阶段0: 搜索橙色小球 (已撞击 0/4)
[00:44|第二赛段-荒野寻珠] 阶段0: 搜索橙色小球 (已撞击 0/4)
[00:44|第二赛段-荒野寻珠] 阶段0: 搜索橙色小球 (已撞击 0/4)
[00:44|第二赛段-荒野寻珠] 阶段0: 搜索橙色小球 (已撞击 0/4)
[00:44|第二赛段-荒野寻珠] 阶段0: 搜索橙色小球 (已撞击 0/4)
[00:44|第二赛段-荒野寻珠] 阶段0: 搜索橙色小球 (已撞击 0/4)
[00:44|第二赛段-荒野寻珠] 阶段0: 搜索橙色小球 (已撞击 0/4)
[00:44|第二赛段-荒野寻珠] 阶段0: 搜索橙色小球 (已撞击 0/4)
[00:45|第二赛段-荒野寻珠] 阶段0: 搜索橙色小球 (已撞击 0/4)
[00:45|第二赛段-荒野寻珠] 阶段0: 搜索橙色小球 (已撞击 0/4)
[00:45|第二赛段-荒野寻珠] 阶段0: 搜索橙色小球 (已撞击 0/4)
[00:45|第二赛段-荒野寻珠] 阶段0: 搜索橙色小球 (已撞击 0/4)
[00:45|第二赛段-荒野寻珠] 阶段0: 搜索橙色小球 (已撞击 0/4)
[00:45|第二赛段-荒野寻珠] 阶段0: 搜索橙色小球 (已撞击 0/4)
[00:45|第二赛段-荒野寻珠] 阶段0: 搜索橙色小球 (已撞击 0/4)
[00:45|第二赛段-荒野寻珠] 阶段0: 搜索橙色小球 (已撞击 0/4)
[00:45|第二赛段-荒野寻珠] 阶段0: 搜索橙色小球 (已撞击 0/4)
[00:45|第二赛段-荒野寻珠] 阶段0: 搜索橙色小球 (已撞击 0/4)
[00:45|第二赛段-荒野寻珠] 阶段0: 搜索橙色小球 (已撞击 0/4)
[00:45|第二赛段-荒野寻珠] 阶段0: 搜索橙色小球 (已撞击 0/4)
[00:45|第二赛段-荒野寻珠] 阶段0: 搜索橙色小球 (已撞击 0/4)
[00:45|第二赛段-荒野寻珠] 阶段0: 搜索橙色小球 (已撞击 0/4)
[00:45|第二赛段-荒野寻珠] 阶段0: 搜索橙色小球 (已撞击 0/4)
[00:45|第二赛段-荒野寻珠] 阶段0: 搜索橙色小球 (已撞击 0/4)
[00:45|第二赛段-荒野寻珠] 阶段0: 搜索橙色小球 (已撞击 0/4)
[00:45|第二赛段-荒野寻珠] 阶段0: 搜索橙色小球 (已撞击 0/4)
[00:45|第二赛段-荒野寻珠] 阶段0: 搜索橙色小球 (已撞击 0/4)
[00:45|第二赛段-荒野寻珠] 阶段0: 搜索橙色小球 (已撞击 0/4)
[00:45|第二赛段-荒野寻珠] 阶段0: 搜索橙色小球 (已撞击 0/4)
[00:45|第二赛段-荒野寻珠] 阶段0: 搜索橙色小球 (已撞击 0/4)
[00:45|第二赛段-荒野寻珠] 阶段0: 搜索橙色小球 (已撞击 0/4)
[00:45|第二赛段-荒野寻珠] 阶段0: 搜索橙色小球 (已撞击 0/4)
[00:45|第二赛段-荒野寻珠] 阶段0: 搜索橙色小球 (已撞击 0/4)
[00:45|第二赛段-荒野寻珠] 阶段0: 搜索橙色小球 (已撞击 0/4)
[00:45|第二赛段-荒野寻珠] 阶段0: 搜索橙色小球 (已撞击 0/4)
[00:45|第二赛段-荒野寻珠] 阶段0: 搜索橙色小球 (已撞击 0/4)
[00:45|第二赛段-荒野寻珠] 阶段0: 搜索橙色小球 (已撞击 0/4)
[00:45|第二赛段-荒野寻珠] 阶段0: 搜索橙色小球 (已撞击 0/4)
[00:45|第二赛段-荒野寻珠] 阶段0: 搜索橙色小球 (已撞击 0/4)
[00:45|第二赛段-荒野寻珠] 阶段0: 搜索橙色小球 (已撞击 0/4)
[00:45|第二赛段-荒野寻珠] 阶段0: 搜索橙色小球 (已撞击 0/4)
[00:45|第二赛段-荒野寻珠] 阶段0: 搜索橙色小球 (已撞击 0/4)
[00:45|第二赛段-荒野寻珠] 阶段0: 搜索橙色小球 (已撞击 0/4)
[00:46|第二赛段-荒野寻珠] 阶段0: 搜索橙色小球 (已撞击 0/4)
[00:46|第二赛段-荒野寻珠] 阶段0: 搜索橙色小球 (已撞击 0/4)
[00:46|第二赛段-荒野寻珠] 阶段0: 搜索橙色小球 (已撞击 0/4)
[00:46|第二赛段-荒野寻珠] 阶段0: 搜索橙色小球 (已撞击 0/4)
[00:46|第二赛段-荒野寻珠] 阶段0: 搜索橙色小球 (已撞击 0/4)
[00:46|第二赛段-荒野寻珠] 阶段0: 搜索橙色小球 (已撞击 0/4)
[00:46|第二赛段-荒野寻珠] 阶段0: 搜索橙色小球 (已撞击 0/4)
[00:46|第二赛段-荒野寻珠] 阶段0: 搜索橙色小球 (已撞击 0/4)
[00:46|第二赛段-荒野寻珠] 阶段0: 搜索橙色小球 (已撞击 0/4)
[00:46|第二赛段-荒野寻珠] 阶段0: 搜索橙色小球 (已撞击 0/4)
[00:46|第二赛段-荒野寻珠] 阶段0: 搜索橙色小球 (已撞击 0/4)
[00:46|第二赛段-荒野寻珠] 阶段0: 搜索橙色小球 (已撞击 0/4)
[00:46|第二赛段-荒野寻珠] 阶段0: 搜索橙色小球 (已撞击 0/4)
[00:46|第二赛段-荒野寻珠] 阶段0: 搜索橙色小球 (已撞击 0/4)
[00:46|第二赛段-荒野寻珠] 阶段0: 搜索橙色小球 (已撞击 0/4)
[00:46|第二赛段-荒野寻珠] 阶段0: 搜索橙色小球 (已撞击 0/4)
[00:46|第二赛段-荒野寻珠] 阶段0: 搜索橙色小球 (已撞击 0/4)
[00:46|第二赛段-荒野寻珠] 阶段0: 搜索橙色小球 (已撞击 0/4)
[00:46|第二赛段-荒野寻珠] 阶段0: 搜索橙色小球 (已撞击 0/4)
[00:46|第二赛段-荒野寻珠] 阶段0: 搜索橙色小球 (已撞击 0/4)
[00:46|第二赛段-荒野寻珠] 阶段0: 搜索橙色小球 (已撞击 0/4)
[00:46|第二赛段-荒野寻珠] 阶段0: 搜索橙色小球 (已撞击 0/4)
[00:46|第二赛段-荒野寻珠] 阶段0: 搜索橙色小球 (已撞击 0/4)
[00:46|第二赛段-荒野寻珠] 阶段0: 搜索橙色小球 (已撞击 0/4)
[00:46|第二赛段-荒野寻珠] 阶段0: 搜索橙色小球 (已撞击 0/4)
[00:46|第二赛段-荒野寻珠] 阶段0: 搜索橙色小球 (已撞击 0/4)
[00:46|第二赛段-荒野寻珠] 阶段0: 搜索橙色小球 (已撞击 0/4)
[00:46|第二赛段-荒野寻珠] 阶段0: 搜索橙色小球 (已撞击 0/4)
[00:46|第二赛段-荒野寻珠] 阶段0: 搜索橙色小球 (已撞击 0/4)
[00:46|第二赛段-荒野寻珠] 阶段0: 搜索橙色小球 (已撞击 0/4)
[00:46|第二赛段-荒野寻珠] 阶段0: 搜索橙色小球 (已撞击 0/4)
[00:46|第二赛段-荒野寻珠] 阶段0: 搜索橙色小球 (已撞击 0/4)
[00:46|第二赛段-荒野寻珠] 阶段0: 搜索橙色小球 (已撞击 0/4)
[00:47|第二赛段-荒野寻珠] 阶段0: 搜索橙色小球 (已撞击 0/4)
[00:47|第二赛段-荒野寻珠] 阶段0: 搜索橙色小球 (已撞击 0/4)
[00:47|第二赛段-荒野寻珠] 阶段0: 搜索橙色小球 (已撞击 0/4)
[00:47|第二赛段-荒野寻珠] 阶段0: 搜索橙色小球 (已撞击 0/4)
[00:47|第二赛段-荒野寻珠] 阶段0: 搜索橙色小球 (已撞击 0/4)
[00:47|第二赛段-荒野寻珠] 阶段0: 搜索橙色小球 (已撞击 0/4)
[00:47|第二赛段-荒野寻珠] 阶段0: 搜索橙色小球 (已撞击 0/4)
[00:47|第二赛段-荒野寻珠] 阶段0: 搜索橙色小球 (已撞击 0/4)
[00:47|第二赛段-荒野寻珠] 阶段0: 搜索橙色小球 (已撞击 0/4)
[00:47|第二赛段-荒野寻珠] 阶段0: 搜索橙色小球 (已撞击 0/4)
[00:47|第二赛段-荒野寻珠] 阶段0: 搜索橙色小球 (已撞击 0/4)
[00:47|第二赛段-荒野寻珠] 阶段0: 搜索橙色小球 (已撞击 0/4)
[00:47|第二赛段-荒野寻珠] 阶段0: 搜索橙色小球 (已撞击 0/4)
[00:47|第二赛段-荒野寻珠] 阶段0: 搜索橙色小球 (已撞击 0/4)
[00:47|第二赛段-荒野寻珠] 阶段0: 搜索橙色小球 (已撞击 0/4)
[00:47|第二赛段-荒野寻珠] 阶段0: 搜索橙色小球 (已撞击 0/4)
[00:47|第二赛段-荒野寻珠] 阶段0: 搜索橙色小球 (已撞击 0/4)
[00:47|第二赛段-荒野寻珠] 阶段0: 搜索橙色小球 (已撞击 0/4)
[00:47|第二赛段-荒野寻珠] 阶段0: 搜索橙色小球 (已撞击 0/4)
[00:47|第二赛段-荒野寻珠] 阶段0: 搜索橙色小球 (已撞击 0/4)
[00:47|第二赛段-荒野寻珠] 阶段0: 搜索橙色小球 (已撞击 0/4)
[00:47|第二赛段-荒野寻珠] 阶段0: 搜索橙色小球 (已撞击 0/4)
[00:47|第二赛段-荒野寻珠] 阶段0: 搜索橙色小球 (已撞击 0/4)
[00:47|第二赛段-荒野寻珠] 阶段0: 搜索橙色小球 (已撞击 0/4)
[00:47|第二赛段-荒野寻珠] 阶段0: 搜索橙色小球 (已撞击 0/4)
[00:47|第二赛段-荒野寻珠] 阶段0: 搜索橙色小球 (已撞击 0/4)
[00:47|第二赛段-荒野寻珠] 阶段0: 搜索橙色小球 (已撞击 0/4)
[00:47|第二赛段-荒野寻珠] 阶段0: 搜索橙色小球 (已撞击 0/4)
[00:47|第二赛段-荒野寻珠] 阶段0: 搜索橙色小球 (已撞击 0/4)
[00:47|第二赛段-荒野寻珠] 阶段0: 搜索橙色小球 (已撞击 0/4)
[00:47|第二赛段-荒野寻珠] 阶段0: 搜索橙色小球 (已撞击 0/4)
[00:47|第二赛段-荒野寻珠] 阶段0: 搜索橙色小球 (已撞击 0/4)
[00:48|第二赛段-荒野寻珠] 阶段0: 搜索橙色小球 (已撞击 0/4)
[00:48|第二赛段-荒野寻珠] 阶段0: 搜索橙色小球 (已撞击 0/4)
[00:48|第二赛段-荒野寻珠] 阶段0: 搜索橙色小球 (已撞击 0/4)
[00:48|第二赛段-荒野寻珠] 阶段0: 搜索橙色小球 (已撞击 0/4)
[00:48|第二赛段-荒野寻珠] 阶段0: 搜索橙色小球 (已撞击 0/4)
[00:48|第二赛段-荒野寻珠] 阶段0: 搜索橙色小球 (已撞击 0/4)
[00:48|第二赛段-荒野寻珠] 阶段0: 搜索橙色小球 (已撞击 0/4)
[00:48|第二赛段-荒野寻珠] 阶段0: 搜索橙色小球 (已撞击 0/4)
[00:48|第二赛段-荒野寻珠] 阶段0: 搜索橙色小球 (已撞击 0/4)
[00:48|第二赛段-荒野寻珠] 阶段0: 搜索橙色小球 (已撞击 0/4)
[00:48|第二赛段-荒野寻珠] 阶段0: 搜索橙色小球 (已撞击 0/4)
[00:48|第二赛段-荒野寻珠] 阶段0: 搜索橙色小球 (已撞击 0/4)
[00:48|第二赛段-荒野寻珠] 阶段0: 搜索橙色小球 (已撞击 0/4)
[00:48|第二赛段-荒野寻珠] 阶段0: 搜索橙色小球 (已撞击 0/4)
[00:48|第二赛段-荒野寻珠] 阶段0: 搜索橙色小球 (已撞击 0/4)
[00:48|第二赛段-荒野寻珠] 阶段0: 搜索橙色小球 (已撞击 0/4)
[00:48|第二赛段-荒野寻珠] 阶段0: 搜索橙色小球 (已撞击 0/4)
[00:48|第二赛段-荒野寻珠] 阶段0: 搜索橙色小球 (已撞击 0/4)
[00:48|第二赛段-荒野寻珠] 阶段0: 搜索橙色小球 (已撞击 0/4)
[00:48|第二赛段-荒野寻珠] 阶段0: 搜索橙色小球 (已撞击 0/4)
[00:48|第二赛段-荒野寻珠] 阶段0: 搜索橙色小球 (已撞击 0/4)
[00:48|第二赛段-荒野寻珠] 阶段0: 搜索橙色小球 (已撞击 0/4)
[00:48|第二赛段-荒野寻珠] 阶段0: 搜索橙色小球 (已撞击 0/4)
[00:48|第二赛段-荒野寻珠] 阶段0: 搜索橙色小球 (已撞击 0/4)
[00:48|第二赛段-荒野寻珠] 阶段0: 搜索橙色小球 (已撞击 0/4)
[00:48|第二赛段-荒野寻珠] 阶段0: 搜索橙色小球 (已撞击 0/4)
[00:48|第二赛段-荒野寻珠] 阶段0: 搜索橙色小球 (已撞击 0/4)
[00:48|第二赛段-荒野寻珠] 阶段0: 搜索橙色小球 (已撞击 0/4)
[00:48|第二赛段-荒野寻珠] 阶段0: 搜索橙色小球 (已撞击 0/4)
[00:48|第二赛段-荒野寻珠] 阶段0: 搜索橙色小球 (已撞击 0/4)
[00:48|第二赛段-荒野寻珠] 阶段0: 搜索橙色小球 (已撞击 0/4)
[00:49|第二赛段-荒野寻珠] 阶段0: 搜索橙色小球 (已撞击 0/4)
[00:49|第二赛段-荒野寻珠] 阶段0: 搜索橙色小球 (已撞击 0/4)
[00:49|第二赛段-荒野寻珠] 阶段0: 搜索橙色小球 (已撞击 0/4)
[00:49|第二赛段-荒野寻珠] 阶段0: 搜索橙色小球 (已撞击 0/4)
[00:49|第二赛段-荒野寻珠] 阶段0: 搜索橙色小球 (已撞击 0/4)
[00:49|第二赛段-荒野寻珠] 阶段0: 搜索橙色小球 (已撞击 0/4)
[00:49|第二赛段-荒野寻珠] 阶段0: 搜索橙色小球 (已撞击 0/4)
[00:49|第二赛段-荒野寻珠] 阶段0: 搜索橙色小球 (已撞击 0/4)
[00:49|第二赛段-荒野寻珠] 阶段0: 搜索橙色小球 (已撞击 0/4)
[00:49|第二赛段-荒野寻珠] 阶段0: 搜索橙色小球 (已撞击 0/4)
[00:49|第二赛段-荒野寻珠] 阶段0: 搜索橙色小球 (已撞击 0/4)
[00:49|第二赛段-荒野寻珠] 阶段0: 搜索橙色小球 (已撞击 0/4)
[00:49|第二赛段-荒野寻珠] 阶段0: 搜索橙色小球 (已撞击 0/4)
[00:49|第二赛段-荒野寻珠] 阶段0: 搜索橙色小球 (已撞击 0/4)
[00:49|第二赛段-荒野寻珠] 阶段0: 搜索橙色小球 (已撞击 0/4)
[00:49|第二赛段-荒野寻珠] 阶段0: 搜索橙色小球 (已撞击 0/4)
[00:49|第二赛段-荒野寻珠] 阶段0: 搜索橙色小球 (已撞击 0/4)
[00:49|第二赛段-荒野寻珠] 阶段0: 搜索橙色小球 (已撞击 0/4)
[00:49|第二赛段-荒野寻珠] 阶段0: 搜索橙色小球 (已撞击 0/4)
[00:49|第二赛段-荒野寻珠] 阶段0: 搜索橙色小球 (已撞击 0/4)
[00:49|第二赛段-荒野寻珠] 阶段0: 搜索橙色小球 (已撞击 0/4)
[00:49|第二赛段-荒野寻珠] 阶段0: 搜索橙色小球 (已撞击 0/4)
[00:49|第二赛段-荒野寻珠] 阶段0: 搜索橙色小球 (已撞击 0/4)
[00:49|第二赛段-荒野寻珠] 阶段0: 搜索橙色小球 (已撞击 0/4)
[00:49|第二赛段-荒野寻珠] 阶段0: 搜索橙色小球 (已撞击 0/4)
[00:49|第二赛段-荒野寻珠] 阶段0: 搜索橙色小球 (已撞击 0/4)
[00:49|第二赛段-荒野寻珠] 阶段0: 搜索橙色小球 (已撞击 0/4)
[00:49|第二赛段-荒野寻珠] 阶段0: 搜索橙色小球 (已撞击 0/4)
[00:49|第二赛段-荒野寻珠] 阶段0: 搜索橙色小球 (已撞击 0/4)
[00:49|第二赛段-荒野寻珠] 阶段0: 搜索橙色小球 (已撞击 0/4)
[00:49|第二赛段-荒野寻珠] 阶段0: 搜索橙色小球 (已撞击 0/4)
[00:49|第二赛段-荒野寻珠] 阶段0: 搜索橙色小球 (已撞击 0/4)
[00:49|第二赛段-荒野寻珠] 阶段0: 搜索橙色小球 (已撞击 0/4)
[00:50|第二赛段-荒野寻珠] 阶段0: 搜索橙色小球 (已撞击 0/4)
[00:50|第二赛段-荒野寻珠] 阶段0: 搜索橙色小球 (已撞击 0/4)
[00:50|第二赛段-荒野寻珠] 阶段0: 搜索橙色小球 (已撞击 0/4)
[00:50|第二赛段-荒野寻珠] 阶段0: 搜索橙色小球 (已撞击 0/4)
[00:50|第二赛段-荒野寻珠] 阶段0: 搜索橙色小球 (已撞击 0/4)
[00:50|第二赛段-荒野寻珠] 阶段0: 搜索橙色小球 (已撞击 0/4)
[00:50|第二赛段-荒野寻珠] 阶段0: 搜索橙色小球 (已撞击 0/4)
[00:50|第二赛段-荒野寻珠] 阶段0: 搜索橙色小球 (已撞击 0/4)
[00:50|第二赛段-荒野寻珠] 阶段0: 搜索橙色小球 (已撞击 0/4)
[00:50|第二赛段-荒野寻珠] 阶段0: 搜索橙色小球 (已撞击 0/4)
[00:50|第二赛段-荒野寻珠] 阶段0: 搜索橙色小球 (已撞击 0/4)
[00:50|第二赛段-荒野寻珠] 阶段0: 搜索橙色小球 (已撞击 0/4)
[00:50|第二赛段-荒野寻珠] 阶段0: 搜索橙色小球 (已撞击 0/4)
[00:50|第二赛段-荒野寻珠] 阶段0: 搜索橙色小球 (已撞击 0/4)
[00:50|第二赛段-荒野寻珠] 阶段0: 搜索橙色小球 (已撞击 0/4)
[00:50|第二赛段-荒野寻珠] 阶段0: 搜索橙色小球 (已撞击 0/4)
[00:50|第二赛段-荒野寻珠] 阶段0: 搜索橙色小球 (已撞击 0/4)
[00:50|第二赛段-荒野寻珠] 阶段0: 搜索橙色小球 (已撞击 0/4)
[00:50|第二赛段-荒野寻珠] 阶段0: 搜索橙色小球 (已撞击 0/4)
[00:50|第二赛段-荒野寻珠] 阶段0: 搜索橙色小球 (已撞击 0/4)
[00:50|第二赛段-荒野寻珠] 阶段0: 搜索橙色小球 (已撞击 0/4)
[00:50|第二赛段-荒野寻珠] 阶段0: 搜索橙色小球 (已撞击 0/4)
[00:50|第二赛段-荒野寻珠] 阶段0: 搜索橙色小球 (已撞击 0/4)
[00:50|第二赛段-荒野寻珠] 阶段0: 搜索橙色小球 (已撞击 0/4)
[00:50|第二赛段-荒野寻珠] 阶段0: 搜索橙色小球 (已撞击 0/4)
[00:50|第二赛段-荒野寻珠] 阶段0: 搜索橙色小球 (已撞击 0/4)
[00:50|第二赛段-荒野寻珠] 阶段0: 搜索橙色小球 (已撞击 0/4)
[00:50|第二赛段-荒野寻珠] 阶段0: 搜索橙色小球 (已撞击 0/4)
[00:50|第二赛段-荒野寻珠] 阶段0: 搜索橙色小球 (已撞击 0/4)
[1;33m[13:37:19] WARN[0m 清理残留进程和共享内存...
[0;32m[13:37:21][0m 清理完成
