[1;33m[04:19:52] WARN[0m 清理残留进程和共享内存...
[0;32m[04:19:54][0m 清理完成
[0;32m[04:19:54][0m =============================================
[0;32m[04:19:54][0m   CyberDog 全自动竞赛 - 环境检查
[0;32m[04:19:54][0m =============================================
[0;32m[04:19:54][0m 运行环境: Docker 容器内
[0;32m[04:19:54][0m ROS2 Galactic: ✓
[0;32m[04:19:54][0m cyberdog_control: ✓
[0;32m[04:19:54][0m SuperLIO: ✓
[0;32m[04:19:54][0m Python LCM: ✓
[0;32m[04:19:54][0m Python numpy: ✓
[0;32m[04:19:55][0m Python OpenCV: ✓
[0;32m[04:19:55][0m keybroad_commander: ✓
[1;33m[04:19:55] WARN[0m 建议: export LIBGL_ALWAYS_SOFTWARE=1
[0;32m[04:19:55][0m legged_plugin: ✓
[0;32m[04:19:55][0m foot_contact_plugin: ✓
[0;32m[04:19:55][0m 环境检查完成
[0;32m[04:19:55][0m =============================================
[0;32m[04:19:55][0m   启动 Gazebo 仿真环境 (先于cyberdog_control)
[0;32m[04:19:55][0m =============================================
[0;32m[04:19:55][0m 启动 Gazebo (race 地图 + 激光雷达 + 相机)...
[0;32m[04:19:55][0m Gazebo PID: 12212
[0;32m[04:19:55][0m 等待 Gazebo 初始化...
[0;32m[04:19:58][0m Gazebo 就绪! (等待了 2 秒)
[0;32m[04:19:58][0m 等待激光雷达数据...
[0;32m[04:19:59][0m 激光雷达数据就绪!
[0;32m[04:19:59][0m 等待相机数据...
[0;32m[04:20:01][0m 相机数据就绪!
[0;32m[04:20:01][0m Gazebo 启动完成 ✓
[0;32m[04:20:01][0m =============================================
[0;32m[04:20:01][0m   启动 cyberdog_control (Gazebo之后)
[0;32m[04:20:01][0m =============================================
[0;32m[04:20:01][0m cyberdog_control PID: 12435
[0;32m[04:20:01][0m 等待 cyberdog_control 连接共享内存...
[0;32m[04:20:02][0m 共享内存已就绪!
[0;32m[04:20:05][0m cyberdog_control 与 Gazebo 连接正常 ✓
[0;32m[04:20:05][0m =============================================
[0;32m[04:20:05][0m   启动 SuperLIO SLAM
[0;32m[04:20:05][0m =============================================
[0;32m[04:20:05][0m 启动 SuperLIO (Hesai 配置)...
[0;32m[04:20:05][0m SuperLIO PID: 12493
[0;32m[04:20:05][0m 等待 SuperLIO 初始化...
[1;33m[04:20:50] WARN[0m SuperLIO /lio/odom 未出现, 继续启动竞赛...
[0;32m[04:20:50][0m 等待系统稳定 (10秒)...
[0;32m[04:21:00][0m =============================================
[0;32m[04:21:00][0m   启动前诊断
[0;32m[04:21:00][0m =============================================
[0;32m[04:21:00][0m cyberdog_control 运行中: ✓
[0;32m[04:21:00][0m 共享内存: ✓
[0;32m[04:21:00][0m ROS2话题列表:
[0;32m[04:21:00][0m =============================================
[0;32m[04:21:00][0m   启动竞赛控制器 (全自动 6 赛段)
[0;32m[04:21:00][0m =============================================
[0;32m[04:21:01][0m 竞赛控制器启动中...
[0;32m[04:21:01][0m 日志文件: /home/cyberdog_sim/logs/race_20260514_041952.log
[00:00|初始化] ============================================================
[00:00|初始化] CyberDog 全自动竞赛控制器 启动
[00:00|初始化] ============================================================
[00:00|初始化] 初始化: 发送PureDamper让机器狗趴下
[00:02|初始化] 趴下完成
[00:02|初始化] 初始化: 恢复站立 (RecoveryStand)
[00:04|初始化] 站立完成，进入比赛
[00:04|初始化] ──► 进入第一赛段-石径探路
[01:34|第一赛段-石径探路] 赛段1超时，跳过
[01:34|第一赛段-石径探路] ──► 进入第二赛段-荒野寻珠
[01:34|第二赛段-荒野寻珠] 阶段0: 搜索橙色小球 (已撞击 0/4)
[01:34|第二赛段-荒野寻珠] 阶段0: 搜索橙色小球 (已撞击 0/4)
[01:34|第二赛段-荒野寻珠] 阶段0: 搜索橙色小球 (已撞击 0/4)
[01:34|第二赛段-荒野寻珠] 阶段0: 搜索橙色小球 (已撞击 0/4)
[01:35|第二赛段-荒野寻珠] 阶段0: 搜索橙色小球 (已撞击 0/4)
[01:35|第二赛段-荒野寻珠] 阶段0: 搜索橙色小球 (已撞击 0/4)
[01:35|第二赛段-荒野寻珠] 阶段0: 搜索橙色小球 (已撞击 0/4)
[01:35|第二赛段-荒野寻珠] 阶段0: 搜索橙色小球 (已撞击 0/4)
[01:35|第二赛段-荒野寻珠] 阶段0: 搜索橙色小球 (已撞击 0/4)
[01:35|第二赛段-荒野寻珠] 阶段0: 搜索橙色小球 (已撞击 0/4)
[01:35|第二赛段-荒野寻珠] 阶段0: 搜索橙色小球 (已撞击 0/4)
[01:35|第二赛段-荒野寻珠] 阶段0: 搜索橙色小球 (已撞击 0/4)
[01:35|第二赛段-荒野寻珠] 阶段0: 搜索橙色小球 (已撞击 0/4)
[01:35|第二赛段-荒野寻珠] 阶段0: 搜索橙色小球 (已撞击 0/4)
[01:35|第二赛段-荒野寻珠] 阶段0: 搜索橙色小球 (已撞击 0/4)
[01:35|第二赛段-荒野寻珠] 阶段0: 搜索橙色小球 (已撞击 0/4)
[01:35|第二赛段-荒野寻珠] 阶段0: 搜索橙色小球 (已撞击 0/4)
[01:35|第二赛段-荒野寻珠] 阶段0: 搜索橙色小球 (已撞击 0/4)
[01:35|第二赛段-荒野寻珠] 阶段0: 搜索橙色小球 (已撞击 0/4)
[01:35|第二赛段-荒野寻珠] 阶段0: 搜索橙色小球 (已撞击 0/4)
[01:35|第二赛段-荒野寻珠] 阶段0: 搜索橙色小球 (已撞击 0/4)
[01:35|第二赛段-荒野寻珠] 阶段0: 搜索橙色小球 (已撞击 0/4)
[01:35|第二赛段-荒野寻珠] 阶段0: 搜索橙色小球 (已撞击 0/4)
[01:35|第二赛段-荒野寻珠] 阶段0: 搜索橙色小球 (已撞击 0/4)
[01:35|第二赛段-荒野寻珠] 阶段0: 搜索橙色小球 (已撞击 0/4)
[01:35|第二赛段-荒野寻珠] 阶段0: 搜索橙色小球 (已撞击 0/4)
[01:35|第二赛段-荒野寻珠] 阶段0: 搜索橙色小球 (已撞击 0/4)
[01:35|第二赛段-荒野寻珠] 阶段0: 搜索橙色小球 (已撞击 0/4)
[01:35|第二赛段-荒野寻珠] 阶段0: 搜索橙色小球 (已撞击 0/4)
[01:35|第二赛段-荒野寻珠] 阶段0: 搜索橙色小球 (已撞击 0/4)
[01:36|第二赛段-荒野寻珠] 阶段0: 搜索橙色小球 (已撞击 0/4)
[01:36|第二赛段-荒野寻珠] 阶段0: 搜索橙色小球 (已撞击 0/4)
[01:36|第二赛段-荒野寻珠] 阶段0: 搜索橙色小球 (已撞击 0/4)
[01:36|第二赛段-荒野寻珠] 阶段0: 搜索橙色小球 (已撞击 0/4)
[01:36|第二赛段-荒野寻珠] 阶段0: 搜索橙色小球 (已撞击 0/4)
[01:36|第二赛段-荒野寻珠] 阶段0: 搜索橙色小球 (已撞击 0/4)
[01:36|第二赛段-荒野寻珠] 阶段0: 搜索橙色小球 (已撞击 0/4)
[01:36|第二赛段-荒野寻珠] 阶段0: 搜索橙色小球 (已撞击 0/4)
[01:36|第二赛段-荒野寻珠] 阶段0: 搜索橙色小球 (已撞击 0/4)
[01:36|第二赛段-荒野寻珠] 阶段0: 搜索橙色小球 (已撞击 0/4)
[01:36|第二赛段-荒野寻珠] 阶段0: 搜索橙色小球 (已撞击 0/4)
[01:36|第二赛段-荒野寻珠] 阶段0: 搜索橙色小球 (已撞击 0/4)
[01:36|第二赛段-荒野寻珠] 阶段0: 搜索橙色小球 (已撞击 0/4)
[01:36|第二赛段-荒野寻珠] 阶段0: 搜索橙色小球 (已撞击 0/4)
[01:36|第二赛段-荒野寻珠] 阶段0: 搜索橙色小球 (已撞击 0/4)
[01:36|第二赛段-荒野寻珠] 阶段0: 搜索橙色小球 (已撞击 0/4)
[01:36|第二赛段-荒野寻珠] 阶段0: 搜索橙色小球 (已撞击 0/4)
[01:36|第二赛段-荒野寻珠] 阶段0: 搜索橙色小球 (已撞击 0/4)
[01:36|第二赛段-荒野寻珠] 阶段0: 搜索橙色小球 (已撞击 0/4)
[01:36|第二赛段-荒野寻珠] 阶段0: 搜索橙色小球 (已撞击 0/4)
[01:36|第二赛段-荒野寻珠] 阶段0: 搜索橙色小球 (已撞击 0/4)
[01:36|第二赛段-荒野寻珠] 阶段0: 搜索橙色小球 (已撞击 0/4)
[01:36|第二赛段-荒野寻珠] 阶段0: 搜索橙色小球 (已撞击 0/4)
[01:36|第二赛段-荒野寻珠] 阶段0: 搜索橙色小球 (已撞击 0/4)
[01:36|第二赛段-荒野寻珠] 阶段0: 搜索橙色小球 (已撞击 0/4)
[01:36|第二赛段-荒野寻珠] 阶段0: 搜索橙色小球 (已撞击 0/4)
[01:36|第二赛段-荒野寻珠] 阶段0: 搜索橙色小球 (已撞击 0/4)
[01:36|第二赛段-荒野寻珠] 阶段0: 搜索橙色小球 (已撞击 0/4)
[01:37|第二赛段-荒野寻珠] 阶段0: 搜索橙色小球 (已撞击 0/4)
[01:37|第二赛段-荒野寻珠] 阶段0: 搜索橙色小球 (已撞击 0/4)
[01:37|第二赛段-荒野寻珠] 阶段0: 搜索橙色小球 (已撞击 0/4)
[01:37|第二赛段-荒野寻珠] 阶段0: 搜索橙色小球 (已撞击 0/4)
[01:37|第二赛段-荒野寻珠] 阶段0: 搜索橙色小球 (已撞击 0/4)
[01:37|第二赛段-荒野寻珠] 阶段0: 搜索橙色小球 (已撞击 0/4)
[01:37|第二赛段-荒野寻珠] 阶段0: 搜索橙色小球 (已撞击 0/4)
[01:37|第二赛段-荒野寻珠] 阶段0: 搜索橙色小球 (已撞击 0/4)
[01:37|第二赛段-荒野寻珠] 阶段0: 搜索橙色小球 (已撞击 0/4)
[01:37|第二赛段-荒野寻珠] 阶段0: 搜索橙色小球 (已撞击 0/4)
[01:37|第二赛段-荒野寻珠] 阶段0: 搜索橙色小球 (已撞击 0/4)
[01:37|第二赛段-荒野寻珠] 阶段0: 搜索橙色小球 (已撞击 0/4)
[01:37|第二赛段-荒野寻珠] 阶段0: 搜索橙色小球 (已撞击 0/4)
[01:37|第二赛段-荒野寻珠] 阶段0: 搜索橙色小球 (已撞击 0/4)
[01:37|第二赛段-荒野寻珠] 阶段0: 搜索橙色小球 (已撞击 0/4)
[01:37|第二赛段-荒野寻珠] 阶段0: 搜索橙色小球 (已撞击 0/4)
[01:37|第二赛段-荒野寻珠] 阶段0: 搜索橙色小球 (已撞击 0/4)
[01:37|第二赛段-荒野寻珠] 阶段0: 搜索橙色小球 (已撞击 0/4)
[01:37|第二赛段-荒野寻珠] 阶段0: 搜索橙色小球 (已撞击 0/4)
[01:37|第二赛段-荒野寻珠] 阶段0: 搜索橙色小球 (已撞击 0/4)
[01:37|第二赛段-荒野寻珠] 阶段0: 搜索橙色小球 (已撞击 0/4)
[01:37|第二赛段-荒野寻珠] 阶段0: 搜索橙色小球 (已撞击 0/4)
[01:37|第二赛段-荒野寻珠] 阶段0: 搜索橙色小球 (已撞击 0/4)
[01:37|第二赛段-荒野寻珠] 阶段0: 搜索橙色小球 (已撞击 0/4)
[01:37|第二赛段-荒野寻珠] 阶段0: 搜索橙色小球 (已撞击 0/4)
[01:38|第二赛段-荒野寻珠] 阶段0: 搜索橙色小球 (已撞击 0/4)
[01:38|第二赛段-荒野寻珠] 阶段0: 搜索橙色小球 (已撞击 0/4)
[01:38|第二赛段-荒野寻珠] 阶段0: 搜索橙色小球 (已撞击 0/4)
[01:38|第二赛段-荒野寻珠] 阶段0: 搜索橙色小球 (已撞击 0/4)
[01:38|第二赛段-荒野寻珠] 阶段0: 搜索橙色小球 (已撞击 0/4)
[01:38|第二赛段-荒野寻珠] 阶段0: 搜索橙色小球 (已撞击 0/4)
[01:38|第二赛段-荒野寻珠] 阶段0: 搜索橙色小球 (已撞击 0/4)
[01:38|第二赛段-荒野寻珠] 阶段0: 搜索橙色小球 (已撞击 0/4)
[01:38|第二赛段-荒野寻珠] 阶段0: 搜索橙色小球 (已撞击 0/4)
[01:38|第二赛段-荒野寻珠] 阶段0: 搜索橙色小球 (已撞击 0/4)
[01:38|第二赛段-荒野寻珠] 阶段0: 搜索橙色小球 (已撞击 0/4)
[01:38|第二赛段-荒野寻珠] 阶段0: 搜索橙色小球 (已撞击 0/4)
[01:38|第二赛段-荒野寻珠] 阶段0: 搜索橙色小球 (已撞击 0/4)
[01:38|第二赛段-荒野寻珠] 阶段0: 搜索橙色小球 (已撞击 0/4)
[01:38|第二赛段-荒野寻珠] 阶段0: 搜索橙色小球 (已撞击 0/4)
[01:38|第二赛段-荒野寻珠] 阶段0: 搜索橙色小球 (已撞击 0/4)
[01:38|第二赛段-荒野寻珠] 阶段0: 搜索橙色小球 (已撞击 0/4)
[01:38|第二赛段-荒野寻珠] 阶段0: 搜索橙色小球 (已撞击 0/4)
[01:38|第二赛段-荒野寻珠] 阶段0: 搜索橙色小球 (已撞击 0/4)
[01:38|第二赛段-荒野寻珠] 阶段0: 搜索橙色小球 (已撞击 0/4)
[01:38|第二赛段-荒野寻珠] 阶段0: 搜索橙色小球 (已撞击 0/4)
[01:38|第二赛段-荒野寻珠] 阶段0: 搜索橙色小球 (已撞击 0/4)
[01:38|第二赛段-荒野寻珠] 阶段0: 搜索橙色小球 (已撞击 0/4)
[01:38|第二赛段-荒野寻珠] 阶段0: 搜索橙色小球 (已撞击 0/4)
[01:38|第二赛段-荒野寻珠] 阶段0: 搜索橙色小球 (已撞击 0/4)
[01:38|第二赛段-荒野寻珠] 阶段0: 搜索橙色小球 (已撞击 0/4)
[01:38|第二赛段-荒野寻珠] 阶段0: 搜索橙色小球 (已撞击 0/4)
[01:39|第二赛段-荒野寻珠] 阶段0: 搜索橙色小球 (已撞击 0/4)
[01:39|第二赛段-荒野寻珠] 阶段0: 搜索橙色小球 (已撞击 0/4)
[01:39|第二赛段-荒野寻珠] 阶段0: 搜索橙色小球 (已撞击 0/4)
[01:39|第二赛段-荒野寻珠] 阶段0: 搜索橙色小球 (已撞击 0/4)
[01:39|第二赛段-荒野寻珠] 阶段0: 搜索橙色小球 (已撞击 0/4)
[01:39|第二赛段-荒野寻珠] 阶段0: 搜索橙色小球 (已撞击 0/4)
[01:39|第二赛段-荒野寻珠] 阶段0: 搜索橙色小球 (已撞击 0/4)
[01:39|第二赛段-荒野寻珠] 阶段0: 搜索橙色小球 (已撞击 0/4)
[01:39|第二赛段-荒野寻珠] 阶段0: 搜索橙色小球 (已撞击 0/4)
[01:39|第二赛段-荒野寻珠] 阶段0: 搜索橙色小球 (已撞击 0/4)
[01:39|第二赛段-荒野寻珠] 阶段0: 搜索橙色小球 (已撞击 0/4)
[01:39|第二赛段-荒野寻珠] 阶段0: 搜索橙色小球 (已撞击 0/4)
[01:39|第二赛段-荒野寻珠] 阶段0: 搜索橙色小球 (已撞击 0/4)
[01:39|第二赛段-荒野寻珠] 阶段0: 搜索橙色小球 (已撞击 0/4)
[01:39|第二赛段-荒野寻珠] 阶段0: 搜索橙色小球 (已撞击 0/4)
[01:39|第二赛段-荒野寻珠] 阶段0: 搜索橙色小球 (已撞击 0/4)
[01:39|第二赛段-荒野寻珠] 阶段0: 搜索橙色小球 (已撞击 0/4)
[01:39|第二赛段-荒野寻珠] 阶段0: 搜索橙色小球 (已撞击 0/4)
[01:39|第二赛段-荒野寻珠] 阶段0: 搜索橙色小球 (已撞击 0/4)
[01:39|第二赛段-荒野寻珠] 阶段0: 搜索橙色小球 (已撞击 0/4)
[01:39|第二赛段-荒野寻珠] 阶段0: 搜索橙色小球 (已撞击 0/4)
[01:39|第二赛段-荒野寻珠] 阶段0: 搜索橙色小球 (已撞击 0/4)
[01:39|第二赛段-荒野寻珠] 阶段0: 搜索橙色小球 (已撞击 0/4)
[01:39|第二赛段-荒野寻珠] 阶段0: 搜索橙色小球 (已撞击 0/4)
[01:39|第二赛段-荒野寻珠] 阶段0: 搜索橙色小球 (已撞击 0/4)
[01:40|第二赛段-荒野寻珠] 阶段0: 搜索橙色小球 (已撞击 0/4)
[01:40|第二赛段-荒野寻珠] 阶段0: 搜索橙色小球 (已撞击 0/4)
[01:40|第二赛段-荒野寻珠] 阶段0: 搜索橙色小球 (已撞击 0/4)
[01:40|第二赛段-荒野寻珠] 阶段0: 搜索橙色小球 (已撞击 0/4)
[01:40|第二赛段-荒野寻珠] 阶段0: 搜索橙色小球 (已撞击 0/4)
[01:40|第二赛段-荒野寻珠] 阶段0: 搜索橙色小球 (已撞击 0/4)
[01:40|第二赛段-荒野寻珠] 阶段0: 搜索橙色小球 (已撞击 0/4)
[01:40|第二赛段-荒野寻珠] 阶段0: 搜索橙色小球 (已撞击 0/4)
[01:40|第二赛段-荒野寻珠] 阶段0: 搜索橙色小球 (已撞击 0/4)
[01:40|第二赛段-荒野寻珠] 阶段0: 搜索橙色小球 (已撞击 0/4)
[01:40|第二赛段-荒野寻珠] 阶段0: 搜索橙色小球 (已撞击 0/4)
[01:40|第二赛段-荒野寻珠] 阶段0: 搜索橙色小球 (已撞击 0/4)
[01:40|第二赛段-荒野寻珠] 阶段0: 搜索橙色小球 (已撞击 0/4)
[01:40|第二赛段-荒野寻珠] 阶段0: 搜索橙色小球 (已撞击 0/4)
[01:40|第二赛段-荒野寻珠] 阶段0: 搜索橙色小球 (已撞击 0/4)
[01:40|第二赛段-荒野寻珠] 阶段0: 搜索橙色小球 (已撞击 0/4)
[01:40|第二赛段-荒野寻珠] 阶段0: 搜索橙色小球 (已撞击 0/4)
[01:40|第二赛段-荒野寻珠] 阶段0: 搜索橙色小球 (已撞击 0/4)
[01:40|第二赛段-荒野寻珠] 阶段0: 搜索橙色小球 (已撞击 0/4)
[01:40|第二赛段-荒野寻珠] 阶段0: 搜索橙色小球 (已撞击 0/4)
[01:40|第二赛段-荒野寻珠] 阶段0: 搜索橙色小球 (已撞击 0/4)
[01:40|第二赛段-荒野寻珠] 阶段0: 搜索橙色小球 (已撞击 0/4)
[01:40|第二赛段-荒野寻珠] 阶段0: 搜索橙色小球 (已撞击 0/4)
[01:40|第二赛段-荒野寻珠] 阶段0: 搜索橙色小球 (已撞击 0/4)
[01:40|第二赛段-荒野寻珠] 阶段0: 搜索橙色小球 (已撞击 0/4)
[01:40|第二赛段-荒野寻珠] 阶段0: 搜索橙色小球 (已撞击 0/4)
[01:41|第二赛段-荒野寻珠] 阶段0: 搜索橙色小球 (已撞击 0/4)
[01:41|第二赛段-荒野寻珠] 阶段0: 搜索橙色小球 (已撞击 0/4)
[01:41|第二赛段-荒野寻珠] 阶段0: 搜索橙色小球 (已撞击 0/4)
[01:41|第二赛段-荒野寻珠] 阶段0: 搜索橙色小球 (已撞击 0/4)
[01:41|第二赛段-荒野寻珠] 阶段0: 搜索橙色小球 (已撞击 0/4)
[01:41|第二赛段-荒野寻珠] 阶段0: 搜索橙色小球 (已撞击 0/4)
[01:41|第二赛段-荒野寻珠] 阶段0: 搜索橙色小球 (已撞击 0/4)
[01:41|第二赛段-荒野寻珠] 阶段0: 搜索橙色小球 (已撞击 0/4)
[01:41|第二赛段-荒野寻珠] 阶段0: 搜索橙色小球 (已撞击 0/4)
[01:41|第二赛段-荒野寻珠] 阶段0: 搜索橙色小球 (已撞击 0/4)
[01:41|第二赛段-荒野寻珠] 阶段0: 搜索橙色小球 (已撞击 0/4)
[01:41|第二赛段-荒野寻珠] 阶段0: 搜索橙色小球 (已撞击 0/4)
[01:41|第二赛段-荒野寻珠] 阶段0: 搜索橙色小球 (已撞击 0/4)
[01:41|第二赛段-荒野寻珠] 阶段0: 搜索橙色小球 (已撞击 0/4)
[01:41|第二赛段-荒野寻珠] 阶段0: 搜索橙色小球 (已撞击 0/4)
[01:41|第二赛段-荒野寻珠] 阶段0: 搜索橙色小球 (已撞击 0/4)
[01:41|第二赛段-荒野寻珠] 阶段0: 搜索橙色小球 (已撞击 0/4)
[01:41|第二赛段-荒野寻珠] 阶段0: 搜索橙色小球 (已撞击 0/4)
[01:41|第二赛段-荒野寻珠] 阶段0: 搜索橙色小球 (已撞击 0/4)
[01:41|第二赛段-荒野寻珠] 阶段0: 搜索橙色小球 (已撞击 0/4)
[01:41|第二赛段-荒野寻珠] 阶段0: 搜索橙色小球 (已撞击 0/4)
[01:41|第二赛段-荒野寻珠] 阶段0: 搜索橙色小球 (已撞击 0/4)
[01:41|第二赛段-荒野寻珠] 阶段0: 搜索橙色小球 (已撞击 0/4)
[01:41|第二赛段-荒野寻珠] 阶段0: 搜索橙色小球 (已撞击 0/4)
[01:41|第二赛段-荒野寻珠] 阶段0: 搜索橙色小球 (已撞击 0/4)
[01:41|第二赛段-荒野寻珠] 阶段0: 搜索橙色小球 (已撞击 0/4)
[01:42|第二赛段-荒野寻珠] 阶段0: 搜索橙色小球 (已撞击 0/4)
[01:42|第二赛段-荒野寻珠] 阶段0: 搜索橙色小球 (已撞击 0/4)
[01:42|第二赛段-荒野寻珠] 阶段0: 搜索橙色小球 (已撞击 0/4)
[01:42|第二赛段-荒野寻珠] 阶段0: 搜索橙色小球 (已撞击 0/4)
[01:42|第二赛段-荒野寻珠] 阶段0: 搜索橙色小球 (已撞击 0/4)
[01:42|第二赛段-荒野寻珠] 阶段0: 搜索橙色小球 (已撞击 0/4)
[01:42|第二赛段-荒野寻珠] 阶段0: 搜索橙色小球 (已撞击 0/4)
[01:42|第二赛段-荒野寻珠] 阶段0: 搜索橙色小球 (已撞击 0/4)
[01:42|第二赛段-荒野寻珠] 阶段0: 搜索橙色小球 (已撞击 0/4)
[01:42|第二赛段-荒野寻珠] 阶段0: 搜索橙色小球 (已撞击 0/4)
[01:42|第二赛段-荒野寻珠] 阶段0: 搜索橙色小球 (已撞击 0/4)
[01:42|第二赛段-荒野寻珠] 阶段0: 搜索橙色小球 (已撞击 0/4)
[01:42|第二赛段-荒野寻珠] 阶段0: 搜索橙色小球 (已撞击 0/4)
[01:42|第二赛段-荒野寻珠] 阶段0: 搜索橙色小球 (已撞击 0/4)
[01:42|第二赛段-荒野寻珠] 阶段0: 搜索橙色小球 (已撞击 0/4)
[01:42|第二赛段-荒野寻珠] 阶段0: 搜索橙色小球 (已撞击 0/4)
[01:42|第二赛段-荒野寻珠] 阶段0: 搜索橙色小球 (已撞击 0/4)
[01:42|第二赛段-荒野寻珠] 阶段0: 搜索橙色小球 (已撞击 0/4)
[01:42|第二赛段-荒野寻珠] 阶段0: 搜索橙色小球 (已撞击 0/4)
[01:42|第二赛段-荒野寻珠] 阶段0: 搜索橙色小球 (已撞击 0/4)
[01:42|第二赛段-荒野寻珠] 阶段0: 搜索橙色小球 (已撞击 0/4)
[01:42|第二赛段-荒野寻珠] 阶段0: 搜索橙色小球 (已撞击 0/4)
[01:42|第二赛段-荒野寻珠] 阶段0: 搜索橙色小球 (已撞击 0/4)
[01:42|第二赛段-荒野寻珠] 阶段0: 搜索橙色小球 (已撞击 0/4)
[01:42|第二赛段-荒野寻珠] 阶段0: 搜索橙色小球 (已撞击 0/4)
[01:42|第二赛段-荒野寻珠] 阶段0: 搜索橙色小球 (已撞击 0/4)
[01:43|第二赛段-荒野寻珠] 阶段0: 搜索橙色小球 (已撞击 0/4)
[01:43|第二赛段-荒野寻珠] 阶段0: 搜索橙色小球 (已撞击 0/4)
[01:43|第二赛段-荒野寻珠] 阶段0: 搜索橙色小球 (已撞击 0/4)
[01:43|第二赛段-荒野寻珠] 阶段0: 搜索橙色小球 (已撞击 0/4)
[01:43|第二赛段-荒野寻珠] 阶段0: 搜索橙色小球 (已撞击 0/4)
[01:43|第二赛段-荒野寻珠] 阶段0: 搜索橙色小球 (已撞击 0/4)
[01:43|第二赛段-荒野寻珠] 阶段0: 搜索橙色小球 (已撞击 0/4)
[01:43|第二赛段-荒野寻珠] 阶段0: 搜索橙色小球 (已撞击 0/4)
[01:43|第二赛段-荒野寻珠] 阶段0: 搜索橙色小球 (已撞击 0/4)
[01:43|第二赛段-荒野寻珠] 阶段0: 搜索橙色小球 (已撞击 0/4)
[01:43|第二赛段-荒野寻珠] 阶段0: 搜索橙色小球 (已撞击 0/4)
[01:43|第二赛段-荒野寻珠] 阶段0: 搜索橙色小球 (已撞击 0/4)
[01:43|第二赛段-荒野寻珠] 阶段0: 搜索橙色小球 (已撞击 0/4)
[01:43|第二赛段-荒野寻珠] 阶段0: 搜索橙色小球 (已撞击 0/4)
[01:43|第二赛段-荒野寻珠] 阶段0: 搜索橙色小球 (已撞击 0/4)
[01:43|第二赛段-荒野寻珠] 阶段0: 搜索橙色小球 (已撞击 0/4)
[01:43|第二赛段-荒野寻珠] 阶段0: 搜索橙色小球 (已撞击 0/4)
[01:43|第二赛段-荒野寻珠] 阶段0: 搜索橙色小球 (已撞击 0/4)
[01:43|第二赛段-荒野寻珠] 阶段0: 搜索橙色小球 (已撞击 0/4)
[01:43|第二赛段-荒野寻珠] 阶段0: 搜索橙色小球 (已撞击 0/4)
[01:43|第二赛段-荒野寻珠] 阶段0: 搜索橙色小球 (已撞击 0/4)
[01:43|第二赛段-荒野寻珠] 阶段0: 搜索橙色小球 (已撞击 0/4)
[01:43|第二赛段-荒野寻珠] 阶段0: 搜索橙色小球 (已撞击 0/4)
[01:43|第二赛段-荒野寻珠] 阶段0: 搜索橙色小球 (已撞击 0/4)
[01:43|第二赛段-荒野寻珠] 阶段0: 搜索橙色小球 (已撞击 0/4)
[01:44|第二赛段-荒野寻珠] 阶段0: 搜索橙色小球 (已撞击 0/4)
[01:44|第二赛段-荒野寻珠] 阶段0: 搜索橙色小球 (已撞击 0/4)
[01:44|第二赛段-荒野寻珠] 阶段0: 搜索橙色小球 (已撞击 0/4)
[01:44|第二赛段-荒野寻珠] 阶段0: 搜索橙色小球 (已撞击 0/4)
[01:44|第二赛段-荒野寻珠] 阶段0: 搜索橙色小球 (已撞击 0/4)
[01:44|第二赛段-荒野寻珠] 阶段0: 搜索橙色小球 (已撞击 0/4)
[01:44|第二赛段-荒野寻珠] 阶段0: 搜索橙色小球 (已撞击 0/4)
[01:44|第二赛段-荒野寻珠] 阶段0: 搜索橙色小球 (已撞击 0/4)
[01:44|第二赛段-荒野寻珠] 阶段0: 搜索橙色小球 (已撞击 0/4)
[01:44|第二赛段-荒野寻珠] 阶段0: 搜索橙色小球 (已撞击 0/4)
[01:44|第二赛段-荒野寻珠] 阶段0: 搜索橙色小球 (已撞击 0/4)
[01:44|第二赛段-荒野寻珠] 阶段0: 搜索橙色小球 (已撞击 0/4)
[01:44|第二赛段-荒野寻珠] 阶段0: 搜索橙色小球 (已撞击 0/4)
[01:44|第二赛段-荒野寻珠] 阶段0: 搜索橙色小球 (已撞击 0/4)
[01:44|第二赛段-荒野寻珠] 阶段0: 搜索橙色小球 (已撞击 0/4)
[01:44|第二赛段-荒野寻珠] 阶段0: 搜索橙色小球 (已撞击 0/4)
[01:44|第二赛段-荒野寻珠] 阶段0: 搜索橙色小球 (已撞击 0/4)
[01:44|第二赛段-荒野寻珠] 阶段0: 搜索橙色小球 (已撞击 0/4)
[01:44|第二赛段-荒野寻珠] 阶段0: 搜索橙色小球 (已撞击 0/4)
[01:44|第二赛段-荒野寻珠] 阶段0: 搜索橙色小球 (已撞击 0/4)
[01:44|第二赛段-荒野寻珠] 阶段0: 搜索橙色小球 (已撞击 0/4)
[01:44|第二赛段-荒野寻珠] 阶段0: 搜索橙色小球 (已撞击 0/4)
[01:44|第二赛段-荒野寻珠] 阶段0: 搜索橙色小球 (已撞击 0/4)
[01:44|第二赛段-荒野寻珠] 阶段0: 搜索橙色小球 (已撞击 0/4)
[01:44|第二赛段-荒野寻珠] 阶段0: 搜索橙色小球 (已撞击 0/4)
[01:44|第二赛段-荒野寻珠] 阶段0: 搜索橙色小球 (已撞击 0/4)
[01:45|第二赛段-荒野寻珠] 阶段0: 搜索橙色小球 (已撞击 0/4)
[01:45|第二赛段-荒野寻珠] 阶段0: 搜索橙色小球 (已撞击 0/4)
[01:45|第二赛段-荒野寻珠] 阶段0: 搜索橙色小球 (已撞击 0/4)
[01:45|第二赛段-荒野寻珠] 阶段0: 搜索橙色小球 (已撞击 0/4)
[01:45|第二赛段-荒野寻珠] 阶段0: 搜索橙色小球 (已撞击 0/4)
[01:45|第二赛段-荒野寻珠] 阶段0: 搜索橙色小球 (已撞击 0/4)
[01:45|第二赛段-荒野寻珠] 阶段0: 搜索橙色小球 (已撞击 0/4)
[01:45|第二赛段-荒野寻珠] 阶段0: 搜索橙色小球 (已撞击 0/4)
[01:45|第二赛段-荒野寻珠] 阶段0: 搜索橙色小球 (已撞击 0/4)
[01:45|第二赛段-荒野寻珠] 阶段0: 搜索橙色小球 (已撞击 0/4)
[01:45|第二赛段-荒野寻珠] 阶段0: 搜索橙色小球 (已撞击 0/4)
[01:45|第二赛段-荒野寻珠] 阶段0: 搜索橙色小球 (已撞击 0/4)
[01:45|第二赛段-荒野寻珠] 阶段0: 搜索橙色小球 (已撞击 0/4)
[01:45|第二赛段-荒野寻珠] 阶段0: 搜索橙色小球 (已撞击 0/4)
[01:45|第二赛段-荒野寻珠] 阶段0: 搜索橙色小球 (已撞击 0/4)
[01:45|第二赛段-荒野寻珠] 阶段0: 搜索橙色小球 (已撞击 0/4)
[01:45|第二赛段-荒野寻珠] 阶段0: 搜索橙色小球 (已撞击 0/4)
[01:45|第二赛段-荒野寻珠] 阶段0: 搜索橙色小球 (已撞击 0/4)
[01:45|第二赛段-荒野寻珠] 阶段0: 搜索橙色小球 (已撞击 0/4)
[01:45|第二赛段-荒野寻珠] 阶段0: 搜索橙色小球 (已撞击 0/4)
[01:45|第二赛段-荒野寻珠] 阶段0: 搜索橙色小球 (已撞击 0/4)
[01:45|第二赛段-荒野寻珠] 阶段0: 搜索橙色小球 (已撞击 0/4)
[01:45|第二赛段-荒野寻珠] 阶段0: 搜索橙色小球 (已撞击 0/4)
[01:45|第二赛段-荒野寻珠] 阶段0: 搜索橙色小球 (已撞击 0/4)
[01:46|第二赛段-荒野寻珠] 阶段0: 搜索橙色小球 (已撞击 0/4)
[01:46|第二赛段-荒野寻珠] 阶段0: 搜索橙色小球 (已撞击 0/4)
[01:46|第二赛段-荒野寻珠] 阶段0: 搜索橙色小球 (已撞击 0/4)
[01:46|第二赛段-荒野寻珠] 阶段0: 搜索橙色小球 (已撞击 0/4)
[01:46|第二赛段-荒野寻珠] 阶段0: 搜索橙色小球 (已撞击 0/4)
[01:46|第二赛段-荒野寻珠] 阶段0: 搜索橙色小球 (已撞击 0/4)
[01:46|第二赛段-荒野寻珠] 阶段0: 搜索橙色小球 (已撞击 0/4)
[01:46|第二赛段-荒野寻珠] 阶段0: 搜索橙色小球 (已撞击 0/4)
[01:46|第二赛段-荒野寻珠] 阶段0: 搜索橙色小球 (已撞击 0/4)
[01:46|第二赛段-荒野寻珠] 阶段0: 搜索橙色小球 (已撞击 0/4)
[01:46|第二赛段-荒野寻珠] 阶段0: 搜索橙色小球 (已撞击 0/4)
[01:46|第二赛段-荒野寻珠] 阶段0: 搜索橙色小球 (已撞击 0/4)
[01:46|第二赛段-荒野寻珠] 阶段0: 搜索橙色小球 (已撞击 0/4)
[01:46|第二赛段-荒野寻珠] 阶段0: 搜索橙色小球 (已撞击 0/4)
[01:46|第二赛段-荒野寻珠] 阶段0: 搜索橙色小球 (已撞击 0/4)
[01:46|第二赛段-荒野寻珠] 阶段0: 搜索橙色小球 (已撞击 0/4)
[01:46|第二赛段-荒野寻珠] 阶段0: 搜索橙色小球 (已撞击 0/4)
[01:46|第二赛段-荒野寻珠] 阶段0: 搜索橙色小球 (已撞击 0/4)
[01:46|第二赛段-荒野寻珠] 阶段0: 搜索橙色小球 (已撞击 0/4)
[01:46|第二赛段-荒野寻珠] 阶段0: 搜索橙色小球 (已撞击 0/4)
[01:54|第二赛段-荒野寻珠] 阶段0: 搜索橙色小球 (已撞击 0/4)
[01:54|第二赛段-荒野寻珠] 阶段0: 搜索橙色小球 (已撞击 0/4)
[01:54|第二赛段-荒野寻珠] 阶段0: 搜索橙色小球 (已撞击 0/4)
[01:55|第二赛段-荒野寻珠] 阶段0: 搜索橙色小球 (已撞击 0/4)
[01:55|第二赛段-荒野寻珠] 阶段0: 搜索橙色小球 (已撞击 0/4)
[01:55|第二赛段-荒野寻珠] 阶段0: 搜索橙色小球 (已撞击 0/4)
[01:55|第二赛段-荒野寻珠] 阶段0: 搜索橙色小球 (已撞击 0/4)
[01:55|第二赛段-荒野寻珠] 阶段0: 搜索橙色小球 (已撞击 0/4)
[01:55|第二赛段-荒野寻珠] 阶段0: 搜索橙色小球 (已撞击 0/4)
[01:55|第二赛段-荒野寻珠] 阶段0: 搜索橙色小球 (已撞击 0/4)
[01:55|第二赛段-荒野寻珠] 阶段0: 搜索橙色小球 (已撞击 0/4)
[01:55|第二赛段-荒野寻珠] 阶段0: 搜索橙色小球 (已撞击 0/4)
[01:55|第二赛段-荒野寻珠] 阶段0: 搜索橙色小球 (已撞击 0/4)
[01:55|第二赛段-荒野寻珠] 阶段0: 搜索橙色小球 (已撞击 0/4)
[01:55|第二赛段-荒野寻珠] 阶段0: 搜索橙色小球 (已撞击 0/4)
[01:55|第二赛段-荒野寻珠] 阶段0: 搜索橙色小球 (已撞击 0/4)
[01:55|第二赛段-荒野寻珠] 阶段0: 搜索橙色小球 (已撞击 0/4)
[01:55|第二赛段-荒野寻珠] 阶段0: 搜索橙色小球 (已撞击 0/4)
[01:55|第二赛段-荒野寻珠] 阶段0: 搜索橙色小球 (已撞击 0/4)
[01:55|第二赛段-荒野寻珠] 阶段0: 搜索橙色小球 (已撞击 0/4)
[01:55|第二赛段-荒野寻珠] 阶段0: 搜索橙色小球 (已撞击 0/4)
[01:55|第二赛段-荒野寻珠] 阶段0: 搜索橙色小球 (已撞击 0/4)
[01:55|第二赛段-荒野寻珠] 阶段0: 搜索橙色小球 (已撞击 0/4)
[01:55|第二赛段-荒野寻珠] 阶段0: 搜索橙色小球 (已撞击 0/4)
[01:55|第二赛段-荒野寻珠] 阶段0: 搜索橙色小球 (已撞击 0/4)
[01:55|第二赛段-荒野寻珠] 阶段0: 搜索橙色小球 (已撞击 0/4)
[01:55|第二赛段-荒野寻珠] 阶段0: 搜索橙色小球 (已撞击 0/4)
[01:55|第二赛段-荒野寻珠] 阶段0: 搜索橙色小球 (已撞击 0/4)
[01:55|第二赛段-荒野寻珠] 阶段0: 搜索橙色小球 (已撞击 0/4)
[01:56|第二赛段-荒野寻珠] 阶段0: 搜索橙色小球 (已撞击 0/4)
[01:56|第二赛段-荒野寻珠] 阶段0: 搜索橙色小球 (已撞击 0/4)
[01:56|第二赛段-荒野寻珠] 阶段0: 搜索橙色小球 (已撞击 0/4)
[01:56|第二赛段-荒野寻珠] 阶段0: 搜索橙色小球 (已撞击 0/4)
[01:56|第二赛段-荒野寻珠] 阶段0: 搜索橙色小球 (已撞击 0/4)
[01:56|第二赛段-荒野寻珠] 阶段0: 搜索橙色小球 (已撞击 0/4)
[01:56|第二赛段-荒野寻珠] 阶段0: 搜索橙色小球 (已撞击 0/4)
[01:56|第二赛段-荒野寻珠] 阶段0: 搜索橙色小球 (已撞击 0/4)
[01:56|第二赛段-荒野寻珠] 阶段0: 搜索橙色小球 (已撞击 0/4)
[01:56|第二赛段-荒野寻珠] 阶段0: 搜索橙色小球 (已撞击 0/4)
[01:56|第二赛段-荒野寻珠] 阶段0: 搜索橙色小球 (已撞击 0/4)
[01:56|第二赛段-荒野寻珠] 阶段0: 搜索橙色小球 (已撞击 0/4)
[01:56|第二赛段-荒野寻珠] 阶段0: 搜索橙色小球 (已撞击 0/4)
[01:56|第二赛段-荒野寻珠] 阶段0: 搜索橙色小球 (已撞击 0/4)
[01:56|第二赛段-荒野寻珠] 阶段0: 搜索橙色小球 (已撞击 0/4)
[01:56|第二赛段-荒野寻珠] 阶段0: 搜索橙色小球 (已撞击 0/4)
[01:56|第二赛段-荒野寻珠] 阶段0: 搜索橙色小球 (已撞击 0/4)
[01:56|第二赛段-荒野寻珠] 阶段0: 搜索橙色小球 (已撞击 0/4)
[01:56|第二赛段-荒野寻珠] 阶段0: 搜索橙色小球 (已撞击 0/4)
[01:56|第二赛段-荒野寻珠] 阶段0: 搜索橙色小球 (已撞击 0/4)
[01:56|第二赛段-荒野寻珠] 阶段0: 搜索橙色小球 (已撞击 0/4)
[01:56|第二赛段-荒野寻珠] 阶段0: 搜索橙色小球 (已撞击 0/4)
[01:56|第二赛段-荒野寻珠] 阶段0: 搜索橙色小球 (已撞击 0/4)
[01:56|第二赛段-荒野寻珠] 阶段0: 搜索橙色小球 (已撞击 0/4)
[01:56|第二赛段-荒野寻珠] 阶段0: 搜索橙色小球 (已撞击 0/4)
[01:57|第二赛段-荒野寻珠] 阶段0: 搜索橙色小球 (已撞击 0/4)
[01:57|第二赛段-荒野寻珠] 阶段0: 搜索橙色小球 (已撞击 0/4)
[01:57|第二赛段-荒野寻珠] 阶段0: 搜索橙色小球 (已撞击 0/4)
[01:57|第二赛段-荒野寻珠] 阶段0: 搜索橙色小球 (已撞击 0/4)
[01:57|第二赛段-荒野寻珠] 阶段0: 搜索橙色小球 (已撞击 0/4)
[01:57|第二赛段-荒野寻珠] 阶段0: 搜索橙色小球 (已撞击 0/4)
[01:57|第二赛段-荒野寻珠] 阶段0: 搜索橙色小球 (已撞击 0/4)
[01:57|第二赛段-荒野寻珠] 阶段0: 搜索橙色小球 (已撞击 0/4)
[01:57|第二赛段-荒野寻珠] 阶段0: 搜索橙色小球 (已撞击 0/4)
[01:57|第二赛段-荒野寻珠] 阶段0: 搜索橙色小球 (已撞击 0/4)
[01:57|第二赛段-荒野寻珠] 阶段0: 搜索橙色小球 (已撞击 0/4)
[01:57|第二赛段-荒野寻珠] 阶段0: 搜索橙色小球 (已撞击 0/4)
[01:57|第二赛段-荒野寻珠] 阶段0: 搜索橙色小球 (已撞击 0/4)
[01:57|第二赛段-荒野寻珠] 阶段0: 搜索橙色小球 (已撞击 0/4)
[01:57|第二赛段-荒野寻珠] 阶段0: 搜索橙色小球 (已撞击 0/4)
[01:57|第二赛段-荒野寻珠] 阶段0: 搜索橙色小球 (已撞击 0/4)
[01:57|第二赛段-荒野寻珠] 阶段0: 搜索橙色小球 (已撞击 0/4)
[01:57|第二赛段-荒野寻珠] 阶段0: 搜索橙色小球 (已撞击 0/4)
[01:57|第二赛段-荒野寻珠] 阶段0: 搜索橙色小球 (已撞击 0/4)
[01:57|第二赛段-荒野寻珠] 阶段0: 搜索橙色小球 (已撞击 0/4)
[01:57|第二赛段-荒野寻珠] 阶段0: 搜索橙色小球 (已撞击 0/4)
[01:57|第二赛段-荒野寻珠] 阶段0: 搜索橙色小球 (已撞击 0/4)
[01:57|第二赛段-荒野寻珠] 阶段0: 搜索橙色小球 (已撞击 0/4)
[01:57|第二赛段-荒野寻珠] 阶段0: 搜索橙色小球 (已撞击 0/4)
[01:57|第二赛段-荒野寻珠] 阶段0: 搜索橙色小球 (已撞击 0/4)
[01:58|第二赛段-荒野寻珠] 阶段0: 搜索橙色小球 (已撞击 0/4)
[01:58|第二赛段-荒野寻珠] 阶段0: 搜索橙色小球 (已撞击 0/4)
[01:58|第二赛段-荒野寻珠] 阶段0: 搜索橙色小球 (已撞击 0/4)
[01:58|第二赛段-荒野寻珠] 阶段0: 搜索橙色小球 (已撞击 0/4)
[01:58|第二赛段-荒野寻珠] 阶段0: 搜索橙色小球 (已撞击 0/4)
[01:58|第二赛段-荒野寻珠] 阶段0: 搜索橙色小球 (已撞击 0/4)
[01:58|第二赛段-荒野寻珠] 阶段0: 搜索橙色小球 (已撞击 0/4)
[01:58|第二赛段-荒野寻珠] 阶段0: 搜索橙色小球 (已撞击 0/4)
[01:58|第二赛段-荒野寻珠] 阶段0: 搜索橙色小球 (已撞击 0/4)
[01:58|第二赛段-荒野寻珠] 阶段0: 搜索橙色小球 (已撞击 0/4)
[01:58|第二赛段-荒野寻珠] 阶段0: 搜索橙色小球 (已撞击 0/4)
[01:58|第二赛段-荒野寻珠] 阶段0: 搜索橙色小球 (已撞击 0/4)
[01:58|第二赛段-荒野寻珠] 阶段0: 搜索橙色小球 (已撞击 0/4)
[01:58|第二赛段-荒野寻珠] 阶段0: 搜索橙色小球 (已撞击 0/4)
[01:58|第二赛段-荒野寻珠] 阶段0: 搜索橙色小球 (已撞击 0/4)
[01:58|第二赛段-荒野寻珠] 阶段0: 搜索橙色小球 (已撞击 0/4)
[01:58|第二赛段-荒野寻珠] 阶段0: 搜索橙色小球 (已撞击 0/4)
[01:58|第二赛段-荒野寻珠] 阶段0: 搜索橙色小球 (已撞击 0/4)
[01:58|第二赛段-荒野寻珠] 阶段0: 搜索橙色小球 (已撞击 0/4)
[01:58|第二赛段-荒野寻珠] 阶段0: 搜索橙色小球 (已撞击 0/4)
[01:58|第二赛段-荒野寻珠] 阶段0: 搜索橙色小球 (已撞击 0/4)
[01:58|第二赛段-荒野寻珠] 阶段0: 搜索橙色小球 (已撞击 0/4)
[01:58|第二赛段-荒野寻珠] 阶段0: 搜索橙色小球 (已撞击 0/4)
[01:58|第二赛段-荒野寻珠] 阶段0: 搜索橙色小球 (已撞击 0/4)
[01:59|第二赛段-荒野寻珠] 阶段0: 搜索橙色小球 (已撞击 0/4)
[01:59|第二赛段-荒野寻珠] 阶段0: 搜索橙色小球 (已撞击 0/4)
[01:59|第二赛段-荒野寻珠] 阶段0: 搜索橙色小球 (已撞击 0/4)
[01:59|第二赛段-荒野寻珠] 阶段0: 搜索橙色小球 (已撞击 0/4)
[01:59|第二赛段-荒野寻珠] 阶段0: 搜索橙色小球 (已撞击 0/4)
[01:59|第二赛段-荒野寻珠] 阶段0: 搜索橙色小球 (已撞击 0/4)
[01:59|第二赛段-荒野寻珠] 阶段0: 搜索橙色小球 (已撞击 0/4)
[01:59|第二赛段-荒野寻珠] 阶段0: 搜索橙色小球 (已撞击 0/4)
[01:59|第二赛段-荒野寻珠] 阶段0: 搜索橙色小球 (已撞击 0/4)
[01:59|第二赛段-荒野寻珠] 阶段0: 搜索橙色小球 (已撞击 0/4)
[01:59|第二赛段-荒野寻珠] 阶段0: 搜索橙色小球 (已撞击 0/4)
[01:59|第二赛段-荒野寻珠] 阶段0: 搜索橙色小球 (已撞击 0/4)
[01:59|第二赛段-荒野寻珠] 阶段0: 搜索橙色小球 (已撞击 0/4)
[01:59|第二赛段-荒野寻珠] 阶段0: 搜索橙色小球 (已撞击 0/4)
[01:59|第二赛段-荒野寻珠] 阶段0: 搜索橙色小球 (已撞击 0/4)
[01:59|第二赛段-荒野寻珠] 阶段0: 搜索橙色小球 (已撞击 0/4)
[01:59|第二赛段-荒野寻珠] 阶段0: 搜索橙色小球 (已撞击 0/4)
[01:59|第二赛段-荒野寻珠] 阶段0: 搜索橙色小球 (已撞击 0/4)
[01:59|第二赛段-荒野寻珠] 阶段0: 搜索橙色小球 (已撞击 0/4)
[01:59|第二赛段-荒野寻珠] 阶段0: 搜索橙色小球 (已撞击 0/4)
[01:59|第二赛段-荒野寻珠] 阶段0: 搜索橙色小球 (已撞击 0/4)
[01:59|第二赛段-荒野寻珠] 阶段0: 搜索橙色小球 (已撞击 0/4)
[01:59|第二赛段-荒野寻珠] 阶段0: 搜索橙色小球 (已撞击 0/4)
[01:59|第二赛段-荒野寻珠] 阶段0: 搜索橙色小球 (已撞击 0/4)
[01:59|第二赛段-荒野寻珠] 阶段0: 搜索橙色小球 (已撞击 0/4)
[01:59|第二赛段-荒野寻珠] 阶段0: 搜索橙色小球 (已撞击 0/4)
[01:59|第二赛段-荒野寻珠] 阶段0: 搜索橙色小球 (已撞击 0/4)
[02:00|第二赛段-荒野寻珠] 阶段0: 搜索橙色小球 (已撞击 0/4)
[02:00|第二赛段-荒野寻珠] 阶段0: 搜索橙色小球 (已撞击 0/4)
[02:00|第二赛段-荒野寻珠] 阶段0: 搜索橙色小球 (已撞击 0/4)
[02:00|第二赛段-荒野寻珠] 阶段0: 搜索橙色小球 (已撞击 0/4)
[02:00|第二赛段-荒野寻珠] 阶段0: 搜索橙色小球 (已撞击 0/4)
[02:00|第二赛段-荒野寻珠] 阶段0: 搜索橙色小球 (已撞击 0/4)
[02:00|第二赛段-荒野寻珠] 阶段0: 搜索橙色小球 (已撞击 0/4)
[02:00|第二赛段-荒野寻珠] 阶段0: 搜索橙色小球 (已撞击 0/4)
[02:00|第二赛段-荒野寻珠] 阶段0: 搜索橙色小球 (已撞击 0/4)
[02:00|第二赛段-荒野寻珠] 阶段0: 搜索橙色小球 (已撞击 0/4)
[02:00|第二赛段-荒野寻珠] 阶段0: 搜索橙色小球 (已撞击 0/4)
[02:00|第二赛段-荒野寻珠] 阶段0: 搜索橙色小球 (已撞击 0/4)
[02:00|第二赛段-荒野寻珠] 阶段0: 搜索橙色小球 (已撞击 0/4)
[02:00|第二赛段-荒野寻珠] 阶段0: 搜索橙色小球 (已撞击 0/4)
[02:00|第二赛段-荒野寻珠] 阶段0: 搜索橙色小球 (已撞击 0/4)
[02:00|第二赛段-荒野寻珠] 阶段0: 搜索橙色小球 (已撞击 0/4)
[02:00|第二赛段-荒野寻珠] 阶段0: 搜索橙色小球 (已撞击 0/4)
[02:00|第二赛段-荒野寻珠] 阶段0: 搜索橙色小球 (已撞击 0/4)
[02:00|第二赛段-荒野寻珠] 阶段0: 搜索橙色小球 (已撞击 0/4)
[02:00|第二赛段-荒野寻珠] 阶段0: 搜索橙色小球 (已撞击 0/4)
[02:00|第二赛段-荒野寻珠] 阶段0: 搜索橙色小球 (已撞击 0/4)
[02:00|第二赛段-荒野寻珠] 阶段0: 搜索橙色小球 (已撞击 0/4)
[02:00|第二赛段-荒野寻珠] 阶段0: 搜索橙色小球 (已撞击 0/4)
[02:00|第二赛段-荒野寻珠] 阶段0: 搜索橙色小球 (已撞击 0/4)
[02:00|第二赛段-荒野寻珠] 阶段0: 搜索橙色小球 (已撞击 0/4)
[02:00|第二赛段-荒野寻珠] 阶段0: 搜索橙色小球 (已撞击 0/4)
[02:01|第二赛段-荒野寻珠] 阶段0: 搜索橙色小球 (已撞击 0/4)
[02:01|第二赛段-荒野寻珠] 阶段0: 搜索橙色小球 (已撞击 0/4)
[02:01|第二赛段-荒野寻珠] 阶段0: 搜索橙色小球 (已撞击 0/4)
[02:01|第二赛段-荒野寻珠] 阶段0: 搜索橙色小球 (已撞击 0/4)
[02:01|第二赛段-荒野寻珠] 阶段0: 搜索橙色小球 (已撞击 0/4)
[02:01|第二赛段-荒野寻珠] 阶段0: 搜索橙色小球 (已撞击 0/4)
[02:01|第二赛段-荒野寻珠] 阶段0: 搜索橙色小球 (已撞击 0/4)
[02:01|第二赛段-荒野寻珠] 阶段0: 搜索橙色小球 (已撞击 0/4)
[02:01|第二赛段-荒野寻珠] 阶段0: 搜索橙色小球 (已撞击 0/4)
[02:01|第二赛段-荒野寻珠] 阶段0: 搜索橙色小球 (已撞击 0/4)
[02:01|第二赛段-荒野寻珠] 阶段0: 搜索橙色小球 (已撞击 0/4)
[02:01|第二赛段-荒野寻珠] 阶段0: 搜索橙色小球 (已撞击 0/4)
[02:01|第二赛段-荒野寻珠] 阶段0: 搜索橙色小球 (已撞击 0/4)
[02:01|第二赛段-荒野寻珠] 阶段0: 搜索橙色小球 (已撞击 0/4)
[02:01|第二赛段-荒野寻珠] 阶段0: 搜索橙色小球 (已撞击 0/4)
[02:01|第二赛段-荒野寻珠] 阶段0: 搜索橙色小球 (已撞击 0/4)
[02:01|第二赛段-荒野寻珠] 阶段0: 搜索橙色小球 (已撞击 0/4)
[02:01|第二赛段-荒野寻珠] 阶段0: 搜索橙色小球 (已撞击 0/4)
[02:01|第二赛段-荒野寻珠] 阶段0: 搜索橙色小球 (已撞击 0/4)
[02:01|第二赛段-荒野寻珠] 阶段0: 搜索橙色小球 (已撞击 0/4)
[02:01|第二赛段-荒野寻珠] 阶段0: 搜索橙色小球 (已撞击 0/4)
[02:01|第二赛段-荒野寻珠] 阶段0: 搜索橙色小球 (已撞击 0/4)
[02:01|第二赛段-荒野寻珠] 阶段0: 搜索橙色小球 (已撞击 0/4)
[02:01|第二赛段-荒野寻珠] 阶段0: 搜索橙色小球 (已撞击 0/4)
[02:01|第二赛段-荒野寻珠] 阶段0: 搜索橙色小球 (已撞击 0/4)
[02:01|第二赛段-荒野寻珠] 阶段0: 搜索橙色小球 (已撞击 0/4)
[02:02|第二赛段-荒野寻珠] 阶段0: 搜索橙色小球 (已撞击 0/4)
[02:02|第二赛段-荒野寻珠] 阶段0: 搜索橙色小球 (已撞击 0/4)
[02:02|第二赛段-荒野寻珠] 阶段0: 搜索橙色小球 (已撞击 0/4)
[02:02|第二赛段-荒野寻珠] 阶段0: 搜索橙色小球 (已撞击 0/4)
[02:02|第二赛段-荒野寻珠] 阶段0: 搜索橙色小球 (已撞击 0/4)
[02:02|第二赛段-荒野寻珠] 阶段0: 搜索橙色小球 (已撞击 0/4)
[02:02|第二赛段-荒野寻珠] 阶段0: 搜索橙色小球 (已撞击 0/4)
[02:02|第二赛段-荒野寻珠] 阶段0: 搜索橙色小球 (已撞击 0/4)
[02:02|第二赛段-荒野寻珠] 阶段0: 搜索橙色小球 (已撞击 0/4)
[02:02|第二赛段-荒野寻珠] 阶段0: 搜索橙色小球 (已撞击 0/4)
[02:02|第二赛段-荒野寻珠] 阶段0: 搜索橙色小球 (已撞击 0/4)
[02:02|第二赛段-荒野寻珠] 阶段0: 搜索橙色小球 (已撞击 0/4)
[02:02|第二赛段-荒野寻珠] 阶段0: 搜索橙色小球 (已撞击 0/4)
[02:02|第二赛段-荒野寻珠] 阶段0: 搜索橙色小球 (已撞击 0/4)
[02:02|第二赛段-荒野寻珠] 阶段0: 搜索橙色小球 (已撞击 0/4)
[02:02|第二赛段-荒野寻珠] 阶段0: 搜索橙色小球 (已撞击 0/4)
[02:02|第二赛段-荒野寻珠] 阶段0: 搜索橙色小球 (已撞击 0/4)
[02:02|第二赛段-荒野寻珠] 阶段0: 搜索橙色小球 (已撞击 0/4)
[02:02|第二赛段-荒野寻珠] 阶段0: 搜索橙色小球 (已撞击 0/4)
[02:02|第二赛段-荒野寻珠] 阶段0: 搜索橙色小球 (已撞击 0/4)
[02:02|第二赛段-荒野寻珠] 阶段0: 搜索橙色小球 (已撞击 0/4)
[02:02|第二赛段-荒野寻珠] 阶段0: 搜索橙色小球 (已撞击 0/4)
[02:02|第二赛段-荒野寻珠] 阶段0: 搜索橙色小球 (已撞击 0/4)
[02:02|第二赛段-荒野寻珠] 阶段0: 搜索橙色小球 (已撞击 0/4)
[02:02|第二赛段-荒野寻珠] 阶段0: 搜索橙色小球 (已撞击 0/4)
[02:02|第二赛段-荒野寻珠] 阶段0: 搜索橙色小球 (已撞击 0/4)
[02:03|第二赛段-荒野寻珠] 阶段0: 搜索橙色小球 (已撞击 0/4)
[02:03|第二赛段-荒野寻珠] 阶段0: 搜索橙色小球 (已撞击 0/4)
[02:03|第二赛段-荒野寻珠] 阶段0: 搜索橙色小球 (已撞击 0/4)
[02:03|第二赛段-荒野寻珠] 阶段0: 搜索橙色小球 (已撞击 0/4)
[02:03|第二赛段-荒野寻珠] 阶段0: 搜索橙色小球 (已撞击 0/4)
[02:03|第二赛段-荒野寻珠] 阶段0: 搜索橙色小球 (已撞击 0/4)
[02:03|第二赛段-荒野寻珠] 阶段0: 搜索橙色小球 (已撞击 0/4)
[02:03|第二赛段-荒野寻珠] 阶段0: 搜索橙色小球 (已撞击 0/4)
[02:03|第二赛段-荒野寻珠] 阶段0: 搜索橙色小球 (已撞击 0/4)
[02:03|第二赛段-荒野寻珠] 阶段0: 搜索橙色小球 (已撞击 0/4)
[02:03|第二赛段-荒野寻珠] 阶段0: 搜索橙色小球 (已撞击 0/4)
[02:03|第二赛段-荒野寻珠] 阶段0: 搜索橙色小球 (已撞击 0/4)
[02:03|第二赛段-荒野寻珠] 阶段0: 搜索橙色小球 (已撞击 0/4)
[02:03|第二赛段-荒野寻珠] 阶段0: 搜索橙色小球 (已撞击 0/4)
[02:03|第二赛段-荒野寻珠] 阶段0: 搜索橙色小球 (已撞击 0/4)
[02:03|第二赛段-荒野寻珠] 阶段0: 搜索橙色小球 (已撞击 0/4)
[02:03|第二赛段-荒野寻珠] 阶段0: 搜索橙色小球 (已撞击 0/4)
[02:03|第二赛段-荒野寻珠] 阶段0: 搜索橙色小球 (已撞击 0/4)
[02:03|第二赛段-荒野寻珠] 阶段0: 搜索橙色小球 (已撞击 0/4)
[02:03|第二赛段-荒野寻珠] 阶段0: 搜索橙色小球 (已撞击 0/4)
[02:03|第二赛段-荒野寻珠] 阶段0: 搜索橙色小球 (已撞击 0/4)
[02:03|第二赛段-荒野寻珠] 阶段0: 搜索橙色小球 (已撞击 0/4)
[02:03|第二赛段-荒野寻珠] 阶段0: 搜索橙色小球 (已撞击 0/4)
[02:03|第二赛段-荒野寻珠] 阶段0: 搜索橙色小球 (已撞击 0/4)
[02:03|第二赛段-荒野寻珠] 阶段0: 搜索橙色小球 (已撞击 0/4)
[02:03|第二赛段-荒野寻珠] 阶段0: 搜索橙色小球 (已撞击 0/4)
[02:03|第二赛段-荒野寻珠] 阶段0: 搜索橙色小球 (已撞击 0/4)
[02:04|第二赛段-荒野寻珠] 阶段0: 搜索橙色小球 (已撞击 0/4)
[02:04|第二赛段-荒野寻珠] 阶段0: 搜索橙色小球 (已撞击 0/4)
[02:04|第二赛段-荒野寻珠] 阶段0: 搜索橙色小球 (已撞击 0/4)
[02:04|第二赛段-荒野寻珠] 阶段0: 搜索橙色小球 (已撞击 0/4)
[02:04|第二赛段-荒野寻珠] 阶段0: 搜索橙色小球 (已撞击 0/4)
[02:04|第二赛段-荒野寻珠] 阶段0: 搜索橙色小球 (已撞击 0/4)
[02:04|第二赛段-荒野寻珠] 阶段0: 搜索橙色小球 (已撞击 0/4)
[02:04|第二赛段-荒野寻珠] 阶段0: 搜索橙色小球 (已撞击 0/4)
[02:04|第二赛段-荒野寻珠] 阶段0: 搜索橙色小球 (已撞击 0/4)
[02:04|第二赛段-荒野寻珠] 阶段0: 搜索橙色小球 (已撞击 0/4)
[02:04|第二赛段-荒野寻珠] 阶段0: 搜索橙色小球 (已撞击 0/4)
[02:04|第二赛段-荒野寻珠] 阶段0: 搜索橙色小球 (已撞击 0/4)
[02:04|第二赛段-荒野寻珠] 阶段0: 搜索橙色小球 (已撞击 0/4)
[02:04|第二赛段-荒野寻珠] 阶段0: 搜索橙色小球 (已撞击 0/4)
[02:04|第二赛段-荒野寻珠] 阶段0: 搜索橙色小球 (已撞击 0/4)
[02:04|第二赛段-荒野寻珠] 阶段0: 搜索橙色小球 (已撞击 0/4)
[02:04|第二赛段-荒野寻珠] 阶段0: 搜索橙色小球 (已撞击 0/4)
[02:04|第二赛段-荒野寻珠] 阶段0: 搜索橙色小球 (已撞击 0/4)
[02:04|第二赛段-荒野寻珠] 阶段0: 搜索橙色小球 (已撞击 0/4)
[02:04|第二赛段-荒野寻珠] 阶段0: 搜索橙色小球 (已撞击 0/4)
[02:04|第二赛段-荒野寻珠] 阶段0: 搜索橙色小球 (已撞击 0/4)
[02:04|第二赛段-荒野寻珠] 阶段0: 搜索橙色小球 (已撞击 0/4)
[02:04|第二赛段-荒野寻珠] 阶段0: 搜索橙色小球 (已撞击 0/4)
[02:04|第二赛段-荒野寻珠] 阶段0: 搜索橙色小球 (已撞击 0/4)
[02:04|第二赛段-荒野寻珠] 阶段0: 搜索橙色小球 (已撞击 0/4)
[02:04|第二赛段-荒野寻珠] 阶段0: 搜索橙色小球 (已撞击 0/4)
[02:04|第二赛段-荒野寻珠] 阶段0: 搜索橙色小球 (已撞击 0/4)
[02:05|第二赛段-荒野寻珠] 阶段0: 搜索橙色小球 (已撞击 0/4)
[02:05|第二赛段-荒野寻珠] 阶段0: 搜索橙色小球 (已撞击 0/4)
[02:05|第二赛段-荒野寻珠] 阶段0: 搜索橙色小球 (已撞击 0/4)
[02:05|第二赛段-荒野寻珠] 阶段0: 搜索橙色小球 (已撞击 0/4)
[02:05|第二赛段-荒野寻珠] 阶段0: 搜索橙色小球 (已撞击 0/4)
[02:05|第二赛段-荒野寻珠] 阶段0: 搜索橙色小球 (已撞击 0/4)
[02:05|第二赛段-荒野寻珠] 阶段0: 搜索橙色小球 (已撞击 0/4)
[02:05|第二赛段-荒野寻珠] 阶段0: 搜索橙色小球 (已撞击 0/4)
[02:05|第二赛段-荒野寻珠] 阶段0: 搜索橙色小球 (已撞击 0/4)
[02:05|第二赛段-荒野寻珠] 阶段0: 搜索橙色小球 (已撞击 0/4)
[02:05|第二赛段-荒野寻珠] 阶段0: 搜索橙色小球 (已撞击 0/4)
[02:05|第二赛段-荒野寻珠] 阶段0: 搜索橙色小球 (已撞击 0/4)
[02:05|第二赛段-荒野寻珠] 阶段0: 搜索橙色小球 (已撞击 0/4)
[02:05|第二赛段-荒野寻珠] 阶段0: 搜索橙色小球 (已撞击 0/4)
[02:05|第二赛段-荒野寻珠] 阶段0: 搜索橙色小球 (已撞击 0/4)
[02:05|第二赛段-荒野寻珠] 阶段0: 搜索橙色小球 (已撞击 0/4)
[02:05|第二赛段-荒野寻珠] 阶段0: 搜索橙色小球 (已撞击 0/4)
[02:05|第二赛段-荒野寻珠] 阶段0: 搜索橙色小球 (已撞击 0/4)
[02:05|第二赛段-荒野寻珠] 阶段0: 搜索橙色小球 (已撞击 0/4)
[02:05|第二赛段-荒野寻珠] 阶段0: 搜索橙色小球 (已撞击 0/4)
[02:05|第二赛段-荒野寻珠] 阶段0: 搜索橙色小球 (已撞击 0/4)
[02:05|第二赛段-荒野寻珠] 阶段0: 搜索橙色小球 (已撞击 0/4)
[02:05|第二赛段-荒野寻珠] 阶段0: 搜索橙色小球 (已撞击 0/4)
[02:05|第二赛段-荒野寻珠] 阶段0: 搜索橙色小球 (已撞击 0/4)
[02:06|第二赛段-荒野寻珠] 阶段0: 搜索橙色小球 (已撞击 0/4)
[02:06|第二赛段-荒野寻珠] 阶段0: 搜索橙色小球 (已撞击 0/4)
[02:06|第二赛段-荒野寻珠] 阶段0: 搜索橙色小球 (已撞击 0/4)
[02:06|第二赛段-荒野寻珠] 阶段0: 搜索橙色小球 (已撞击 0/4)
[02:06|第二赛段-荒野寻珠] 阶段0: 搜索橙色小球 (已撞击 0/4)
[02:06|第二赛段-荒野寻珠] 阶段0: 搜索橙色小球 (已撞击 0/4)
[02:06|第二赛段-荒野寻珠] 阶段0: 搜索橙色小球 (已撞击 0/4)
[02:06|第二赛段-荒野寻珠] 阶段0: 搜索橙色小球 (已撞击 0/4)
[02:06|第二赛段-荒野寻珠] 阶段0: 搜索橙色小球 (已撞击 0/4)
[02:06|第二赛段-荒野寻珠] 阶段0: 搜索橙色小球 (已撞击 0/4)
[02:06|第二赛段-荒野寻珠] 阶段0: 搜索橙色小球 (已撞击 0/4)
[02:06|第二赛段-荒野寻珠] 阶段0: 搜索橙色小球 (已撞击 0/4)
[02:06|第二赛段-荒野寻珠] 阶段0: 搜索橙色小球 (已撞击 0/4)
[02:06|第二赛段-荒野寻珠] 阶段0: 搜索橙色小球 (已撞击 0/4)
[02:06|第二赛段-荒野寻珠] 阶段0: 搜索橙色小球 (已撞击 0/4)
[02:06|第二赛段-荒野寻珠] 阶段0: 搜索橙色小球 (已撞击 0/4)
[02:06|第二赛段-荒野寻珠] 阶段0: 搜索橙色小球 (已撞击 0/4)
[02:06|第二赛段-荒野寻珠] 阶段0: 搜索橙色小球 (已撞击 0/4)
[02:06|第二赛段-荒野寻珠] 阶段0: 搜索橙色小球 (已撞击 0/4)
[02:06|第二赛段-荒野寻珠] 阶段0: 搜索橙色小球 (已撞击 0/4)
[02:06|第二赛段-荒野寻珠] 阶段0: 搜索橙色小球 (已撞击 0/4)
[02:06|第二赛段-荒野寻珠] 阶段0: 搜索橙色小球 (已撞击 0/4)
[02:06|第二赛段-荒野寻珠] 阶段0: 搜索橙色小球 (已撞击 0/4)
[02:06|第二赛段-荒野寻珠] 阶段0: 搜索橙色小球 (已撞击 0/4)
[02:14|第二赛段-荒野寻珠] 阶段0: 搜索橙色小球 (已撞击 0/4)
[02:14|第二赛段-荒野寻珠] 阶段0: 搜索橙色小球 (已撞击 0/4)
[02:14|第二赛段-荒野寻珠] 阶段0: 搜索橙色小球 (已撞击 0/4)
[02:15|第二赛段-荒野寻珠] 阶段0: 搜索橙色小球 (已撞击 0/4)
[02:15|第二赛段-荒野寻珠] 阶段0: 搜索橙色小球 (已撞击 0/4)
[02:15|第二赛段-荒野寻珠] 阶段0: 搜索橙色小球 (已撞击 0/4)
[02:15|第二赛段-荒野寻珠] 阶段0: 搜索橙色小球 (已撞击 0/4)
[02:15|第二赛段-荒野寻珠] 阶段0: 搜索橙色小球 (已撞击 0/4)
[02:15|第二赛段-荒野寻珠] 阶段0: 搜索橙色小球 (已撞击 0/4)
[02:15|第二赛段-荒野寻珠] 阶段0: 搜索橙色小球 (已撞击 0/4)
[02:15|第二赛段-荒野寻珠] 阶段0: 搜索橙色小球 (已撞击 0/4)
[02:15|第二赛段-荒野寻珠] 阶段0: 搜索橙色小球 (已撞击 0/4)
[02:15|第二赛段-荒野寻珠] 阶段0: 搜索橙色小球 (已撞击 0/4)
[02:15|第二赛段-荒野寻珠] 阶段0: 搜索橙色小球 (已撞击 0/4)
[02:15|第二赛段-荒野寻珠] 阶段0: 搜索橙色小球 (已撞击 0/4)
[02:15|第二赛段-荒野寻珠] 阶段0: 搜索橙色小球 (已撞击 0/4)
[02:15|第二赛段-荒野寻珠] 阶段0: 搜索橙色小球 (已撞击 0/4)
[02:15|第二赛段-荒野寻珠] 阶段0: 搜索橙色小球 (已撞击 0/4)
[02:15|第二赛段-荒野寻珠] 阶段0: 搜索橙色小球 (已撞击 0/4)
[02:15|第二赛段-荒野寻珠] 阶段0: 搜索橙色小球 (已撞击 0/4)
[02:15|第二赛段-荒野寻珠] 阶段0: 搜索橙色小球 (已撞击 0/4)
[02:15|第二赛段-荒野寻珠] 阶段0: 搜索橙色小球 (已撞击 0/4)
[02:15|第二赛段-荒野寻珠] 阶段0: 搜索橙色小球 (已撞击 0/4)
[02:15|第二赛段-荒野寻珠] 阶段0: 搜索橙色小球 (已撞击 0/4)
[02:15|第二赛段-荒野寻珠] 阶段0: 搜索橙色小球 (已撞击 0/4)
[02:15|第二赛段-荒野寻珠] 阶段0: 搜索橙色小球 (已撞击 0/4)
[02:15|第二赛段-荒野寻珠] 阶段0: 搜索橙色小球 (已撞击 0/4)
[02:16|第二赛段-荒野寻珠] 阶段0: 搜索橙色小球 (已撞击 0/4)
[02:16|第二赛段-荒野寻珠] 阶段0: 搜索橙色小球 (已撞击 0/4)
[02:16|第二赛段-荒野寻珠] 阶段0: 搜索橙色小球 (已撞击 0/4)
[02:16|第二赛段-荒野寻珠] 阶段0: 搜索橙色小球 (已撞击 0/4)
[02:16|第二赛段-荒野寻珠] 阶段0: 搜索橙色小球 (已撞击 0/4)
[02:16|第二赛段-荒野寻珠] 阶段0: 搜索橙色小球 (已撞击 0/4)
[02:16|第二赛段-荒野寻珠] 阶段0: 搜索橙色小球 (已撞击 0/4)
[02:16|第二赛段-荒野寻珠] 阶段0: 搜索橙色小球 (已撞击 0/4)
[02:16|第二赛段-荒野寻珠] 阶段0: 搜索橙色小球 (已撞击 0/4)
[02:16|第二赛段-荒野寻珠] 阶段0: 搜索橙色小球 (已撞击 0/4)
[02:16|第二赛段-荒野寻珠] 阶段0: 搜索橙色小球 (已撞击 0/4)
[02:16|第二赛段-荒野寻珠] 阶段0: 搜索橙色小球 (已撞击 0/4)
[02:16|第二赛段-荒野寻珠] 阶段0: 搜索橙色小球 (已撞击 0/4)
[02:16|第二赛段-荒野寻珠] 阶段0: 搜索橙色小球 (已撞击 0/4)
[02:16|第二赛段-荒野寻珠] 阶段0: 搜索橙色小球 (已撞击 0/4)
[02:16|第二赛段-荒野寻珠] 阶段0: 搜索橙色小球 (已撞击 0/4)
[02:16|第二赛段-荒野寻珠] 阶段0: 搜索橙色小球 (已撞击 0/4)
[02:16|第二赛段-荒野寻珠] 阶段0: 搜索橙色小球 (已撞击 0/4)
[02:16|第二赛段-荒野寻珠] 阶段0: 搜索橙色小球 (已撞击 0/4)
[02:16|第二赛段-荒野寻珠] 阶段0: 搜索橙色小球 (已撞击 0/4)
[02:16|第二赛段-荒野寻珠] 阶段0: 搜索橙色小球 (已撞击 0/4)
[02:16|第二赛段-荒野寻珠] 阶段0: 搜索橙色小球 (已撞击 0/4)
[02:16|第二赛段-荒野寻珠] 阶段0: 搜索橙色小球 (已撞击 0/4)
[02:16|第二赛段-荒野寻珠] 阶段0: 搜索橙色小球 (已撞击 0/4)
[02:16|第二赛段-荒野寻珠] 阶段0: 搜索橙色小球 (已撞击 0/4)
[02:16|第二赛段-荒野寻珠] 阶段0: 搜索橙色小球 (已撞击 0/4)
[02:16|第二赛段-荒野寻珠] 阶段0: 搜索橙色小球 (已撞击 0/4)
[02:17|第二赛段-荒野寻珠] 阶段0: 搜索橙色小球 (已撞击 0/4)
[02:17|第二赛段-荒野寻珠] 阶段0: 搜索橙色小球 (已撞击 0/4)
[02:17|第二赛段-荒野寻珠] 阶段0: 搜索橙色小球 (已撞击 0/4)
[02:17|第二赛段-荒野寻珠] 阶段0: 搜索橙色小球 (已撞击 0/4)
[02:17|第二赛段-荒野寻珠] 阶段0: 搜索橙色小球 (已撞击 0/4)
[02:17|第二赛段-荒野寻珠] 阶段0: 搜索橙色小球 (已撞击 0/4)
[02:17|第二赛段-荒野寻珠] 阶段0: 搜索橙色小球 (已撞击 0/4)
[02:17|第二赛段-荒野寻珠] 阶段0: 搜索橙色小球 (已撞击 0/4)
[02:17|第二赛段-荒野寻珠] 阶段0: 搜索橙色小球 (已撞击 0/4)
[02:17|第二赛段-荒野寻珠] 阶段0: 搜索橙色小球 (已撞击 0/4)
[02:17|第二赛段-荒野寻珠] 阶段0: 搜索橙色小球 (已撞击 0/4)
[02:17|第二赛段-荒野寻珠] 阶段0: 搜索橙色小球 (已撞击 0/4)
[02:17|第二赛段-荒野寻珠] 阶段0: 搜索橙色小球 (已撞击 0/4)
[02:17|第二赛段-荒野寻珠] 阶段0: 搜索橙色小球 (已撞击 0/4)
[02:17|第二赛段-荒野寻珠] 阶段0: 搜索橙色小球 (已撞击 0/4)
[02:17|第二赛段-荒野寻珠] 阶段0: 搜索橙色小球 (已撞击 0/4)
[02:17|第二赛段-荒野寻珠] 阶段0: 搜索橙色小球 (已撞击 0/4)
[02:17|第二赛段-荒野寻珠] 阶段0: 搜索橙色小球 (已撞击 0/4)
[02:17|第二赛段-荒野寻珠] 阶段0: 搜索橙色小球 (已撞击 0/4)
[02:17|第二赛段-荒野寻珠] 阶段0: 搜索橙色小球 (已撞击 0/4)
[02:17|第二赛段-荒野寻珠] 阶段0: 搜索橙色小球 (已撞击 0/4)
[02:17|第二赛段-荒野寻珠] 阶段0: 搜索橙色小球 (已撞击 0/4)
[02:17|第二赛段-荒野寻珠] 阶段0: 搜索橙色小球 (已撞击 0/4)
[02:17|第二赛段-荒野寻珠] 阶段0: 搜索橙色小球 (已撞击 0/4)
[02:17|第二赛段-荒野寻珠] 阶段0: 搜索橙色小球 (已撞击 0/4)
[02:17|第二赛段-荒野寻珠] 阶段0: 搜索橙色小球 (已撞击 0/4)
[02:18|第二赛段-荒野寻珠] 阶段0: 搜索橙色小球 (已撞击 0/4)
[02:18|第二赛段-荒野寻珠] 阶段0: 搜索橙色小球 (已撞击 0/4)
[02:18|第二赛段-荒野寻珠] 阶段0: 搜索橙色小球 (已撞击 0/4)
[02:18|第二赛段-荒野寻珠] 阶段0: 搜索橙色小球 (已撞击 0/4)
[02:18|第二赛段-荒野寻珠] 阶段0: 搜索橙色小球 (已撞击 0/4)
[02:18|第二赛段-荒野寻珠] 阶段0: 搜索橙色小球 (已撞击 0/4)
[02:18|第二赛段-荒野寻珠] 阶段0: 搜索橙色小球 (已撞击 0/4)
[02:18|第二赛段-荒野寻珠] 阶段0: 搜索橙色小球 (已撞击 0/4)
[02:18|第二赛段-荒野寻珠] 阶段0: 搜索橙色小球 (已撞击 0/4)
[02:18|第二赛段-荒野寻珠] 阶段0: 搜索橙色小球 (已撞击 0/4)
[02:18|第二赛段-荒野寻珠] 阶段0: 搜索橙色小球 (已撞击 0/4)
[02:18|第二赛段-荒野寻珠] 阶段0: 搜索橙色小球 (已撞击 0/4)
[02:18|第二赛段-荒野寻珠] 阶段0: 搜索橙色小球 (已撞击 0/4)
[02:18|第二赛段-荒野寻珠] 阶段0: 搜索橙色小球 (已撞击 0/4)
[02:18|第二赛段-荒野寻珠] 阶段0: 搜索橙色小球 (已撞击 0/4)
[02:18|第二赛段-荒野寻珠] 阶段0: 搜索橙色小球 (已撞击 0/4)
[02:18|第二赛段-荒野寻珠] 阶段0: 搜索橙色小球 (已撞击 0/4)
[02:18|第二赛段-荒野寻珠] 阶段0: 搜索橙色小球 (已撞击 0/4)
[02:18|第二赛段-荒野寻珠] 阶段0: 搜索橙色小球 (已撞击 0/4)
[02:18|第二赛段-荒野寻珠] 阶段0: 搜索橙色小球 (已撞击 0/4)
[02:18|第二赛段-荒野寻珠] 阶段0: 搜索橙色小球 (已撞击 0/4)
[02:18|第二赛段-荒野寻珠] 阶段0: 搜索橙色小球 (已撞击 0/4)
[02:18|第二赛段-荒野寻珠] 阶段0: 搜索橙色小球 (已撞击 0/4)
[02:18|第二赛段-荒野寻珠] 阶段0: 搜索橙色小球 (已撞击 0/4)
[02:18|第二赛段-荒野寻珠] 阶段0: 搜索橙色小球 (已撞击 0/4)
[02:18|第二赛段-荒野寻珠] 阶段0: 搜索橙色小球 (已撞击 0/4)
[02:19|第二赛段-荒野寻珠] 阶段0: 搜索橙色小球 (已撞击 0/4)
[02:19|第二赛段-荒野寻珠] 阶段0: 搜索橙色小球 (已撞击 0/4)
[02:19|第二赛段-荒野寻珠] 阶段0: 搜索橙色小球 (已撞击 0/4)
[02:19|第二赛段-荒野寻珠] 阶段0: 搜索橙色小球 (已撞击 0/4)
[02:19|第二赛段-荒野寻珠] 阶段0: 搜索橙色小球 (已撞击 0/4)
[02:19|第二赛段-荒野寻珠] 阶段0: 搜索橙色小球 (已撞击 0/4)
[02:19|第二赛段-荒野寻珠] 阶段0: 搜索橙色小球 (已撞击 0/4)
[02:19|第二赛段-荒野寻珠] 阶段0: 搜索橙色小球 (已撞击 0/4)
[02:19|第二赛段-荒野寻珠] 阶段0: 搜索橙色小球 (已撞击 0/4)
[02:19|第二赛段-荒野寻珠] 阶段0: 搜索橙色小球 (已撞击 0/4)
[02:19|第二赛段-荒野寻珠] 阶段0: 搜索橙色小球 (已撞击 0/4)
[02:19|第二赛段-荒野寻珠] 阶段0: 搜索橙色小球 (已撞击 0/4)
[02:19|第二赛段-荒野寻珠] 阶段0: 搜索橙色小球 (已撞击 0/4)
[02:19|第二赛段-荒野寻珠] 阶段0: 搜索橙色小球 (已撞击 0/4)
[02:19|第二赛段-荒野寻珠] 阶段0: 搜索橙色小球 (已撞击 0/4)
[02:19|第二赛段-荒野寻珠] 阶段0: 搜索橙色小球 (已撞击 0/4)
[02:19|第二赛段-荒野寻珠] 阶段0: 搜索橙色小球 (已撞击 0/4)
[02:19|第二赛段-荒野寻珠] 阶段0: 搜索橙色小球 (已撞击 0/4)
[02:19|第二赛段-荒野寻珠] 阶段0: 搜索橙色小球 (已撞击 0/4)
[02:19|第二赛段-荒野寻珠] 阶段0: 搜索橙色小球 (已撞击 0/4)
[02:19|第二赛段-荒野寻珠] 阶段0: 搜索橙色小球 (已撞击 0/4)
[02:19|第二赛段-荒野寻珠] 阶段0: 搜索橙色小球 (已撞击 0/4)
[02:19|第二赛段-荒野寻珠] 阶段0: 搜索橙色小球 (已撞击 0/4)
[02:19|第二赛段-荒野寻珠] 阶段0: 搜索橙色小球 (已撞击 0/4)
[02:19|第二赛段-荒野寻珠] 阶段0: 搜索橙色小球 (已撞击 0/4)
[02:19|第二赛段-荒野寻珠] 阶段0: 搜索橙色小球 (已撞击 0/4)
[02:19|第二赛段-荒野寻珠] 阶段0: 搜索橙色小球 (已撞击 0/4)
[02:19|第二赛段-荒野寻珠] 阶段0: 搜索橙色小球 (已撞击 0/4)
[02:20|第二赛段-荒野寻珠] 阶段0: 搜索橙色小球 (已撞击 0/4)
[02:20|第二赛段-荒野寻珠] 阶段0: 搜索橙色小球 (已撞击 0/4)
[02:20|第二赛段-荒野寻珠] 阶段0: 搜索橙色小球 (已撞击 0/4)
[02:20|第二赛段-荒野寻珠] 阶段0: 搜索橙色小球 (已撞击 0/4)
[02:20|第二赛段-荒野寻珠] 阶段0: 搜索橙色小球 (已撞击 0/4)
[02:20|第二赛段-荒野寻珠] 阶段0: 搜索橙色小球 (已撞击 0/4)
[02:20|第二赛段-荒野寻珠] 阶段0: 搜索橙色小球 (已撞击 0/4)
[02:20|第二赛段-荒野寻珠] 阶段0: 搜索橙色小球 (已撞击 0/4)
[02:20|第二赛段-荒野寻珠] 阶段0: 搜索橙色小球 (已撞击 0/4)
[02:20|第二赛段-荒野寻珠] 阶段0: 搜索橙色小球 (已撞击 0/4)
[02:20|第二赛段-荒野寻珠] 阶段0: 搜索橙色小球 (已撞击 0/4)
[02:20|第二赛段-荒野寻珠] 阶段0: 搜索橙色小球 (已撞击 0/4)
[02:20|第二赛段-荒野寻珠] 阶段0: 搜索橙色小球 (已撞击 0/4)
[02:20|第二赛段-荒野寻珠] 阶段0: 搜索橙色小球 (已撞击 0/4)
[02:20|第二赛段-荒野寻珠] 阶段0: 搜索橙色小球 (已撞击 0/4)
[02:20|第二赛段-荒野寻珠] 阶段0: 搜索橙色小球 (已撞击 0/4)
[02:20|第二赛段-荒野寻珠] 阶段0: 搜索橙色小球 (已撞击 0/4)
[02:20|第二赛段-荒野寻珠] 阶段0: 搜索橙色小球 (已撞击 0/4)
[02:20|第二赛段-荒野寻珠] 阶段0: 搜索橙色小球 (已撞击 0/4)
[02:20|第二赛段-荒野寻珠] 阶段0: 搜索橙色小球 (已撞击 0/4)
[02:20|第二赛段-荒野寻珠] 阶段0: 搜索橙色小球 (已撞击 0/4)
[02:20|第二赛段-荒野寻珠] 阶段0: 搜索橙色小球 (已撞击 0/4)
[02:20|第二赛段-荒野寻珠] 阶段0: 搜索橙色小球 (已撞击 0/4)
[02:20|第二赛段-荒野寻珠] 阶段0: 搜索橙色小球 (已撞击 0/4)
[02:20|第二赛段-荒野寻珠] 阶段0: 搜索橙色小球 (已撞击 0/4)
[02:20|第二赛段-荒野寻珠] 阶段0: 搜索橙色小球 (已撞击 0/4)
[02:20|第二赛段-荒野寻珠] 阶段0: 搜索橙色小球 (已撞击 0/4)
[02:20|第二赛段-荒野寻珠] 阶段0: 搜索橙色小球 (已撞击 0/4)
[02:21|第二赛段-荒野寻珠] 阶段0: 搜索橙色小球 (已撞击 0/4)
[02:21|第二赛段-荒野寻珠] 阶段0: 搜索橙色小球 (已撞击 0/4)
[02:21|第二赛段-荒野寻珠] 阶段0: 搜索橙色小球 (已撞击 0/4)
[02:21|第二赛段-荒野寻珠] 阶段0: 搜索橙色小球 (已撞击 0/4)
[02:21|第二赛段-荒野寻珠] 阶段0: 搜索橙色小球 (已撞击 0/4)
[02:21|第二赛段-荒野寻珠] 阶段0: 搜索橙色小球 (已撞击 0/4)
[02:21|第二赛段-荒野寻珠] 阶段0: 搜索橙色小球 (已撞击 0/4)
[02:21|第二赛段-荒野寻珠] 阶段0: 搜索橙色小球 (已撞击 0/4)
[02:21|第二赛段-荒野寻珠] 阶段0: 搜索橙色小球 (已撞击 0/4)
[02:21|第二赛段-荒野寻珠] 阶段0: 搜索橙色小球 (已撞击 0/4)
[02:21|第二赛段-荒野寻珠] 阶段0: 搜索橙色小球 (已撞击 0/4)
[02:21|第二赛段-荒野寻珠] 阶段0: 搜索橙色小球 (已撞击 0/4)
[02:21|第二赛段-荒野寻珠] 阶段0: 搜索橙色小球 (已撞击 0/4)
[02:21|第二赛段-荒野寻珠] 阶段0: 搜索橙色小球 (已撞击 0/4)
[02:21|第二赛段-荒野寻珠] 阶段0: 搜索橙色小球 (已撞击 0/4)
[02:21|第二赛段-荒野寻珠] 阶段0: 搜索橙色小球 (已撞击 0/4)
[02:21|第二赛段-荒野寻珠] 阶段0: 搜索橙色小球 (已撞击 0/4)
[02:21|第二赛段-荒野寻珠] 阶段0: 搜索橙色小球 (已撞击 0/4)
[02:21|第二赛段-荒野寻珠] 阶段0: 搜索橙色小球 (已撞击 0/4)
[02:21|第二赛段-荒野寻珠] 阶段0: 搜索橙色小球 (已撞击 0/4)
[02:21|第二赛段-荒野寻珠] 阶段0: 搜索橙色小球 (已撞击 0/4)
[02:21|第二赛段-荒野寻珠] 阶段0: 搜索橙色小球 (已撞击 0/4)
[02:21|第二赛段-荒野寻珠] 阶段0: 搜索橙色小球 (已撞击 0/4)
[02:21|第二赛段-荒野寻珠] 阶段0: 搜索橙色小球 (已撞击 0/4)
[02:21|第二赛段-荒野寻珠] 阶段0: 搜索橙色小球 (已撞击 0/4)
[02:21|第二赛段-荒野寻珠] 阶段0: 搜索橙色小球 (已撞击 0/4)
[02:22|第二赛段-荒野寻珠] 阶段0: 搜索橙色小球 (已撞击 0/4)
[02:22|第二赛段-荒野寻珠] 阶段0: 搜索橙色小球 (已撞击 0/4)
[02:22|第二赛段-荒野寻珠] 阶段0: 搜索橙色小球 (已撞击 0/4)
[02:22|第二赛段-荒野寻珠] 阶段0: 搜索橙色小球 (已撞击 0/4)
[02:22|第二赛段-荒野寻珠] 阶段0: 搜索橙色小球 (已撞击 0/4)
[02:22|第二赛段-荒野寻珠] 阶段0: 搜索橙色小球 (已撞击 0/4)
[02:22|第二赛段-荒野寻珠] 阶段0: 搜索橙色小球 (已撞击 0/4)
[02:22|第二赛段-荒野寻珠] 阶段0: 搜索橙色小球 (已撞击 0/4)
[02:22|第二赛段-荒野寻珠] 阶段0: 搜索橙色小球 (已撞击 0/4)
[02:22|第二赛段-荒野寻珠] 阶段0: 搜索橙色小球 (已撞击 0/4)
[02:22|第二赛段-荒野寻珠] 阶段0: 搜索橙色小球 (已撞击 0/4)
[02:22|第二赛段-荒野寻珠] 阶段0: 搜索橙色小球 (已撞击 0/4)
[02:22|第二赛段-荒野寻珠] 阶段0: 搜索橙色小球 (已撞击 0/4)
[02:22|第二赛段-荒野寻珠] 阶段0: 搜索橙色小球 (已撞击 0/4)
[02:22|第二赛段-荒野寻珠] 阶段0: 搜索橙色小球 (已撞击 0/4)
[02:22|第二赛段-荒野寻珠] 阶段0: 搜索橙色小球 (已撞击 0/4)
[02:22|第二赛段-荒野寻珠] 阶段0: 搜索橙色小球 (已撞击 0/4)
[02:22|第二赛段-荒野寻珠] 阶段0: 搜索橙色小球 (已撞击 0/4)
[02:22|第二赛段-荒野寻珠] 阶段0: 搜索橙色小球 (已撞击 0/4)
[02:22|第二赛段-荒野寻珠] 阶段0: 搜索橙色小球 (已撞击 0/4)
[02:22|第二赛段-荒野寻珠] 阶段0: 搜索橙色小球 (已撞击 0/4)
[02:22|第二赛段-荒野寻珠] 阶段0: 搜索橙色小球 (已撞击 0/4)
[02:22|第二赛段-荒野寻珠] 阶段0: 搜索橙色小球 (已撞击 0/4)
[02:22|第二赛段-荒野寻珠] 阶段0: 搜索橙色小球 (已撞击 0/4)
[02:22|第二赛段-荒野寻珠] 阶段0: 搜索橙色小球 (已撞击 0/4)
[02:23|第二赛段-荒野寻珠] 阶段0: 搜索橙色小球 (已撞击 0/4)
[02:23|第二赛段-荒野寻珠] 阶段0: 搜索橙色小球 (已撞击 0/4)
[02:23|第二赛段-荒野寻珠] 阶段0: 搜索橙色小球 (已撞击 0/4)
[02:23|第二赛段-荒野寻珠] 阶段0: 搜索橙色小球 (已撞击 0/4)
[02:23|第二赛段-荒野寻珠] 阶段0: 搜索橙色小球 (已撞击 0/4)
[02:23|第二赛段-荒野寻珠] 阶段0: 搜索橙色小球 (已撞击 0/4)
[02:23|第二赛段-荒野寻珠] 阶段0: 搜索橙色小球 (已撞击 0/4)
[02:23|第二赛段-荒野寻珠] 阶段0: 搜索橙色小球 (已撞击 0/4)
[02:23|第二赛段-荒野寻珠] 阶段0: 搜索橙色小球 (已撞击 0/4)
[02:23|第二赛段-荒野寻珠] 阶段0: 搜索橙色小球 (已撞击 0/4)
[02:23|第二赛段-荒野寻珠] 阶段0: 搜索橙色小球 (已撞击 0/4)
[02:23|第二赛段-荒野寻珠] 阶段0: 搜索橙色小球 (已撞击 0/4)
[02:23|第二赛段-荒野寻珠] 阶段0: 搜索橙色小球 (已撞击 0/4)
[02:23|第二赛段-荒野寻珠] 阶段0: 搜索橙色小球 (已撞击 0/4)
[02:23|第二赛段-荒野寻珠] 阶段0: 搜索橙色小球 (已撞击 0/4)
[02:23|第二赛段-荒野寻珠] 阶段0: 搜索橙色小球 (已撞击 0/4)
[02:23|第二赛段-荒野寻珠] 阶段0: 搜索橙色小球 (已撞击 0/4)
[02:23|第二赛段-荒野寻珠] 阶段0: 搜索橙色小球 (已撞击 0/4)
[02:23|第二赛段-荒野寻珠] 阶段0: 搜索橙色小球 (已撞击 0/4)
[02:23|第二赛段-荒野寻珠] 阶段0: 搜索橙色小球 (已撞击 0/4)
[02:23|第二赛段-荒野寻珠] 阶段0: 搜索橙色小球 (已撞击 0/4)
[02:23|第二赛段-荒野寻珠] 阶段0: 搜索橙色小球 (已撞击 0/4)
[02:23|第二赛段-荒野寻珠] 阶段0: 搜索橙色小球 (已撞击 0/4)
[02:23|第二赛段-荒野寻珠] 阶段0: 搜索橙色小球 (已撞击 0/4)
[02:23|第二赛段-荒野寻珠] 阶段0: 搜索橙色小球 (已撞击 0/4)
[02:23|第二赛段-荒野寻珠] 阶段0: 搜索橙色小球 (已撞击 0/4)
[02:23|第二赛段-荒野寻珠] 阶段0: 搜索橙色小球 (已撞击 0/4)
[02:24|第二赛段-荒野寻珠] 阶段0: 搜索橙色小球 (已撞击 0/4)
[02:24|第二赛段-荒野寻珠] 阶段0: 搜索橙色小球 (已撞击 0/4)
[02:24|第二赛段-荒野寻珠] 阶段0: 搜索橙色小球 (已撞击 0/4)
[02:24|第二赛段-荒野寻珠] 阶段0: 搜索橙色小球 (已撞击 0/4)
[02:24|第二赛段-荒野寻珠] 阶段0: 搜索橙色小球 (已撞击 0/4)
[02:24|第二赛段-荒野寻珠] 阶段0: 搜索橙色小球 (已撞击 0/4)
[02:24|第二赛段-荒野寻珠] 阶段0: 搜索橙色小球 (已撞击 0/4)
[02:24|第二赛段-荒野寻珠] 阶段0: 搜索橙色小球 (已撞击 0/4)
[02:24|第二赛段-荒野寻珠] 阶段0: 搜索橙色小球 (已撞击 0/4)
[02:24|第二赛段-荒野寻珠] 阶段0: 搜索橙色小球 (已撞击 0/4)
[02:24|第二赛段-荒野寻珠] 阶段0: 搜索橙色小球 (已撞击 0/4)
[02:24|第二赛段-荒野寻珠] 阶段0: 搜索橙色小球 (已撞击 0/4)
[02:24|第二赛段-荒野寻珠] 阶段0: 搜索橙色小球 (已撞击 0/4)
[02:24|第二赛段-荒野寻珠] 阶段0: 搜索橙色小球 (已撞击 0/4)
[02:24|第二赛段-荒野寻珠] 阶段0: 搜索橙色小球 (已撞击 0/4)
[02:24|第二赛段-荒野寻珠] 阶段0: 搜索橙色小球 (已撞击 0/4)
[02:24|第二赛段-荒野寻珠] 阶段0: 搜索橙色小球 (已撞击 0/4)
[02:24|第二赛段-荒野寻珠] 阶段0: 搜索橙色小球 (已撞击 0/4)
[02:24|第二赛段-荒野寻珠] 阶段0: 搜索橙色小球 (已撞击 0/4)
[02:24|第二赛段-荒野寻珠] 阶段0: 搜索橙色小球 (已撞击 0/4)
[02:24|第二赛段-荒野寻珠] 阶段0: 搜索橙色小球 (已撞击 0/4)
[02:24|第二赛段-荒野寻珠] 阶段0: 搜索橙色小球 (已撞击 0/4)
[02:24|第二赛段-荒野寻珠] 阶段0: 搜索橙色小球 (已撞击 0/4)
[02:24|第二赛段-荒野寻珠] 阶段0: 搜索橙色小球 (已撞击 0/4)
[02:24|第二赛段-荒野寻珠] 阶段0: 搜索橙色小球 (已撞击 0/4)
[02:24|第二赛段-荒野寻珠] 阶段0: 搜索橙色小球 (已撞击 0/4)
[02:25|第二赛段-荒野寻珠] 阶段0: 搜索橙色小球 (已撞击 0/4)
[02:25|第二赛段-荒野寻珠] 阶段0: 搜索橙色小球 (已撞击 0/4)
[02:25|第二赛段-荒野寻珠] 阶段0: 搜索橙色小球 (已撞击 0/4)
[02:25|第二赛段-荒野寻珠] 阶段0: 搜索橙色小球 (已撞击 0/4)
[02:25|第二赛段-荒野寻珠] 阶段0: 搜索橙色小球 (已撞击 0/4)
[02:25|第二赛段-荒野寻珠] 阶段0: 搜索橙色小球 (已撞击 0/4)
[02:25|第二赛段-荒野寻珠] 阶段0: 搜索橙色小球 (已撞击 0/4)
[02:25|第二赛段-荒野寻珠] 阶段0: 搜索橙色小球 (已撞击 0/4)
[02:25|第二赛段-荒野寻珠] 阶段0: 搜索橙色小球 (已撞击 0/4)
[02:25|第二赛段-荒野寻珠] 阶段0: 搜索橙色小球 (已撞击 0/4)
[02:25|第二赛段-荒野寻珠] 阶段0: 搜索橙色小球 (已撞击 0/4)
[02:25|第二赛段-荒野寻珠] 阶段0: 搜索橙色小球 (已撞击 0/4)
[02:25|第二赛段-荒野寻珠] 阶段0: 搜索橙色小球 (已撞击 0/4)
[02:25|第二赛段-荒野寻珠] 阶段0: 搜索橙色小球 (已撞击 0/4)
[02:25|第二赛段-荒野寻珠] 阶段0: 搜索橙色小球 (已撞击 0/4)
[02:25|第二赛段-荒野寻珠] 阶段0: 搜索橙色小球 (已撞击 0/4)
[02:25|第二赛段-荒野寻珠] 阶段0: 搜索橙色小球 (已撞击 0/4)
[02:25|第二赛段-荒野寻珠] 阶段0: 搜索橙色小球 (已撞击 0/4)
[02:25|第二赛段-荒野寻珠] 阶段0: 搜索橙色小球 (已撞击 0/4)
[02:25|第二赛段-荒野寻珠] 阶段0: 搜索橙色小球 (已撞击 0/4)
[02:25|第二赛段-荒野寻珠] 阶段0: 搜索橙色小球 (已撞击 0/4)
[02:25|第二赛段-荒野寻珠] 阶段0: 搜索橙色小球 (已撞击 0/4)
[02:25|第二赛段-荒野寻珠] 阶段0: 搜索橙色小球 (已撞击 0/4)
[02:25|第二赛段-荒野寻珠] 阶段0: 搜索橙色小球 (已撞击 0/4)
[02:25|第二赛段-荒野寻珠] 阶段0: 搜索橙色小球 (已撞击 0/4)
[02:25|第二赛段-荒野寻珠] 阶段0: 搜索橙色小球 (已撞击 0/4)
[02:26|第二赛段-荒野寻珠] 阶段0: 搜索橙色小球 (已撞击 0/4)
[02:26|第二赛段-荒野寻珠] 阶段0: 搜索橙色小球 (已撞击 0/4)
[02:26|第二赛段-荒野寻珠] 阶段0: 搜索橙色小球 (已撞击 0/4)
[02:26|第二赛段-荒野寻珠] 阶段0: 搜索橙色小球 (已撞击 0/4)
[02:26|第二赛段-荒野寻珠] 阶段0: 搜索橙色小球 (已撞击 0/4)
[02:26|第二赛段-荒野寻珠] 阶段0: 搜索橙色小球 (已撞击 0/4)
[02:26|第二赛段-荒野寻珠] 阶段0: 搜索橙色小球 (已撞击 0/4)
[02:26|第二赛段-荒野寻珠] 阶段0: 搜索橙色小球 (已撞击 0/4)
[02:26|第二赛段-荒野寻珠] 阶段0: 搜索橙色小球 (已撞击 0/4)
[02:26|第二赛段-荒野寻珠] 阶段0: 搜索橙色小球 (已撞击 0/4)
[02:26|第二赛段-荒野寻珠] 阶段0: 搜索橙色小球 (已撞击 0/4)
[02:26|第二赛段-荒野寻珠] 阶段0: 搜索橙色小球 (已撞击 0/4)
[02:26|第二赛段-荒野寻珠] 阶段0: 搜索橙色小球 (已撞击 0/4)
[02:26|第二赛段-荒野寻珠] 阶段0: 搜索橙色小球 (已撞击 0/4)
[02:26|第二赛段-荒野寻珠] 阶段0: 搜索橙色小球 (已撞击 0/4)
[02:26|第二赛段-荒野寻珠] 阶段0: 搜索橙色小球 (已撞击 0/4)
[02:26|第二赛段-荒野寻珠] 阶段0: 搜索橙色小球 (已撞击 0/4)
[02:26|第二赛段-荒野寻珠] 阶段0: 搜索橙色小球 (已撞击 0/4)
[02:26|第二赛段-荒野寻珠] 阶段0: 搜索橙色小球 (已撞击 0/4)
[02:26|第二赛段-荒野寻珠] 阶段0: 搜索橙色小球 (已撞击 0/4)
[02:26|第二赛段-荒野寻珠] 阶段0: 搜索橙色小球 (已撞击 0/4)
[02:26|第二赛段-荒野寻珠] 阶段0: 搜索橙色小球 (已撞击 0/4)
[02:26|第二赛段-荒野寻珠] 阶段0: 搜索橙色小球 (已撞击 0/4)
[02:26|第二赛段-荒野寻珠] 阶段0: 搜索橙色小球 (已撞击 0/4)
[02:26|第二赛段-荒野寻珠] 阶段0: 搜索橙色小球 (已撞击 0/4)
[02:26|第二赛段-荒野寻珠] 阶段0: 搜索橙色小球 (已撞击 0/4)
[02:34|第二赛段-荒野寻珠] 阶段0: 搜索橙色小球 (已撞击 0/4)
[02:34|第二赛段-荒野寻珠] 阶段0: 搜索橙色小球 (已撞击 0/4)
[02:35|第二赛段-荒野寻珠] 阶段0: 搜索橙色小球 (已撞击 0/4)
[02:35|第二赛段-荒野寻珠] 阶段0: 搜索橙色小球 (已撞击 0/4)
[02:35|第二赛段-荒野寻珠] 阶段0: 搜索橙色小球 (已撞击 0/4)
[02:35|第二赛段-荒野寻珠] 阶段0: 搜索橙色小球 (已撞击 0/4)
[02:35|第二赛段-荒野寻珠] 阶段0: 搜索橙色小球 (已撞击 0/4)
[02:35|第二赛段-荒野寻珠] 阶段0: 搜索橙色小球 (已撞击 0/4)
[02:35|第二赛段-荒野寻珠] 阶段0: 搜索橙色小球 (已撞击 0/4)
[02:35|第二赛段-荒野寻珠] 阶段0: 搜索橙色小球 (已撞击 0/4)
[02:35|第二赛段-荒野寻珠] 阶段0: 搜索橙色小球 (已撞击 0/4)
[02:35|第二赛段-荒野寻珠] 阶段0: 搜索橙色小球 (已撞击 0/4)
[02:35|第二赛段-荒野寻珠] 阶段0: 搜索橙色小球 (已撞击 0/4)
[02:35|第二赛段-荒野寻珠] 阶段0: 搜索橙色小球 (已撞击 0/4)
[02:35|第二赛段-荒野寻珠] 阶段0: 搜索橙色小球 (已撞击 0/4)
[02:35|第二赛段-荒野寻珠] 阶段0: 搜索橙色小球 (已撞击 0/4)
[02:35|第二赛段-荒野寻珠] 阶段0: 搜索橙色小球 (已撞击 0/4)
[02:35|第二赛段-荒野寻珠] 阶段0: 搜索橙色小球 (已撞击 0/4)
[02:35|第二赛段-荒野寻珠] 阶段0: 搜索橙色小球 (已撞击 0/4)
[02:35|第二赛段-荒野寻珠] 阶段0: 搜索橙色小球 (已撞击 0/4)
[02:35|第二赛段-荒野寻珠] 阶段0: 搜索橙色小球 (已撞击 0/4)
[02:35|第二赛段-荒野寻珠] 阶段0: 搜索橙色小球 (已撞击 0/4)
[02:35|第二赛段-荒野寻珠] 阶段0: 搜索橙色小球 (已撞击 0/4)
[02:35|第二赛段-荒野寻珠] 阶段0: 搜索橙色小球 (已撞击 0/4)
[02:35|第二赛段-荒野寻珠] 阶段0: 搜索橙色小球 (已撞击 0/4)
[02:35|第二赛段-荒野寻珠] 阶段0: 搜索橙色小球 (已撞击 0/4)
[02:36|第二赛段-荒野寻珠] 阶段0: 搜索橙色小球 (已撞击 0/4)
[02:36|第二赛段-荒野寻珠] 阶段0: 搜索橙色小球 (已撞击 0/4)
[02:36|第二赛段-荒野寻珠] 阶段0: 搜索橙色小球 (已撞击 0/4)
[02:36|第二赛段-荒野寻珠] 阶段0: 搜索橙色小球 (已撞击 0/4)
[02:36|第二赛段-荒野寻珠] 阶段0: 搜索橙色小球 (已撞击 0/4)
[02:36|第二赛段-荒野寻珠] 阶段0: 搜索橙色小球 (已撞击 0/4)
[02:36|第二赛段-荒野寻珠] 阶段0: 搜索橙色小球 (已撞击 0/4)
[02:36|第二赛段-荒野寻珠] 阶段0: 搜索橙色小球 (已撞击 0/4)
[02:36|第二赛段-荒野寻珠] 阶段0: 搜索橙色小球 (已撞击 0/4)
[02:36|第二赛段-荒野寻珠] 阶段0: 搜索橙色小球 (已撞击 0/4)
[02:36|第二赛段-荒野寻珠] 阶段0: 搜索橙色小球 (已撞击 0/4)
[02:36|第二赛段-荒野寻珠] 阶段0: 搜索橙色小球 (已撞击 0/4)
[02:36|第二赛段-荒野寻珠] 阶段0: 搜索橙色小球 (已撞击 0/4)
[02:36|第二赛段-荒野寻珠] 阶段0: 搜索橙色小球 (已撞击 0/4)
[02:36|第二赛段-荒野寻珠] 阶段0: 搜索橙色小球 (已撞击 0/4)
[02:36|第二赛段-荒野寻珠] 阶段0: 搜索橙色小球 (已撞击 0/4)
[02:36|第二赛段-荒野寻珠] 阶段0: 搜索橙色小球 (已撞击 0/4)
[02:36|第二赛段-荒野寻珠] 阶段0: 搜索橙色小球 (已撞击 0/4)
[02:36|第二赛段-荒野寻珠] 阶段0: 搜索橙色小球 (已撞击 0/4)
[02:36|第二赛段-荒野寻珠] 阶段0: 搜索橙色小球 (已撞击 0/4)
[02:36|第二赛段-荒野寻珠] 阶段0: 搜索橙色小球 (已撞击 0/4)
[02:36|第二赛段-荒野寻珠] 阶段0: 搜索橙色小球 (已撞击 0/4)
[02:36|第二赛段-荒野寻珠] 阶段0: 搜索橙色小球 (已撞击 0/4)
[02:36|第二赛段-荒野寻珠] 阶段0: 搜索橙色小球 (已撞击 0/4)
[02:36|第二赛段-荒野寻珠] 阶段0: 搜索橙色小球 (已撞击 0/4)
[02:36|第二赛段-荒野寻珠] 阶段0: 搜索橙色小球 (已撞击 0/4)
[02:37|第二赛段-荒野寻珠] 阶段0: 搜索橙色小球 (已撞击 0/4)
[02:37|第二赛段-荒野寻珠] 阶段0: 搜索橙色小球 (已撞击 0/4)
[02:37|第二赛段-荒野寻珠] 阶段0: 搜索橙色小球 (已撞击 0/4)
[02:37|第二赛段-荒野寻珠] 阶段0: 搜索橙色小球 (已撞击 0/4)
[02:37|第二赛段-荒野寻珠] 阶段0: 搜索橙色小球 (已撞击 0/4)
[02:37|第二赛段-荒野寻珠] 阶段0: 搜索橙色小球 (已撞击 0/4)
[02:37|第二赛段-荒野寻珠] 阶段0: 搜索橙色小球 (已撞击 0/4)
[02:37|第二赛段-荒野寻珠] 阶段0: 搜索橙色小球 (已撞击 0/4)
[02:37|第二赛段-荒野寻珠] 阶段0: 搜索橙色小球 (已撞击 0/4)
[02:37|第二赛段-荒野寻珠] 阶段0: 搜索橙色小球 (已撞击 0/4)
[02:37|第二赛段-荒野寻珠] 阶段0: 搜索橙色小球 (已撞击 0/4)
[02:37|第二赛段-荒野寻珠] 阶段0: 搜索橙色小球 (已撞击 0/4)
[02:37|第二赛段-荒野寻珠] 阶段0: 搜索橙色小球 (已撞击 0/4)
[02:37|第二赛段-荒野寻珠] 阶段0: 搜索橙色小球 (已撞击 0/4)
[02:37|第二赛段-荒野寻珠] 阶段0: 搜索橙色小球 (已撞击 0/4)
[02:37|第二赛段-荒野寻珠] 阶段0: 搜索橙色小球 (已撞击 0/4)
[02:37|第二赛段-荒野寻珠] 阶段0: 搜索橙色小球 (已撞击 0/4)
[02:37|第二赛段-荒野寻珠] 阶段0: 搜索橙色小球 (已撞击 0/4)
[02:37|第二赛段-荒野寻珠] 阶段0: 搜索橙色小球 (已撞击 0/4)
[02:37|第二赛段-荒野寻珠] 阶段0: 搜索橙色小球 (已撞击 0/4)
[02:37|第二赛段-荒野寻珠] 阶段0: 搜索橙色小球 (已撞击 0/4)
[02:37|第二赛段-荒野寻珠] 阶段0: 搜索橙色小球 (已撞击 0/4)
[02:37|第二赛段-荒野寻珠] 阶段0: 搜索橙色小球 (已撞击 0/4)
[02:38|第二赛段-荒野寻珠] 阶段0: 搜索橙色小球 (已撞击 0/4)
[02:38|第二赛段-荒野寻珠] 阶段0: 搜索橙色小球 (已撞击 0/4)
[02:38|第二赛段-荒野寻珠] 阶段0: 搜索橙色小球 (已撞击 0/4)
[02:38|第二赛段-荒野寻珠] 阶段0: 搜索橙色小球 (已撞击 0/4)
[02:38|第二赛段-荒野寻珠] 阶段0: 搜索橙色小球 (已撞击 0/4)
[02:38|第二赛段-荒野寻珠] 阶段0: 搜索橙色小球 (已撞击 0/4)
[02:38|第二赛段-荒野寻珠] 阶段0: 搜索橙色小球 (已撞击 0/4)
[02:38|第二赛段-荒野寻珠] 阶段0: 搜索橙色小球 (已撞击 0/4)
[02:38|第二赛段-荒野寻珠] 阶段0: 搜索橙色小球 (已撞击 0/4)
[02:38|第二赛段-荒野寻珠] 阶段0: 搜索橙色小球 (已撞击 0/4)
[02:38|第二赛段-荒野寻珠] 阶段0: 搜索橙色小球 (已撞击 0/4)
[02:38|第二赛段-荒野寻珠] 阶段0: 搜索橙色小球 (已撞击 0/4)
[02:38|第二赛段-荒野寻珠] 阶段0: 搜索橙色小球 (已撞击 0/4)
[02:38|第二赛段-荒野寻珠] 阶段0: 搜索橙色小球 (已撞击 0/4)
[02:38|第二赛段-荒野寻珠] 阶段0: 搜索橙色小球 (已撞击 0/4)
[02:38|第二赛段-荒野寻珠] 阶段0: 搜索橙色小球 (已撞击 0/4)
[02:38|第二赛段-荒野寻珠] 阶段0: 搜索橙色小球 (已撞击 0/4)
[02:38|第二赛段-荒野寻珠] 阶段0: 搜索橙色小球 (已撞击 0/4)
[02:38|第二赛段-荒野寻珠] 阶段0: 搜索橙色小球 (已撞击 0/4)
[02:38|第二赛段-荒野寻珠] 阶段0: 搜索橙色小球 (已撞击 0/4)
[02:38|第二赛段-荒野寻珠] 阶段0: 搜索橙色小球 (已撞击 0/4)
[02:38|第二赛段-荒野寻珠] 阶段0: 搜索橙色小球 (已撞击 0/4)
[02:38|第二赛段-荒野寻珠] 阶段0: 搜索橙色小球 (已撞击 0/4)
[02:38|第二赛段-荒野寻珠] 阶段0: 搜索橙色小球 (已撞击 0/4)
[02:39|第二赛段-荒野寻珠] 阶段0: 搜索橙色小球 (已撞击 0/4)
[02:39|第二赛段-荒野寻珠] 阶段0: 搜索橙色小球 (已撞击 0/4)
[02:39|第二赛段-荒野寻珠] 阶段0: 搜索橙色小球 (已撞击 0/4)
[02:39|第二赛段-荒野寻珠] 阶段0: 搜索橙色小球 (已撞击 0/4)
[02:39|第二赛段-荒野寻珠] 阶段0: 搜索橙色小球 (已撞击 0/4)
[02:39|第二赛段-荒野寻珠] 阶段0: 搜索橙色小球 (已撞击 0/4)
[02:39|第二赛段-荒野寻珠] 阶段0: 搜索橙色小球 (已撞击 0/4)
[02:39|第二赛段-荒野寻珠] 阶段0: 搜索橙色小球 (已撞击 0/4)
[02:39|第二赛段-荒野寻珠] 阶段0: 搜索橙色小球 (已撞击 0/4)
[02:39|第二赛段-荒野寻珠] 阶段0: 搜索橙色小球 (已撞击 0/4)
[02:39|第二赛段-荒野寻珠] 阶段0: 搜索橙色小球 (已撞击 0/4)
[02:39|第二赛段-荒野寻珠] 阶段0: 搜索橙色小球 (已撞击 0/4)
[02:39|第二赛段-荒野寻珠] 阶段0: 搜索橙色小球 (已撞击 0/4)
[02:39|第二赛段-荒野寻珠] 阶段0: 搜索橙色小球 (已撞击 0/4)
[02:39|第二赛段-荒野寻珠] 阶段0: 搜索橙色小球 (已撞击 0/4)
[02:39|第二赛段-荒野寻珠] 阶段0: 搜索橙色小球 (已撞击 0/4)
[02:39|第二赛段-荒野寻珠] 阶段0: 搜索橙色小球 (已撞击 0/4)
[02:39|第二赛段-荒野寻珠] 阶段0: 搜索橙色小球 (已撞击 0/4)
[02:39|第二赛段-荒野寻珠] 阶段0: 搜索橙色小球 (已撞击 0/4)
[02:39|第二赛段-荒野寻珠] 阶段0: 搜索橙色小球 (已撞击 0/4)
[02:39|第二赛段-荒野寻珠] 阶段0: 搜索橙色小球 (已撞击 0/4)
[02:39|第二赛段-荒野寻珠] 阶段0: 搜索橙色小球 (已撞击 0/4)
[02:39|第二赛段-荒野寻珠] 阶段0: 搜索橙色小球 (已撞击 0/4)
[02:39|第二赛段-荒野寻珠] 阶段0: 搜索橙色小球 (已撞击 0/4)
[02:39|第二赛段-荒野寻珠] 阶段0: 搜索橙色小球 (已撞击 0/4)
[02:39|第二赛段-荒野寻珠] 阶段0: 搜索橙色小球 (已撞击 0/4)
[02:39|第二赛段-荒野寻珠] 阶段0: 搜索橙色小球 (已撞击 0/4)
[02:39|第二赛段-荒野寻珠] 阶段0: 搜索橙色小球 (已撞击 0/4)
[02:40|第二赛段-荒野寻珠] 阶段0: 搜索橙色小球 (已撞击 0/4)
[02:40|第二赛段-荒野寻珠] 阶段0: 搜索橙色小球 (已撞击 0/4)
[02:40|第二赛段-荒野寻珠] 阶段0: 搜索橙色小球 (已撞击 0/4)
[02:40|第二赛段-荒野寻珠] 阶段0: 搜索橙色小球 (已撞击 0/4)
[02:40|第二赛段-荒野寻珠] 阶段0: 搜索橙色小球 (已撞击 0/4)
[02:40|第二赛段-荒野寻珠] 阶段0: 搜索橙色小球 (已撞击 0/4)
[02:40|第二赛段-荒野寻珠] 阶段0: 搜索橙色小球 (已撞击 0/4)
[02:40|第二赛段-荒野寻珠] 阶段0: 搜索橙色小球 (已撞击 0/4)
[02:40|第二赛段-荒野寻珠] 阶段0: 搜索橙色小球 (已撞击 0/4)
[02:40|第二赛段-荒野寻珠] 阶段0: 搜索橙色小球 (已撞击 0/4)
[02:40|第二赛段-荒野寻珠] 阶段0: 搜索橙色小球 (已撞击 0/4)
[02:40|第二赛段-荒野寻珠] 阶段0: 搜索橙色小球 (已撞击 0/4)
[02:40|第二赛段-荒野寻珠] 阶段0: 搜索橙色小球 (已撞击 0/4)
[02:40|第二赛段-荒野寻珠] 阶段0: 搜索橙色小球 (已撞击 0/4)
[02:40|第二赛段-荒野寻珠] 阶段0: 搜索橙色小球 (已撞击 0/4)
[02:40|第二赛段-荒野寻珠] 阶段0: 搜索橙色小球 (已撞击 0/4)
[02:40|第二赛段-荒野寻珠] 阶段0: 搜索橙色小球 (已撞击 0/4)
[02:40|第二赛段-荒野寻珠] 阶段0: 搜索橙色小球 (已撞击 0/4)
[02:40|第二赛段-荒野寻珠] 阶段0: 搜索橙色小球 (已撞击 0/4)
[02:40|第二赛段-荒野寻珠] 阶段0: 搜索橙色小球 (已撞击 0/4)
[02:40|第二赛段-荒野寻珠] 阶段0: 搜索橙色小球 (已撞击 0/4)
[02:40|第二赛段-荒野寻珠] 阶段0: 搜索橙色小球 (已撞击 0/4)
[02:40|第二赛段-荒野寻珠] 阶段0: 搜索橙色小球 (已撞击 0/4)
[02:40|第二赛段-荒野寻珠] 阶段0: 搜索橙色小球 (已撞击 0/4)
[02:40|第二赛段-荒野寻珠] 阶段0: 搜索橙色小球 (已撞击 0/4)
[02:41|第二赛段-荒野寻珠] 阶段0: 搜索橙色小球 (已撞击 0/4)
[02:41|第二赛段-荒野寻珠] 阶段0: 搜索橙色小球 (已撞击 0/4)
[02:41|第二赛段-荒野寻珠] 阶段0: 搜索橙色小球 (已撞击 0/4)
[02:41|第二赛段-荒野寻珠] 阶段0: 搜索橙色小球 (已撞击 0/4)
[02:41|第二赛段-荒野寻珠] 阶段0: 搜索橙色小球 (已撞击 0/4)
[02:41|第二赛段-荒野寻珠] 阶段0: 搜索橙色小球 (已撞击 0/4)
[02:41|第二赛段-荒野寻珠] 阶段0: 搜索橙色小球 (已撞击 0/4)
[02:41|第二赛段-荒野寻珠] 阶段0: 搜索橙色小球 (已撞击 0/4)
[02:41|第二赛段-荒野寻珠] 阶段0: 搜索橙色小球 (已撞击 0/4)
[02:41|第二赛段-荒野寻珠] 阶段0: 搜索橙色小球 (已撞击 0/4)
[02:41|第二赛段-荒野寻珠] 阶段0: 搜索橙色小球 (已撞击 0/4)
[02:41|第二赛段-荒野寻珠] 阶段0: 搜索橙色小球 (已撞击 0/4)
[02:41|第二赛段-荒野寻珠] 阶段0: 搜索橙色小球 (已撞击 0/4)
[02:41|第二赛段-荒野寻珠] 阶段0: 搜索橙色小球 (已撞击 0/4)
[02:41|第二赛段-荒野寻珠] 阶段0: 搜索橙色小球 (已撞击 0/4)
[02:41|第二赛段-荒野寻珠] 阶段0: 搜索橙色小球 (已撞击 0/4)
[02:41|第二赛段-荒野寻珠] 阶段0: 搜索橙色小球 (已撞击 0/4)
[02:41|第二赛段-荒野寻珠] 阶段0: 搜索橙色小球 (已撞击 0/4)
[02:41|第二赛段-荒野寻珠] 阶段0: 搜索橙色小球 (已撞击 0/4)
[02:41|第二赛段-荒野寻珠] 阶段0: 搜索橙色小球 (已撞击 0/4)
[02:41|第二赛段-荒野寻珠] 阶段0: 搜索橙色小球 (已撞击 0/4)
[02:41|第二赛段-荒野寻珠] 阶段0: 搜索橙色小球 (已撞击 0/4)
[02:41|第二赛段-荒野寻珠] 阶段0: 搜索橙色小球 (已撞击 0/4)
[02:41|第二赛段-荒野寻珠] 阶段0: 搜索橙色小球 (已撞击 0/4)
[02:41|第二赛段-荒野寻珠] 阶段0: 搜索橙色小球 (已撞击 0/4)
[02:41|第二赛段-荒野寻珠] 阶段0: 搜索橙色小球 (已撞击 0/4)
[02:41|第二赛段-荒野寻珠] 阶段0: 搜索橙色小球 (已撞击 0/4)
[02:41|第二赛段-荒野寻珠] 阶段0: 搜索橙色小球 (已撞击 0/4)
[02:42|第二赛段-荒野寻珠] 阶段0: 搜索橙色小球 (已撞击 0/4)
[02:42|第二赛段-荒野寻珠] 阶段0: 搜索橙色小球 (已撞击 0/4)
[02:42|第二赛段-荒野寻珠] 阶段0: 搜索橙色小球 (已撞击 0/4)
[02:42|第二赛段-荒野寻珠] 阶段0: 搜索橙色小球 (已撞击 0/4)
[02:42|第二赛段-荒野寻珠] 阶段0: 搜索橙色小球 (已撞击 0/4)
[02:42|第二赛段-荒野寻珠] 阶段0: 搜索橙色小球 (已撞击 0/4)
[02:42|第二赛段-荒野寻珠] 阶段0: 搜索橙色小球 (已撞击 0/4)
[02:42|第二赛段-荒野寻珠] 阶段0: 搜索橙色小球 (已撞击 0/4)
[02:42|第二赛段-荒野寻珠] 阶段0: 搜索橙色小球 (已撞击 0/4)
[02:42|第二赛段-荒野寻珠] 阶段0: 搜索橙色小球 (已撞击 0/4)
[02:42|第二赛段-荒野寻珠] 阶段0: 搜索橙色小球 (已撞击 0/4)
[02:42|第二赛段-荒野寻珠] 阶段0: 搜索橙色小球 (已撞击 0/4)
[02:42|第二赛段-荒野寻珠] 阶段0: 搜索橙色小球 (已撞击 0/4)
[02:42|第二赛段-荒野寻珠] 阶段0: 搜索橙色小球 (已撞击 0/4)
[02:42|第二赛段-荒野寻珠] 阶段0: 搜索橙色小球 (已撞击 0/4)
[02:42|第二赛段-荒野寻珠] 阶段0: 搜索橙色小球 (已撞击 0/4)
[02:42|第二赛段-荒野寻珠] 阶段0: 搜索橙色小球 (已撞击 0/4)
[02:42|第二赛段-荒野寻珠] 阶段0: 搜索橙色小球 (已撞击 0/4)
[02:42|第二赛段-荒野寻珠] 阶段0: 搜索橙色小球 (已撞击 0/4)
[02:42|第二赛段-荒野寻珠] 阶段0: 搜索橙色小球 (已撞击 0/4)
[02:42|第二赛段-荒野寻珠] 阶段0: 搜索橙色小球 (已撞击 0/4)
[02:42|第二赛段-荒野寻珠] 阶段0: 搜索橙色小球 (已撞击 0/4)
[02:42|第二赛段-荒野寻珠] 阶段0: 搜索橙色小球 (已撞击 0/4)
[02:42|第二赛段-荒野寻珠] 阶段0: 搜索橙色小球 (已撞击 0/4)
[02:42|第二赛段-荒野寻珠] 阶段0: 搜索橙色小球 (已撞击 0/4)
[02:42|第二赛段-荒野寻珠] 阶段0: 搜索橙色小球 (已撞击 0/4)
[02:43|第二赛段-荒野寻珠] 阶段0: 搜索橙色小球 (已撞击 0/4)
[02:43|第二赛段-荒野寻珠] 阶段0: 搜索橙色小球 (已撞击 0/4)
[02:43|第二赛段-荒野寻珠] 阶段0: 搜索橙色小球 (已撞击 0/4)
[02:43|第二赛段-荒野寻珠] 阶段0: 搜索橙色小球 (已撞击 0/4)
[02:43|第二赛段-荒野寻珠] 阶段0: 搜索橙色小球 (已撞击 0/4)
[02:43|第二赛段-荒野寻珠] 阶段0: 搜索橙色小球 (已撞击 0/4)
[02:43|第二赛段-荒野寻珠] 阶段0: 搜索橙色小球 (已撞击 0/4)
[02:43|第二赛段-荒野寻珠] 阶段0: 搜索橙色小球 (已撞击 0/4)
[02:43|第二赛段-荒野寻珠] 阶段0: 搜索橙色小球 (已撞击 0/4)
[02:43|第二赛段-荒野寻珠] 阶段0: 搜索橙色小球 (已撞击 0/4)
[02:43|第二赛段-荒野寻珠] 阶段0: 搜索橙色小球 (已撞击 0/4)
[02:43|第二赛段-荒野寻珠] 阶段0: 搜索橙色小球 (已撞击 0/4)
[02:43|第二赛段-荒野寻珠] 阶段0: 搜索橙色小球 (已撞击 0/4)
[02:43|第二赛段-荒野寻珠] 阶段0: 搜索橙色小球 (已撞击 0/4)
[02:43|第二赛段-荒野寻珠] 阶段0: 搜索橙色小球 (已撞击 0/4)
[02:43|第二赛段-荒野寻珠] 阶段0: 搜索橙色小球 (已撞击 0/4)
[02:43|第二赛段-荒野寻珠] 阶段0: 搜索橙色小球 (已撞击 0/4)
[02:43|第二赛段-荒野寻珠] 阶段0: 搜索橙色小球 (已撞击 0/4)
[02:43|第二赛段-荒野寻珠] 阶段0: 搜索橙色小球 (已撞击 0/4)
[02:43|第二赛段-荒野寻珠] 阶段0: 搜索橙色小球 (已撞击 0/4)
[02:43|第二赛段-荒野寻珠] 阶段0: 搜索橙色小球 (已撞击 0/4)
[02:43|第二赛段-荒野寻珠] 阶段0: 搜索橙色小球 (已撞击 0/4)
[02:43|第二赛段-荒野寻珠] 阶段0: 搜索橙色小球 (已撞击 0/4)
[02:43|第二赛段-荒野寻珠] 阶段0: 搜索橙色小球 (已撞击 0/4)
[02:44|第二赛段-荒野寻珠] 阶段0: 搜索橙色小球 (已撞击 0/4)
[02:44|第二赛段-荒野寻珠] 阶段0: 搜索橙色小球 (已撞击 0/4)
[02:44|第二赛段-荒野寻珠] 阶段0: 搜索橙色小球 (已撞击 0/4)
[02:44|第二赛段-荒野寻珠] 阶段0: 搜索橙色小球 (已撞击 0/4)
[02:44|第二赛段-荒野寻珠] 阶段0: 搜索橙色小球 (已撞击 0/4)
[02:44|第二赛段-荒野寻珠] 阶段0: 搜索橙色小球 (已撞击 0/4)
[02:44|第二赛段-荒野寻珠] 阶段0: 搜索橙色小球 (已撞击 0/4)
[02:44|第二赛段-荒野寻珠] 阶段0: 搜索橙色小球 (已撞击 0/4)
[02:44|第二赛段-荒野寻珠] 阶段0: 搜索橙色小球 (已撞击 0/4)
[02:44|第二赛段-荒野寻珠] 阶段0: 搜索橙色小球 (已撞击 0/4)
[02:44|第二赛段-荒野寻珠] 阶段0: 搜索橙色小球 (已撞击 0/4)
[02:44|第二赛段-荒野寻珠] 阶段0: 搜索橙色小球 (已撞击 0/4)
[02:44|第二赛段-荒野寻珠] 阶段0: 搜索橙色小球 (已撞击 0/4)
[02:44|第二赛段-荒野寻珠] 阶段0: 搜索橙色小球 (已撞击 0/4)
[02:44|第二赛段-荒野寻珠] 阶段0: 搜索橙色小球 (已撞击 0/4)
[02:44|第二赛段-荒野寻珠] 阶段0: 搜索橙色小球 (已撞击 0/4)
[02:44|第二赛段-荒野寻珠] 阶段0: 搜索橙色小球 (已撞击 0/4)
[02:44|第二赛段-荒野寻珠] 阶段0: 搜索橙色小球 (已撞击 0/4)
[02:44|第二赛段-荒野寻珠] 阶段0: 搜索橙色小球 (已撞击 0/4)
[02:44|第二赛段-荒野寻珠] 阶段0: 搜索橙色小球 (已撞击 0/4)
[02:44|第二赛段-荒野寻珠] 阶段0: 搜索橙色小球 (已撞击 0/4)
[02:44|第二赛段-荒野寻珠] 阶段0: 搜索橙色小球 (已撞击 0/4)
[02:44|第二赛段-荒野寻珠] 阶段0: 搜索橙色小球 (已撞击 0/4)
[02:44|第二赛段-荒野寻珠] 阶段0: 搜索橙色小球 (已撞击 0/4)
[02:44|第二赛段-荒野寻珠] 阶段0: 搜索橙色小球 (已撞击 0/4)
[02:45|第二赛段-荒野寻珠] 阶段0: 搜索橙色小球 (已撞击 0/4)
[02:45|第二赛段-荒野寻珠] 阶段0: 搜索橙色小球 (已撞击 0/4)
[02:45|第二赛段-荒野寻珠] 阶段0: 搜索橙色小球 (已撞击 0/4)
[02:45|第二赛段-荒野寻珠] 阶段0: 搜索橙色小球 (已撞击 0/4)
[02:45|第二赛段-荒野寻珠] 阶段0: 搜索橙色小球 (已撞击 0/4)
[02:45|第二赛段-荒野寻珠] 阶段0: 搜索橙色小球 (已撞击 0/4)
[02:45|第二赛段-荒野寻珠] 阶段0: 搜索橙色小球 (已撞击 0/4)
[02:45|第二赛段-荒野寻珠] 阶段0: 搜索橙色小球 (已撞击 0/4)
[02:45|第二赛段-荒野寻珠] 阶段0: 搜索橙色小球 (已撞击 0/4)
[02:45|第二赛段-荒野寻珠] 阶段0: 搜索橙色小球 (已撞击 0/4)
[02:45|第二赛段-荒野寻珠] 阶段0: 搜索橙色小球 (已撞击 0/4)
[02:45|第二赛段-荒野寻珠] 阶段0: 搜索橙色小球 (已撞击 0/4)
[02:45|第二赛段-荒野寻珠] 阶段0: 搜索橙色小球 (已撞击 0/4)
[02:45|第二赛段-荒野寻珠] 阶段0: 搜索橙色小球 (已撞击 0/4)
[02:45|第二赛段-荒野寻珠] 阶段0: 搜索橙色小球 (已撞击 0/4)
[02:45|第二赛段-荒野寻珠] 阶段0: 搜索橙色小球 (已撞击 0/4)
[02:45|第二赛段-荒野寻珠] 阶段0: 搜索橙色小球 (已撞击 0/4)
[02:45|第二赛段-荒野寻珠] 阶段0: 搜索橙色小球 (已撞击 0/4)
[02:45|第二赛段-荒野寻珠] 阶段0: 搜索橙色小球 (已撞击 0/4)
[02:45|第二赛段-荒野寻珠] 阶段0: 搜索橙色小球 (已撞击 0/4)
[02:45|第二赛段-荒野寻珠] 阶段0: 搜索橙色小球 (已撞击 0/4)
[02:45|第二赛段-荒野寻珠] 阶段0: 搜索橙色小球 (已撞击 0/4)
[02:45|第二赛段-荒野寻珠] 阶段0: 搜索橙色小球 (已撞击 0/4)
[02:45|第二赛段-荒野寻珠] 阶段0: 搜索橙色小球 (已撞击 0/4)
[02:45|第二赛段-荒野寻珠] 阶段0: 搜索橙色小球 (已撞击 0/4)
[02:46|第二赛段-荒野寻珠] 阶段0: 搜索橙色小球 (已撞击 0/4)
[02:46|第二赛段-荒野寻珠] 阶段0: 搜索橙色小球 (已撞击 0/4)
[02:46|第二赛段-荒野寻珠] 阶段0: 搜索橙色小球 (已撞击 0/4)
[02:46|第二赛段-荒野寻珠] 阶段0: 搜索橙色小球 (已撞击 0/4)
[02:46|第二赛段-荒野寻珠] 阶段0: 搜索橙色小球 (已撞击 0/4)
[02:46|第二赛段-荒野寻珠] 阶段0: 搜索橙色小球 (已撞击 0/4)
[02:46|第二赛段-荒野寻珠] 阶段0: 搜索橙色小球 (已撞击 0/4)
[02:46|第二赛段-荒野寻珠] 阶段0: 搜索橙色小球 (已撞击 0/4)
[02:46|第二赛段-荒野寻珠] 阶段0: 搜索橙色小球 (已撞击 0/4)
[02:46|第二赛段-荒野寻珠] 阶段0: 搜索橙色小球 (已撞击 0/4)
[02:46|第二赛段-荒野寻珠] 阶段0: 搜索橙色小球 (已撞击 0/4)
[02:46|第二赛段-荒野寻珠] 阶段0: 搜索橙色小球 (已撞击 0/4)
[02:46|第二赛段-荒野寻珠] 阶段0: 搜索橙色小球 (已撞击 0/4)
[02:46|第二赛段-荒野寻珠] 阶段0: 搜索橙色小球 (已撞击 0/4)
[02:46|第二赛段-荒野寻珠] 阶段0: 搜索橙色小球 (已撞击 0/4)
[02:46|第二赛段-荒野寻珠] 阶段0: 搜索橙色小球 (已撞击 0/4)
[02:46|第二赛段-荒野寻珠] 阶段0: 搜索橙色小球 (已撞击 0/4)
[02:46|第二赛段-荒野寻珠] 阶段0: 搜索橙色小球 (已撞击 0/4)
[02:46|第二赛段-荒野寻珠] 阶段0: 搜索橙色小球 (已撞击 0/4)
[02:46|第二赛段-荒野寻珠] 阶段0: 搜索橙色小球 (已撞击 0/4)
[02:46|第二赛段-荒野寻珠] 阶段0: 搜索橙色小球 (已撞击 0/4)
[02:46|第二赛段-荒野寻珠] 阶段0: 搜索橙色小球 (已撞击 0/4)
[02:46|第二赛段-荒野寻珠] 阶段0: 搜索橙色小球 (已撞击 0/4)
[02:46|第二赛段-荒野寻珠] 阶段0: 搜索橙色小球 (已撞击 0/4)
[02:46|第二赛段-荒野寻珠] 阶段0: 搜索橙色小球 (已撞击 0/4)
[02:54|第二赛段-荒野寻珠] 阶段0: 搜索橙色小球 (已撞击 0/4)
[02:54|第二赛段-荒野寻珠] 阶段0: 搜索橙色小球 (已撞击 0/4)
[02:55|第二赛段-荒野寻珠] 阶段0: 搜索橙色小球 (已撞击 0/4)
[02:55|第二赛段-荒野寻珠] 阶段0: 搜索橙色小球 (已撞击 0/4)
[02:55|第二赛段-荒野寻珠] 阶段0: 搜索橙色小球 (已撞击 0/4)
[02:55|第二赛段-荒野寻珠] 阶段0: 搜索橙色小球 (已撞击 0/4)
[02:55|第二赛段-荒野寻珠] 阶段0: 搜索橙色小球 (已撞击 0/4)
[02:55|第二赛段-荒野寻珠] 阶段0: 搜索橙色小球 (已撞击 0/4)
[02:55|第二赛段-荒野寻珠] 阶段0: 搜索橙色小球 (已撞击 0/4)
[02:55|第二赛段-荒野寻珠] 阶段0: 搜索橙色小球 (已撞击 0/4)
[02:55|第二赛段-荒野寻珠] 阶段0: 搜索橙色小球 (已撞击 0/4)
[02:55|第二赛段-荒野寻珠] 阶段0: 搜索橙色小球 (已撞击 0/4)
[02:55|第二赛段-荒野寻珠] 阶段0: 搜索橙色小球 (已撞击 0/4)
[02:55|第二赛段-荒野寻珠] 阶段0: 搜索橙色小球 (已撞击 0/4)
[02:55|第二赛段-荒野寻珠] 阶段0: 搜索橙色小球 (已撞击 0/4)
[02:55|第二赛段-荒野寻珠] 阶段0: 搜索橙色小球 (已撞击 0/4)
[02:55|第二赛段-荒野寻珠] 阶段0: 搜索橙色小球 (已撞击 0/4)
[02:55|第二赛段-荒野寻珠] 阶段0: 搜索橙色小球 (已撞击 0/4)
[02:55|第二赛段-荒野寻珠] 阶段0: 搜索橙色小球 (已撞击 0/4)
[02:55|第二赛段-荒野寻珠] 阶段0: 搜索橙色小球 (已撞击 0/4)
[02:55|第二赛段-荒野寻珠] 阶段0: 搜索橙色小球 (已撞击 0/4)
[02:55|第二赛段-荒野寻珠] 阶段0: 搜索橙色小球 (已撞击 0/4)
[02:55|第二赛段-荒野寻珠] 阶段0: 搜索橙色小球 (已撞击 0/4)
[02:55|第二赛段-荒野寻珠] 阶段0: 搜索橙色小球 (已撞击 0/4)
[02:55|第二赛段-荒野寻珠] 阶段0: 搜索橙色小球 (已撞击 0/4)
[02:55|第二赛段-荒野寻珠] 阶段0: 搜索橙色小球 (已撞击 0/4)
[02:55|第二赛段-荒野寻珠] 阶段0: 搜索橙色小球 (已撞击 0/4)
[02:55|第二赛段-荒野寻珠] 阶段0: 搜索橙色小球 (已撞击 0/4)
[02:55|第二赛段-荒野寻珠] 阶段0: 搜索橙色小球 (已撞击 0/4)
[02:55|第二赛段-荒野寻珠] 阶段0: 搜索橙色小球 (已撞击 0/4)
[02:55|第二赛段-荒野寻珠] 阶段0: 搜索橙色小球 (已撞击 0/4)
[02:55|第二赛段-荒野寻珠] 阶段0: 搜索橙色小球 (已撞击 0/4)
[02:55|第二赛段-荒野寻珠] 阶段0: 搜索橙色小球 (已撞击 0/4)
[02:56|第二赛段-荒野寻珠] 阶段0: 搜索橙色小球 (已撞击 0/4)
[02:56|第二赛段-荒野寻珠] 阶段0: 搜索橙色小球 (已撞击 0/4)
[02:56|第二赛段-荒野寻珠] 阶段0: 搜索橙色小球 (已撞击 0/4)
[02:56|第二赛段-荒野寻珠] 阶段0: 搜索橙色小球 (已撞击 0/4)
[02:56|第二赛段-荒野寻珠] 阶段0: 搜索橙色小球 (已撞击 0/4)
[02:56|第二赛段-荒野寻珠] 阶段0: 搜索橙色小球 (已撞击 0/4)
[02:56|第二赛段-荒野寻珠] 阶段0: 搜索橙色小球 (已撞击 0/4)
[02:56|第二赛段-荒野寻珠] 阶段0: 搜索橙色小球 (已撞击 0/4)
[02:56|第二赛段-荒野寻珠] 阶段0: 搜索橙色小球 (已撞击 0/4)
[02:56|第二赛段-荒野寻珠] 阶段0: 搜索橙色小球 (已撞击 0/4)
[02:56|第二赛段-荒野寻珠] 阶段0: 搜索橙色小球 (已撞击 0/4)
[02:56|第二赛段-荒野寻珠] 阶段0: 搜索橙色小球 (已撞击 0/4)
[02:56|第二赛段-荒野寻珠] 阶段0: 搜索橙色小球 (已撞击 0/4)
[02:56|第二赛段-荒野寻珠] 阶段0: 搜索橙色小球 (已撞击 0/4)
[02:56|第二赛段-荒野寻珠] 阶段0: 搜索橙色小球 (已撞击 0/4)
[02:56|第二赛段-荒野寻珠] 阶段0: 搜索橙色小球 (已撞击 0/4)
[02:56|第二赛段-荒野寻珠] 阶段0: 搜索橙色小球 (已撞击 0/4)
[02:56|第二赛段-荒野寻珠] 阶段0: 搜索橙色小球 (已撞击 0/4)
[02:56|第二赛段-荒野寻珠] 阶段0: 搜索橙色小球 (已撞击 0/4)
[02:56|第二赛段-荒野寻珠] 阶段0: 搜索橙色小球 (已撞击 0/4)
[02:56|第二赛段-荒野寻珠] 阶段0: 搜索橙色小球 (已撞击 0/4)
[02:56|第二赛段-荒野寻珠] 阶段0: 搜索橙色小球 (已撞击 0/4)
[02:56|第二赛段-荒野寻珠] 阶段0: 搜索橙色小球 (已撞击 0/4)
[02:56|第二赛段-荒野寻珠] 阶段0: 搜索橙色小球 (已撞击 0/4)
[02:56|第二赛段-荒野寻珠] 阶段0: 搜索橙色小球 (已撞击 0/4)
[02:56|第二赛段-荒野寻珠] 阶段0: 搜索橙色小球 (已撞击 0/4)
[02:56|第二赛段-荒野寻珠] 阶段0: 搜索橙色小球 (已撞击 0/4)
[02:56|第二赛段-荒野寻珠] 阶段0: 搜索橙色小球 (已撞击 0/4)
[02:56|第二赛段-荒野寻珠] 阶段0: 搜索橙色小球 (已撞击 0/4)
[02:56|第二赛段-荒野寻珠] 阶段0: 搜索橙色小球 (已撞击 0/4)
[02:56|第二赛段-荒野寻珠] 阶段0: 搜索橙色小球 (已撞击 0/4)
[02:57|第二赛段-荒野寻珠] 阶段0: 搜索橙色小球 (已撞击 0/4)
[02:57|第二赛段-荒野寻珠] 阶段0: 搜索橙色小球 (已撞击 0/4)
[02:57|第二赛段-荒野寻珠] 阶段0: 搜索橙色小球 (已撞击 0/4)
[02:57|第二赛段-荒野寻珠] 阶段0: 搜索橙色小球 (已撞击 0/4)
[02:57|第二赛段-荒野寻珠] 阶段0: 搜索橙色小球 (已撞击 0/4)
[02:57|第二赛段-荒野寻珠] 阶段0: 搜索橙色小球 (已撞击 0/4)
[02:57|第二赛段-荒野寻珠] 阶段0: 搜索橙色小球 (已撞击 0/4)
[02:57|第二赛段-荒野寻珠] 阶段0: 搜索橙色小球 (已撞击 0/4)
[02:57|第二赛段-荒野寻珠] 阶段0: 搜索橙色小球 (已撞击 0/4)
[02:57|第二赛段-荒野寻珠] 阶段0: 搜索橙色小球 (已撞击 0/4)
[02:57|第二赛段-荒野寻珠] 阶段0: 搜索橙色小球 (已撞击 0/4)
[02:57|第二赛段-荒野寻珠] 阶段0: 搜索橙色小球 (已撞击 0/4)
[02:57|第二赛段-荒野寻珠] 阶段0: 搜索橙色小球 (已撞击 0/4)
[02:57|第二赛段-荒野寻珠] 阶段0: 搜索橙色小球 (已撞击 0/4)
[02:57|第二赛段-荒野寻珠] 阶段0: 搜索橙色小球 (已撞击 0/4)
[02:57|第二赛段-荒野寻珠] 阶段0: 搜索橙色小球 (已撞击 0/4)
[02:57|第二赛段-荒野寻珠] 阶段0: 搜索橙色小球 (已撞击 0/4)
[02:57|第二赛段-荒野寻珠] 阶段0: 搜索橙色小球 (已撞击 0/4)
[02:57|第二赛段-荒野寻珠] 阶段0: 搜索橙色小球 (已撞击 0/4)
[02:57|第二赛段-荒野寻珠] 阶段0: 搜索橙色小球 (已撞击 0/4)
[02:57|第二赛段-荒野寻珠] 阶段0: 搜索橙色小球 (已撞击 0/4)
[02:57|第二赛段-荒野寻珠] 阶段0: 搜索橙色小球 (已撞击 0/4)
[02:57|第二赛段-荒野寻珠] 阶段0: 搜索橙色小球 (已撞击 0/4)
[02:57|第二赛段-荒野寻珠] 阶段0: 搜索橙色小球 (已撞击 0/4)
[02:57|第二赛段-荒野寻珠] 阶段0: 搜索橙色小球 (已撞击 0/4)
[02:57|第二赛段-荒野寻珠] 阶段0: 搜索橙色小球 (已撞击 0/4)
[02:57|第二赛段-荒野寻珠] 阶段0: 搜索橙色小球 (已撞击 0/4)
[02:57|第二赛段-荒野寻珠] 阶段0: 搜索橙色小球 (已撞击 0/4)
[02:57|第二赛段-荒野寻珠] 阶段0: 搜索橙色小球 (已撞击 0/4)
[02:57|第二赛段-荒野寻珠] 阶段0: 搜索橙色小球 (已撞击 0/4)
[02:57|第二赛段-荒野寻珠] 阶段0: 搜索橙色小球 (已撞击 0/4)
[02:57|第二赛段-荒野寻珠] 阶段0: 搜索橙色小球 (已撞击 0/4)
[02:58|第二赛段-荒野寻珠] 阶段0: 搜索橙色小球 (已撞击 0/4)
[02:58|第二赛段-荒野寻珠] 阶段0: 搜索橙色小球 (已撞击 0/4)
[02:58|第二赛段-荒野寻珠] 阶段0: 搜索橙色小球 (已撞击 0/4)
[02:58|第二赛段-荒野寻珠] 阶段0: 搜索橙色小球 (已撞击 0/4)
[02:58|第二赛段-荒野寻珠] 阶段0: 搜索橙色小球 (已撞击 0/4)
[02:58|第二赛段-荒野寻珠] 阶段0: 搜索橙色小球 (已撞击 0/4)
[02:58|第二赛段-荒野寻珠] 阶段0: 搜索橙色小球 (已撞击 0/4)
[02:58|第二赛段-荒野寻珠] 阶段0: 搜索橙色小球 (已撞击 0/4)
[02:58|第二赛段-荒野寻珠] 阶段0: 搜索橙色小球 (已撞击 0/4)
[02:58|第二赛段-荒野寻珠] 阶段0: 搜索橙色小球 (已撞击 0/4)
[02:58|第二赛段-荒野寻珠] 阶段0: 搜索橙色小球 (已撞击 0/4)
[02:58|第二赛段-荒野寻珠] 阶段0: 搜索橙色小球 (已撞击 0/4)
[02:58|第二赛段-荒野寻珠] 阶段0: 搜索橙色小球 (已撞击 0/4)
[02:58|第二赛段-荒野寻珠] 阶段0: 搜索橙色小球 (已撞击 0/4)
[02:58|第二赛段-荒野寻珠] 阶段0: 搜索橙色小球 (已撞击 0/4)
[02:58|第二赛段-荒野寻珠] 阶段0: 搜索橙色小球 (已撞击 0/4)
[02:58|第二赛段-荒野寻珠] 阶段0: 搜索橙色小球 (已撞击 0/4)
[02:58|第二赛段-荒野寻珠] 阶段0: 搜索橙色小球 (已撞击 0/4)
[02:58|第二赛段-荒野寻珠] 阶段0: 搜索橙色小球 (已撞击 0/4)
[02:58|第二赛段-荒野寻珠] 阶段0: 搜索橙色小球 (已撞击 0/4)
[02:58|第二赛段-荒野寻珠] 阶段0: 搜索橙色小球 (已撞击 0/4)
[02:58|第二赛段-荒野寻珠] 阶段0: 搜索橙色小球 (已撞击 0/4)
[02:58|第二赛段-荒野寻珠] 阶段0: 搜索橙色小球 (已撞击 0/4)
[02:58|第二赛段-荒野寻珠] 阶段0: 搜索橙色小球 (已撞击 0/4)
[02:58|第二赛段-荒野寻珠] 阶段0: 搜索橙色小球 (已撞击 0/4)
[02:58|第二赛段-荒野寻珠] 阶段0: 搜索橙色小球 (已撞击 0/4)
[02:58|第二赛段-荒野寻珠] 阶段0: 搜索橙色小球 (已撞击 0/4)
[02:58|第二赛段-荒野寻珠] 阶段0: 搜索橙色小球 (已撞击 0/4)
[02:58|第二赛段-荒野寻珠] 阶段0: 搜索橙色小球 (已撞击 0/4)
[02:58|第二赛段-荒野寻珠] 阶段0: 搜索橙色小球 (已撞击 0/4)
[02:58|第二赛段-荒野寻珠] 阶段0: 搜索橙色小球 (已撞击 0/4)
[02:58|第二赛段-荒野寻珠] 阶段0: 搜索橙色小球 (已撞击 0/4)
[02:59|第二赛段-荒野寻珠] 阶段0: 搜索橙色小球 (已撞击 0/4)
[02:59|第二赛段-荒野寻珠] 阶段0: 搜索橙色小球 (已撞击 0/4)
[02:59|第二赛段-荒野寻珠] 阶段0: 搜索橙色小球 (已撞击 0/4)
[02:59|第二赛段-荒野寻珠] 阶段0: 搜索橙色小球 (已撞击 0/4)
[02:59|第二赛段-荒野寻珠] 阶段0: 搜索橙色小球 (已撞击 0/4)
[02:59|第二赛段-荒野寻珠] 阶段0: 搜索橙色小球 (已撞击 0/4)
[02:59|第二赛段-荒野寻珠] 阶段0: 搜索橙色小球 (已撞击 0/4)
[02:59|第二赛段-荒野寻珠] 阶段0: 搜索橙色小球 (已撞击 0/4)
[02:59|第二赛段-荒野寻珠] 阶段0: 搜索橙色小球 (已撞击 0/4)
[02:59|第二赛段-荒野寻珠] 阶段0: 搜索橙色小球 (已撞击 0/4)
[02:59|第二赛段-荒野寻珠] 阶段0: 搜索橙色小球 (已撞击 0/4)
[02:59|第二赛段-荒野寻珠] 阶段0: 搜索橙色小球 (已撞击 0/4)
[02:59|第二赛段-荒野寻珠] 阶段0: 搜索橙色小球 (已撞击 0/4)
[02:59|第二赛段-荒野寻珠] 阶段0: 搜索橙色小球 (已撞击 0/4)
[02:59|第二赛段-荒野寻珠] 阶段0: 搜索橙色小球 (已撞击 0/4)
[02:59|第二赛段-荒野寻珠] 阶段0: 搜索橙色小球 (已撞击 0/4)
[02:59|第二赛段-荒野寻珠] 阶段0: 搜索橙色小球 (已撞击 0/4)
[02:59|第二赛段-荒野寻珠] 阶段0: 搜索橙色小球 (已撞击 0/4)
[02:59|第二赛段-荒野寻珠] 阶段0: 搜索橙色小球 (已撞击 0/4)
[02:59|第二赛段-荒野寻珠] 阶段0: 搜索橙色小球 (已撞击 0/4)
[02:59|第二赛段-荒野寻珠] 阶段0: 搜索橙色小球 (已撞击 0/4)
[02:59|第二赛段-荒野寻珠] 阶段0: 搜索橙色小球 (已撞击 0/4)
[02:59|第二赛段-荒野寻珠] 阶段0: 搜索橙色小球 (已撞击 0/4)
[02:59|第二赛段-荒野寻珠] 阶段0: 搜索橙色小球 (已撞击 0/4)
[02:59|第二赛段-荒野寻珠] 阶段0: 搜索橙色小球 (已撞击 0/4)
[02:59|第二赛段-荒野寻珠] 阶段0: 搜索橙色小球 (已撞击 0/4)
[02:59|第二赛段-荒野寻珠] 阶段0: 搜索橙色小球 (已撞击 0/4)
[02:59|第二赛段-荒野寻珠] 阶段0: 搜索橙色小球 (已撞击 0/4)
[02:59|第二赛段-荒野寻珠] 阶段0: 搜索橙色小球 (已撞击 0/4)
[03:00|第二赛段-荒野寻珠] 阶段0: 搜索橙色小球 (已撞击 0/4)
[03:00|第二赛段-荒野寻珠] 阶段0: 搜索橙色小球 (已撞击 0/4)
[03:00|第二赛段-荒野寻珠] 阶段0: 搜索橙色小球 (已撞击 0/4)
[03:00|第二赛段-荒野寻珠] 阶段0: 搜索橙色小球 (已撞击 0/4)
[03:00|第二赛段-荒野寻珠] 阶段0: 搜索橙色小球 (已撞击 0/4)
[03:00|第二赛段-荒野寻珠] 阶段0: 搜索橙色小球 (已撞击 0/4)
[03:00|第二赛段-荒野寻珠] 阶段0: 搜索橙色小球 (已撞击 0/4)
[03:00|第二赛段-荒野寻珠] 阶段0: 搜索橙色小球 (已撞击 0/4)
[03:00|第二赛段-荒野寻珠] 阶段0: 搜索橙色小球 (已撞击 0/4)
[03:00|第二赛段-荒野寻珠] 阶段0: 搜索橙色小球 (已撞击 0/4)
[03:00|第二赛段-荒野寻珠] 阶段0: 搜索橙色小球 (已撞击 0/4)
[03:00|第二赛段-荒野寻珠] 阶段0: 搜索橙色小球 (已撞击 0/4)
[03:00|第二赛段-荒野寻珠] 阶段0: 搜索橙色小球 (已撞击 0/4)
[03:00|第二赛段-荒野寻珠] 阶段0: 搜索橙色小球 (已撞击 0/4)
[03:00|第二赛段-荒野寻珠] 阶段0: 搜索橙色小球 (已撞击 0/4)
[03:00|第二赛段-荒野寻珠] 阶段0: 搜索橙色小球 (已撞击 0/4)
[03:00|第二赛段-荒野寻珠] 阶段0: 搜索橙色小球 (已撞击 0/4)
[03:00|第二赛段-荒野寻珠] 阶段0: 搜索橙色小球 (已撞击 0/4)
[03:00|第二赛段-荒野寻珠] 阶段0: 搜索橙色小球 (已撞击 0/4)
[03:00|第二赛段-荒野寻珠] 阶段0: 搜索橙色小球 (已撞击 0/4)
[03:00|第二赛段-荒野寻珠] 阶段0: 搜索橙色小球 (已撞击 0/4)
[03:00|第二赛段-荒野寻珠] 阶段0: 搜索橙色小球 (已撞击 0/4)
[03:00|第二赛段-荒野寻珠] 阶段0: 搜索橙色小球 (已撞击 0/4)
[03:00|第二赛段-荒野寻珠] 阶段0: 搜索橙色小球 (已撞击 0/4)
[03:00|第二赛段-荒野寻珠] 阶段0: 搜索橙色小球 (已撞击 0/4)
[03:00|第二赛段-荒野寻珠] 阶段0: 搜索橙色小球 (已撞击 0/4)
[03:00|第二赛段-荒野寻珠] 阶段0: 搜索橙色小球 (已撞击 0/4)
[03:00|第二赛段-荒野寻珠] 阶段0: 搜索橙色小球 (已撞击 0/4)
[03:00|第二赛段-荒野寻珠] 阶段0: 搜索橙色小球 (已撞击 0/4)
[03:00|第二赛段-荒野寻珠] 阶段0: 搜索橙色小球 (已撞击 0/4)
[03:00|第二赛段-荒野寻珠] 阶段0: 搜索橙色小球 (已撞击 0/4)
[03:01|第二赛段-荒野寻珠] 阶段0: 搜索橙色小球 (已撞击 0/4)
[03:01|第二赛段-荒野寻珠] 阶段0: 搜索橙色小球 (已撞击 0/4)
[03:01|第二赛段-荒野寻珠] 阶段0: 搜索橙色小球 (已撞击 0/4)
[03:01|第二赛段-荒野寻珠] 阶段0: 搜索橙色小球 (已撞击 0/4)
[03:01|第二赛段-荒野寻珠] 阶段0: 搜索橙色小球 (已撞击 0/4)
[03:01|第二赛段-荒野寻珠] 阶段0: 搜索橙色小球 (已撞击 0/4)
[03:01|第二赛段-荒野寻珠] 阶段0: 搜索橙色小球 (已撞击 0/4)
[03:01|第二赛段-荒野寻珠] 阶段0: 搜索橙色小球 (已撞击 0/4)
[03:01|第二赛段-荒野寻珠] 阶段0: 搜索橙色小球 (已撞击 0/4)
[03:01|第二赛段-荒野寻珠] 阶段0: 搜索橙色小球 (已撞击 0/4)
[03:01|第二赛段-荒野寻珠] 阶段0: 搜索橙色小球 (已撞击 0/4)
[03:01|第二赛段-荒野寻珠] 阶段0: 搜索橙色小球 (已撞击 0/4)
[03:01|第二赛段-荒野寻珠] 阶段0: 搜索橙色小球 (已撞击 0/4)
[03:01|第二赛段-荒野寻珠] 阶段0: 搜索橙色小球 (已撞击 0/4)
[03:01|第二赛段-荒野寻珠] 阶段0: 搜索橙色小球 (已撞击 0/4)
[03:01|第二赛段-荒野寻珠] 阶段0: 搜索橙色小球 (已撞击 0/4)
[03:01|第二赛段-荒野寻珠] 阶段0: 搜索橙色小球 (已撞击 0/4)
[03:01|第二赛段-荒野寻珠] 阶段0: 搜索橙色小球 (已撞击 0/4)
[03:01|第二赛段-荒野寻珠] 阶段0: 搜索橙色小球 (已撞击 0/4)
[03:01|第二赛段-荒野寻珠] 阶段0: 搜索橙色小球 (已撞击 0/4)
[03:01|第二赛段-荒野寻珠] 阶段0: 搜索橙色小球 (已撞击 0/4)
[03:01|第二赛段-荒野寻珠] 阶段0: 搜索橙色小球 (已撞击 0/4)
[03:01|第二赛段-荒野寻珠] 阶段0: 搜索橙色小球 (已撞击 0/4)
[03:01|第二赛段-荒野寻珠] 阶段0: 搜索橙色小球 (已撞击 0/4)
[03:01|第二赛段-荒野寻珠] 阶段0: 搜索橙色小球 (已撞击 0/4)
[03:01|第二赛段-荒野寻珠] 阶段0: 搜索橙色小球 (已撞击 0/4)
[03:01|第二赛段-荒野寻珠] 阶段0: 搜索橙色小球 (已撞击 0/4)
[03:01|第二赛段-荒野寻珠] 阶段0: 搜索橙色小球 (已撞击 0/4)
[03:01|第二赛段-荒野寻珠] 阶段0: 搜索橙色小球 (已撞击 0/4)
[03:01|第二赛段-荒野寻珠] 阶段0: 搜索橙色小球 (已撞击 0/4)
[03:01|第二赛段-荒野寻珠] 阶段0: 搜索橙色小球 (已撞击 0/4)
[03:02|第二赛段-荒野寻珠] 阶段0: 搜索橙色小球 (已撞击 0/4)
[03:02|第二赛段-荒野寻珠] 阶段0: 搜索橙色小球 (已撞击 0/4)
[03:02|第二赛段-荒野寻珠] 阶段0: 搜索橙色小球 (已撞击 0/4)
[03:02|第二赛段-荒野寻珠] 阶段0: 搜索橙色小球 (已撞击 0/4)
[03:02|第二赛段-荒野寻珠] 阶段0: 搜索橙色小球 (已撞击 0/4)
[03:02|第二赛段-荒野寻珠] 阶段0: 搜索橙色小球 (已撞击 0/4)
[03:02|第二赛段-荒野寻珠] 阶段0: 搜索橙色小球 (已撞击 0/4)
[03:02|第二赛段-荒野寻珠] 阶段0: 搜索橙色小球 (已撞击 0/4)
[03:02|第二赛段-荒野寻珠] 阶段0: 搜索橙色小球 (已撞击 0/4)
[03:02|第二赛段-荒野寻珠] 阶段0: 搜索橙色小球 (已撞击 0/4)
[03:02|第二赛段-荒野寻珠] 阶段0: 搜索橙色小球 (已撞击 0/4)
[03:02|第二赛段-荒野寻珠] 阶段0: 搜索橙色小球 (已撞击 0/4)
[03:02|第二赛段-荒野寻珠] 阶段0: 搜索橙色小球 (已撞击 0/4)
[03:02|第二赛段-荒野寻珠] 阶段0: 搜索橙色小球 (已撞击 0/4)
[03:02|第二赛段-荒野寻珠] 阶段0: 搜索橙色小球 (已撞击 0/4)
[03:02|第二赛段-荒野寻珠] 阶段0: 搜索橙色小球 (已撞击 0/4)
[03:02|第二赛段-荒野寻珠] 阶段0: 搜索橙色小球 (已撞击 0/4)
[03:02|第二赛段-荒野寻珠] 阶段0: 搜索橙色小球 (已撞击 0/4)
[03:02|第二赛段-荒野寻珠] 阶段0: 搜索橙色小球 (已撞击 0/4)
[03:02|第二赛段-荒野寻珠] 阶段0: 搜索橙色小球 (已撞击 0/4)
[03:02|第二赛段-荒野寻珠] 阶段0: 搜索橙色小球 (已撞击 0/4)
[03:02|第二赛段-荒野寻珠] 阶段0: 搜索橙色小球 (已撞击 0/4)
[03:02|第二赛段-荒野寻珠] 阶段0: 搜索橙色小球 (已撞击 0/4)
[03:02|第二赛段-荒野寻珠] 阶段0: 搜索橙色小球 (已撞击 0/4)
[03:02|第二赛段-荒野寻珠] 阶段0: 搜索橙色小球 (已撞击 0/4)
[03:02|第二赛段-荒野寻珠] 阶段0: 搜索橙色小球 (已撞击 0/4)
[03:02|第二赛段-荒野寻珠] 阶段0: 搜索橙色小球 (已撞击 0/4)
[03:02|第二赛段-荒野寻珠] 阶段0: 搜索橙色小球 (已撞击 0/4)
[03:02|第二赛段-荒野寻珠] 阶段0: 搜索橙色小球 (已撞击 0/4)
[03:02|第二赛段-荒野寻珠] 阶段0: 搜索橙色小球 (已撞击 0/4)
[03:03|第二赛段-荒野寻珠] 阶段0: 搜索橙色小球 (已撞击 0/4)
[03:03|第二赛段-荒野寻珠] 阶段0: 搜索橙色小球 (已撞击 0/4)
[03:03|第二赛段-荒野寻珠] 阶段0: 搜索橙色小球 (已撞击 0/4)
[03:03|第二赛段-荒野寻珠] 阶段0: 搜索橙色小球 (已撞击 0/4)
[03:03|第二赛段-荒野寻珠] 阶段0: 搜索橙色小球 (已撞击 0/4)
[03:03|第二赛段-荒野寻珠] 阶段0: 搜索橙色小球 (已撞击 0/4)
[03:03|第二赛段-荒野寻珠] 阶段0: 搜索橙色小球 (已撞击 0/4)
[03:03|第二赛段-荒野寻珠] 阶段0: 搜索橙色小球 (已撞击 0/4)
[03:03|第二赛段-荒野寻珠] 阶段0: 搜索橙色小球 (已撞击 0/4)
[03:03|第二赛段-荒野寻珠] 阶段0: 搜索橙色小球 (已撞击 0/4)
[03:03|第二赛段-荒野寻珠] 阶段0: 搜索橙色小球 (已撞击 0/4)
[03:03|第二赛段-荒野寻珠] 阶段0: 搜索橙色小球 (已撞击 0/4)
[03:03|第二赛段-荒野寻珠] 阶段0: 搜索橙色小球 (已撞击 0/4)
[03:03|第二赛段-荒野寻珠] 阶段0: 搜索橙色小球 (已撞击 0/4)
[03:03|第二赛段-荒野寻珠] 阶段0: 搜索橙色小球 (已撞击 0/4)
[03:03|第二赛段-荒野寻珠] 阶段0: 搜索橙色小球 (已撞击 0/4)
[03:03|第二赛段-荒野寻珠] 阶段0: 搜索橙色小球 (已撞击 0/4)
[03:03|第二赛段-荒野寻珠] 阶段0: 搜索橙色小球 (已撞击 0/4)
[03:03|第二赛段-荒野寻珠] 阶段0: 搜索橙色小球 (已撞击 0/4)
[03:03|第二赛段-荒野寻珠] 阶段0: 搜索橙色小球 (已撞击 0/4)
[03:03|第二赛段-荒野寻珠] 阶段0: 搜索橙色小球 (已撞击 0/4)
[03:03|第二赛段-荒野寻珠] 阶段0: 搜索橙色小球 (已撞击 0/4)
[03:03|第二赛段-荒野寻珠] 阶段0: 搜索橙色小球 (已撞击 0/4)
[03:03|第二赛段-荒野寻珠] 阶段0: 搜索橙色小球 (已撞击 0/4)
[03:03|第二赛段-荒野寻珠] 阶段0: 搜索橙色小球 (已撞击 0/4)
[03:03|第二赛段-荒野寻珠] 阶段0: 搜索橙色小球 (已撞击 0/4)
[03:03|第二赛段-荒野寻珠] 阶段0: 搜索橙色小球 (已撞击 0/4)
[03:03|第二赛段-荒野寻珠] 阶段0: 搜索橙色小球 (已撞击 0/4)
[03:03|第二赛段-荒野寻珠] 阶段0: 搜索橙色小球 (已撞击 0/4)
[03:03|第二赛段-荒野寻珠] 阶段0: 搜索橙色小球 (已撞击 0/4)
[03:03|第二赛段-荒野寻珠] 阶段0: 搜索橙色小球 (已撞击 0/4)
[03:03|第二赛段-荒野寻珠] 阶段0: 搜索橙色小球 (已撞击 0/4)
[03:04|第二赛段-荒野寻珠] 阶段0: 搜索橙色小球 (已撞击 0/4)
[03:04|第二赛段-荒野寻珠] 阶段0: 搜索橙色小球 (已撞击 0/4)
[03:04|第二赛段-荒野寻珠] 阶段0: 搜索橙色小球 (已撞击 0/4)
[03:04|第二赛段-荒野寻珠] 阶段0: 搜索橙色小球 (已撞击 0/4)
[03:04|第二赛段-荒野寻珠] 阶段0: 搜索橙色小球 (已撞击 0/4)
[03:04|第二赛段-荒野寻珠] 阶段0: 搜索橙色小球 (已撞击 0/4)
[03:04|第二赛段-荒野寻珠] 阶段0: 搜索橙色小球 (已撞击 0/4)
[03:04|第二赛段-荒野寻珠] 阶段0: 搜索橙色小球 (已撞击 0/4)
[03:04|第二赛段-荒野寻珠] 阶段0: 搜索橙色小球 (已撞击 0/4)
[03:04|第二赛段-荒野寻珠] 阶段0: 搜索橙色小球 (已撞击 0/4)
[03:04|第二赛段-荒野寻珠] 阶段0: 搜索橙色小球 (已撞击 0/4)
[03:04|第二赛段-荒野寻珠] 阶段0: 搜索橙色小球 (已撞击 0/4)
[03:04|第二赛段-荒野寻珠] 阶段0: 搜索橙色小球 (已撞击 0/4)
[03:04|第二赛段-荒野寻珠] 阶段0: 搜索橙色小球 (已撞击 0/4)
[03:04|第二赛段-荒野寻珠] 阶段0: 搜索橙色小球 (已撞击 0/4)
[03:04|第二赛段-荒野寻珠] 阶段0: 搜索橙色小球 (已撞击 0/4)
[03:04|第二赛段-荒野寻珠] 阶段0: 搜索橙色小球 (已撞击 0/4)
[03:04|第二赛段-荒野寻珠] 阶段0: 搜索橙色小球 (已撞击 0/4)
[03:04|第二赛段-荒野寻珠] 阶段0: 搜索橙色小球 (已撞击 0/4)
[03:04|第二赛段-荒野寻珠] 阶段0: 搜索橙色小球 (已撞击 0/4)
[03:04|第二赛段-荒野寻珠] 阶段0: 搜索橙色小球 (已撞击 0/4)
[03:04|第二赛段-荒野寻珠] 阶段0: 搜索橙色小球 (已撞击 0/4)
[03:04|第二赛段-荒野寻珠] 阶段0: 搜索橙色小球 (已撞击 0/4)
[03:04|第二赛段-荒野寻珠] 阶段0: 搜索橙色小球 (已撞击 0/4)
[03:04|第二赛段-荒野寻珠] 阶段0: 搜索橙色小球 (已撞击 0/4)
[03:04|第二赛段-荒野寻珠] 阶段0: 搜索橙色小球 (已撞击 0/4)
[03:04|第二赛段-荒野寻珠] 阶段0: 搜索橙色小球 (已撞击 0/4)
[03:04|第二赛段-荒野寻珠] 阶段0: 搜索橙色小球 (已撞击 0/4)
[03:04|第二赛段-荒野寻珠] 阶段0: 搜索橙色小球 (已撞击 0/4)
[03:04|第二赛段-荒野寻珠] 阶段0: 搜索橙色小球 (已撞击 0/4)
[03:05|第二赛段-荒野寻珠] 阶段0: 搜索橙色小球 (已撞击 0/4)
[03:05|第二赛段-荒野寻珠] 阶段0: 搜索橙色小球 (已撞击 0/4)
[03:05|第二赛段-荒野寻珠] 阶段0: 搜索橙色小球 (已撞击 0/4)
[03:05|第二赛段-荒野寻珠] 阶段0: 搜索橙色小球 (已撞击 0/4)
[03:05|第二赛段-荒野寻珠] 阶段0: 搜索橙色小球 (已撞击 0/4)
[03:05|第二赛段-荒野寻珠] 阶段0: 搜索橙色小球 (已撞击 0/4)
[03:05|第二赛段-荒野寻珠] 阶段0: 搜索橙色小球 (已撞击 0/4)
[03:05|第二赛段-荒野寻珠] 阶段0: 搜索橙色小球 (已撞击 0/4)
[03:05|第二赛段-荒野寻珠] 阶段0: 搜索橙色小球 (已撞击 0/4)
[03:05|第二赛段-荒野寻珠] 阶段0: 搜索橙色小球 (已撞击 0/4)
[03:05|第二赛段-荒野寻珠] 阶段0: 搜索橙色小球 (已撞击 0/4)
[03:05|第二赛段-荒野寻珠] 阶段0: 搜索橙色小球 (已撞击 0/4)
[03:05|第二赛段-荒野寻珠] 阶段0: 搜索橙色小球 (已撞击 0/4)
[03:05|第二赛段-荒野寻珠] 阶段0: 搜索橙色小球 (已撞击 0/4)
[03:05|第二赛段-荒野寻珠] 阶段0: 搜索橙色小球 (已撞击 0/4)
[03:05|第二赛段-荒野寻珠] 阶段0: 搜索橙色小球 (已撞击 0/4)
[03:05|第二赛段-荒野寻珠] 阶段0: 搜索橙色小球 (已撞击 0/4)
[03:05|第二赛段-荒野寻珠] 阶段0: 搜索橙色小球 (已撞击 0/4)
[03:05|第二赛段-荒野寻珠] 阶段0: 搜索橙色小球 (已撞击 0/4)
[03:05|第二赛段-荒野寻珠] 阶段0: 搜索橙色小球 (已撞击 0/4)
[03:05|第二赛段-荒野寻珠] 阶段0: 搜索橙色小球 (已撞击 0/4)
[03:05|第二赛段-荒野寻珠] 阶段0: 搜索橙色小球 (已撞击 0/4)
[03:05|第二赛段-荒野寻珠] 阶段0: 搜索橙色小球 (已撞击 0/4)
[03:05|第二赛段-荒野寻珠] 阶段0: 搜索橙色小球 (已撞击 0/4)
[03:05|第二赛段-荒野寻珠] 阶段0: 搜索橙色小球 (已撞击 0/4)
[03:05|第二赛段-荒野寻珠] 阶段0: 搜索橙色小球 (已撞击 0/4)
[03:05|第二赛段-荒野寻珠] 阶段0: 搜索橙色小球 (已撞击 0/4)
[03:05|第二赛段-荒野寻珠] 阶段0: 搜索橙色小球 (已撞击 0/4)
[03:05|第二赛段-荒野寻珠] 阶段0: 搜索橙色小球 (已撞击 0/4)
[03:05|第二赛段-荒野寻珠] 阶段0: 搜索橙色小球 (已撞击 0/4)
[03:05|第二赛段-荒野寻珠] 阶段0: 搜索橙色小球 (已撞击 0/4)
[03:05|第二赛段-荒野寻珠] 阶段0: 搜索橙色小球 (已撞击 0/4)
[03:06|第二赛段-荒野寻珠] 阶段0: 搜索橙色小球 (已撞击 0/4)
[03:06|第二赛段-荒野寻珠] 阶段0: 搜索橙色小球 (已撞击 0/4)
[03:06|第二赛段-荒野寻珠] 阶段0: 搜索橙色小球 (已撞击 0/4)
[03:06|第二赛段-荒野寻珠] 阶段0: 搜索橙色小球 (已撞击 0/4)
[03:06|第二赛段-荒野寻珠] 阶段0: 搜索橙色小球 (已撞击 0/4)
[03:06|第二赛段-荒野寻珠] 阶段0: 搜索橙色小球 (已撞击 0/4)
[03:06|第二赛段-荒野寻珠] 阶段0: 搜索橙色小球 (已撞击 0/4)
[03:06|第二赛段-荒野寻珠] 阶段0: 搜索橙色小球 (已撞击 0/4)
[03:06|第二赛段-荒野寻珠] 阶段0: 搜索橙色小球 (已撞击 0/4)
[03:06|第二赛段-荒野寻珠] 阶段0: 搜索橙色小球 (已撞击 0/4)
[03:06|第二赛段-荒野寻珠] 阶段0: 搜索橙色小球 (已撞击 0/4)
[03:06|第二赛段-荒野寻珠] 阶段0: 搜索橙色小球 (已撞击 0/4)
[03:06|第二赛段-荒野寻珠] 阶段0: 搜索橙色小球 (已撞击 0/4)
[03:06|第二赛段-荒野寻珠] 阶段0: 搜索橙色小球 (已撞击 0/4)
[03:06|第二赛段-荒野寻珠] 阶段0: 搜索橙色小球 (已撞击 0/4)
[03:06|第二赛段-荒野寻珠] 阶段0: 搜索橙色小球 (已撞击 0/4)
[03:06|第二赛段-荒野寻珠] 阶段0: 搜索橙色小球 (已撞击 0/4)
[03:06|第二赛段-荒野寻珠] 阶段0: 搜索橙色小球 (已撞击 0/4)
[03:06|第二赛段-荒野寻珠] 阶段0: 搜索橙色小球 (已撞击 0/4)
[03:06|第二赛段-荒野寻珠] 阶段0: 搜索橙色小球 (已撞击 0/4)
[03:06|第二赛段-荒野寻珠] 阶段0: 搜索橙色小球 (已撞击 0/4)
[03:06|第二赛段-荒野寻珠] 阶段0: 搜索橙色小球 (已撞击 0/4)
[03:06|第二赛段-荒野寻珠] 阶段0: 搜索橙色小球 (已撞击 0/4)
[03:06|第二赛段-荒野寻珠] 阶段0: 搜索橙色小球 (已撞击 0/4)
[03:06|第二赛段-荒野寻珠] 阶段0: 搜索橙色小球 (已撞击 0/4)
[03:06|第二赛段-荒野寻珠] 阶段0: 搜索橙色小球 (已撞击 0/4)
[03:06|第二赛段-荒野寻珠] 阶段0: 搜索橙色小球 (已撞击 0/4)
[03:06|第二赛段-荒野寻珠] 阶段0: 搜索橙色小球 (已撞击 0/4)
[03:06|第二赛段-荒野寻珠] 阶段0: 搜索橙色小球 (已撞击 0/4)
[03:14|第二赛段-荒野寻珠] 阶段0: 搜索橙色小球 (已撞击 0/4)
[03:15|第二赛段-荒野寻珠] 阶段0: 搜索橙色小球 (已撞击 0/4)
[03:15|第二赛段-荒野寻珠] 阶段0: 搜索橙色小球 (已撞击 0/4)
[03:15|第二赛段-荒野寻珠] 阶段0: 搜索橙色小球 (已撞击 0/4)
[03:15|第二赛段-荒野寻珠] 阶段0: 搜索橙色小球 (已撞击 0/4)
[03:15|第二赛段-荒野寻珠] 阶段0: 搜索橙色小球 (已撞击 0/4)
[03:15|第二赛段-荒野寻珠] 阶段0: 搜索橙色小球 (已撞击 0/4)
[03:15|第二赛段-荒野寻珠] 阶段0: 搜索橙色小球 (已撞击 0/4)
[03:15|第二赛段-荒野寻珠] 阶段0: 搜索橙色小球 (已撞击 0/4)
[03:15|第二赛段-荒野寻珠] 阶段0: 搜索橙色小球 (已撞击 0/4)
[03:15|第二赛段-荒野寻珠] 阶段0: 搜索橙色小球 (已撞击 0/4)
[03:15|第二赛段-荒野寻珠] 阶段0: 搜索橙色小球 (已撞击 0/4)
[03:15|第二赛段-荒野寻珠] 阶段0: 搜索橙色小球 (已撞击 0/4)
[03:15|第二赛段-荒野寻珠] 阶段0: 搜索橙色小球 (已撞击 0/4)
[03:15|第二赛段-荒野寻珠] 阶段0: 搜索橙色小球 (已撞击 0/4)
[03:15|第二赛段-荒野寻珠] 阶段0: 搜索橙色小球 (已撞击 0/4)
[03:15|第二赛段-荒野寻珠] 阶段0: 搜索橙色小球 (已撞击 0/4)
[03:15|第二赛段-荒野寻珠] 阶段0: 搜索橙色小球 (已撞击 0/4)
[03:15|第二赛段-荒野寻珠] 阶段0: 搜索橙色小球 (已撞击 0/4)
[03:15|第二赛段-荒野寻珠] 阶段0: 搜索橙色小球 (已撞击 0/4)
[03:15|第二赛段-荒野寻珠] 阶段0: 搜索橙色小球 (已撞击 0/4)
[03:15|第二赛段-荒野寻珠] 阶段0: 搜索橙色小球 (已撞击 0/4)
[03:15|第二赛段-荒野寻珠] 阶段0: 搜索橙色小球 (已撞击 0/4)
[03:15|第二赛段-荒野寻珠] 阶段0: 搜索橙色小球 (已撞击 0/4)
[03:15|第二赛段-荒野寻珠] 阶段0: 搜索橙色小球 (已撞击 0/4)
[03:15|第二赛段-荒野寻珠] 阶段0: 搜索橙色小球 (已撞击 0/4)
[03:15|第二赛段-荒野寻珠] 阶段0: 搜索橙色小球 (已撞击 0/4)
[03:15|第二赛段-荒野寻珠] 阶段0: 搜索橙色小球 (已撞击 0/4)
[03:15|第二赛段-荒野寻珠] 阶段0: 搜索橙色小球 (已撞击 0/4)
[03:15|第二赛段-荒野寻珠] 阶段0: 搜索橙色小球 (已撞击 0/4)
[03:15|第二赛段-荒野寻珠] 阶段0: 搜索橙色小球 (已撞击 0/4)
[03:16|第二赛段-荒野寻珠] 阶段0: 搜索橙色小球 (已撞击 0/4)
[03:16|第二赛段-荒野寻珠] 阶段0: 搜索橙色小球 (已撞击 0/4)
[03:16|第二赛段-荒野寻珠] 阶段0: 搜索橙色小球 (已撞击 0/4)
[03:16|第二赛段-荒野寻珠] 阶段0: 搜索橙色小球 (已撞击 0/4)
[03:16|第二赛段-荒野寻珠] 阶段0: 搜索橙色小球 (已撞击 0/4)
[03:16|第二赛段-荒野寻珠] 阶段0: 搜索橙色小球 (已撞击 0/4)
[03:16|第二赛段-荒野寻珠] 阶段0: 搜索橙色小球 (已撞击 0/4)
[03:16|第二赛段-荒野寻珠] 阶段0: 搜索橙色小球 (已撞击 0/4)
[03:16|第二赛段-荒野寻珠] 阶段0: 搜索橙色小球 (已撞击 0/4)
[03:16|第二赛段-荒野寻珠] 阶段0: 搜索橙色小球 (已撞击 0/4)
[03:16|第二赛段-荒野寻珠] 阶段0: 搜索橙色小球 (已撞击 0/4)
[03:16|第二赛段-荒野寻珠] 阶段0: 搜索橙色小球 (已撞击 0/4)
[03:16|第二赛段-荒野寻珠] 阶段0: 搜索橙色小球 (已撞击 0/4)
[03:16|第二赛段-荒野寻珠] 阶段0: 搜索橙色小球 (已撞击 0/4)
[03:16|第二赛段-荒野寻珠] 阶段0: 搜索橙色小球 (已撞击 0/4)
[03:16|第二赛段-荒野寻珠] 阶段0: 搜索橙色小球 (已撞击 0/4)
[03:16|第二赛段-荒野寻珠] 阶段0: 搜索橙色小球 (已撞击 0/4)
[03:16|第二赛段-荒野寻珠] 阶段0: 搜索橙色小球 (已撞击 0/4)
[03:16|第二赛段-荒野寻珠] 阶段0: 搜索橙色小球 (已撞击 0/4)
[03:16|第二赛段-荒野寻珠] 阶段0: 搜索橙色小球 (已撞击 0/4)
[03:16|第二赛段-荒野寻珠] 阶段0: 搜索橙色小球 (已撞击 0/4)
[03:16|第二赛段-荒野寻珠] 阶段0: 搜索橙色小球 (已撞击 0/4)
[03:16|第二赛段-荒野寻珠] 阶段0: 搜索橙色小球 (已撞击 0/4)
[03:16|第二赛段-荒野寻珠] 阶段0: 搜索橙色小球 (已撞击 0/4)
[03:16|第二赛段-荒野寻珠] 阶段0: 搜索橙色小球 (已撞击 0/4)
[03:16|第二赛段-荒野寻珠] 阶段0: 搜索橙色小球 (已撞击 0/4)
[03:16|第二赛段-荒野寻珠] 阶段0: 搜索橙色小球 (已撞击 0/4)
[03:16|第二赛段-荒野寻珠] 阶段0: 搜索橙色小球 (已撞击 0/4)
[03:16|第二赛段-荒野寻珠] 阶段0: 搜索橙色小球 (已撞击 0/4)
[03:16|第二赛段-荒野寻珠] 阶段0: 搜索橙色小球 (已撞击 0/4)
[03:16|第二赛段-荒野寻珠] 阶段0: 搜索橙色小球 (已撞击 0/4)
[03:16|第二赛段-荒野寻珠] 阶段0: 搜索橙色小球 (已撞击 0/4)
[03:17|第二赛段-荒野寻珠] 阶段0: 搜索橙色小球 (已撞击 0/4)
[03:17|第二赛段-荒野寻珠] 阶段0: 搜索橙色小球 (已撞击 0/4)
[03:17|第二赛段-荒野寻珠] 阶段0: 搜索橙色小球 (已撞击 0/4)
[03:17|第二赛段-荒野寻珠] 阶段0: 搜索橙色小球 (已撞击 0/4)
[03:17|第二赛段-荒野寻珠] 阶段0: 搜索橙色小球 (已撞击 0/4)
[03:17|第二赛段-荒野寻珠] 阶段0: 搜索橙色小球 (已撞击 0/4)
[03:17|第二赛段-荒野寻珠] 阶段0: 搜索橙色小球 (已撞击 0/4)
[03:17|第二赛段-荒野寻珠] 阶段0: 搜索橙色小球 (已撞击 0/4)
[03:17|第二赛段-荒野寻珠] 阶段0: 搜索橙色小球 (已撞击 0/4)
[03:17|第二赛段-荒野寻珠] 阶段0: 搜索橙色小球 (已撞击 0/4)
[03:17|第二赛段-荒野寻珠] 阶段0: 搜索橙色小球 (已撞击 0/4)
[03:17|第二赛段-荒野寻珠] 阶段0: 搜索橙色小球 (已撞击 0/4)
[03:17|第二赛段-荒野寻珠] 阶段0: 搜索橙色小球 (已撞击 0/4)
[03:17|第二赛段-荒野寻珠] 阶段0: 搜索橙色小球 (已撞击 0/4)
[03:17|第二赛段-荒野寻珠] 阶段0: 搜索橙色小球 (已撞击 0/4)
[03:17|第二赛段-荒野寻珠] 阶段0: 搜索橙色小球 (已撞击 0/4)
[03:17|第二赛段-荒野寻珠] 阶段0: 搜索橙色小球 (已撞击 0/4)
[03:17|第二赛段-荒野寻珠] 阶段0: 搜索橙色小球 (已撞击 0/4)
[03:17|第二赛段-荒野寻珠] 阶段0: 搜索橙色小球 (已撞击 0/4)
[03:17|第二赛段-荒野寻珠] 阶段0: 搜索橙色小球 (已撞击 0/4)
[03:17|第二赛段-荒野寻珠] 阶段0: 搜索橙色小球 (已撞击 0/4)
[03:17|第二赛段-荒野寻珠] 阶段0: 搜索橙色小球 (已撞击 0/4)
[03:17|第二赛段-荒野寻珠] 阶段0: 搜索橙色小球 (已撞击 0/4)
[03:17|第二赛段-荒野寻珠] 阶段0: 搜索橙色小球 (已撞击 0/4)
[03:17|第二赛段-荒野寻珠] 阶段0: 搜索橙色小球 (已撞击 0/4)
[03:17|第二赛段-荒野寻珠] 阶段0: 搜索橙色小球 (已撞击 0/4)
[03:17|第二赛段-荒野寻珠] 阶段0: 搜索橙色小球 (已撞击 0/4)
[03:17|第二赛段-荒野寻珠] 阶段0: 搜索橙色小球 (已撞击 0/4)
[03:17|第二赛段-荒野寻珠] 阶段0: 搜索橙色小球 (已撞击 0/4)
[03:17|第二赛段-荒野寻珠] 阶段0: 搜索橙色小球 (已撞击 0/4)
[03:17|第二赛段-荒野寻珠] 阶段0: 搜索橙色小球 (已撞击 0/4)
[03:18|第二赛段-荒野寻珠] 阶段0: 搜索橙色小球 (已撞击 0/4)
[03:18|第二赛段-荒野寻珠] 阶段0: 搜索橙色小球 (已撞击 0/4)
[03:18|第二赛段-荒野寻珠] 阶段0: 搜索橙色小球 (已撞击 0/4)
[03:18|第二赛段-荒野寻珠] 阶段0: 搜索橙色小球 (已撞击 0/4)
[03:18|第二赛段-荒野寻珠] 阶段0: 搜索橙色小球 (已撞击 0/4)
[03:18|第二赛段-荒野寻珠] 阶段0: 搜索橙色小球 (已撞击 0/4)
[03:18|第二赛段-荒野寻珠] 阶段0: 搜索橙色小球 (已撞击 0/4)
[03:18|第二赛段-荒野寻珠] 阶段0: 搜索橙色小球 (已撞击 0/4)
[03:18|第二赛段-荒野寻珠] 阶段0: 搜索橙色小球 (已撞击 0/4)
[03:18|第二赛段-荒野寻珠] 阶段0: 搜索橙色小球 (已撞击 0/4)
[03:18|第二赛段-荒野寻珠] 阶段0: 搜索橙色小球 (已撞击 0/4)
[03:18|第二赛段-荒野寻珠] 阶段0: 搜索橙色小球 (已撞击 0/4)
[03:18|第二赛段-荒野寻珠] 阶段0: 搜索橙色小球 (已撞击 0/4)
[03:18|第二赛段-荒野寻珠] 阶段0: 搜索橙色小球 (已撞击 0/4)
[03:18|第二赛段-荒野寻珠] 阶段0: 搜索橙色小球 (已撞击 0/4)
[03:18|第二赛段-荒野寻珠] 阶段0: 搜索橙色小球 (已撞击 0/4)
[03:18|第二赛段-荒野寻珠] 阶段0: 搜索橙色小球 (已撞击 0/4)
[03:18|第二赛段-荒野寻珠] 阶段0: 搜索橙色小球 (已撞击 0/4)
[03:18|第二赛段-荒野寻珠] 阶段0: 搜索橙色小球 (已撞击 0/4)
[03:18|第二赛段-荒野寻珠] 阶段0: 搜索橙色小球 (已撞击 0/4)
[03:18|第二赛段-荒野寻珠] 阶段0: 搜索橙色小球 (已撞击 0/4)
[03:18|第二赛段-荒野寻珠] 阶段0: 搜索橙色小球 (已撞击 0/4)
[03:18|第二赛段-荒野寻珠] 阶段0: 搜索橙色小球 (已撞击 0/4)
[03:18|第二赛段-荒野寻珠] 阶段0: 搜索橙色小球 (已撞击 0/4)
[03:18|第二赛段-荒野寻珠] 阶段0: 搜索橙色小球 (已撞击 0/4)
[03:18|第二赛段-荒野寻珠] 阶段0: 搜索橙色小球 (已撞击 0/4)
[03:18|第二赛段-荒野寻珠] 阶段0: 搜索橙色小球 (已撞击 0/4)
[03:18|第二赛段-荒野寻珠] 阶段0: 搜索橙色小球 (已撞击 0/4)
[03:18|第二赛段-荒野寻珠] 阶段0: 搜索橙色小球 (已撞击 0/4)
[03:18|第二赛段-荒野寻珠] 阶段0: 搜索橙色小球 (已撞击 0/4)
[03:18|第二赛段-荒野寻珠] 阶段0: 搜索橙色小球 (已撞击 0/4)
[03:19|第二赛段-荒野寻珠] 阶段0: 搜索橙色小球 (已撞击 0/4)
[03:19|第二赛段-荒野寻珠] 阶段0: 搜索橙色小球 (已撞击 0/4)
[03:19|第二赛段-荒野寻珠] 阶段0: 搜索橙色小球 (已撞击 0/4)
[03:19|第二赛段-荒野寻珠] 阶段0: 搜索橙色小球 (已撞击 0/4)
[03:19|第二赛段-荒野寻珠] 阶段0: 搜索橙色小球 (已撞击 0/4)
[03:19|第二赛段-荒野寻珠] 阶段0: 搜索橙色小球 (已撞击 0/4)
[03:19|第二赛段-荒野寻珠] 阶段0: 搜索橙色小球 (已撞击 0/4)
[03:19|第二赛段-荒野寻珠] 阶段0: 搜索橙色小球 (已撞击 0/4)
[03:19|第二赛段-荒野寻珠] 阶段0: 搜索橙色小球 (已撞击 0/4)
[03:19|第二赛段-荒野寻珠] 阶段0: 搜索橙色小球 (已撞击 0/4)
[03:19|第二赛段-荒野寻珠] 阶段0: 搜索橙色小球 (已撞击 0/4)
[03:19|第二赛段-荒野寻珠] 阶段0: 搜索橙色小球 (已撞击 0/4)
[03:19|第二赛段-荒野寻珠] 阶段0: 搜索橙色小球 (已撞击 0/4)
[03:19|第二赛段-荒野寻珠] 阶段0: 搜索橙色小球 (已撞击 0/4)
[03:19|第二赛段-荒野寻珠] 阶段0: 搜索橙色小球 (已撞击 0/4)
[03:19|第二赛段-荒野寻珠] 阶段0: 搜索橙色小球 (已撞击 0/4)
[03:19|第二赛段-荒野寻珠] 阶段0: 搜索橙色小球 (已撞击 0/4)
[03:19|第二赛段-荒野寻珠] 阶段0: 搜索橙色小球 (已撞击 0/4)
[03:19|第二赛段-荒野寻珠] 阶段0: 搜索橙色小球 (已撞击 0/4)
[03:19|第二赛段-荒野寻珠] 阶段0: 搜索橙色小球 (已撞击 0/4)
[03:19|第二赛段-荒野寻珠] 阶段0: 搜索橙色小球 (已撞击 0/4)
[03:19|第二赛段-荒野寻珠] 阶段0: 搜索橙色小球 (已撞击 0/4)
[03:19|第二赛段-荒野寻珠] 阶段0: 搜索橙色小球 (已撞击 0/4)
[03:19|第二赛段-荒野寻珠] 阶段0: 搜索橙色小球 (已撞击 0/4)
[03:19|第二赛段-荒野寻珠] 阶段0: 搜索橙色小球 (已撞击 0/4)
[03:19|第二赛段-荒野寻珠] 阶段0: 搜索橙色小球 (已撞击 0/4)
[03:19|第二赛段-荒野寻珠] 阶段0: 搜索橙色小球 (已撞击 0/4)
[03:19|第二赛段-荒野寻珠] 阶段0: 搜索橙色小球 (已撞击 0/4)
[03:19|第二赛段-荒野寻珠] 阶段0: 搜索橙色小球 (已撞击 0/4)
[03:19|第二赛段-荒野寻珠] 阶段0: 搜索橙色小球 (已撞击 0/4)
[03:19|第二赛段-荒野寻珠] 阶段0: 搜索橙色小球 (已撞击 0/4)
[03:20|第二赛段-荒野寻珠] 阶段0: 搜索橙色小球 (已撞击 0/4)
[03:20|第二赛段-荒野寻珠] 阶段0: 搜索橙色小球 (已撞击 0/4)
[03:20|第二赛段-荒野寻珠] 阶段0: 搜索橙色小球 (已撞击 0/4)
[03:20|第二赛段-荒野寻珠] 阶段0: 搜索橙色小球 (已撞击 0/4)
[03:20|第二赛段-荒野寻珠] 阶段0: 搜索橙色小球 (已撞击 0/4)
[03:20|第二赛段-荒野寻珠] 阶段0: 搜索橙色小球 (已撞击 0/4)
[03:20|第二赛段-荒野寻珠] 阶段0: 搜索橙色小球 (已撞击 0/4)
[03:20|第二赛段-荒野寻珠] 阶段0: 搜索橙色小球 (已撞击 0/4)
[03:20|第二赛段-荒野寻珠] 阶段0: 搜索橙色小球 (已撞击 0/4)
[03:20|第二赛段-荒野寻珠] 阶段0: 搜索橙色小球 (已撞击 0/4)
[03:20|第二赛段-荒野寻珠] 阶段0: 搜索橙色小球 (已撞击 0/4)
[03:20|第二赛段-荒野寻珠] 阶段0: 搜索橙色小球 (已撞击 0/4)
[03:20|第二赛段-荒野寻珠] 阶段0: 搜索橙色小球 (已撞击 0/4)
[03:20|第二赛段-荒野寻珠] 阶段0: 搜索橙色小球 (已撞击 0/4)
[03:20|第二赛段-荒野寻珠] 阶段0: 搜索橙色小球 (已撞击 0/4)
[03:20|第二赛段-荒野寻珠] 阶段0: 搜索橙色小球 (已撞击 0/4)
[03:20|第二赛段-荒野寻珠] 阶段0: 搜索橙色小球 (已撞击 0/4)
[03:20|第二赛段-荒野寻珠] 阶段0: 搜索橙色小球 (已撞击 0/4)
[03:20|第二赛段-荒野寻珠] 阶段0: 搜索橙色小球 (已撞击 0/4)
[03:20|第二赛段-荒野寻珠] 阶段0: 搜索橙色小球 (已撞击 0/4)
[03:20|第二赛段-荒野寻珠] 阶段0: 搜索橙色小球 (已撞击 0/4)
[03:20|第二赛段-荒野寻珠] 阶段0: 搜索橙色小球 (已撞击 0/4)
[03:20|第二赛段-荒野寻珠] 阶段0: 搜索橙色小球 (已撞击 0/4)
[03:20|第二赛段-荒野寻珠] 阶段0: 搜索橙色小球 (已撞击 0/4)
[03:20|第二赛段-荒野寻珠] 阶段0: 搜索橙色小球 (已撞击 0/4)
[03:20|第二赛段-荒野寻珠] 阶段0: 搜索橙色小球 (已撞击 0/4)
[03:20|第二赛段-荒野寻珠] 阶段0: 搜索橙色小球 (已撞击 0/4)
[03:20|第二赛段-荒野寻珠] 阶段0: 搜索橙色小球 (已撞击 0/4)
[03:20|第二赛段-荒野寻珠] 阶段0: 搜索橙色小球 (已撞击 0/4)
[03:20|第二赛段-荒野寻珠] 阶段0: 搜索橙色小球 (已撞击 0/4)
[03:20|第二赛段-荒野寻珠] 阶段0: 搜索橙色小球 (已撞击 0/4)
[03:20|第二赛段-荒野寻珠] 阶段0: 搜索橙色小球 (已撞击 0/4)
[03:21|第二赛段-荒野寻珠] 阶段0: 搜索橙色小球 (已撞击 0/4)
[03:21|第二赛段-荒野寻珠] 阶段0: 搜索橙色小球 (已撞击 0/4)
[03:21|第二赛段-荒野寻珠] 阶段0: 搜索橙色小球 (已撞击 0/4)
[03:21|第二赛段-荒野寻珠] 阶段0: 搜索橙色小球 (已撞击 0/4)
[03:21|第二赛段-荒野寻珠] 阶段0: 搜索橙色小球 (已撞击 0/4)
[03:21|第二赛段-荒野寻珠] 阶段0: 搜索橙色小球 (已撞击 0/4)
[03:21|第二赛段-荒野寻珠] 阶段0: 搜索橙色小球 (已撞击 0/4)
[03:21|第二赛段-荒野寻珠] 阶段0: 搜索橙色小球 (已撞击 0/4)
[03:21|第二赛段-荒野寻珠] 阶段0: 搜索橙色小球 (已撞击 0/4)
[03:21|第二赛段-荒野寻珠] 阶段0: 搜索橙色小球 (已撞击 0/4)
[03:21|第二赛段-荒野寻珠] 阶段0: 搜索橙色小球 (已撞击 0/4)
[03:21|第二赛段-荒野寻珠] 阶段0: 搜索橙色小球 (已撞击 0/4)
[03:21|第二赛段-荒野寻珠] 阶段0: 搜索橙色小球 (已撞击 0/4)
[03:21|第二赛段-荒野寻珠] 阶段0: 搜索橙色小球 (已撞击 0/4)
[03:21|第二赛段-荒野寻珠] 阶段0: 搜索橙色小球 (已撞击 0/4)
[03:21|第二赛段-荒野寻珠] 阶段0: 搜索橙色小球 (已撞击 0/4)
[03:21|第二赛段-荒野寻珠] 阶段0: 搜索橙色小球 (已撞击 0/4)
[03:21|第二赛段-荒野寻珠] 阶段0: 搜索橙色小球 (已撞击 0/4)
[03:21|第二赛段-荒野寻珠] 阶段0: 搜索橙色小球 (已撞击 0/4)
[03:21|第二赛段-荒野寻珠] 阶段0: 搜索橙色小球 (已撞击 0/4)
[03:21|第二赛段-荒野寻珠] 阶段0: 搜索橙色小球 (已撞击 0/4)
[03:21|第二赛段-荒野寻珠] 阶段0: 搜索橙色小球 (已撞击 0/4)
[03:21|第二赛段-荒野寻珠] 阶段0: 搜索橙色小球 (已撞击 0/4)
[03:21|第二赛段-荒野寻珠] 阶段0: 搜索橙色小球 (已撞击 0/4)
[03:21|第二赛段-荒野寻珠] 阶段0: 搜索橙色小球 (已撞击 0/4)
[03:21|第二赛段-荒野寻珠] 阶段0: 搜索橙色小球 (已撞击 0/4)
[03:21|第二赛段-荒野寻珠] 阶段0: 搜索橙色小球 (已撞击 0/4)
[03:21|第二赛段-荒野寻珠] 阶段0: 搜索橙色小球 (已撞击 0/4)
[03:21|第二赛段-荒野寻珠] 阶段0: 搜索橙色小球 (已撞击 0/4)
[03:22|第二赛段-荒野寻珠] 阶段0: 搜索橙色小球 (已撞击 0/4)
[03:22|第二赛段-荒野寻珠] 阶段0: 搜索橙色小球 (已撞击 0/4)
[03:22|第二赛段-荒野寻珠] 阶段0: 搜索橙色小球 (已撞击 0/4)
[03:22|第二赛段-荒野寻珠] 阶段0: 搜索橙色小球 (已撞击 0/4)
[03:22|第二赛段-荒野寻珠] 阶段0: 搜索橙色小球 (已撞击 0/4)
[03:22|第二赛段-荒野寻珠] 阶段0: 搜索橙色小球 (已撞击 0/4)
[03:22|第二赛段-荒野寻珠] 阶段0: 搜索橙色小球 (已撞击 0/4)
[03:22|第二赛段-荒野寻珠] 阶段0: 搜索橙色小球 (已撞击 0/4)
[03:22|第二赛段-荒野寻珠] 阶段0: 搜索橙色小球 (已撞击 0/4)
[03:22|第二赛段-荒野寻珠] 阶段0: 搜索橙色小球 (已撞击 0/4)
[03:22|第二赛段-荒野寻珠] 阶段0: 搜索橙色小球 (已撞击 0/4)
[03:22|第二赛段-荒野寻珠] 阶段0: 搜索橙色小球 (已撞击 0/4)
[03:22|第二赛段-荒野寻珠] 阶段0: 搜索橙色小球 (已撞击 0/4)
[03:22|第二赛段-荒野寻珠] 阶段0: 搜索橙色小球 (已撞击 0/4)
[03:22|第二赛段-荒野寻珠] 阶段0: 搜索橙色小球 (已撞击 0/4)
[03:22|第二赛段-荒野寻珠] 阶段0: 搜索橙色小球 (已撞击 0/4)
[03:22|第二赛段-荒野寻珠] 阶段0: 搜索橙色小球 (已撞击 0/4)
[03:22|第二赛段-荒野寻珠] 阶段0: 搜索橙色小球 (已撞击 0/4)
[03:22|第二赛段-荒野寻珠] 阶段0: 搜索橙色小球 (已撞击 0/4)
[03:22|第二赛段-荒野寻珠] 阶段0: 搜索橙色小球 (已撞击 0/4)
[03:22|第二赛段-荒野寻珠] 阶段0: 搜索橙色小球 (已撞击 0/4)
[03:22|第二赛段-荒野寻珠] 阶段0: 搜索橙色小球 (已撞击 0/4)
[03:22|第二赛段-荒野寻珠] 阶段0: 搜索橙色小球 (已撞击 0/4)
[03:22|第二赛段-荒野寻珠] 阶段0: 搜索橙色小球 (已撞击 0/4)
[03:22|第二赛段-荒野寻珠] 阶段0: 搜索橙色小球 (已撞击 0/4)
[03:22|第二赛段-荒野寻珠] 阶段0: 搜索橙色小球 (已撞击 0/4)
[03:22|第二赛段-荒野寻珠] 阶段0: 搜索橙色小球 (已撞击 0/4)
[03:22|第二赛段-荒野寻珠] 阶段0: 搜索橙色小球 (已撞击 0/4)
[03:22|第二赛段-荒野寻珠] 阶段0: 搜索橙色小球 (已撞击 0/4)
[03:23|第二赛段-荒野寻珠] 阶段0: 搜索橙色小球 (已撞击 0/4)
[03:23|第二赛段-荒野寻珠] 阶段0: 搜索橙色小球 (已撞击 0/4)
[03:23|第二赛段-荒野寻珠] 阶段0: 搜索橙色小球 (已撞击 0/4)
[03:23|第二赛段-荒野寻珠] 阶段0: 搜索橙色小球 (已撞击 0/4)
[03:23|第二赛段-荒野寻珠] 阶段0: 搜索橙色小球 (已撞击 0/4)
[03:23|第二赛段-荒野寻珠] 阶段0: 搜索橙色小球 (已撞击 0/4)
[03:23|第二赛段-荒野寻珠] 阶段0: 搜索橙色小球 (已撞击 0/4)
[03:23|第二赛段-荒野寻珠] 阶段0: 搜索橙色小球 (已撞击 0/4)
[03:23|第二赛段-荒野寻珠] 阶段0: 搜索橙色小球 (已撞击 0/4)
[03:23|第二赛段-荒野寻珠] 阶段0: 搜索橙色小球 (已撞击 0/4)
[03:23|第二赛段-荒野寻珠] 阶段0: 搜索橙色小球 (已撞击 0/4)
[03:23|第二赛段-荒野寻珠] 阶段0: 搜索橙色小球 (已撞击 0/4)
[03:23|第二赛段-荒野寻珠] 阶段0: 搜索橙色小球 (已撞击 0/4)
[03:23|第二赛段-荒野寻珠] 阶段0: 搜索橙色小球 (已撞击 0/4)
[03:23|第二赛段-荒野寻珠] 阶段0: 搜索橙色小球 (已撞击 0/4)
[03:23|第二赛段-荒野寻珠] 阶段0: 搜索橙色小球 (已撞击 0/4)
[03:23|第二赛段-荒野寻珠] 阶段0: 搜索橙色小球 (已撞击 0/4)
[03:23|第二赛段-荒野寻珠] 阶段0: 搜索橙色小球 (已撞击 0/4)
[03:23|第二赛段-荒野寻珠] 阶段0: 搜索橙色小球 (已撞击 0/4)
[03:23|第二赛段-荒野寻珠] 阶段0: 搜索橙色小球 (已撞击 0/4)
[03:23|第二赛段-荒野寻珠] 阶段0: 搜索橙色小球 (已撞击 0/4)
[03:23|第二赛段-荒野寻珠] 阶段0: 搜索橙色小球 (已撞击 0/4)
[03:23|第二赛段-荒野寻珠] 阶段0: 搜索橙色小球 (已撞击 0/4)
[03:23|第二赛段-荒野寻珠] 阶段0: 搜索橙色小球 (已撞击 0/4)
[03:23|第二赛段-荒野寻珠] 阶段0: 搜索橙色小球 (已撞击 0/4)
[03:23|第二赛段-荒野寻珠] 阶段0: 搜索橙色小球 (已撞击 0/4)
[03:23|第二赛段-荒野寻珠] 阶段0: 搜索橙色小球 (已撞击 0/4)
[03:23|第二赛段-荒野寻珠] 阶段0: 搜索橙色小球 (已撞击 0/4)
[03:23|第二赛段-荒野寻珠] 阶段0: 搜索橙色小球 (已撞击 0/4)
[03:23|第二赛段-荒野寻珠] 阶段0: 搜索橙色小球 (已撞击 0/4)
[03:23|第二赛段-荒野寻珠] 阶段0: 搜索橙色小球 (已撞击 0/4)
[03:23|第二赛段-荒野寻珠] 阶段0: 搜索橙色小球 (已撞击 0/4)
[03:24|第二赛段-荒野寻珠] 阶段0: 搜索橙色小球 (已撞击 0/4)
[03:24|第二赛段-荒野寻珠] 阶段0: 搜索橙色小球 (已撞击 0/4)
[03:24|第二赛段-荒野寻珠] 阶段0: 搜索橙色小球 (已撞击 0/4)
[03:24|第二赛段-荒野寻珠] 阶段0: 搜索橙色小球 (已撞击 0/4)
[03:24|第二赛段-荒野寻珠] 阶段0: 搜索橙色小球 (已撞击 0/4)
[03:24|第二赛段-荒野寻珠] 阶段0: 搜索橙色小球 (已撞击 0/4)
[03:24|第二赛段-荒野寻珠] 阶段0: 搜索橙色小球 (已撞击 0/4)
[03:24|第二赛段-荒野寻珠] 阶段0: 搜索橙色小球 (已撞击 0/4)
[03:24|第二赛段-荒野寻珠] 阶段0: 搜索橙色小球 (已撞击 0/4)
[03:24|第二赛段-荒野寻珠] 阶段0: 搜索橙色小球 (已撞击 0/4)
[03:24|第二赛段-荒野寻珠] 阶段0: 搜索橙色小球 (已撞击 0/4)
[03:24|第二赛段-荒野寻珠] 阶段0: 搜索橙色小球 (已撞击 0/4)
[03:24|第二赛段-荒野寻珠] 阶段0: 搜索橙色小球 (已撞击 0/4)
[03:24|第二赛段-荒野寻珠] 阶段0: 搜索橙色小球 (已撞击 0/4)
[03:24|第二赛段-荒野寻珠] 阶段0: 搜索橙色小球 (已撞击 0/4)
[03:24|第二赛段-荒野寻珠] 阶段0: 搜索橙色小球 (已撞击 0/4)
[03:24|第二赛段-荒野寻珠] 阶段0: 搜索橙色小球 (已撞击 0/4)
[03:24|第二赛段-荒野寻珠] 阶段0: 搜索橙色小球 (已撞击 0/4)
[03:24|第二赛段-荒野寻珠] 阶段0: 搜索橙色小球 (已撞击 0/4)
[03:24|第二赛段-荒野寻珠] 阶段0: 搜索橙色小球 (已撞击 0/4)
[03:24|第二赛段-荒野寻珠] 阶段0: 搜索橙色小球 (已撞击 0/4)
[03:24|第二赛段-荒野寻珠] 阶段0: 搜索橙色小球 (已撞击 0/4)
[03:24|第二赛段-荒野寻珠] 阶段0: 搜索橙色小球 (已撞击 0/4)
[03:24|第二赛段-荒野寻珠] 阶段0: 搜索橙色小球 (已撞击 0/4)
[03:24|第二赛段-荒野寻珠] 阶段0: 搜索橙色小球 (已撞击 0/4)
[03:24|第二赛段-荒野寻珠] 阶段0: 搜索橙色小球 (已撞击 0/4)
[03:24|第二赛段-荒野寻珠] 阶段0: 搜索橙色小球 (已撞击 0/4)
[03:24|第二赛段-荒野寻珠] 阶段0: 搜索橙色小球 (已撞击 0/4)
[03:24|第二赛段-荒野寻珠] 阶段0: 搜索橙色小球 (已撞击 0/4)
[03:24|第二赛段-荒野寻珠] 阶段0: 搜索橙色小球 (已撞击 0/4)
[03:25|第二赛段-荒野寻珠] 阶段0: 搜索橙色小球 (已撞击 0/4)
[03:25|第二赛段-荒野寻珠] 阶段0: 搜索橙色小球 (已撞击 0/4)
[03:25|第二赛段-荒野寻珠] 阶段0: 搜索橙色小球 (已撞击 0/4)
[03:25|第二赛段-荒野寻珠] 阶段0: 搜索橙色小球 (已撞击 0/4)
[03:25|第二赛段-荒野寻珠] 阶段0: 搜索橙色小球 (已撞击 0/4)
[03:25|第二赛段-荒野寻珠] 阶段0: 搜索橙色小球 (已撞击 0/4)
[03:25|第二赛段-荒野寻珠] 阶段0: 搜索橙色小球 (已撞击 0/4)
[03:25|第二赛段-荒野寻珠] 阶段0: 搜索橙色小球 (已撞击 0/4)
[03:25|第二赛段-荒野寻珠] 阶段0: 搜索橙色小球 (已撞击 0/4)
[03:25|第二赛段-荒野寻珠] 阶段0: 搜索橙色小球 (已撞击 0/4)
[03:25|第二赛段-荒野寻珠] 阶段0: 搜索橙色小球 (已撞击 0/4)
[03:25|第二赛段-荒野寻珠] 阶段0: 搜索橙色小球 (已撞击 0/4)
[03:25|第二赛段-荒野寻珠] 阶段0: 搜索橙色小球 (已撞击 0/4)
[03:25|第二赛段-荒野寻珠] 阶段0: 搜索橙色小球 (已撞击 0/4)
[03:25|第二赛段-荒野寻珠] 阶段0: 搜索橙色小球 (已撞击 0/4)
[03:25|第二赛段-荒野寻珠] 阶段0: 搜索橙色小球 (已撞击 0/4)
[03:25|第二赛段-荒野寻珠] 阶段0: 搜索橙色小球 (已撞击 0/4)
[03:25|第二赛段-荒野寻珠] 阶段0: 搜索橙色小球 (已撞击 0/4)
[03:25|第二赛段-荒野寻珠] 阶段0: 搜索橙色小球 (已撞击 0/4)
[03:25|第二赛段-荒野寻珠] 阶段0: 搜索橙色小球 (已撞击 0/4)
[03:25|第二赛段-荒野寻珠] 阶段0: 搜索橙色小球 (已撞击 0/4)
[03:25|第二赛段-荒野寻珠] 阶段0: 搜索橙色小球 (已撞击 0/4)
[03:25|第二赛段-荒野寻珠] 阶段0: 搜索橙色小球 (已撞击 0/4)
[03:25|第二赛段-荒野寻珠] 阶段0: 搜索橙色小球 (已撞击 0/4)
[03:25|第二赛段-荒野寻珠] 阶段0: 搜索橙色小球 (已撞击 0/4)
[03:25|第二赛段-荒野寻珠] 阶段0: 搜索橙色小球 (已撞击 0/4)
[03:25|第二赛段-荒野寻珠] 阶段0: 搜索橙色小球 (已撞击 0/4)
[03:25|第二赛段-荒野寻珠] 阶段0: 搜索橙色小球 (已撞击 0/4)
[03:25|第二赛段-荒野寻珠] 阶段0: 搜索橙色小球 (已撞击 0/4)
[03:25|第二赛段-荒野寻珠] 阶段0: 搜索橙色小球 (已撞击 0/4)
[03:25|第二赛段-荒野寻珠] 阶段0: 搜索橙色小球 (已撞击 0/4)
[03:25|第二赛段-荒野寻珠] 阶段0: 搜索橙色小球 (已撞击 0/4)
[03:26|第二赛段-荒野寻珠] 阶段0: 搜索橙色小球 (已撞击 0/4)
[03:26|第二赛段-荒野寻珠] 阶段0: 搜索橙色小球 (已撞击 0/4)
[03:26|第二赛段-荒野寻珠] 阶段0: 搜索橙色小球 (已撞击 0/4)
[03:26|第二赛段-荒野寻珠] 阶段0: 搜索橙色小球 (已撞击 0/4)
[03:26|第二赛段-荒野寻珠] 阶段0: 搜索橙色小球 (已撞击 0/4)
[03:26|第二赛段-荒野寻珠] 阶段0: 搜索橙色小球 (已撞击 0/4)
[03:26|第二赛段-荒野寻珠] 阶段0: 搜索橙色小球 (已撞击 0/4)
[03:26|第二赛段-荒野寻珠] 阶段0: 搜索橙色小球 (已撞击 0/4)
[03:26|第二赛段-荒野寻珠] 阶段0: 搜索橙色小球 (已撞击 0/4)
[03:26|第二赛段-荒野寻珠] 阶段0: 搜索橙色小球 (已撞击 0/4)
[03:26|第二赛段-荒野寻珠] 阶段0: 搜索橙色小球 (已撞击 0/4)
[03:26|第二赛段-荒野寻珠] 阶段0: 搜索橙色小球 (已撞击 0/4)
[03:26|第二赛段-荒野寻珠] 阶段0: 搜索橙色小球 (已撞击 0/4)
[03:26|第二赛段-荒野寻珠] 阶段0: 搜索橙色小球 (已撞击 0/4)
[03:26|第二赛段-荒野寻珠] 阶段0: 搜索橙色小球 (已撞击 0/4)
[03:26|第二赛段-荒野寻珠] 阶段0: 搜索橙色小球 (已撞击 0/4)
[03:26|第二赛段-荒野寻珠] 阶段0: 搜索橙色小球 (已撞击 0/4)
[03:26|第二赛段-荒野寻珠] 阶段0: 搜索橙色小球 (已撞击 0/4)
[03:26|第二赛段-荒野寻珠] 阶段0: 搜索橙色小球 (已撞击 0/4)
[03:26|第二赛段-荒野寻珠] 阶段0: 搜索橙色小球 (已撞击 0/4)
[03:26|第二赛段-荒野寻珠] 阶段0: 搜索橙色小球 (已撞击 0/4)
[03:26|第二赛段-荒野寻珠] 阶段0: 搜索橙色小球 (已撞击 0/4)
[03:26|第二赛段-荒野寻珠] 阶段0: 搜索橙色小球 (已撞击 0/4)
[03:26|第二赛段-荒野寻珠] 阶段0: 搜索橙色小球 (已撞击 0/4)
[03:26|第二赛段-荒野寻珠] 阶段0: 搜索橙色小球 (已撞击 0/4)
[03:26|第二赛段-荒野寻珠] 阶段0: 搜索橙色小球 (已撞击 0/4)
[03:26|第二赛段-荒野寻珠] 阶段0: 搜索橙色小球 (已撞击 0/4)
[03:26|第二赛段-荒野寻珠] 阶段0: 搜索橙色小球 (已撞击 0/4)
[03:26|第二赛段-荒野寻珠] 阶段0: 搜索橙色小球 (已撞击 0/4)
[03:26|第二赛段-荒野寻珠] 阶段0: 搜索橙色小球 (已撞击 0/4)
[03:26|第二赛段-荒野寻珠] 阶段0: 搜索橙色小球 (已撞击 0/4)
[03:35|第二赛段-荒野寻珠] 阶段0: 搜索橙色小球 (已撞击 0/4)
[03:35|第二赛段-荒野寻珠] 阶段0: 搜索橙色小球 (已撞击 0/4)
[03:35|第二赛段-荒野寻珠] 阶段0: 搜索橙色小球 (已撞击 0/4)
[03:35|第二赛段-荒野寻珠] 阶段0: 搜索橙色小球 (已撞击 0/4)
[03:35|第二赛段-荒野寻珠] 阶段0: 搜索橙色小球 (已撞击 0/4)
[03:35|第二赛段-荒野寻珠] 阶段0: 搜索橙色小球 (已撞击 0/4)
[03:35|第二赛段-荒野寻珠] 阶段0: 搜索橙色小球 (已撞击 0/4)
[03:35|第二赛段-荒野寻珠] 阶段0: 搜索橙色小球 (已撞击 0/4)
[03:35|第二赛段-荒野寻珠] 阶段0: 搜索橙色小球 (已撞击 0/4)
[03:35|第二赛段-荒野寻珠] 阶段0: 搜索橙色小球 (已撞击 0/4)
[03:35|第二赛段-荒野寻珠] 阶段0: 搜索橙色小球 (已撞击 0/4)
[03:35|第二赛段-荒野寻珠] 阶段0: 搜索橙色小球 (已撞击 0/4)
[03:35|第二赛段-荒野寻珠] 阶段0: 搜索橙色小球 (已撞击 0/4)
[03:35|第二赛段-荒野寻珠] 阶段0: 搜索橙色小球 (已撞击 0/4)
[03:35|第二赛段-荒野寻珠] 阶段0: 搜索橙色小球 (已撞击 0/4)
[03:35|第二赛段-荒野寻珠] 阶段0: 搜索橙色小球 (已撞击 0/4)
[03:35|第二赛段-荒野寻珠] 阶段0: 搜索橙色小球 (已撞击 0/4)
[03:35|第二赛段-荒野寻珠] 阶段0: 搜索橙色小球 (已撞击 0/4)
[03:35|第二赛段-荒野寻珠] 阶段0: 搜索橙色小球 (已撞击 0/4)
[03:35|第二赛段-荒野寻珠] 阶段0: 搜索橙色小球 (已撞击 0/4)
[03:35|第二赛段-荒野寻珠] 阶段0: 搜索橙色小球 (已撞击 0/4)
[03:35|第二赛段-荒野寻珠] 阶段0: 搜索橙色小球 (已撞击 0/4)
[03:35|第二赛段-荒野寻珠] 阶段0: 搜索橙色小球 (已撞击 0/4)
[03:35|第二赛段-荒野寻珠] 阶段0: 搜索橙色小球 (已撞击 0/4)
[03:35|第二赛段-荒野寻珠] 阶段0: 搜索橙色小球 (已撞击 0/4)
[03:35|第二赛段-荒野寻珠] 阶段0: 搜索橙色小球 (已撞击 0/4)
[03:35|第二赛段-荒野寻珠] 阶段0: 搜索橙色小球 (已撞击 0/4)
[03:35|第二赛段-荒野寻珠] 阶段0: 搜索橙色小球 (已撞击 0/4)
[03:35|第二赛段-荒野寻珠] 阶段0: 搜索橙色小球 (已撞击 0/4)
[03:35|第二赛段-荒野寻珠] 阶段0: 搜索橙色小球 (已撞击 0/4)
[03:35|第二赛段-荒野寻珠] 阶段0: 搜索橙色小球 (已撞击 0/4)
[03:35|第二赛段-荒野寻珠] 阶段0: 搜索橙色小球 (已撞击 0/4)
[03:36|第二赛段-荒野寻珠] 阶段0: 搜索橙色小球 (已撞击 0/4)
[03:36|第二赛段-荒野寻珠] 阶段0: 搜索橙色小球 (已撞击 0/4)
[03:36|第二赛段-荒野寻珠] 阶段0: 搜索橙色小球 (已撞击 0/4)
[03:36|第二赛段-荒野寻珠] 阶段0: 搜索橙色小球 (已撞击 0/4)
[03:36|第二赛段-荒野寻珠] 阶段0: 搜索橙色小球 (已撞击 0/4)
[03:36|第二赛段-荒野寻珠] 阶段0: 搜索橙色小球 (已撞击 0/4)
[03:36|第二赛段-荒野寻珠] 阶段0: 搜索橙色小球 (已撞击 0/4)
[03:36|第二赛段-荒野寻珠] 阶段0: 搜索橙色小球 (已撞击 0/4)
[03:36|第二赛段-荒野寻珠] 阶段0: 搜索橙色小球 (已撞击 0/4)
[03:36|第二赛段-荒野寻珠] 阶段0: 搜索橙色小球 (已撞击 0/4)
[03:36|第二赛段-荒野寻珠] 阶段0: 搜索橙色小球 (已撞击 0/4)
[03:36|第二赛段-荒野寻珠] 阶段0: 搜索橙色小球 (已撞击 0/4)
[03:36|第二赛段-荒野寻珠] 阶段0: 搜索橙色小球 (已撞击 0/4)
[03:36|第二赛段-荒野寻珠] 阶段0: 搜索橙色小球 (已撞击 0/4)
[03:36|第二赛段-荒野寻珠] 阶段0: 搜索橙色小球 (已撞击 0/4)
[03:36|第二赛段-荒野寻珠] 阶段0: 搜索橙色小球 (已撞击 0/4)
[03:36|第二赛段-荒野寻珠] 阶段0: 搜索橙色小球 (已撞击 0/4)
[03:36|第二赛段-荒野寻珠] 阶段0: 搜索橙色小球 (已撞击 0/4)
[03:36|第二赛段-荒野寻珠] 阶段0: 搜索橙色小球 (已撞击 0/4)
[03:36|第二赛段-荒野寻珠] 阶段0: 搜索橙色小球 (已撞击 0/4)
[03:36|第二赛段-荒野寻珠] 阶段0: 搜索橙色小球 (已撞击 0/4)
[03:36|第二赛段-荒野寻珠] 阶段0: 搜索橙色小球 (已撞击 0/4)
[03:36|第二赛段-荒野寻珠] 阶段0: 搜索橙色小球 (已撞击 0/4)
[03:36|第二赛段-荒野寻珠] 阶段0: 搜索橙色小球 (已撞击 0/4)
[03:36|第二赛段-荒野寻珠] 阶段0: 搜索橙色小球 (已撞击 0/4)
[03:36|第二赛段-荒野寻珠] 阶段0: 搜索橙色小球 (已撞击 0/4)
[03:36|第二赛段-荒野寻珠] 阶段0: 搜索橙色小球 (已撞击 0/4)
[03:36|第二赛段-荒野寻珠] 阶段0: 搜索橙色小球 (已撞击 0/4)
[03:36|第二赛段-荒野寻珠] 阶段0: 搜索橙色小球 (已撞击 0/4)
[03:36|第二赛段-荒野寻珠] 阶段0: 搜索橙色小球 (已撞击 0/4)
[03:37|第二赛段-荒野寻珠] 阶段0: 搜索橙色小球 (已撞击 0/4)
[03:37|第二赛段-荒野寻珠] 阶段0: 搜索橙色小球 (已撞击 0/4)
[03:37|第二赛段-荒野寻珠] 阶段0: 搜索橙色小球 (已撞击 0/4)
[03:37|第二赛段-荒野寻珠] 阶段0: 搜索橙色小球 (已撞击 0/4)
[03:37|第二赛段-荒野寻珠] 阶段0: 搜索橙色小球 (已撞击 0/4)
[03:37|第二赛段-荒野寻珠] 阶段0: 搜索橙色小球 (已撞击 0/4)
[03:37|第二赛段-荒野寻珠] 阶段0: 搜索橙色小球 (已撞击 0/4)
[03:37|第二赛段-荒野寻珠] 阶段0: 搜索橙色小球 (已撞击 0/4)
[03:37|第二赛段-荒野寻珠] 阶段0: 搜索橙色小球 (已撞击 0/4)
[03:37|第二赛段-荒野寻珠] 阶段0: 搜索橙色小球 (已撞击 0/4)
[03:37|第二赛段-荒野寻珠] 阶段0: 搜索橙色小球 (已撞击 0/4)
[03:37|第二赛段-荒野寻珠] 阶段0: 搜索橙色小球 (已撞击 0/4)
[03:37|第二赛段-荒野寻珠] 阶段0: 搜索橙色小球 (已撞击 0/4)
[03:37|第二赛段-荒野寻珠] 阶段0: 搜索橙色小球 (已撞击 0/4)
[03:37|第二赛段-荒野寻珠] 阶段0: 搜索橙色小球 (已撞击 0/4)
[03:37|第二赛段-荒野寻珠] 阶段0: 搜索橙色小球 (已撞击 0/4)
[03:37|第二赛段-荒野寻珠] 阶段0: 搜索橙色小球 (已撞击 0/4)
[03:37|第二赛段-荒野寻珠] 阶段0: 搜索橙色小球 (已撞击 0/4)
[03:37|第二赛段-荒野寻珠] 阶段0: 搜索橙色小球 (已撞击 0/4)
[03:37|第二赛段-荒野寻珠] 阶段0: 搜索橙色小球 (已撞击 0/4)
[03:37|第二赛段-荒野寻珠] 阶段0: 搜索橙色小球 (已撞击 0/4)
[03:37|第二赛段-荒野寻珠] 阶段0: 搜索橙色小球 (已撞击 0/4)
[03:37|第二赛段-荒野寻珠] 阶段0: 搜索橙色小球 (已撞击 0/4)
[03:37|第二赛段-荒野寻珠] 阶段0: 搜索橙色小球 (已撞击 0/4)
[03:37|第二赛段-荒野寻珠] 阶段0: 搜索橙色小球 (已撞击 0/4)
[03:37|第二赛段-荒野寻珠] 阶段0: 搜索橙色小球 (已撞击 0/4)
[03:37|第二赛段-荒野寻珠] 阶段0: 搜索橙色小球 (已撞击 0/4)
[03:37|第二赛段-荒野寻珠] 阶段0: 搜索橙色小球 (已撞击 0/4)
[03:37|第二赛段-荒野寻珠] 阶段0: 搜索橙色小球 (已撞击 0/4)
[03:38|第二赛段-荒野寻珠] 阶段0: 搜索橙色小球 (已撞击 0/4)
[03:38|第二赛段-荒野寻珠] 阶段0: 搜索橙色小球 (已撞击 0/4)
[03:38|第二赛段-荒野寻珠] 阶段0: 搜索橙色小球 (已撞击 0/4)
[03:38|第二赛段-荒野寻珠] 阶段0: 搜索橙色小球 (已撞击 0/4)
[03:38|第二赛段-荒野寻珠] 阶段0: 搜索橙色小球 (已撞击 0/4)
[03:38|第二赛段-荒野寻珠] 阶段0: 搜索橙色小球 (已撞击 0/4)
[03:38|第二赛段-荒野寻珠] 阶段0: 搜索橙色小球 (已撞击 0/4)
[03:38|第二赛段-荒野寻珠] 阶段0: 搜索橙色小球 (已撞击 0/4)
[03:38|第二赛段-荒野寻珠] 阶段0: 搜索橙色小球 (已撞击 0/4)
[03:38|第二赛段-荒野寻珠] 阶段0: 搜索橙色小球 (已撞击 0/4)
[03:38|第二赛段-荒野寻珠] 阶段0: 搜索橙色小球 (已撞击 0/4)
[03:38|第二赛段-荒野寻珠] 阶段0: 搜索橙色小球 (已撞击 0/4)
[03:38|第二赛段-荒野寻珠] 阶段0: 搜索橙色小球 (已撞击 0/4)
[03:38|第二赛段-荒野寻珠] 阶段0: 搜索橙色小球 (已撞击 0/4)
[03:38|第二赛段-荒野寻珠] 阶段0: 搜索橙色小球 (已撞击 0/4)
[03:38|第二赛段-荒野寻珠] 阶段0: 搜索橙色小球 (已撞击 0/4)
[03:38|第二赛段-荒野寻珠] 阶段0: 搜索橙色小球 (已撞击 0/4)
[03:38|第二赛段-荒野寻珠] 阶段0: 搜索橙色小球 (已撞击 0/4)
[03:38|第二赛段-荒野寻珠] 阶段0: 搜索橙色小球 (已撞击 0/4)
[03:38|第二赛段-荒野寻珠] 阶段0: 搜索橙色小球 (已撞击 0/4)
[03:38|第二赛段-荒野寻珠] 阶段0: 搜索橙色小球 (已撞击 0/4)
[03:38|第二赛段-荒野寻珠] 阶段0: 搜索橙色小球 (已撞击 0/4)
[03:38|第二赛段-荒野寻珠] 阶段0: 搜索橙色小球 (已撞击 0/4)
[03:38|第二赛段-荒野寻珠] 阶段0: 搜索橙色小球 (已撞击 0/4)
[03:38|第二赛段-荒野寻珠] 阶段0: 搜索橙色小球 (已撞击 0/4)
[03:38|第二赛段-荒野寻珠] 阶段0: 搜索橙色小球 (已撞击 0/4)
[03:38|第二赛段-荒野寻珠] 阶段0: 搜索橙色小球 (已撞击 0/4)
[03:38|第二赛段-荒野寻珠] 阶段0: 搜索橙色小球 (已撞击 0/4)
[03:38|第二赛段-荒野寻珠] 阶段0: 搜索橙色小球 (已撞击 0/4)
[03:38|第二赛段-荒野寻珠] 阶段0: 搜索橙色小球 (已撞击 0/4)
[03:38|第二赛段-荒野寻珠] 阶段0: 搜索橙色小球 (已撞击 0/4)
[03:39|第二赛段-荒野寻珠] 阶段0: 搜索橙色小球 (已撞击 0/4)
[03:39|第二赛段-荒野寻珠] 阶段0: 搜索橙色小球 (已撞击 0/4)
[03:39|第二赛段-荒野寻珠] 阶段0: 搜索橙色小球 (已撞击 0/4)
[03:39|第二赛段-荒野寻珠] 阶段0: 搜索橙色小球 (已撞击 0/4)
[03:39|第二赛段-荒野寻珠] 阶段0: 搜索橙色小球 (已撞击 0/4)
[03:39|第二赛段-荒野寻珠] 阶段0: 搜索橙色小球 (已撞击 0/4)
[03:39|第二赛段-荒野寻珠] 阶段0: 搜索橙色小球 (已撞击 0/4)
[03:39|第二赛段-荒野寻珠] 阶段0: 搜索橙色小球 (已撞击 0/4)
[03:39|第二赛段-荒野寻珠] 阶段0: 搜索橙色小球 (已撞击 0/4)
[03:39|第二赛段-荒野寻珠] 阶段0: 搜索橙色小球 (已撞击 0/4)
[03:39|第二赛段-荒野寻珠] 阶段0: 搜索橙色小球 (已撞击 0/4)
[03:39|第二赛段-荒野寻珠] 阶段0: 搜索橙色小球 (已撞击 0/4)
[03:39|第二赛段-荒野寻珠] 阶段0: 搜索橙色小球 (已撞击 0/4)
[03:39|第二赛段-荒野寻珠] 阶段0: 搜索橙色小球 (已撞击 0/4)
[03:39|第二赛段-荒野寻珠] 阶段0: 搜索橙色小球 (已撞击 0/4)
[03:39|第二赛段-荒野寻珠] 阶段0: 搜索橙色小球 (已撞击 0/4)
[03:39|第二赛段-荒野寻珠] 阶段0: 搜索橙色小球 (已撞击 0/4)
[03:39|第二赛段-荒野寻珠] 阶段0: 搜索橙色小球 (已撞击 0/4)
[03:39|第二赛段-荒野寻珠] 阶段0: 搜索橙色小球 (已撞击 0/4)
[03:39|第二赛段-荒野寻珠] 阶段0: 搜索橙色小球 (已撞击 0/4)
[03:39|第二赛段-荒野寻珠] 阶段0: 搜索橙色小球 (已撞击 0/4)
[03:39|第二赛段-荒野寻珠] 阶段0: 搜索橙色小球 (已撞击 0/4)
[03:39|第二赛段-荒野寻珠] 阶段0: 搜索橙色小球 (已撞击 0/4)
[03:39|第二赛段-荒野寻珠] 阶段0: 搜索橙色小球 (已撞击 0/4)
[03:39|第二赛段-荒野寻珠] 阶段0: 搜索橙色小球 (已撞击 0/4)
[03:39|第二赛段-荒野寻珠] 阶段0: 搜索橙色小球 (已撞击 0/4)
[03:39|第二赛段-荒野寻珠] 阶段0: 搜索橙色小球 (已撞击 0/4)
[03:39|第二赛段-荒野寻珠] 阶段0: 搜索橙色小球 (已撞击 0/4)
[03:39|第二赛段-荒野寻珠] 阶段0: 搜索橙色小球 (已撞击 0/4)
[03:39|第二赛段-荒野寻珠] 阶段0: 搜索橙色小球 (已撞击 0/4)
[03:39|第二赛段-荒野寻珠] 阶段0: 搜索橙色小球 (已撞击 0/4)
[03:40|第二赛段-荒野寻珠] 阶段0: 搜索橙色小球 (已撞击 0/4)
[03:40|第二赛段-荒野寻珠] 阶段0: 搜索橙色小球 (已撞击 0/4)
[03:40|第二赛段-荒野寻珠] 阶段0: 搜索橙色小球 (已撞击 0/4)
[03:40|第二赛段-荒野寻珠] 阶段0: 搜索橙色小球 (已撞击 0/4)
[03:40|第二赛段-荒野寻珠] 阶段0: 搜索橙色小球 (已撞击 0/4)
[03:40|第二赛段-荒野寻珠] 阶段0: 搜索橙色小球 (已撞击 0/4)
[03:40|第二赛段-荒野寻珠] 阶段0: 搜索橙色小球 (已撞击 0/4)
[03:40|第二赛段-荒野寻珠] 阶段0: 搜索橙色小球 (已撞击 0/4)
[03:40|第二赛段-荒野寻珠] 阶段0: 搜索橙色小球 (已撞击 0/4)
[03:40|第二赛段-荒野寻珠] 阶段0: 搜索橙色小球 (已撞击 0/4)
[03:40|第二赛段-荒野寻珠] 阶段0: 搜索橙色小球 (已撞击 0/4)
[03:40|第二赛段-荒野寻珠] 阶段0: 搜索橙色小球 (已撞击 0/4)
[03:40|第二赛段-荒野寻珠] 阶段0: 搜索橙色小球 (已撞击 0/4)
[03:40|第二赛段-荒野寻珠] 阶段0: 搜索橙色小球 (已撞击 0/4)
[03:40|第二赛段-荒野寻珠] 阶段0: 搜索橙色小球 (已撞击 0/4)
[03:40|第二赛段-荒野寻珠] 阶段0: 搜索橙色小球 (已撞击 0/4)
[03:40|第二赛段-荒野寻珠] 阶段0: 搜索橙色小球 (已撞击 0/4)
[03:40|第二赛段-荒野寻珠] 阶段0: 搜索橙色小球 (已撞击 0/4)
[03:40|第二赛段-荒野寻珠] 阶段0: 搜索橙色小球 (已撞击 0/4)
[03:40|第二赛段-荒野寻珠] 阶段0: 搜索橙色小球 (已撞击 0/4)
[03:40|第二赛段-荒野寻珠] 阶段0: 搜索橙色小球 (已撞击 0/4)
[03:40|第二赛段-荒野寻珠] 阶段0: 搜索橙色小球 (已撞击 0/4)
[03:40|第二赛段-荒野寻珠] 阶段0: 搜索橙色小球 (已撞击 0/4)
[03:40|第二赛段-荒野寻珠] 阶段0: 搜索橙色小球 (已撞击 0/4)
[03:40|第二赛段-荒野寻珠] 阶段0: 搜索橙色小球 (已撞击 0/4)
[03:40|第二赛段-荒野寻珠] 阶段0: 搜索橙色小球 (已撞击 0/4)
[03:40|第二赛段-荒野寻珠] 阶段0: 搜索橙色小球 (已撞击 0/4)
[03:40|第二赛段-荒野寻珠] 阶段0: 搜索橙色小球 (已撞击 0/4)
[03:40|第二赛段-荒野寻珠] 阶段0: 搜索橙色小球 (已撞击 0/4)
[03:40|第二赛段-荒野寻珠] 阶段0: 搜索橙色小球 (已撞击 0/4)
[03:40|第二赛段-荒野寻珠] 阶段0: 搜索橙色小球 (已撞击 0/4)
[03:41|第二赛段-荒野寻珠] 阶段0: 搜索橙色小球 (已撞击 0/4)
[03:41|第二赛段-荒野寻珠] 阶段0: 搜索橙色小球 (已撞击 0/4)
[03:41|第二赛段-荒野寻珠] 阶段0: 搜索橙色小球 (已撞击 0/4)
[03:41|第二赛段-荒野寻珠] 阶段0: 搜索橙色小球 (已撞击 0/4)
[03:41|第二赛段-荒野寻珠] 阶段0: 搜索橙色小球 (已撞击 0/4)
[03:41|第二赛段-荒野寻珠] 阶段0: 搜索橙色小球 (已撞击 0/4)
[03:41|第二赛段-荒野寻珠] 阶段0: 搜索橙色小球 (已撞击 0/4)
[03:41|第二赛段-荒野寻珠] 阶段0: 搜索橙色小球 (已撞击 0/4)
[03:41|第二赛段-荒野寻珠] 阶段0: 搜索橙色小球 (已撞击 0/4)
[03:41|第二赛段-荒野寻珠] 阶段0: 搜索橙色小球 (已撞击 0/4)
[03:41|第二赛段-荒野寻珠] 阶段0: 搜索橙色小球 (已撞击 0/4)
[03:41|第二赛段-荒野寻珠] 阶段0: 搜索橙色小球 (已撞击 0/4)
[03:41|第二赛段-荒野寻珠] 阶段0: 搜索橙色小球 (已撞击 0/4)
[03:41|第二赛段-荒野寻珠] 阶段0: 搜索橙色小球 (已撞击 0/4)
[03:41|第二赛段-荒野寻珠] 阶段0: 搜索橙色小球 (已撞击 0/4)
[03:41|第二赛段-荒野寻珠] 阶段0: 搜索橙色小球 (已撞击 0/4)
[03:41|第二赛段-荒野寻珠] 阶段0: 搜索橙色小球 (已撞击 0/4)
[03:41|第二赛段-荒野寻珠] 阶段0: 搜索橙色小球 (已撞击 0/4)
[03:41|第二赛段-荒野寻珠] 阶段0: 搜索橙色小球 (已撞击 0/4)
[03:41|第二赛段-荒野寻珠] 阶段0: 搜索橙色小球 (已撞击 0/4)
[03:41|第二赛段-荒野寻珠] 阶段0: 搜索橙色小球 (已撞击 0/4)
[03:41|第二赛段-荒野寻珠] 阶段0: 搜索橙色小球 (已撞击 0/4)
[03:41|第二赛段-荒野寻珠] 阶段0: 搜索橙色小球 (已撞击 0/4)
[03:41|第二赛段-荒野寻珠] 阶段0: 搜索橙色小球 (已撞击 0/4)
[03:41|第二赛段-荒野寻珠] 阶段0: 搜索橙色小球 (已撞击 0/4)
[03:41|第二赛段-荒野寻珠] 阶段0: 搜索橙色小球 (已撞击 0/4)
[03:41|第二赛段-荒野寻珠] 阶段0: 搜索橙色小球 (已撞击 0/4)
[03:41|第二赛段-荒野寻珠] 阶段0: 搜索橙色小球 (已撞击 0/4)
[03:42|第二赛段-荒野寻珠] 阶段0: 搜索橙色小球 (已撞击 0/4)
[03:42|第二赛段-荒野寻珠] 阶段0: 搜索橙色小球 (已撞击 0/4)
[03:42|第二赛段-荒野寻珠] 阶段0: 搜索橙色小球 (已撞击 0/4)
[03:42|第二赛段-荒野寻珠] 阶段0: 搜索橙色小球 (已撞击 0/4)
[03:42|第二赛段-荒野寻珠] 阶段0: 搜索橙色小球 (已撞击 0/4)
[03:42|第二赛段-荒野寻珠] 阶段0: 搜索橙色小球 (已撞击 0/4)
[03:42|第二赛段-荒野寻珠] 阶段0: 搜索橙色小球 (已撞击 0/4)
[03:42|第二赛段-荒野寻珠] 阶段0: 搜索橙色小球 (已撞击 0/4)
[03:42|第二赛段-荒野寻珠] 阶段0: 搜索橙色小球 (已撞击 0/4)
[03:42|第二赛段-荒野寻珠] 阶段0: 搜索橙色小球 (已撞击 0/4)
[03:42|第二赛段-荒野寻珠] 阶段0: 搜索橙色小球 (已撞击 0/4)
[03:42|第二赛段-荒野寻珠] 阶段0: 搜索橙色小球 (已撞击 0/4)
[03:42|第二赛段-荒野寻珠] 阶段0: 搜索橙色小球 (已撞击 0/4)
[03:42|第二赛段-荒野寻珠] 阶段0: 搜索橙色小球 (已撞击 0/4)
[03:42|第二赛段-荒野寻珠] 阶段0: 搜索橙色小球 (已撞击 0/4)
[03:42|第二赛段-荒野寻珠] 阶段0: 搜索橙色小球 (已撞击 0/4)
[03:42|第二赛段-荒野寻珠] 阶段0: 搜索橙色小球 (已撞击 0/4)
[03:42|第二赛段-荒野寻珠] 阶段0: 搜索橙色小球 (已撞击 0/4)
[03:42|第二赛段-荒野寻珠] 阶段0: 搜索橙色小球 (已撞击 0/4)
[03:42|第二赛段-荒野寻珠] 阶段0: 搜索橙色小球 (已撞击 0/4)
[03:42|第二赛段-荒野寻珠] 阶段0: 搜索橙色小球 (已撞击 0/4)
[03:42|第二赛段-荒野寻珠] 阶段0: 搜索橙色小球 (已撞击 0/4)
[03:42|第二赛段-荒野寻珠] 阶段0: 搜索橙色小球 (已撞击 0/4)
[03:42|第二赛段-荒野寻珠] 阶段0: 搜索橙色小球 (已撞击 0/4)
[03:42|第二赛段-荒野寻珠] 阶段0: 搜索橙色小球 (已撞击 0/4)
[03:42|第二赛段-荒野寻珠] 阶段0: 搜索橙色小球 (已撞击 0/4)
[03:42|第二赛段-荒野寻珠] 阶段0: 搜索橙色小球 (已撞击 0/4)
[03:42|第二赛段-荒野寻珠] 阶段0: 搜索橙色小球 (已撞击 0/4)
[03:42|第二赛段-荒野寻珠] 阶段0: 搜索橙色小球 (已撞击 0/4)
[03:42|第二赛段-荒野寻珠] 阶段0: 搜索橙色小球 (已撞击 0/4)
[03:42|第二赛段-荒野寻珠] 阶段0: 搜索橙色小球 (已撞击 0/4)
[03:43|第二赛段-荒野寻珠] 阶段0: 搜索橙色小球 (已撞击 0/4)
[03:43|第二赛段-荒野寻珠] 阶段0: 搜索橙色小球 (已撞击 0/4)
[03:43|第二赛段-荒野寻珠] 阶段0: 搜索橙色小球 (已撞击 0/4)
[03:43|第二赛段-荒野寻珠] 阶段0: 搜索橙色小球 (已撞击 0/4)
[03:43|第二赛段-荒野寻珠] 阶段0: 搜索橙色小球 (已撞击 0/4)
[03:43|第二赛段-荒野寻珠] 阶段0: 搜索橙色小球 (已撞击 0/4)
[03:43|第二赛段-荒野寻珠] 阶段0: 搜索橙色小球 (已撞击 0/4)
[03:43|第二赛段-荒野寻珠] 阶段0: 搜索橙色小球 (已撞击 0/4)
[03:43|第二赛段-荒野寻珠] 阶段0: 搜索橙色小球 (已撞击 0/4)
[03:43|第二赛段-荒野寻珠] 阶段0: 搜索橙色小球 (已撞击 0/4)
[03:43|第二赛段-荒野寻珠] 阶段0: 搜索橙色小球 (已撞击 0/4)
[03:43|第二赛段-荒野寻珠] 阶段0: 搜索橙色小球 (已撞击 0/4)
[03:43|第二赛段-荒野寻珠] 阶段0: 搜索橙色小球 (已撞击 0/4)
[03:43|第二赛段-荒野寻珠] 阶段0: 搜索橙色小球 (已撞击 0/4)
[03:43|第二赛段-荒野寻珠] 阶段0: 搜索橙色小球 (已撞击 0/4)
[03:43|第二赛段-荒野寻珠] 阶段0: 搜索橙色小球 (已撞击 0/4)
[03:43|第二赛段-荒野寻珠] 阶段0: 搜索橙色小球 (已撞击 0/4)
[03:43|第二赛段-荒野寻珠] 阶段0: 搜索橙色小球 (已撞击 0/4)
[03:43|第二赛段-荒野寻珠] 阶段0: 搜索橙色小球 (已撞击 0/4)
[03:43|第二赛段-荒野寻珠] 阶段0: 搜索橙色小球 (已撞击 0/4)
[03:43|第二赛段-荒野寻珠] 阶段0: 搜索橙色小球 (已撞击 0/4)
[03:43|第二赛段-荒野寻珠] 阶段0: 搜索橙色小球 (已撞击 0/4)
[03:43|第二赛段-荒野寻珠] 阶段0: 搜索橙色小球 (已撞击 0/4)
[03:43|第二赛段-荒野寻珠] 阶段0: 搜索橙色小球 (已撞击 0/4)
[03:43|第二赛段-荒野寻珠] 阶段0: 搜索橙色小球 (已撞击 0/4)
[03:43|第二赛段-荒野寻珠] 阶段0: 搜索橙色小球 (已撞击 0/4)
[03:43|第二赛段-荒野寻珠] 阶段0: 搜索橙色小球 (已撞击 0/4)
[03:43|第二赛段-荒野寻珠] 阶段0: 搜索橙色小球 (已撞击 0/4)
[03:43|第二赛段-荒野寻珠] 阶段0: 搜索橙色小球 (已撞击 0/4)
[03:43|第二赛段-荒野寻珠] 阶段0: 搜索橙色小球 (已撞击 0/4)
[03:43|第二赛段-荒野寻珠] 阶段0: 搜索橙色小球 (已撞击 0/4)
[03:44|第二赛段-荒野寻珠] 阶段0: 搜索橙色小球 (已撞击 0/4)
[03:44|第二赛段-荒野寻珠] 阶段0: 搜索橙色小球 (已撞击 0/4)
[03:44|第二赛段-荒野寻珠] 阶段0: 搜索橙色小球 (已撞击 0/4)
[03:44|第二赛段-荒野寻珠] 阶段0: 搜索橙色小球 (已撞击 0/4)
[03:44|第二赛段-荒野寻珠] 阶段0: 搜索橙色小球 (已撞击 0/4)
[03:44|第二赛段-荒野寻珠] 阶段0: 搜索橙色小球 (已撞击 0/4)
[03:44|第二赛段-荒野寻珠] 阶段0: 搜索橙色小球 (已撞击 0/4)
[03:44|第二赛段-荒野寻珠] 阶段0: 搜索橙色小球 (已撞击 0/4)
[03:44|第二赛段-荒野寻珠] 阶段0: 搜索橙色小球 (已撞击 0/4)
[03:44|第二赛段-荒野寻珠] 阶段0: 搜索橙色小球 (已撞击 0/4)
[03:44|第二赛段-荒野寻珠] 阶段0: 搜索橙色小球 (已撞击 0/4)
[03:44|第二赛段-荒野寻珠] 阶段0: 搜索橙色小球 (已撞击 0/4)
[03:44|第二赛段-荒野寻珠] 阶段0: 搜索橙色小球 (已撞击 0/4)
[03:44|第二赛段-荒野寻珠] 阶段0: 搜索橙色小球 (已撞击 0/4)
[03:44|第二赛段-荒野寻珠] 阶段0: 搜索橙色小球 (已撞击 0/4)
[03:44|第二赛段-荒野寻珠] 阶段0: 搜索橙色小球 (已撞击 0/4)
[03:44|第二赛段-荒野寻珠] 阶段0: 搜索橙色小球 (已撞击 0/4)
[03:44|第二赛段-荒野寻珠] 阶段0: 搜索橙色小球 (已撞击 0/4)
[03:44|第二赛段-荒野寻珠] 阶段0: 搜索橙色小球 (已撞击 0/4)
[03:44|第二赛段-荒野寻珠] 阶段0: 搜索橙色小球 (已撞击 0/4)
[03:44|第二赛段-荒野寻珠] 阶段0: 搜索橙色小球 (已撞击 0/4)
[03:44|第二赛段-荒野寻珠] 阶段0: 搜索橙色小球 (已撞击 0/4)
[03:44|第二赛段-荒野寻珠] 阶段0: 搜索橙色小球 (已撞击 0/4)
[03:44|第二赛段-荒野寻珠] 阶段0: 搜索橙色小球 (已撞击 0/4)
[03:44|第二赛段-荒野寻珠] 阶段0: 搜索橙色小球 (已撞击 0/4)
[03:44|第二赛段-荒野寻珠] 阶段0: 搜索橙色小球 (已撞击 0/4)
[03:44|第二赛段-荒野寻珠] 阶段0: 搜索橙色小球 (已撞击 0/4)
[03:44|第二赛段-荒野寻珠] 阶段0: 搜索橙色小球 (已撞击 0/4)
[03:44|第二赛段-荒野寻珠] 阶段0: 搜索橙色小球 (已撞击 0/4)
[03:44|第二赛段-荒野寻珠] 阶段0: 搜索橙色小球 (已撞击 0/4)
[03:44|第二赛段-荒野寻珠] 阶段0: 搜索橙色小球 (已撞击 0/4)
[03:45|第二赛段-荒野寻珠] 阶段0: 搜索橙色小球 (已撞击 0/4)
[03:45|第二赛段-荒野寻珠] 阶段0: 搜索橙色小球 (已撞击 0/4)
[03:45|第二赛段-荒野寻珠] 阶段0: 搜索橙色小球 (已撞击 0/4)
[03:45|第二赛段-荒野寻珠] 阶段0: 搜索橙色小球 (已撞击 0/4)
[03:45|第二赛段-荒野寻珠] 阶段0: 搜索橙色小球 (已撞击 0/4)
[03:45|第二赛段-荒野寻珠] 阶段0: 搜索橙色小球 (已撞击 0/4)
[03:45|第二赛段-荒野寻珠] 阶段0: 搜索橙色小球 (已撞击 0/4)
[03:45|第二赛段-荒野寻珠] 阶段0: 搜索橙色小球 (已撞击 0/4)
[03:45|第二赛段-荒野寻珠] 阶段0: 搜索橙色小球 (已撞击 0/4)
[03:45|第二赛段-荒野寻珠] 阶段0: 搜索橙色小球 (已撞击 0/4)
[03:45|第二赛段-荒野寻珠] 阶段0: 搜索橙色小球 (已撞击 0/4)
[03:45|第二赛段-荒野寻珠] 阶段0: 搜索橙色小球 (已撞击 0/4)
[03:45|第二赛段-荒野寻珠] 阶段0: 搜索橙色小球 (已撞击 0/4)
[03:45|第二赛段-荒野寻珠] 阶段0: 搜索橙色小球 (已撞击 0/4)
[03:45|第二赛段-荒野寻珠] 阶段0: 搜索橙色小球 (已撞击 0/4)
[03:45|第二赛段-荒野寻珠] 阶段0: 搜索橙色小球 (已撞击 0/4)
[03:45|第二赛段-荒野寻珠] 阶段0: 搜索橙色小球 (已撞击 0/4)
[03:45|第二赛段-荒野寻珠] 阶段0: 搜索橙色小球 (已撞击 0/4)
[03:45|第二赛段-荒野寻珠] 阶段0: 搜索橙色小球 (已撞击 0/4)
[03:45|第二赛段-荒野寻珠] 阶段0: 搜索橙色小球 (已撞击 0/4)
[03:45|第二赛段-荒野寻珠] 阶段0: 搜索橙色小球 (已撞击 0/4)
[03:45|第二赛段-荒野寻珠] 阶段0: 搜索橙色小球 (已撞击 0/4)
[03:45|第二赛段-荒野寻珠] 阶段0: 搜索橙色小球 (已撞击 0/4)
[03:45|第二赛段-荒野寻珠] 阶段0: 搜索橙色小球 (已撞击 0/4)
[03:45|第二赛段-荒野寻珠] 阶段0: 搜索橙色小球 (已撞击 0/4)
[03:45|第二赛段-荒野寻珠] 阶段0: 搜索橙色小球 (已撞击 0/4)
[03:45|第二赛段-荒野寻珠] 阶段0: 搜索橙色小球 (已撞击 0/4)
[03:45|第二赛段-荒野寻珠] 阶段0: 搜索橙色小球 (已撞击 0/4)
[03:45|第二赛段-荒野寻珠] 阶段0: 搜索橙色小球 (已撞击 0/4)
[03:45|第二赛段-荒野寻珠] 阶段0: 搜索橙色小球 (已撞击 0/4)
[03:45|第二赛段-荒野寻珠] 阶段0: 搜索橙色小球 (已撞击 0/4)
[03:45|第二赛段-荒野寻珠] 阶段0: 搜索橙色小球 (已撞击 0/4)
[03:46|第二赛段-荒野寻珠] 阶段0: 搜索橙色小球 (已撞击 0/4)
[03:46|第二赛段-荒野寻珠] 阶段0: 搜索橙色小球 (已撞击 0/4)
[03:46|第二赛段-荒野寻珠] 阶段0: 搜索橙色小球 (已撞击 0/4)
[03:46|第二赛段-荒野寻珠] 阶段0: 搜索橙色小球 (已撞击 0/4)
[03:46|第二赛段-荒野寻珠] 阶段0: 搜索橙色小球 (已撞击 0/4)
[03:46|第二赛段-荒野寻珠] 阶段0: 搜索橙色小球 (已撞击 0/4)
[03:46|第二赛段-荒野寻珠] 阶段0: 搜索橙色小球 (已撞击 0/4)
[03:46|第二赛段-荒野寻珠] 阶段0: 搜索橙色小球 (已撞击 0/4)
[03:46|第二赛段-荒野寻珠] 阶段0: 搜索橙色小球 (已撞击 0/4)
[03:46|第二赛段-荒野寻珠] 阶段0: 搜索橙色小球 (已撞击 0/4)
[03:46|第二赛段-荒野寻珠] 阶段0: 搜索橙色小球 (已撞击 0/4)
[03:46|第二赛段-荒野寻珠] 阶段0: 搜索橙色小球 (已撞击 0/4)
[03:46|第二赛段-荒野寻珠] 阶段0: 搜索橙色小球 (已撞击 0/4)
[03:46|第二赛段-荒野寻珠] 阶段0: 搜索橙色小球 (已撞击 0/4)
[03:46|第二赛段-荒野寻珠] 阶段0: 搜索橙色小球 (已撞击 0/4)
[03:46|第二赛段-荒野寻珠] 阶段0: 搜索橙色小球 (已撞击 0/4)
[03:46|第二赛段-荒野寻珠] 阶段0: 搜索橙色小球 (已撞击 0/4)
[03:46|第二赛段-荒野寻珠] 阶段0: 搜索橙色小球 (已撞击 0/4)
[03:46|第二赛段-荒野寻珠] 阶段0: 搜索橙色小球 (已撞击 0/4)
[03:46|第二赛段-荒野寻珠] 阶段0: 搜索橙色小球 (已撞击 0/4)
[03:46|第二赛段-荒野寻珠] 阶段0: 搜索橙色小球 (已撞击 0/4)
[03:46|第二赛段-荒野寻珠] 阶段0: 搜索橙色小球 (已撞击 0/4)
[03:46|第二赛段-荒野寻珠] 阶段0: 搜索橙色小球 (已撞击 0/4)
[03:46|第二赛段-荒野寻珠] 阶段0: 搜索橙色小球 (已撞击 0/4)
[03:46|第二赛段-荒野寻珠] 阶段0: 搜索橙色小球 (已撞击 0/4)
[03:46|第二赛段-荒野寻珠] 阶段0: 搜索橙色小球 (已撞击 0/4)
[03:46|第二赛段-荒野寻珠] 阶段0: 搜索橙色小球 (已撞击 0/4)
[03:46|第二赛段-荒野寻珠] 阶段0: 搜索橙色小球 (已撞击 0/4)
[03:46|第二赛段-荒野寻珠] 阶段0: 搜索橙色小球 (已撞击 0/4)
[03:46|第二赛段-荒野寻珠] 阶段0: 搜索橙色小球 (已撞击 0/4)
[03:47|第二赛段-荒野寻珠] 阶段0: 搜索橙色小球 (已撞击 0/4)
[0;32m[04:24:48][0m 竞赛控制器退出, 返回码: 0
[0;32m[04:24:49][0m =============================================
[0;32m[04:24:49][0m   竞赛结束, 清理环境
[0;32m[04:24:49][0m =============================================
[1;33m[04:24:49] WARN[0m 清理残留进程和共享内存...
[0;32m[04:24:51][0m 清理完成
[0;32m[04:24:51][0m 全部流程完成!
