[1;33m[15:49:13] WARN[0m 清理残留进程和共享内存...
[0;32m[15:49:15][0m 清理完成
[0;32m[15:49:15][0m =============================================
[0;32m[15:49:15][0m   CyberDog 全自动竞赛 - 环境检查
[0;32m[15:49:15][0m =============================================
[0;32m[15:49:15][0m 运行环境: Docker 容器内
[0;32m[15:49:15][0m ROS2 Galactic: ✓
[0;32m[15:49:15][0m cyberdog_control: ✓
[0;32m[15:49:15][0m SuperLIO: ✓
[0;32m[15:49:15][0m Python LCM: ✓
[0;32m[15:49:15][0m Python numpy: ✓
[0;32m[15:49:16][0m Python OpenCV: ✓
[0;32m[15:49:16][0m keybroad_commander: ✓
[1;33m[15:49:16] WARN[0m 建议: export LIBGL_ALWAYS_SOFTWARE=1
[0;32m[15:49:16][0m 环境检查完成
[0;32m[15:49:16][0m =============================================
[0;32m[15:49:16][0m   启动 Gazebo 仿真环境
[0;32m[15:49:16][0m =============================================
[0;32m[15:49:16][0m 启动 Gazebo (race 地图 + 激光雷达 + 相机)...
[0;32m[15:49:16][0m Gazebo PID: 1036
[0;32m[15:49:16][0m 等待 Gazebo 初始化...
[0;32m[15:49:19][0m Gazebo 就绪! (等待了 2 秒)
[0;32m[15:49:19][0m 等待激光雷达数据...
[0;32m[15:49:59][0m 等待相机数据...
[0;32m[15:50:00][0m 相机数据就绪!
[0;32m[15:50:00][0m =============================================
[0;32m[15:50:00][0m   启动 cyberdog_control
[0;32m[15:50:00][0m =============================================
[0;32m[15:50:00][0m cyberdog_control PID: 1424
[0;32m[15:50:03][0m cyberdog_control 运行中 ✓
[0;32m[15:50:03][0m =============================================
[0;32m[15:50:03][0m   启动 SuperLIO SLAM
[0;32m[15:50:03][0m =============================================
[0;32m[15:50:03][0m 启动 SuperLIO (Hesai 配置)...
[0;32m[15:50:03][0m SuperLIO PID: 1461
[0;32m[15:50:03][0m 等待 SuperLIO 初始化...
[1;33m[15:50:44] WARN[0m SuperLIO /lio/odom 未出现, 继续启动竞赛...
[0;32m[15:50:44][0m 等待系统稳定 (10秒)...
[0;32m[15:50:54][0m =============================================
[0;32m[15:50:54][0m   启动竞赛控制器 (全自动 6 赛段)
[0;32m[15:50:54][0m =============================================
[0;32m[15:50:54][0m 竞赛控制器启动中...
[0;32m[15:50:54][0m 日志文件: /home/cyberdog_sim/logs/race_20260513_154913.log
[00:00|赛段0] ============================================================
[00:00|赛段0] CyberDog 全自动竞赛控制器 启动
[00:00|赛段0] ============================================================
[00:00|赛段0] 初始化阶段0: 确保机器狗趴下 (PureDamper)
[00:00|赛段0] 执行初始趴下 (PureDamper)...
[00:02|赛段0] 机器狗已趴下
[00:02|赛段0] 初始化阶段1: 恢复站立 (RecoveryStand)
[00:02|赛段0] 发送恢复站立指令...
[00:09|赛段0] 站立完成(假定)
[00:09|赛段0] 机器狗已就绪，准备进入第一赛段
[00:10|赛段0] ──► 进入第一赛段-石径探路
[00:10|第一赛段-石径探路] 阶段0: 开始行进，视觉+LiDAR中线跟踪
[1;33m[15:51:40] WARN[0m 清理残留进程和共享内存...
[0;32m[15:51:42][0m 清理完成
