[1;33m[16:05:05] WARN[0m 清理残留进程和共享内存...
[0;32m[16:05:07][0m 清理完成
[0;32m[16:05:07][0m =============================================
[0;32m[16:05:07][0m   CyberDog 全自动竞赛 - 环境检查
[0;32m[16:05:07][0m =============================================
[0;32m[16:05:07][0m 运行环境: Docker 容器内
[0;32m[16:05:07][0m ROS2 Galactic: ✓
[0;32m[16:05:07][0m cyberdog_control: ✓
[0;32m[16:05:07][0m SuperLIO: ✓
[0;32m[16:05:07][0m Python LCM: ✓
[0;32m[16:05:07][0m Python numpy: ✓
[0;32m[16:05:07][0m Python OpenCV: ✓
[0;32m[16:05:07][0m keybroad_commander: ✓
[1;33m[16:05:07] WARN[0m 建议: export LIBGL_ALWAYS_SOFTWARE=1
[0;32m[16:05:07][0m 环境检查完成
[0;32m[16:05:07][0m =============================================
[0;32m[16:05:07][0m   启动 Gazebo 仿真环境
[0;32m[16:05:07][0m =============================================
[0;32m[16:05:08][0m 启动 Gazebo (race 地图 + 激光雷达 + 相机)...
[0;32m[16:05:08][0m Gazebo PID: 1900
[0;32m[16:05:08][0m 等待 Gazebo 初始化...
[0;32m[16:05:11][0m Gazebo 就绪! (等待了 2 秒)
[0;32m[16:05:11][0m 等待激光雷达数据...
[0;32m[16:05:51][0m 等待相机数据...
[0;32m[16:05:52][0m 相机数据就绪!
[0;32m[16:05:52][0m =============================================
[0;32m[16:05:52][0m   启动 cyberdog_control
[0;32m[16:05:52][0m =============================================
[0;32m[16:05:52][0m cyberdog_control PID: 2276
[0;32m[16:05:55][0m cyberdog_control 运行中 ✓
[0;32m[16:05:55][0m =============================================
[0;32m[16:05:55][0m   启动 SuperLIO SLAM
[0;32m[16:05:55][0m =============================================
[0;32m[16:05:55][0m 启动 SuperLIO (Hesai 配置)...
[0;32m[16:05:55][0m SuperLIO PID: 2314
[0;32m[16:05:55][0m 等待 SuperLIO 初始化...
[1;33m[16:06:36] WARN[0m SuperLIO /lio/odom 未出现, 继续启动竞赛...
[0;32m[16:06:36][0m 等待系统稳定 (10秒)...
[1;33m[16:06:40] WARN[0m 清理残留进程和共享内存...
[0;32m[16:06:42][0m 清理完成
