[1;33m[15:08:59] WARN[0m 清理残留进程和共享内存...
[0;32m[15:09:01][0m 清理完成
[0;32m[15:09:01][0m =============================================
[0;32m[15:09:01][0m   CyberDog 全自动竞赛 - 环境检查
[0;32m[15:09:01][0m =============================================
[0;32m[15:09:01][0m 运行环境: Docker 容器内
[0;32m[15:09:01][0m ROS2 Galactic: ✓
[0;32m[15:09:01][0m cyberdog_control: ✓
[0;32m[15:09:01][0m SuperLIO: ✓
[0;32m[15:09:01][0m Python LCM: ✓
[0;32m[15:09:01][0m Python numpy: ✓
[0;32m[15:09:02][0m Python OpenCV: ✓
[0;32m[15:09:02][0m keybroad_commander: ✓
[1;33m[15:09:02] WARN[0m 建议: export LIBGL_ALWAYS_SOFTWARE=1
[0;32m[15:09:02][0m 环境检查完成
[0;32m[15:09:02][0m =============================================
[0;32m[15:09:02][0m   启动 Gazebo 仿真环境
[0;32m[15:09:02][0m =============================================
[0;32m[15:09:02][0m 启动 Gazebo (race 地图 + 激光雷达 + 相机)...
[0;32m[15:09:02][0m Gazebo PID: 170
[0;32m[15:09:02][0m 等待 Gazebo 初始化...
[0;32m[15:09:06][0m Gazebo 就绪! (等待了 2 秒)
[0;32m[15:09:06][0m 等待激光雷达数据...
[0;32m[15:09:46][0m 等待相机数据...
[0;32m[15:09:47][0m 相机数据就绪!
[0;32m[15:09:47][0m =============================================
[0;32m[15:09:47][0m   启动 cyberdog_control
[0;32m[15:09:47][0m =============================================
[0;32m[15:09:47][0m cyberdog_control PID: 536
[0;32m[15:09:50][0m cyberdog_control 运行中 ✓
[0;32m[15:09:50][0m =============================================
[0;32m[15:09:50][0m   启动 SuperLIO SLAM
[0;32m[15:09:50][0m =============================================
[0;32m[15:09:50][0m 启动 SuperLIO (Hesai 配置)...
[0;32m[15:09:50][0m SuperLIO PID: 571
[0;32m[15:09:50][0m 等待 SuperLIO 初始化...
[1;33m[15:10:30] WARN[0m SuperLIO /lio/odom 未出现, 继续启动竞赛...
[0;32m[15:10:30][0m 等待系统稳定 (10秒)...
[0;32m[15:10:40][0m =============================================
[0;32m[15:10:40][0m   启动竞赛控制器 (全自动 6 赛段)
[0;32m[15:10:40][0m =============================================
[0;32m[15:10:40][0m 竞赛控制器启动中...
[0;32m[15:10:40][0m 日志文件: /home/cyberdog_sim/logs/race_20260513_150859.log
[00:00|赛段0] ============================================================
[00:00|赛段0] CyberDog 全自动竞赛控制器 启动
[00:00|赛段0] ============================================================
[00:00|第一赛段-石径探路] 阶段0: 恢复站立
[00:00|第一赛段-石径探路] 发送恢复站立指令...
[00:07|第一赛段-石径探路] 站立完成(假定)
[00:07|第一赛段-石径探路] 阶段1: 低速前进，视觉+LiDAR中线跟踪
[01:37|第一赛段-石径探路] 石板路通过时间到，进入下一赛段
[01:37|第一赛段-石径探路] ──► 进入第二赛段-荒野寻珠
[01:37|第二赛段-荒野寻珠] 阶段0: 旋转360°视觉扫描橙色小球
[01:37|第二赛段-荒野寻珠] 阶段0: 旋转360°视觉扫描橙色小球
[01:37|第二赛段-荒野寻珠] 阶段0: 旋转360°视觉扫描橙色小球
[01:37|第二赛段-荒野寻珠] 阶段0: 旋转360°视觉扫描橙色小球
[01:37|第二赛段-荒野寻珠] 阶段0: 旋转360°视觉扫描橙色小球
[01:37|第二赛段-荒野寻珠] 阶段0: 旋转360°视觉扫描橙色小球
[01:37|第二赛段-荒野寻珠] 阶段0: 旋转360°视觉扫描橙色小球
[01:37|第二赛段-荒野寻珠] 阶段0: 旋转360°视觉扫描橙色小球
[01:37|第二赛段-荒野寻珠] 阶段0: 旋转360°视觉扫描橙色小球
[01:37|第二赛段-荒野寻珠] 阶段0: 旋转360°视觉扫描橙色小球
[01:37|第二赛段-荒野寻珠] 阶段0: 旋转360°视觉扫描橙色小球
[01:37|第二赛段-荒野寻珠] 阶段0: 旋转360°视觉扫描橙色小球
[01:37|第二赛段-荒野寻珠] 阶段0: 旋转360°视觉扫描橙色小球
[01:37|第二赛段-荒野寻珠] 阶段0: 旋转360°视觉扫描橙色小球
[01:37|第二赛段-荒野寻珠] 阶段0: 旋转360°视觉扫描橙色小球
[01:37|第二赛段-荒野寻珠] 阶段0: 旋转360°视觉扫描橙色小球
[01:37|第二赛段-荒野寻珠] 阶段0: 旋转360°视觉扫描橙色小球
[01:37|第二赛段-荒野寻珠] 阶段0: 旋转360°视觉扫描橙色小球
[01:37|第二赛段-荒野寻珠] 阶段0: 旋转360°视觉扫描橙色小球
[01:37|第二赛段-荒野寻珠] 阶段0: 旋转360°视觉扫描橙色小球
[01:37|第二赛段-荒野寻珠] 阶段0: 旋转360°视觉扫描橙色小球
[01:37|第二赛段-荒野寻珠] 阶段0: 旋转360°视觉扫描橙色小球
[01:37|第二赛段-荒野寻珠] 阶段0: 旋转360°视觉扫描橙色小球
[01:37|第二赛段-荒野寻珠] 阶段0: 旋转360°视觉扫描橙色小球
[01:37|第二赛段-荒野寻珠] 阶段0: 旋转360°视觉扫描橙色小球
[01:37|第二赛段-荒野寻珠] 阶段0: 旋转360°视觉扫描橙色小球
[01:37|第二赛段-荒野寻珠] 阶段0: 旋转360°视觉扫描橙色小球
[01:37|第二赛段-荒野寻珠] 阶段0: 旋转360°视觉扫描橙色小球
[01:37|第二赛段-荒野寻珠] 阶段0: 旋转360°视觉扫描橙色小球
[01:37|第二赛段-荒野寻珠] 阶段0: 旋转360°视觉扫描橙色小球
[01:37|第二赛段-荒野寻珠] 阶段0: 旋转360°视觉扫描橙色小球
[01:37|第二赛段-荒野寻珠] 阶段0: 旋转360°视觉扫描橙色小球
[01:37|第二赛段-荒野寻珠] 阶段0: 旋转360°视觉扫描橙色小球
[01:38|第二赛段-荒野寻珠] 阶段0: 旋转360°视觉扫描橙色小球
[01:38|第二赛段-荒野寻珠] 阶段0: 旋转360°视觉扫描橙色小球
[01:38|第二赛段-荒野寻珠] 阶段0: 旋转360°视觉扫描橙色小球
[01:38|第二赛段-荒野寻珠] 阶段0: 旋转360°视觉扫描橙色小球
[01:38|第二赛段-荒野寻珠] 阶段0: 旋转360°视觉扫描橙色小球
[01:38|第二赛段-荒野寻珠] 阶段0: 旋转360°视觉扫描橙色小球
[01:38|第二赛段-荒野寻珠] 阶段0: 旋转360°视觉扫描橙色小球
[01:38|第二赛段-荒野寻珠] 阶段0: 旋转360°视觉扫描橙色小球
[01:38|第二赛段-荒野寻珠] 阶段0: 旋转360°视觉扫描橙色小球
[01:38|第二赛段-荒野寻珠] 阶段0: 旋转360°视觉扫描橙色小球
[01:38|第二赛段-荒野寻珠] 阶段0: 旋转360°视觉扫描橙色小球
[01:38|第二赛段-荒野寻珠] 阶段0: 旋转360°视觉扫描橙色小球
[01:38|第二赛段-荒野寻珠] 阶段0: 旋转360°视觉扫描橙色小球
[01:38|第二赛段-荒野寻珠] 阶段0: 旋转360°视觉扫描橙色小球
[01:38|第二赛段-荒野寻珠] 阶段0: 旋转360°视觉扫描橙色小球
[01:38|第二赛段-荒野寻珠] 阶段0: 旋转360°视觉扫描橙色小球
[01:38|第二赛段-荒野寻珠] 阶段0: 旋转360°视觉扫描橙色小球
[01:38|第二赛段-荒野寻珠] 阶段0: 旋转360°视觉扫描橙色小球
[01:38|第二赛段-荒野寻珠] 阶段0: 旋转360°视觉扫描橙色小球
[01:38|第二赛段-荒野寻珠] 阶段0: 旋转360°视觉扫描橙色小球
[01:38|第二赛段-荒野寻珠] 阶段0: 旋转360°视觉扫描橙色小球
[01:38|第二赛段-荒野寻珠] 阶段0: 旋转360°视觉扫描橙色小球
[01:38|第二赛段-荒野寻珠] 阶段0: 旋转360°视觉扫描橙色小球
[01:38|第二赛段-荒野寻珠] 阶段0: 旋转360°视觉扫描橙色小球
[01:38|第二赛段-荒野寻珠] 阶段0: 旋转360°视觉扫描橙色小球
[01:38|第二赛段-荒野寻珠] 阶段0: 旋转360°视觉扫描橙色小球
[01:38|第二赛段-荒野寻珠] 阶段0: 旋转360°视觉扫描橙色小球
[01:38|第二赛段-荒野寻珠] 阶段0: 旋转360°视觉扫描橙色小球
[01:38|第二赛段-荒野寻珠] 阶段0: 旋转360°视觉扫描橙色小球
[01:38|第二赛段-荒野寻珠] 阶段0: 旋转360°视觉扫描橙色小球
[01:38|第二赛段-荒野寻珠] 阶段0: 旋转360°视觉扫描橙色小球
[01:38|第二赛段-荒野寻珠] 阶段0: 旋转360°视觉扫描橙色小球
[01:38|第二赛段-荒野寻珠] 阶段0: 旋转360°视觉扫描橙色小球
[01:38|第二赛段-荒野寻珠] 阶段0: 旋转360°视觉扫描橙色小球
[01:38|第二赛段-荒野寻珠] 阶段0: 旋转360°视觉扫描橙色小球
[01:38|第二赛段-荒野寻珠] 阶段0: 旋转360°视觉扫描橙色小球
[01:39|第二赛段-荒野寻珠] 阶段0: 旋转360°视觉扫描橙色小球
[01:39|第二赛段-荒野寻珠] 阶段0: 旋转360°视觉扫描橙色小球
[01:39|第二赛段-荒野寻珠] 阶段0: 旋转360°视觉扫描橙色小球
[01:39|第二赛段-荒野寻珠] 阶段0: 旋转360°视觉扫描橙色小球
[01:39|第二赛段-荒野寻珠] 阶段0: 旋转360°视觉扫描橙色小球
[01:39|第二赛段-荒野寻珠] 阶段0: 旋转360°视觉扫描橙色小球
[01:39|第二赛段-荒野寻珠] 阶段0: 旋转360°视觉扫描橙色小球
[01:39|第二赛段-荒野寻珠] 阶段0: 旋转360°视觉扫描橙色小球
[01:39|第二赛段-荒野寻珠] 阶段0: 旋转360°视觉扫描橙色小球
[01:39|第二赛段-荒野寻珠] 阶段0: 旋转360°视觉扫描橙色小球
[01:39|第二赛段-荒野寻珠] 阶段0: 旋转360°视觉扫描橙色小球
[01:39|第二赛段-荒野寻珠] 阶段0: 旋转360°视觉扫描橙色小球
[01:39|第二赛段-荒野寻珠] 阶段0: 旋转360°视觉扫描橙色小球
[01:39|第二赛段-荒野寻珠] 阶段0: 旋转360°视觉扫描橙色小球
[01:39|第二赛段-荒野寻珠] 阶段0: 旋转360°视觉扫描橙色小球
[01:39|第二赛段-荒野寻珠] 阶段0: 旋转360°视觉扫描橙色小球
[01:39|第二赛段-荒野寻珠] 阶段0: 旋转360°视觉扫描橙色小球
[01:39|第二赛段-荒野寻珠] 阶段0: 旋转360°视觉扫描橙色小球
[01:39|第二赛段-荒野寻珠] 阶段0: 旋转360°视觉扫描橙色小球
[01:39|第二赛段-荒野寻珠] 阶段0: 旋转360°视觉扫描橙色小球
[01:39|第二赛段-荒野寻珠] 阶段0: 旋转360°视觉扫描橙色小球
[01:39|第二赛段-荒野寻珠] 阶段0: 旋转360°视觉扫描橙色小球
[01:39|第二赛段-荒野寻珠] 阶段0: 旋转360°视觉扫描橙色小球
[01:39|第二赛段-荒野寻珠] 阶段0: 旋转360°视觉扫描橙色小球
[01:39|第二赛段-荒野寻珠] 阶段0: 旋转360°视觉扫描橙色小球
[01:39|第二赛段-荒野寻珠] 阶段0: 旋转360°视觉扫描橙色小球
[01:39|第二赛段-荒野寻珠] 阶段0: 旋转360°视觉扫描橙色小球
[01:39|第二赛段-荒野寻珠] 阶段0: 旋转360°视觉扫描橙色小球
[01:39|第二赛段-荒野寻珠] 阶段0: 旋转360°视觉扫描橙色小球
[01:39|第二赛段-荒野寻珠] 阶段0: 旋转360°视觉扫描橙色小球
[01:39|第二赛段-荒野寻珠] 阶段0: 旋转360°视觉扫描橙色小球
[01:39|第二赛段-荒野寻珠] 阶段0: 旋转360°视觉扫描橙色小球
[01:39|第二赛段-荒野寻珠] 阶段0: 旋转360°视觉扫描橙色小球
[01:39|第二赛段-荒野寻珠] 阶段0: 旋转360°视觉扫描橙色小球
[01:39|第二赛段-荒野寻珠] 阶段0: 旋转360°视觉扫描橙色小球
[01:39|第二赛段-荒野寻珠] 阶段0: 旋转360°视觉扫描橙色小球
[01:40|第二赛段-荒野寻珠] 阶段0: 旋转360°视觉扫描橙色小球
[01:40|第二赛段-荒野寻珠] 阶段0: 旋转360°视觉扫描橙色小球
[01:40|第二赛段-荒野寻珠] 阶段0: 旋转360°视觉扫描橙色小球
[01:40|第二赛段-荒野寻珠] 阶段0: 旋转360°视觉扫描橙色小球
[01:40|第二赛段-荒野寻珠] 阶段0: 旋转360°视觉扫描橙色小球
[01:40|第二赛段-荒野寻珠] 阶段0: 旋转360°视觉扫描橙色小球
[01:40|第二赛段-荒野寻珠] 阶段0: 旋转360°视觉扫描橙色小球
[01:40|第二赛段-荒野寻珠] 阶段0: 旋转360°视觉扫描橙色小球
[01:40|第二赛段-荒野寻珠] 阶段0: 旋转360°视觉扫描橙色小球
[01:40|第二赛段-荒野寻珠] 阶段0: 旋转360°视觉扫描橙色小球
[01:40|第二赛段-荒野寻珠] 阶段0: 旋转360°视觉扫描橙色小球
[01:40|第二赛段-荒野寻珠] 阶段0: 旋转360°视觉扫描橙色小球
[01:40|第二赛段-荒野寻珠] 阶段0: 旋转360°视觉扫描橙色小球
[01:40|第二赛段-荒野寻珠] 阶段0: 旋转360°视觉扫描橙色小球
[01:40|第二赛段-荒野寻珠] 阶段0: 旋转360°视觉扫描橙色小球
[01:40|第二赛段-荒野寻珠] 阶段0: 旋转360°视觉扫描橙色小球
[01:40|第二赛段-荒野寻珠] 阶段0: 旋转360°视觉扫描橙色小球
[01:40|第二赛段-荒野寻珠] 阶段0: 旋转360°视觉扫描橙色小球
[01:40|第二赛段-荒野寻珠] 阶段0: 旋转360°视觉扫描橙色小球
[01:40|第二赛段-荒野寻珠] 阶段0: 旋转360°视觉扫描橙色小球
[01:40|第二赛段-荒野寻珠] 阶段0: 旋转360°视觉扫描橙色小球
[01:40|第二赛段-荒野寻珠] 阶段0: 旋转360°视觉扫描橙色小球
[01:40|第二赛段-荒野寻珠] 阶段0: 旋转360°视觉扫描橙色小球
[01:40|第二赛段-荒野寻珠] 阶段0: 旋转360°视觉扫描橙色小球
[01:40|第二赛段-荒野寻珠] 阶段0: 旋转360°视觉扫描橙色小球
[01:40|第二赛段-荒野寻珠] 阶段0: 旋转360°视觉扫描橙色小球
[01:40|第二赛段-荒野寻珠] 阶段0: 旋转360°视觉扫描橙色小球
[01:40|第二赛段-荒野寻珠] 阶段0: 旋转360°视觉扫描橙色小球
[01:40|第二赛段-荒野寻珠] 阶段0: 旋转360°视觉扫描橙色小球
[01:40|第二赛段-荒野寻珠] 阶段0: 旋转360°视觉扫描橙色小球
[01:40|第二赛段-荒野寻珠] 阶段0: 旋转360°视觉扫描橙色小球
[01:40|第二赛段-荒野寻珠] 阶段0: 旋转360°视觉扫描橙色小球
[01:40|第二赛段-荒野寻珠] 阶段0: 旋转360°视觉扫描橙色小球
[01:40|第二赛段-荒野寻珠] 阶段0: 旋转360°视觉扫描橙色小球
[01:40|第二赛段-荒野寻珠] 阶段0: 旋转360°视觉扫描橙色小球
[01:40|第二赛段-荒野寻珠] 阶段0: 旋转360°视觉扫描橙色小球
[01:41|第二赛段-荒野寻珠] 阶段0: 旋转360°视觉扫描橙色小球
[01:41|第二赛段-荒野寻珠] 阶段0: 旋转360°视觉扫描橙色小球
[01:41|第二赛段-荒野寻珠] 阶段0: 旋转360°视觉扫描橙色小球
[01:41|第二赛段-荒野寻珠] 阶段0: 旋转360°视觉扫描橙色小球
[01:41|第二赛段-荒野寻珠] 阶段0: 旋转360°视觉扫描橙色小球
[01:41|第二赛段-荒野寻珠] 阶段0: 旋转360°视觉扫描橙色小球
[01:41|第二赛段-荒野寻珠] 阶段0: 旋转360°视觉扫描橙色小球
[01:41|第二赛段-荒野寻珠] 阶段0: 旋转360°视觉扫描橙色小球
[01:41|第二赛段-荒野寻珠] 阶段0: 旋转360°视觉扫描橙色小球
[01:41|第二赛段-荒野寻珠] 阶段0: 旋转360°视觉扫描橙色小球
[01:41|第二赛段-荒野寻珠] 阶段0: 旋转360°视觉扫描橙色小球
[01:41|第二赛段-荒野寻珠] 阶段0: 旋转360°视觉扫描橙色小球
[01:41|第二赛段-荒野寻珠] 阶段0: 旋转360°视觉扫描橙色小球
[01:41|第二赛段-荒野寻珠] 阶段0: 旋转360°视觉扫描橙色小球
[01:41|第二赛段-荒野寻珠] 阶段0: 旋转360°视觉扫描橙色小球
[01:41|第二赛段-荒野寻珠] 阶段0: 旋转360°视觉扫描橙色小球
[01:41|第二赛段-荒野寻珠] 阶段0: 旋转360°视觉扫描橙色小球
[01:41|第二赛段-荒野寻珠] 阶段0: 旋转360°视觉扫描橙色小球
[01:41|第二赛段-荒野寻珠] 阶段0: 旋转360°视觉扫描橙色小球
[01:41|第二赛段-荒野寻珠] 阶段0: 旋转360°视觉扫描橙色小球
[01:41|第二赛段-荒野寻珠] 阶段0: 旋转360°视觉扫描橙色小球
[01:41|第二赛段-荒野寻珠] 阶段0: 旋转360°视觉扫描橙色小球
[01:41|第二赛段-荒野寻珠] 阶段0: 旋转360°视觉扫描橙色小球
[01:41|第二赛段-荒野寻珠] 阶段0: 旋转360°视觉扫描橙色小球
[01:41|第二赛段-荒野寻珠] 阶段0: 旋转360°视觉扫描橙色小球
[01:41|第二赛段-荒野寻珠] 阶段0: 旋转360°视觉扫描橙色小球
[01:41|第二赛段-荒野寻珠] 阶段0: 旋转360°视觉扫描橙色小球
[01:41|第二赛段-荒野寻珠] 阶段0: 旋转360°视觉扫描橙色小球
[01:41|第二赛段-荒野寻珠] 阶段0: 旋转360°视觉扫描橙色小球
[01:41|第二赛段-荒野寻珠] 阶段0: 旋转360°视觉扫描橙色小球
[01:41|第二赛段-荒野寻珠] 阶段0: 旋转360°视觉扫描橙色小球
[01:41|第二赛段-荒野寻珠] 阶段0: 旋转360°视觉扫描橙色小球
[01:41|第二赛段-荒野寻珠] 阶段0: 旋转360°视觉扫描橙色小球
[01:41|第二赛段-荒野寻珠] 阶段0: 旋转360°视觉扫描橙色小球
[01:41|第二赛段-荒野寻珠] 阶段0: 旋转360°视觉扫描橙色小球
[01:42|第二赛段-荒野寻珠] 阶段0: 旋转360°视觉扫描橙色小球
[01:42|第二赛段-荒野寻珠] 阶段0: 旋转360°视觉扫描橙色小球
[01:42|第二赛段-荒野寻珠] 阶段0: 旋转360°视觉扫描橙色小球
[01:42|第二赛段-荒野寻珠] 阶段0: 旋转360°视觉扫描橙色小球
[01:42|第二赛段-荒野寻珠] 阶段0: 旋转360°视觉扫描橙色小球
[01:42|第二赛段-荒野寻珠] 阶段0: 旋转360°视觉扫描橙色小球
[01:42|第二赛段-荒野寻珠] 阶段0: 旋转360°视觉扫描橙色小球
[01:42|第二赛段-荒野寻珠] 阶段0: 旋转360°视觉扫描橙色小球
[01:42|第二赛段-荒野寻珠] 阶段0: 旋转360°视觉扫描橙色小球
[01:42|第二赛段-荒野寻珠] 阶段0: 旋转360°视觉扫描橙色小球
[01:42|第二赛段-荒野寻珠] 阶段0: 旋转360°视觉扫描橙色小球
[01:42|第二赛段-荒野寻珠] 阶段0: 旋转360°视觉扫描橙色小球
[01:42|第二赛段-荒野寻珠] 阶段0: 旋转360°视觉扫描橙色小球
[01:42|第二赛段-荒野寻珠] 阶段0: 旋转360°视觉扫描橙色小球
[01:42|第二赛段-荒野寻珠] 阶段0: 旋转360°视觉扫描橙色小球
[01:42|第二赛段-荒野寻珠] 阶段0: 旋转360°视觉扫描橙色小球
[01:42|第二赛段-荒野寻珠] 阶段0: 旋转360°视觉扫描橙色小球
[01:42|第二赛段-荒野寻珠] 阶段0: 旋转360°视觉扫描橙色小球
[01:42|第二赛段-荒野寻珠] 阶段0: 旋转360°视觉扫描橙色小球
[01:42|第二赛段-荒野寻珠] 阶段0: 旋转360°视觉扫描橙色小球
[01:42|第二赛段-荒野寻珠] 阶段0: 旋转360°视觉扫描橙色小球
[01:42|第二赛段-荒野寻珠] 阶段0: 旋转360°视觉扫描橙色小球
[01:42|第二赛段-荒野寻珠] 阶段0: 旋转360°视觉扫描橙色小球
[01:42|第二赛段-荒野寻珠] 阶段0: 旋转360°视觉扫描橙色小球
[01:42|第二赛段-荒野寻珠] 阶段0: 旋转360°视觉扫描橙色小球
[01:42|第二赛段-荒野寻珠] 阶段0: 旋转360°视觉扫描橙色小球
[01:42|第二赛段-荒野寻珠] 阶段0: 旋转360°视觉扫描橙色小球
[01:42|第二赛段-荒野寻珠] 阶段0: 旋转360°视觉扫描橙色小球
[01:42|第二赛段-荒野寻珠] 阶段0: 旋转360°视觉扫描橙色小球
[01:42|第二赛段-荒野寻珠] 阶段0: 旋转360°视觉扫描橙色小球
[01:42|第二赛段-荒野寻珠] 阶段0: 旋转360°视觉扫描橙色小球
[01:42|第二赛段-荒野寻珠] 阶段0: 旋转360°视觉扫描橙色小球
[01:42|第二赛段-荒野寻珠] 阶段0: 旋转360°视觉扫描橙色小球
[01:42|第二赛段-荒野寻珠] 阶段0: 旋转360°视觉扫描橙色小球
[01:42|第二赛段-荒野寻珠] 阶段0: 旋转360°视觉扫描橙色小球
[01:42|第二赛段-荒野寻珠] 阶段0: 旋转360°视觉扫描橙色小球
[01:43|第二赛段-荒野寻珠] 阶段0: 旋转360°视觉扫描橙色小球
[01:43|第二赛段-荒野寻珠] 阶段0: 旋转360°视觉扫描橙色小球
[01:43|第二赛段-荒野寻珠] 阶段0: 旋转360°视觉扫描橙色小球
[01:43|第二赛段-荒野寻珠] 阶段0: 旋转360°视觉扫描橙色小球
[01:43|第二赛段-荒野寻珠] 阶段0: 旋转360°视觉扫描橙色小球
[01:43|第二赛段-荒野寻珠] 阶段0: 旋转360°视觉扫描橙色小球
[01:43|第二赛段-荒野寻珠] 阶段0: 旋转360°视觉扫描橙色小球
[01:43|第二赛段-荒野寻珠] 阶段0: 旋转360°视觉扫描橙色小球
[01:43|第二赛段-荒野寻珠] 阶段0: 旋转360°视觉扫描橙色小球
[01:43|第二赛段-荒野寻珠] 阶段0: 旋转360°视觉扫描橙色小球
[01:43|第二赛段-荒野寻珠] 阶段0: 旋转360°视觉扫描橙色小球
[01:43|第二赛段-荒野寻珠] 阶段0: 旋转360°视觉扫描橙色小球
[01:43|第二赛段-荒野寻珠] 阶段0: 旋转360°视觉扫描橙色小球
[01:43|第二赛段-荒野寻珠] 阶段0: 旋转360°视觉扫描橙色小球
[01:43|第二赛段-荒野寻珠] 阶段0: 旋转360°视觉扫描橙色小球
[01:43|第二赛段-荒野寻珠] 阶段0: 旋转360°视觉扫描橙色小球
[01:43|第二赛段-荒野寻珠] 阶段0: 旋转360°视觉扫描橙色小球
[01:43|第二赛段-荒野寻珠] 阶段0: 旋转360°视觉扫描橙色小球
[01:43|第二赛段-荒野寻珠] 阶段0: 旋转360°视觉扫描橙色小球
[01:43|第二赛段-荒野寻珠] 阶段0: 旋转360°视觉扫描橙色小球
[01:43|第二赛段-荒野寻珠] 阶段0: 旋转360°视觉扫描橙色小球
[01:43|第二赛段-荒野寻珠] 阶段0: 旋转360°视觉扫描橙色小球
[01:43|第二赛段-荒野寻珠] 阶段0: 旋转360°视觉扫描橙色小球
[01:43|第二赛段-荒野寻珠] 阶段0: 旋转360°视觉扫描橙色小球
[01:43|第二赛段-荒野寻珠] 阶段0: 旋转360°视觉扫描橙色小球
[01:43|第二赛段-荒野寻珠] 阶段0: 旋转360°视觉扫描橙色小球
[01:43|第二赛段-荒野寻珠] 阶段0: 旋转360°视觉扫描橙色小球
[01:43|第二赛段-荒野寻珠] 阶段0: 旋转360°视觉扫描橙色小球
[01:43|第二赛段-荒野寻珠] 阶段0: 旋转360°视觉扫描橙色小球
[01:43|第二赛段-荒野寻珠] 阶段0: 旋转360°视觉扫描橙色小球
[01:43|第二赛段-荒野寻珠] 阶段0: 旋转360°视觉扫描橙色小球
[01:43|第二赛段-荒野寻珠] 阶段0: 旋转360°视觉扫描橙色小球
[01:43|第二赛段-荒野寻珠] 阶段0: 旋转360°视觉扫描橙色小球
[01:43|第二赛段-荒野寻珠] 阶段0: 旋转360°视觉扫描橙色小球
[01:43|第二赛段-荒野寻珠] 阶段0: 旋转360°视觉扫描橙色小球
[01:44|第二赛段-荒野寻珠] 阶段0: 旋转360°视觉扫描橙色小球
[01:44|第二赛段-荒野寻珠] 阶段0: 旋转360°视觉扫描橙色小球
[01:44|第二赛段-荒野寻珠] 阶段0: 旋转360°视觉扫描橙色小球
[01:44|第二赛段-荒野寻珠] 阶段0: 旋转360°视觉扫描橙色小球
[01:44|第二赛段-荒野寻珠] 阶段0: 旋转360°视觉扫描橙色小球
[01:44|第二赛段-荒野寻珠] 阶段0: 旋转360°视觉扫描橙色小球
[01:44|第二赛段-荒野寻珠] 阶段0: 旋转360°视觉扫描橙色小球
[01:44|第二赛段-荒野寻珠] 阶段0: 旋转360°视觉扫描橙色小球
[01:44|第二赛段-荒野寻珠] 阶段0: 旋转360°视觉扫描橙色小球
[01:44|第二赛段-荒野寻珠] 阶段0: 旋转360°视觉扫描橙色小球
[01:44|第二赛段-荒野寻珠] 阶段0: 旋转360°视觉扫描橙色小球
[01:44|第二赛段-荒野寻珠] 阶段0: 旋转360°视觉扫描橙色小球
[01:44|第二赛段-荒野寻珠] 阶段0: 旋转360°视觉扫描橙色小球
[01:44|第二赛段-荒野寻珠] 阶段0: 旋转360°视觉扫描橙色小球
[01:44|第二赛段-荒野寻珠] 阶段0: 旋转360°视觉扫描橙色小球
[01:44|第二赛段-荒野寻珠] 阶段0: 旋转360°视觉扫描橙色小球
[01:44|第二赛段-荒野寻珠] 阶段0: 旋转360°视觉扫描橙色小球
[01:44|第二赛段-荒野寻珠] 阶段0: 旋转360°视觉扫描橙色小球
[01:44|第二赛段-荒野寻珠] 阶段0: 旋转360°视觉扫描橙色小球
[01:44|第二赛段-荒野寻珠] 阶段0: 旋转360°视觉扫描橙色小球
[01:44|第二赛段-荒野寻珠] 阶段0: 旋转360°视觉扫描橙色小球
[01:44|第二赛段-荒野寻珠] 阶段0: 旋转360°视觉扫描橙色小球
[01:44|第二赛段-荒野寻珠] 阶段0: 旋转360°视觉扫描橙色小球
[01:44|第二赛段-荒野寻珠] 阶段0: 旋转360°视觉扫描橙色小球
[01:44|第二赛段-荒野寻珠] 阶段0: 旋转360°视觉扫描橙色小球
[01:44|第二赛段-荒野寻珠] 阶段0: 旋转360°视觉扫描橙色小球
[01:44|第二赛段-荒野寻珠] 阶段0: 旋转360°视觉扫描橙色小球
[01:44|第二赛段-荒野寻珠] 阶段0: 旋转360°视觉扫描橙色小球
[01:44|第二赛段-荒野寻珠] 阶段0: 旋转360°视觉扫描橙色小球
[01:44|第二赛段-荒野寻珠] 阶段0: 旋转360°视觉扫描橙色小球
[01:44|第二赛段-荒野寻珠] 阶段0: 旋转360°视觉扫描橙色小球
[01:44|第二赛段-荒野寻珠] 阶段0: 旋转360°视觉扫描橙色小球
[01:44|第二赛段-荒野寻珠] 阶段0: 旋转360°视觉扫描橙色小球
[01:44|第二赛段-荒野寻珠] 阶段0: 旋转360°视觉扫描橙色小球
[01:44|第二赛段-荒野寻珠] 阶段0: 旋转360°视觉扫描橙色小球
[01:44|第二赛段-荒野寻珠] 阶段0: 旋转360°视觉扫描橙色小球
[01:45|第二赛段-荒野寻珠] 阶段0: 旋转360°视觉扫描橙色小球
[01:45|第二赛段-荒野寻珠] 阶段0: 旋转360°视觉扫描橙色小球
[01:45|第二赛段-荒野寻珠] 阶段0: 旋转360°视觉扫描橙色小球
[01:45|第二赛段-荒野寻珠] 阶段0: 旋转360°视觉扫描橙色小球
[01:45|第二赛段-荒野寻珠] 阶段0: 旋转360°视觉扫描橙色小球
[01:45|第二赛段-荒野寻珠] 阶段0: 旋转360°视觉扫描橙色小球
[01:45|第二赛段-荒野寻珠] 阶段0: 旋转360°视觉扫描橙色小球
[01:45|第二赛段-荒野寻珠] 阶段0: 旋转360°视觉扫描橙色小球
[01:45|第二赛段-荒野寻珠] 阶段0: 旋转360°视觉扫描橙色小球
[01:45|第二赛段-荒野寻珠] 阶段0: 旋转360°视觉扫描橙色小球
[01:45|第二赛段-荒野寻珠] 阶段0: 旋转360°视觉扫描橙色小球
[01:45|第二赛段-荒野寻珠] 阶段0: 旋转360°视觉扫描橙色小球
[01:45|第二赛段-荒野寻珠] 阶段0: 旋转360°视觉扫描橙色小球
[01:45|第二赛段-荒野寻珠] 阶段0: 旋转360°视觉扫描橙色小球
[01:45|第二赛段-荒野寻珠] 阶段0: 旋转360°视觉扫描橙色小球
[01:45|第二赛段-荒野寻珠] 阶段0: 旋转360°视觉扫描橙色小球
[01:45|第二赛段-荒野寻珠] 阶段0: 旋转360°视觉扫描橙色小球
[01:45|第二赛段-荒野寻珠] 阶段0: 旋转360°视觉扫描橙色小球
[01:45|第二赛段-荒野寻珠] 阶段0: 旋转360°视觉扫描橙色小球
[01:45|第二赛段-荒野寻珠] 阶段0: 旋转360°视觉扫描橙色小球
[01:45|第二赛段-荒野寻珠] 阶段0: 旋转360°视觉扫描橙色小球
[01:45|第二赛段-荒野寻珠] 阶段0: 旋转360°视觉扫描橙色小球
[01:45|第二赛段-荒野寻珠] 阶段0: 旋转360°视觉扫描橙色小球
[01:45|第二赛段-荒野寻珠] 阶段0: 旋转360°视觉扫描橙色小球
[01:45|第二赛段-荒野寻珠] 阶段0: 旋转360°视觉扫描橙色小球
[01:45|第二赛段-荒野寻珠] 阶段0: 旋转360°视觉扫描橙色小球
[01:45|第二赛段-荒野寻珠] 阶段0: 旋转360°视觉扫描橙色小球
[01:45|第二赛段-荒野寻珠] 阶段0: 旋转360°视觉扫描橙色小球
[01:45|第二赛段-荒野寻珠] 阶段0: 旋转360°视觉扫描橙色小球
[01:45|第二赛段-荒野寻珠] 阶段0: 旋转360°视觉扫描橙色小球
[01:45|第二赛段-荒野寻珠] 阶段0: 旋转360°视觉扫描橙色小球
[01:45|第二赛段-荒野寻珠] 阶段0: 旋转360°视觉扫描橙色小球
[01:45|第二赛段-荒野寻珠] 阶段0: 旋转360°视觉扫描橙色小球
[01:45|第二赛段-荒野寻珠] 阶段0: 旋转360°视觉扫描橙色小球
[01:45|第二赛段-荒野寻珠] 阶段0: 旋转360°视觉扫描橙色小球
[01:45|第二赛段-荒野寻珠] 阶段0: 旋转360°视觉扫描橙色小球
[01:46|第二赛段-荒野寻珠] 阶段0: 旋转360°视觉扫描橙色小球
[01:46|第二赛段-荒野寻珠] 阶段0: 旋转360°视觉扫描橙色小球
[01:46|第二赛段-荒野寻珠] 阶段0: 旋转360°视觉扫描橙色小球
[01:46|第二赛段-荒野寻珠] 阶段0: 旋转360°视觉扫描橙色小球
[01:46|第二赛段-荒野寻珠] 阶段0: 旋转360°视觉扫描橙色小球
[01:46|第二赛段-荒野寻珠] 阶段0: 旋转360°视觉扫描橙色小球
[01:46|第二赛段-荒野寻珠] 阶段0: 旋转360°视觉扫描橙色小球
[01:46|第二赛段-荒野寻珠] 阶段0: 旋转360°视觉扫描橙色小球
[01:46|第二赛段-荒野寻珠] 阶段0: 旋转360°视觉扫描橙色小球
[01:46|第二赛段-荒野寻珠] 阶段0: 旋转360°视觉扫描橙色小球
[01:46|第二赛段-荒野寻珠] 阶段0: 旋转360°视觉扫描橙色小球
[01:46|第二赛段-荒野寻珠] 阶段0: 旋转360°视觉扫描橙色小球
[01:46|第二赛段-荒野寻珠] 阶段0: 旋转360°视觉扫描橙色小球
[01:46|第二赛段-荒野寻珠] 阶段0: 旋转360°视觉扫描橙色小球
[01:46|第二赛段-荒野寻珠] 阶段0: 旋转360°视觉扫描橙色小球
[01:46|第二赛段-荒野寻珠] 阶段0: 旋转360°视觉扫描橙色小球
[01:46|第二赛段-荒野寻珠] 阶段0: 旋转360°视觉扫描橙色小球
[01:46|第二赛段-荒野寻珠] 阶段0: 旋转360°视觉扫描橙色小球
[01:46|第二赛段-荒野寻珠] 阶段0: 旋转360°视觉扫描橙色小球
[01:46|第二赛段-荒野寻珠] 阶段0: 旋转360°视觉扫描橙色小球
[01:46|第二赛段-荒野寻珠] 阶段0: 旋转360°视觉扫描橙色小球
[01:46|第二赛段-荒野寻珠] 阶段0: 旋转360°视觉扫描橙色小球
[01:46|第二赛段-荒野寻珠] 阶段0: 旋转360°视觉扫描橙色小球
[01:46|第二赛段-荒野寻珠] 阶段0: 旋转360°视觉扫描橙色小球
[01:46|第二赛段-荒野寻珠] 阶段0: 旋转360°视觉扫描橙色小球
[01:46|第二赛段-荒野寻珠] 阶段0: 旋转360°视觉扫描橙色小球
[01:46|第二赛段-荒野寻珠] 阶段0: 旋转360°视觉扫描橙色小球
[01:46|第二赛段-荒野寻珠] 阶段0: 旋转360°视觉扫描橙色小球
[01:46|第二赛段-荒野寻珠] 阶段0: 旋转360°视觉扫描橙色小球
[01:46|第二赛段-荒野寻珠] 阶段0: 旋转360°视觉扫描橙色小球
[01:46|第二赛段-荒野寻珠] 阶段0: 旋转360°视觉扫描橙色小球
[01:46|第二赛段-荒野寻珠] 阶段0: 旋转360°视觉扫描橙色小球
[01:46|第二赛段-荒野寻珠] 阶段0: 旋转360°视觉扫描橙色小球
[01:46|第二赛段-荒野寻珠] 阶段0: 旋转360°视觉扫描橙色小球
[01:46|第二赛段-荒野寻珠] 阶段0: 旋转360°视觉扫描橙色小球
[01:47|第二赛段-荒野寻珠] 阶段0: 旋转360°视觉扫描橙色小球
[01:47|第二赛段-荒野寻珠] 阶段0: 旋转360°视觉扫描橙色小球
[01:47|第二赛段-荒野寻珠] 阶段0: 旋转360°视觉扫描橙色小球
[01:47|第二赛段-荒野寻珠] 阶段0: 旋转360°视觉扫描橙色小球
[01:47|第二赛段-荒野寻珠] 阶段0: 旋转360°视觉扫描橙色小球
[01:47|第二赛段-荒野寻珠] 阶段0: 旋转360°视觉扫描橙色小球
[01:47|第二赛段-荒野寻珠] 阶段0: 旋转360°视觉扫描橙色小球
[01:47|第二赛段-荒野寻珠] 阶段0: 旋转360°视觉扫描橙色小球
[01:47|第二赛段-荒野寻珠] 阶段0: 旋转360°视觉扫描橙色小球
[01:47|第二赛段-荒野寻珠] 阶段0: 旋转360°视觉扫描橙色小球
[01:47|第二赛段-荒野寻珠] 阶段0: 旋转360°视觉扫描橙色小球
[01:47|第二赛段-荒野寻珠] 阶段0: 旋转360°视觉扫描橙色小球
[01:47|第二赛段-荒野寻珠] 阶段0: 旋转360°视觉扫描橙色小球
[01:47|第二赛段-荒野寻珠] 阶段0: 旋转360°视觉扫描橙色小球
[01:47|第二赛段-荒野寻珠] 阶段0: 旋转360°视觉扫描橙色小球
[01:47|第二赛段-荒野寻珠] 阶段0: 旋转360°视觉扫描橙色小球
[01:47|第二赛段-荒野寻珠] 阶段0: 旋转360°视觉扫描橙色小球
[01:47|第二赛段-荒野寻珠] 阶段0: 旋转360°视觉扫描橙色小球
[01:47|第二赛段-荒野寻珠] 阶段0: 旋转360°视觉扫描橙色小球
[01:47|第二赛段-荒野寻珠] 阶段0: 旋转360°视觉扫描橙色小球
[01:47|第二赛段-荒野寻珠] 阶段0: 旋转360°视觉扫描橙色小球
[01:47|第二赛段-荒野寻珠] 阶段0: 旋转360°视觉扫描橙色小球
[01:47|第二赛段-荒野寻珠] 阶段0: 旋转360°视觉扫描橙色小球
[01:47|第二赛段-荒野寻珠] 阶段0: 旋转360°视觉扫描橙色小球
[01:47|第二赛段-荒野寻珠] 阶段0: 旋转360°视觉扫描橙色小球
[01:47|第二赛段-荒野寻珠] 阶段0: 旋转360°视觉扫描橙色小球
[01:47|第二赛段-荒野寻珠] 阶段0: 旋转360°视觉扫描橙色小球
[01:47|第二赛段-荒野寻珠] 阶段0: 旋转360°视觉扫描橙色小球
[01:47|第二赛段-荒野寻珠] 阶段0: 旋转360°视觉扫描橙色小球
[01:47|第二赛段-荒野寻珠] 阶段0: 旋转360°视觉扫描橙色小球
[01:47|第二赛段-荒野寻珠] 阶段0: 旋转360°视觉扫描橙色小球
[01:47|第二赛段-荒野寻珠] 阶段0: 旋转360°视觉扫描橙色小球
[01:47|第二赛段-荒野寻珠] 阶段0: 旋转360°视觉扫描橙色小球
[01:47|第二赛段-荒野寻珠] 阶段0: 旋转360°视觉扫描橙色小球
[01:47|第二赛段-荒野寻珠] 阶段0: 旋转360°视觉扫描橙色小球
[01:47|第二赛段-荒野寻珠] 阶段0: 旋转360°视觉扫描橙色小球
[01:48|第二赛段-荒野寻珠] 阶段0: 旋转360°视觉扫描橙色小球
[01:48|第二赛段-荒野寻珠] 阶段0: 旋转360°视觉扫描橙色小球
[01:48|第二赛段-荒野寻珠] 阶段0: 旋转360°视觉扫描橙色小球
[01:48|第二赛段-荒野寻珠] 阶段0: 旋转360°视觉扫描橙色小球
[01:48|第二赛段-荒野寻珠] 阶段0: 旋转360°视觉扫描橙色小球
[01:48|第二赛段-荒野寻珠] 阶段0: 旋转360°视觉扫描橙色小球
[01:48|第二赛段-荒野寻珠] 阶段0: 旋转360°视觉扫描橙色小球
[01:48|第二赛段-荒野寻珠] 阶段0: 旋转360°视觉扫描橙色小球
[01:48|第二赛段-荒野寻珠] 阶段0: 旋转360°视觉扫描橙色小球
[01:48|第二赛段-荒野寻珠] 阶段0: 旋转360°视觉扫描橙色小球
[01:48|第二赛段-荒野寻珠] 阶段0: 旋转360°视觉扫描橙色小球
[01:48|第二赛段-荒野寻珠] 阶段0: 旋转360°视觉扫描橙色小球
[01:48|第二赛段-荒野寻珠] 阶段0: 旋转360°视觉扫描橙色小球
[01:48|第二赛段-荒野寻珠] 阶段0: 旋转360°视觉扫描橙色小球
[01:48|第二赛段-荒野寻珠] 阶段0: 旋转360°视觉扫描橙色小球
[01:48|第二赛段-荒野寻珠] 阶段0: 旋转360°视觉扫描橙色小球
[01:48|第二赛段-荒野寻珠] 阶段0: 旋转360°视觉扫描橙色小球
[01:48|第二赛段-荒野寻珠] 阶段0: 旋转360°视觉扫描橙色小球
[01:48|第二赛段-荒野寻珠] 阶段0: 旋转360°视觉扫描橙色小球
[01:48|第二赛段-荒野寻珠] 阶段0: 旋转360°视觉扫描橙色小球
[01:48|第二赛段-荒野寻珠] 阶段0: 旋转360°视觉扫描橙色小球
[01:48|第二赛段-荒野寻珠] 阶段0: 旋转360°视觉扫描橙色小球
[01:48|第二赛段-荒野寻珠] 阶段0: 旋转360°视觉扫描橙色小球
[01:48|第二赛段-荒野寻珠] 阶段0: 旋转360°视觉扫描橙色小球
[01:48|第二赛段-荒野寻珠] 阶段0: 旋转360°视觉扫描橙色小球
[01:48|第二赛段-荒野寻珠] 阶段0: 旋转360°视觉扫描橙色小球
[01:48|第二赛段-荒野寻珠] 阶段0: 旋转360°视觉扫描橙色小球
[01:48|第二赛段-荒野寻珠] 阶段0: 旋转360°视觉扫描橙色小球
[01:48|第二赛段-荒野寻珠] 阶段0: 旋转360°视觉扫描橙色小球
[01:48|第二赛段-荒野寻珠] 阶段0: 旋转360°视觉扫描橙色小球
[01:48|第二赛段-荒野寻珠] 阶段0: 旋转360°视觉扫描橙色小球
[01:48|第二赛段-荒野寻珠] 阶段0: 旋转360°视觉扫描橙色小球
[01:48|第二赛段-荒野寻珠] 阶段0: 旋转360°视觉扫描橙色小球
[01:48|第二赛段-荒野寻珠] 阶段0: 旋转360°视觉扫描橙色小球
[01:48|第二赛段-荒野寻珠] 阶段0: 旋转360°视觉扫描橙色小球
[01:49|第二赛段-荒野寻珠] 阶段0: 旋转360°视觉扫描橙色小球
[01:49|第二赛段-荒野寻珠] 阶段0: 旋转360°视觉扫描橙色小球
[01:49|第二赛段-荒野寻珠] 阶段0: 旋转360°视觉扫描橙色小球
[01:49|第二赛段-荒野寻珠] 阶段0: 旋转360°视觉扫描橙色小球
[01:49|第二赛段-荒野寻珠] 阶段0: 旋转360°视觉扫描橙色小球
[01:49|第二赛段-荒野寻珠] 阶段0: 旋转360°视觉扫描橙色小球
[01:49|第二赛段-荒野寻珠] 阶段0: 旋转360°视觉扫描橙色小球
[01:49|第二赛段-荒野寻珠] 阶段0: 旋转360°视觉扫描橙色小球
[01:49|第二赛段-荒野寻珠] 阶段0: 旋转360°视觉扫描橙色小球
[01:49|第二赛段-荒野寻珠] 阶段0: 旋转360°视觉扫描橙色小球
[01:49|第二赛段-荒野寻珠] 阶段0: 旋转360°视觉扫描橙色小球
[01:49|第二赛段-荒野寻珠] 阶段0: 旋转360°视觉扫描橙色小球
[01:49|第二赛段-荒野寻珠] 阶段0: 旋转360°视觉扫描橙色小球
[01:49|第二赛段-荒野寻珠] 阶段0: 旋转360°视觉扫描橙色小球
[01:49|第二赛段-荒野寻珠] 阶段0: 旋转360°视觉扫描橙色小球
[01:49|第二赛段-荒野寻珠] 阶段0: 旋转360°视觉扫描橙色小球
[01:49|第二赛段-荒野寻珠] 阶段0: 旋转360°视觉扫描橙色小球
[01:49|第二赛段-荒野寻珠] 阶段0: 旋转360°视觉扫描橙色小球
[01:49|第二赛段-荒野寻珠] 阶段0: 旋转360°视觉扫描橙色小球
[01:49|第二赛段-荒野寻珠] 阶段0: 旋转360°视觉扫描橙色小球
[01:49|第二赛段-荒野寻珠] 阶段0: 旋转360°视觉扫描橙色小球
[01:49|第二赛段-荒野寻珠] 阶段0: 旋转360°视觉扫描橙色小球
[01:49|第二赛段-荒野寻珠] 阶段0: 旋转360°视觉扫描橙色小球
[01:49|第二赛段-荒野寻珠] 阶段0: 旋转360°视觉扫描橙色小球
[01:49|第二赛段-荒野寻珠] 阶段0: 旋转360°视觉扫描橙色小球
[01:49|第二赛段-荒野寻珠] 阶段0: 旋转360°视觉扫描橙色小球
[01:49|第二赛段-荒野寻珠] 阶段0: 旋转360°视觉扫描橙色小球
[01:49|第二赛段-荒野寻珠] 阶段0: 旋转360°视觉扫描橙色小球
[01:49|第二赛段-荒野寻珠] 阶段0: 旋转360°视觉扫描橙色小球
[01:49|第二赛段-荒野寻珠] 阶段0: 旋转360°视觉扫描橙色小球
[01:49|第二赛段-荒野寻珠] 阶段0: 旋转360°视觉扫描橙色小球
[01:49|第二赛段-荒野寻珠] 阶段0: 旋转360°视觉扫描橙色小球
[01:49|第二赛段-荒野寻珠] 阶段0: 旋转360°视觉扫描橙色小球
[01:49|第二赛段-荒野寻珠] 阶段0: 旋转360°视觉扫描橙色小球
[01:49|第二赛段-荒野寻珠] 阶段0: 旋转360°视觉扫描橙色小球
[01:49|第二赛段-荒野寻珠] 阶段0: 旋转360°视觉扫描橙色小球
[01:50|第二赛段-荒野寻珠] 阶段0: 旋转360°视觉扫描橙色小球
[01:50|第二赛段-荒野寻珠] 阶段0: 旋转360°视觉扫描橙色小球
[01:50|第二赛段-荒野寻珠] 阶段0: 旋转360°视觉扫描橙色小球
[01:50|第二赛段-荒野寻珠] 阶段0: 旋转360°视觉扫描橙色小球
[01:50|第二赛段-荒野寻珠] 阶段0: 旋转360°视觉扫描橙色小球
[01:50|第二赛段-荒野寻珠] 阶段0: 旋转360°视觉扫描橙色小球
[01:50|第二赛段-荒野寻珠] 阶段0: 旋转360°视觉扫描橙色小球
[01:50|第二赛段-荒野寻珠] 阶段0: 旋转360°视觉扫描橙色小球
[01:50|第二赛段-荒野寻珠] 阶段0: 旋转360°视觉扫描橙色小球
[01:50|第二赛段-荒野寻珠] 阶段0: 旋转360°视觉扫描橙色小球
[01:50|第二赛段-荒野寻珠] 阶段0: 旋转360°视觉扫描橙色小球
[01:50|第二赛段-荒野寻珠] 阶段0: 旋转360°视觉扫描橙色小球
[01:50|第二赛段-荒野寻珠] 阶段0: 旋转360°视觉扫描橙色小球
[01:50|第二赛段-荒野寻珠] 阶段0: 旋转360°视觉扫描橙色小球
[01:50|第二赛段-荒野寻珠] 阶段0: 旋转360°视觉扫描橙色小球
[01:50|第二赛段-荒野寻珠] 阶段0: 旋转360°视觉扫描橙色小球
[01:50|第二赛段-荒野寻珠] 阶段0: 旋转360°视觉扫描橙色小球
[01:50|第二赛段-荒野寻珠] 阶段0: 旋转360°视觉扫描橙色小球
[01:50|第二赛段-荒野寻珠] 阶段0: 旋转360°视觉扫描橙色小球
[01:50|第二赛段-荒野寻珠] 阶段0: 旋转360°视觉扫描橙色小球
[01:50|第二赛段-荒野寻珠] 阶段0: 旋转360°视觉扫描橙色小球
[01:50|第二赛段-荒野寻珠] 阶段0: 旋转360°视觉扫描橙色小球
[01:50|第二赛段-荒野寻珠] 阶段0: 旋转360°视觉扫描橙色小球
[01:50|第二赛段-荒野寻珠] 阶段0: 旋转360°视觉扫描橙色小球
[01:50|第二赛段-荒野寻珠] 阶段0: 旋转360°视觉扫描橙色小球
[01:50|第二赛段-荒野寻珠] 阶段0: 旋转360°视觉扫描橙色小球
[01:50|第二赛段-荒野寻珠] 阶段0: 旋转360°视觉扫描橙色小球
[01:50|第二赛段-荒野寻珠] 阶段0: 旋转360°视觉扫描橙色小球
[01:50|第二赛段-荒野寻珠] 阶段0: 旋转360°视觉扫描橙色小球
[01:50|第二赛段-荒野寻珠] 阶段0: 旋转360°视觉扫描橙色小球
[01:50|第二赛段-荒野寻珠] 阶段0: 旋转360°视觉扫描橙色小球
[01:50|第二赛段-荒野寻珠] 阶段0: 旋转360°视觉扫描橙色小球
[01:50|第二赛段-荒野寻珠] 阶段0: 旋转360°视觉扫描橙色小球
[01:50|第二赛段-荒野寻珠] 阶段0: 旋转360°视觉扫描橙色小球
[01:50|第二赛段-荒野寻珠] 阶段0: 旋转360°视觉扫描橙色小球
[01:51|第二赛段-荒野寻珠] 阶段0: 旋转360°视觉扫描橙色小球
[01:51|第二赛段-荒野寻珠] 阶段0: 旋转360°视觉扫描橙色小球
[01:51|第二赛段-荒野寻珠] 阶段0: 旋转360°视觉扫描橙色小球
[01:51|第二赛段-荒野寻珠] 阶段0: 旋转360°视觉扫描橙色小球
[01:51|第二赛段-荒野寻珠] 阶段0: 旋转360°视觉扫描橙色小球
[01:51|第二赛段-荒野寻珠] 阶段0: 旋转360°视觉扫描橙色小球
[01:51|第二赛段-荒野寻珠] 阶段0: 旋转360°视觉扫描橙色小球
[01:51|第二赛段-荒野寻珠] 阶段0: 旋转360°视觉扫描橙色小球
[01:51|第二赛段-荒野寻珠] 阶段0: 旋转360°视觉扫描橙色小球
[01:51|第二赛段-荒野寻珠] 阶段0: 旋转360°视觉扫描橙色小球
[01:51|第二赛段-荒野寻珠] 阶段0: 旋转360°视觉扫描橙色小球
[01:51|第二赛段-荒野寻珠] 阶段0: 旋转360°视觉扫描橙色小球
[01:51|第二赛段-荒野寻珠] 阶段0: 旋转360°视觉扫描橙色小球
[01:51|第二赛段-荒野寻珠] 阶段0: 旋转360°视觉扫描橙色小球
[01:51|第二赛段-荒野寻珠] 阶段0: 旋转360°视觉扫描橙色小球
[01:51|第二赛段-荒野寻珠] 阶段0: 旋转360°视觉扫描橙色小球
[01:51|第二赛段-荒野寻珠] 阶段0: 旋转360°视觉扫描橙色小球
[01:51|第二赛段-荒野寻珠] 阶段0: 旋转360°视觉扫描橙色小球
[01:51|第二赛段-荒野寻珠] 阶段0: 旋转360°视觉扫描橙色小球
[01:51|第二赛段-荒野寻珠] 阶段0: 旋转360°视觉扫描橙色小球
[01:51|第二赛段-荒野寻珠] 阶段0: 旋转360°视觉扫描橙色小球
[01:51|第二赛段-荒野寻珠] 阶段0: 旋转360°视觉扫描橙色小球
[01:51|第二赛段-荒野寻珠] 阶段0: 旋转360°视觉扫描橙色小球
[01:51|第二赛段-荒野寻珠] 阶段0: 旋转360°视觉扫描橙色小球
[01:51|第二赛段-荒野寻珠] 阶段0: 旋转360°视觉扫描橙色小球
[01:51|第二赛段-荒野寻珠] 阶段0: 旋转360°视觉扫描橙色小球
[01:51|第二赛段-荒野寻珠] 阶段0: 旋转360°视觉扫描橙色小球
[01:51|第二赛段-荒野寻珠] 阶段0: 旋转360°视觉扫描橙色小球
[01:51|第二赛段-荒野寻珠] 阶段0: 旋转360°视觉扫描橙色小球
[01:51|第二赛段-荒野寻珠] 阶段0: 旋转360°视觉扫描橙色小球
[01:51|第二赛段-荒野寻珠] 阶段0: 旋转360°视觉扫描橙色小球
[01:51|第二赛段-荒野寻珠] 阶段0: 旋转360°视觉扫描橙色小球
[01:51|第二赛段-荒野寻珠] 阶段0: 旋转360°视觉扫描橙色小球
[01:51|第二赛段-荒野寻珠] 阶段0: 旋转360°视觉扫描橙色小球
[01:51|第二赛段-荒野寻珠] 阶段0: 旋转360°视觉扫描橙色小球
[01:51|第二赛段-荒野寻珠] 阶段0: 旋转360°视觉扫描橙色小球
[01:52|第二赛段-荒野寻珠] 阶段0: 旋转360°视觉扫描橙色小球
[01:52|第二赛段-荒野寻珠] 阶段0: 旋转360°视觉扫描橙色小球
[01:52|第二赛段-荒野寻珠] 阶段0: 旋转360°视觉扫描橙色小球
[01:52|第二赛段-荒野寻珠] 阶段0: 旋转360°视觉扫描橙色小球
[01:52|第二赛段-荒野寻珠] 阶段0: 旋转360°视觉扫描橙色小球
[01:52|第二赛段-荒野寻珠] 阶段0: 旋转360°视觉扫描橙色小球
[01:52|第二赛段-荒野寻珠] 阶段0: 旋转360°视觉扫描橙色小球
[01:52|第二赛段-荒野寻珠] 阶段0: 旋转360°视觉扫描橙色小球
[01:52|第二赛段-荒野寻珠] 阶段0: 旋转360°视觉扫描橙色小球
[01:52|第二赛段-荒野寻珠] 阶段0: 旋转360°视觉扫描橙色小球
[01:52|第二赛段-荒野寻珠] 阶段0: 旋转360°视觉扫描橙色小球
[01:52|第二赛段-荒野寻珠] 阶段0: 旋转360°视觉扫描橙色小球
[01:52|第二赛段-荒野寻珠] 阶段0: 旋转360°视觉扫描橙色小球
[01:52|第二赛段-荒野寻珠] 阶段0: 旋转360°视觉扫描橙色小球
[01:52|第二赛段-荒野寻珠] 阶段0: 旋转360°视觉扫描橙色小球
[01:52|第二赛段-荒野寻珠] 阶段0: 旋转360°视觉扫描橙色小球
[01:52|第二赛段-荒野寻珠] 阶段0: 旋转360°视觉扫描橙色小球
[01:52|第二赛段-荒野寻珠] 阶段0: 旋转360°视觉扫描橙色小球
[01:52|第二赛段-荒野寻珠] 阶段0: 旋转360°视觉扫描橙色小球
[01:52|第二赛段-荒野寻珠] 阶段0: 旋转360°视觉扫描橙色小球
[01:52|第二赛段-荒野寻珠] 阶段0: 旋转360°视觉扫描橙色小球
[01:52|第二赛段-荒野寻珠] 阶段0: 旋转360°视觉扫描橙色小球
[01:52|第二赛段-荒野寻珠] 阶段0: 旋转360°视觉扫描橙色小球
[01:52|第二赛段-荒野寻珠] 阶段0: 旋转360°视觉扫描橙色小球
[01:52|第二赛段-荒野寻珠] 阶段0: 旋转360°视觉扫描橙色小球
[01:52|第二赛段-荒野寻珠] 阶段0: 旋转360°视觉扫描橙色小球
[01:52|第二赛段-荒野寻珠] 阶段0: 旋转360°视觉扫描橙色小球
[01:52|第二赛段-荒野寻珠] 阶段0: 旋转360°视觉扫描橙色小球
[01:52|第二赛段-荒野寻珠] 阶段0: 旋转360°视觉扫描橙色小球
[01:52|第二赛段-荒野寻珠] 阶段0: 旋转360°视觉扫描橙色小球
[01:52|第二赛段-荒野寻珠] 阶段0: 旋转360°视觉扫描橙色小球
[01:52|第二赛段-荒野寻珠] 阶段0: 旋转360°视觉扫描橙色小球
[01:52|第二赛段-荒野寻珠] 阶段0: 旋转360°视觉扫描橙色小球
[01:52|第二赛段-荒野寻珠] 阶段0: 旋转360°视觉扫描橙色小球
[01:53|第二赛段-荒野寻珠] 阶段0: 旋转360°视觉扫描橙色小球
[01:53|第二赛段-荒野寻珠] 阶段0: 旋转360°视觉扫描橙色小球
[01:53|第二赛段-荒野寻珠] 阶段0: 旋转360°视觉扫描橙色小球
[01:53|第二赛段-荒野寻珠] 阶段0: 旋转360°视觉扫描橙色小球
[01:53|第二赛段-荒野寻珠] 阶段0: 旋转360°视觉扫描橙色小球
[01:53|第二赛段-荒野寻珠] 阶段0: 旋转360°视觉扫描橙色小球
[01:53|第二赛段-荒野寻珠] 阶段0: 旋转360°视觉扫描橙色小球
[01:53|第二赛段-荒野寻珠] 阶段0: 旋转360°视觉扫描橙色小球
[01:53|第二赛段-荒野寻珠] 阶段0: 旋转360°视觉扫描橙色小球
[01:53|第二赛段-荒野寻珠] 阶段0: 旋转360°视觉扫描橙色小球
[01:53|第二赛段-荒野寻珠] 阶段0: 旋转360°视觉扫描橙色小球
[01:53|第二赛段-荒野寻珠] 阶段0: 旋转360°视觉扫描橙色小球
[01:53|第二赛段-荒野寻珠] 阶段0: 旋转360°视觉扫描橙色小球
[01:53|第二赛段-荒野寻珠] 阶段0: 旋转360°视觉扫描橙色小球
[01:53|第二赛段-荒野寻珠] 阶段0: 旋转360°视觉扫描橙色小球
[01:53|第二赛段-荒野寻珠] 阶段0: 旋转360°视觉扫描橙色小球
[01:53|第二赛段-荒野寻珠] 阶段0: 旋转360°视觉扫描橙色小球
[01:53|第二赛段-荒野寻珠] 阶段0: 旋转360°视觉扫描橙色小球
[01:53|第二赛段-荒野寻珠] 阶段0: 旋转360°视觉扫描橙色小球
[01:53|第二赛段-荒野寻珠] 阶段0: 旋转360°视觉扫描橙色小球
[01:53|第二赛段-荒野寻珠] 阶段0: 旋转360°视觉扫描橙色小球
[01:53|第二赛段-荒野寻珠] 阶段0: 旋转360°视觉扫描橙色小球
[01:53|第二赛段-荒野寻珠] 阶段0: 旋转360°视觉扫描橙色小球
[01:53|第二赛段-荒野寻珠] 阶段0: 旋转360°视觉扫描橙色小球
[01:53|第二赛段-荒野寻珠] 阶段0: 旋转360°视觉扫描橙色小球
[01:53|第二赛段-荒野寻珠] 阶段0: 旋转360°视觉扫描橙色小球
[01:53|第二赛段-荒野寻珠] 阶段0: 旋转360°视觉扫描橙色小球
[01:53|第二赛段-荒野寻珠] 阶段0: 旋转360°视觉扫描橙色小球
[01:53|第二赛段-荒野寻珠] 阶段0: 旋转360°视觉扫描橙色小球
[01:53|第二赛段-荒野寻珠] 阶段0: 旋转360°视觉扫描橙色小球
[01:53|第二赛段-荒野寻珠] 阶段0: 旋转360°视觉扫描橙色小球
[01:53|第二赛段-荒野寻珠] 阶段0: 旋转360°视觉扫描橙色小球
[01:53|第二赛段-荒野寻珠] 阶段0: 旋转360°视觉扫描橙色小球
[01:53|第二赛段-荒野寻珠] 阶段0: 旋转360°视觉扫描橙色小球
[01:53|第二赛段-荒野寻珠] 阶段0: 旋转360°视觉扫描橙色小球
[01:54|第二赛段-荒野寻珠] 阶段0: 旋转360°视觉扫描橙色小球
[01:54|第二赛段-荒野寻珠] 阶段0: 旋转360°视觉扫描橙色小球
[01:54|第二赛段-荒野寻珠] 阶段0: 旋转360°视觉扫描橙色小球
[01:54|第二赛段-荒野寻珠] 阶段0: 旋转360°视觉扫描橙色小球
[01:54|第二赛段-荒野寻珠] 阶段0: 旋转360°视觉扫描橙色小球
[01:54|第二赛段-荒野寻珠] 阶段0: 旋转360°视觉扫描橙色小球
[01:54|第二赛段-荒野寻珠] 阶段0: 旋转360°视觉扫描橙色小球
[01:54|第二赛段-荒野寻珠] 阶段0: 旋转360°视觉扫描橙色小球
[01:54|第二赛段-荒野寻珠] 阶段0: 旋转360°视觉扫描橙色小球
[01:54|第二赛段-荒野寻珠] 阶段0: 旋转360°视觉扫描橙色小球
[01:54|第二赛段-荒野寻珠] 阶段0: 旋转360°视觉扫描橙色小球
[01:54|第二赛段-荒野寻珠] 阶段0: 旋转360°视觉扫描橙色小球
[01:54|第二赛段-荒野寻珠] 阶段0: 旋转360°视觉扫描橙色小球
[01:54|第二赛段-荒野寻珠] 阶段0: 旋转360°视觉扫描橙色小球
[01:54|第二赛段-荒野寻珠] 阶段0: 旋转360°视觉扫描橙色小球
[01:54|第二赛段-荒野寻珠] 阶段0: 旋转360°视觉扫描橙色小球
[01:54|第二赛段-荒野寻珠] 阶段0: 旋转360°视觉扫描橙色小球
[01:54|第二赛段-荒野寻珠] 阶段0: 旋转360°视觉扫描橙色小球
[01:54|第二赛段-荒野寻珠] 阶段0: 旋转360°视觉扫描橙色小球
[01:54|第二赛段-荒野寻珠] 阶段0: 旋转360°视觉扫描橙色小球
[01:54|第二赛段-荒野寻珠] 阶段0: 旋转360°视觉扫描橙色小球
[01:54|第二赛段-荒野寻珠] 阶段0: 旋转360°视觉扫描橙色小球
[01:54|第二赛段-荒野寻珠] 阶段0: 旋转360°视觉扫描橙色小球
[01:54|第二赛段-荒野寻珠] 阶段0: 旋转360°视觉扫描橙色小球
[01:54|第二赛段-荒野寻珠] 阶段0: 旋转360°视觉扫描橙色小球
[01:54|第二赛段-荒野寻珠] 阶段0: 旋转360°视觉扫描橙色小球
[01:54|第二赛段-荒野寻珠] 阶段0: 旋转360°视觉扫描橙色小球
[01:54|第二赛段-荒野寻珠] 阶段0: 旋转360°视觉扫描橙色小球
[01:54|第二赛段-荒野寻珠] 阶段0: 旋转360°视觉扫描橙色小球
[01:54|第二赛段-荒野寻珠] 阶段0: 旋转360°视觉扫描橙色小球
[01:54|第二赛段-荒野寻珠] 阶段0: 旋转360°视觉扫描橙色小球
[01:54|第二赛段-荒野寻珠] 阶段0: 旋转360°视觉扫描橙色小球
[01:54|第二赛段-荒野寻珠] 阶段0: 旋转360°视觉扫描橙色小球
[01:54|第二赛段-荒野寻珠] 阶段0: 旋转360°视觉扫描橙色小球
[01:54|第二赛段-荒野寻珠] 阶段0: 旋转360°视觉扫描橙色小球
[01:54|第二赛段-荒野寻珠] 阶段0: 旋转360°视觉扫描橙色小球
[01:55|第二赛段-荒野寻珠] 阶段0: 旋转360°视觉扫描橙色小球
[01:55|第二赛段-荒野寻珠] 阶段0: 旋转360°视觉扫描橙色小球
[01:55|第二赛段-荒野寻珠] 阶段0: 旋转360°视觉扫描橙色小球
[01:55|第二赛段-荒野寻珠] 未检测到小球，切换搜索模式
[01:55|第二赛段-荒野寻珠] 阶段2: 直线穿越搜索区域
[01:55|第二赛段-荒野寻珠] 阶段2: 直线穿越搜索区域
[01:55|第二赛段-荒野寻珠] 阶段2: 直线穿越搜索区域
[01:55|第二赛段-荒野寻珠] 阶段2: 直线穿越搜索区域
[01:55|第二赛段-荒野寻珠] 阶段2: 直线穿越搜索区域
[01:55|第二赛段-荒野寻珠] 阶段2: 直线穿越搜索区域
[01:55|第二赛段-荒野寻珠] 阶段2: 直线穿越搜索区域
[01:55|第二赛段-荒野寻珠] 阶段2: 直线穿越搜索区域
[01:55|第二赛段-荒野寻珠] 阶段2: 直线穿越搜索区域
[01:55|第二赛段-荒野寻珠] 阶段2: 直线穿越搜索区域
[01:55|第二赛段-荒野寻珠] 阶段2: 直线穿越搜索区域
[01:55|第二赛段-荒野寻珠] 阶段2: 直线穿越搜索区域
[01:55|第二赛段-荒野寻珠] 阶段2: 直线穿越搜索区域
[01:55|第二赛段-荒野寻珠] 阶段2: 直线穿越搜索区域
[01:55|第二赛段-荒野寻珠] 阶段2: 直线穿越搜索区域
[01:55|第二赛段-荒野寻珠] 阶段2: 直线穿越搜索区域
[01:55|第二赛段-荒野寻珠] 阶段2: 直线穿越搜索区域
[01:55|第二赛段-荒野寻珠] 阶段2: 直线穿越搜索区域
[01:55|第二赛段-荒野寻珠] 阶段2: 直线穿越搜索区域
[01:55|第二赛段-荒野寻珠] 阶段2: 直线穿越搜索区域
[01:55|第二赛段-荒野寻珠] 阶段2: 直线穿越搜索区域
[01:55|第二赛段-荒野寻珠] 阶段2: 直线穿越搜索区域
[01:55|第二赛段-荒野寻珠] 阶段2: 直线穿越搜索区域
[01:55|第二赛段-荒野寻珠] 阶段2: 直线穿越搜索区域
[01:55|第二赛段-荒野寻珠] 阶段2: 直线穿越搜索区域
[01:55|第二赛段-荒野寻珠] 阶段2: 直线穿越搜索区域
[01:55|第二赛段-荒野寻珠] 阶段2: 直线穿越搜索区域
[01:55|第二赛段-荒野寻珠] 阶段2: 直线穿越搜索区域
[01:55|第二赛段-荒野寻珠] 阶段2: 直线穿越搜索区域
[01:55|第二赛段-荒野寻珠] 阶段2: 直线穿越搜索区域
[01:55|第二赛段-荒野寻珠] 阶段2: 直线穿越搜索区域
[01:55|第二赛段-荒野寻珠] 阶段2: 直线穿越搜索区域
[01:56|第二赛段-荒野寻珠] 阶段2: 直线穿越搜索区域
[01:56|第二赛段-荒野寻珠] 阶段2: 直线穿越搜索区域
[01:56|第二赛段-荒野寻珠] 阶段2: 直线穿越搜索区域
[01:56|第二赛段-荒野寻珠] 阶段2: 直线穿越搜索区域
[01:56|第二赛段-荒野寻珠] 阶段2: 直线穿越搜索区域
[01:56|第二赛段-荒野寻珠] 阶段2: 直线穿越搜索区域
[01:56|第二赛段-荒野寻珠] 阶段2: 直线穿越搜索区域
[01:56|第二赛段-荒野寻珠] 阶段2: 直线穿越搜索区域
[01:56|第二赛段-荒野寻珠] 阶段2: 直线穿越搜索区域
[01:56|第二赛段-荒野寻珠] 阶段2: 直线穿越搜索区域
[01:56|第二赛段-荒野寻珠] 阶段2: 直线穿越搜索区域
[01:56|第二赛段-荒野寻珠] 阶段2: 直线穿越搜索区域
[01:56|第二赛段-荒野寻珠] 阶段2: 直线穿越搜索区域
[01:56|第二赛段-荒野寻珠] 阶段2: 直线穿越搜索区域
[01:56|第二赛段-荒野寻珠] 阶段2: 直线穿越搜索区域
[01:56|第二赛段-荒野寻珠] 阶段2: 直线穿越搜索区域
[01:56|第二赛段-荒野寻珠] 阶段2: 直线穿越搜索区域
[01:56|第二赛段-荒野寻珠] 阶段2: 直线穿越搜索区域
[01:56|第二赛段-荒野寻珠] 阶段2: 直线穿越搜索区域
[01:56|第二赛段-荒野寻珠] 阶段2: 直线穿越搜索区域
[01:56|第二赛段-荒野寻珠] 阶段2: 直线穿越搜索区域
[01:56|第二赛段-荒野寻珠] 阶段2: 直线穿越搜索区域
[01:56|第二赛段-荒野寻珠] 阶段2: 直线穿越搜索区域
[01:56|第二赛段-荒野寻珠] 阶段2: 直线穿越搜索区域
[01:56|第二赛段-荒野寻珠] 阶段2: 直线穿越搜索区域
[01:56|第二赛段-荒野寻珠] 阶段2: 直线穿越搜索区域
[01:56|第二赛段-荒野寻珠] 阶段2: 直线穿越搜索区域
[01:56|第二赛段-荒野寻珠] 阶段2: 直线穿越搜索区域
[01:56|第二赛段-荒野寻珠] 阶段2: 直线穿越搜索区域
[01:56|第二赛段-荒野寻珠] 阶段2: 直线穿越搜索区域
[01:56|第二赛段-荒野寻珠] 阶段2: 直线穿越搜索区域
[01:56|第二赛段-荒野寻珠] 阶段2: 直线穿越搜索区域
[01:56|第二赛段-荒野寻珠] 阶段2: 直线穿越搜索区域
[01:56|第二赛段-荒野寻珠] 阶段2: 直线穿越搜索区域
[01:56|第二赛段-荒野寻珠] 阶段2: 直线穿越搜索区域
[01:56|第二赛段-荒野寻珠] 阶段2: 直线穿越搜索区域
[01:57|第二赛段-荒野寻珠] 阶段2: 直线穿越搜索区域
[01:57|第二赛段-荒野寻珠] 阶段2: 直线穿越搜索区域
[01:57|第二赛段-荒野寻珠] 阶段2: 直线穿越搜索区域
[01:57|第二赛段-荒野寻珠] 阶段2: 直线穿越搜索区域
[01:57|第二赛段-荒野寻珠] 阶段2: 直线穿越搜索区域
[01:57|第二赛段-荒野寻珠] 阶段2: 直线穿越搜索区域
[01:57|第二赛段-荒野寻珠] 阶段2: 直线穿越搜索区域
[01:57|第二赛段-荒野寻珠] 阶段2: 直线穿越搜索区域
[01:57|第二赛段-荒野寻珠] 阶段2: 直线穿越搜索区域
[01:57|第二赛段-荒野寻珠] 阶段2: 直线穿越搜索区域
[01:57|第二赛段-荒野寻珠] 阶段2: 直线穿越搜索区域
[01:57|第二赛段-荒野寻珠] 阶段2: 直线穿越搜索区域
[01:57|第二赛段-荒野寻珠] 阶段2: 直线穿越搜索区域
[01:57|第二赛段-荒野寻珠] 阶段2: 直线穿越搜索区域
[01:57|第二赛段-荒野寻珠] 阶段2: 直线穿越搜索区域
[01:57|第二赛段-荒野寻珠] 阶段2: 直线穿越搜索区域
[01:57|第二赛段-荒野寻珠] 阶段2: 直线穿越搜索区域
[01:57|第二赛段-荒野寻珠] 阶段2: 直线穿越搜索区域
[1;33m[15:12:38] WARN[0m 清理残留进程和共享内存...
[0;32m[15:12:40][0m 清理完成
